ARM GAS  C:\Users\holge\AppData\Local\Temp\cc0n8gyn.s 			page 1


   1              		.syntax unified
   2              		.cpu cortex-m3
   3              		.fpu softvfp
   4              		.eabi_attribute 20, 1
   5              		.eabi_attribute 21, 1
   6              		.eabi_attribute 23, 3
   7              		.eabi_attribute 24, 1
   8              		.eabi_attribute 25, 1
   9              		.eabi_attribute 26, 1
  10              		.eabi_attribute 30, 6
  11              		.eabi_attribute 34, 1
  12              		.eabi_attribute 18, 4
  13              		.thumb
  14              		.syntax unified
  15              		.file	"CapSense_CSD_Pins.c"
  16              		.text
  17              	.Ltext0:
  18              		.cfi_sections	.debug_frame
  19              		.section	.text.CapSense_CSD_SetAllSensorsDriveMode,"ax",%progbits
  20              		.align	2
  21              		.global	CapSense_CSD_SetAllSensorsDriveMode
  22              		.thumb
  23              		.thumb_func
  24              		.type	CapSense_CSD_SetAllSensorsDriveMode, %function
  25              	CapSense_CSD_SetAllSensorsDriveMode:
  26              	.LFB0:
  27              		.file 1 "Generated_Source\\PSoC5\\CapSense_CSD_Pins.c"
   1:Generated_Source\PSoC5/CapSense_CSD_Pins.c **** /*******************************************************************************
   2:Generated_Source\PSoC5/CapSense_CSD_Pins.c **** * File Name: CapSense_CSD_Pins.c
   3:Generated_Source\PSoC5/CapSense_CSD_Pins.c **** * Version 3.50
   4:Generated_Source\PSoC5/CapSense_CSD_Pins.c **** *
   5:Generated_Source\PSoC5/CapSense_CSD_Pins.c **** * Description:
   6:Generated_Source\PSoC5/CapSense_CSD_Pins.c **** *  This file contains API to enable firmware control of a Pins component.
   7:Generated_Source\PSoC5/CapSense_CSD_Pins.c **** *
   8:Generated_Source\PSoC5/CapSense_CSD_Pins.c **** * Note:
   9:Generated_Source\PSoC5/CapSense_CSD_Pins.c **** *
  10:Generated_Source\PSoC5/CapSense_CSD_Pins.c **** ********************************************************************************
  11:Generated_Source\PSoC5/CapSense_CSD_Pins.c **** * Copyright 2008-2013, Cypress Semiconductor Corporation.  All rights reserved.
  12:Generated_Source\PSoC5/CapSense_CSD_Pins.c **** * You may use this file only in accordance with the license, terms, conditions,
  13:Generated_Source\PSoC5/CapSense_CSD_Pins.c **** * disclaimers, and limitations in the end user license agreement accompanying
  14:Generated_Source\PSoC5/CapSense_CSD_Pins.c **** * the software package with which this file was provided.
  15:Generated_Source\PSoC5/CapSense_CSD_Pins.c **** *******************************************************************************/
  16:Generated_Source\PSoC5/CapSense_CSD_Pins.c **** 
  17:Generated_Source\PSoC5/CapSense_CSD_Pins.c **** #include "CapSense_CSD_Pins.h"
  18:Generated_Source\PSoC5/CapSense_CSD_Pins.c **** 
  19:Generated_Source\PSoC5/CapSense_CSD_Pins.c **** 
  20:Generated_Source\PSoC5/CapSense_CSD_Pins.c **** /*******************************************************************************
  21:Generated_Source\PSoC5/CapSense_CSD_Pins.c **** * Function Name: CapSense_CSD_SetAllSensorsDriveMode
  22:Generated_Source\PSoC5/CapSense_CSD_Pins.c **** ********************************************************************************
  23:Generated_Source\PSoC5/CapSense_CSD_Pins.c **** *
  24:Generated_Source\PSoC5/CapSense_CSD_Pins.c **** * Summary:
  25:Generated_Source\PSoC5/CapSense_CSD_Pins.c **** *  Sets the drive mode for the all pins used by capacitive sensors within 
  26:Generated_Source\PSoC5/CapSense_CSD_Pins.c **** *  CapSense component.
  27:Generated_Source\PSoC5/CapSense_CSD_Pins.c **** * 
  28:Generated_Source\PSoC5/CapSense_CSD_Pins.c **** * Parameters:  
  29:Generated_Source\PSoC5/CapSense_CSD_Pins.c **** *  mode: Desired drive mode.
  30:Generated_Source\PSoC5/CapSense_CSD_Pins.c **** *
ARM GAS  C:\Users\holge\AppData\Local\Temp\cc0n8gyn.s 			page 2


  31:Generated_Source\PSoC5/CapSense_CSD_Pins.c **** * Return: 
  32:Generated_Source\PSoC5/CapSense_CSD_Pins.c **** *  None
  33:Generated_Source\PSoC5/CapSense_CSD_Pins.c **** *
  34:Generated_Source\PSoC5/CapSense_CSD_Pins.c **** *******************************************************************************/
  35:Generated_Source\PSoC5/CapSense_CSD_Pins.c **** void CapSense_CSD_SetAllSensorsDriveMode(uint8 mode) 
  36:Generated_Source\PSoC5/CapSense_CSD_Pins.c **** {
  28              		.loc 1 36 0
  29              		.cfi_startproc
  30              		@ args = 0, pretend = 0, frame = 8
  31              		@ frame_needed = 1, uses_anonymous_args = 0
  32              		@ link register save eliminated.
  33 0000 80B4     		push	{r7}
  34              		.cfi_def_cfa_offset 4
  35              		.cfi_offset 7, -4
  36 0002 83B0     		sub	sp, sp, #12
  37              		.cfi_def_cfa_offset 16
  38 0004 00AF     		add	r7, sp, #0
  39              		.cfi_def_cfa_register 7
  40 0006 0346     		mov	r3, r0
  41 0008 FB71     		strb	r3, [r7, #7]
  37:Generated_Source\PSoC5/CapSense_CSD_Pins.c ****     /* Set pins drive mode */
  38:Generated_Source\PSoC5/CapSense_CSD_Pins.c ****     CyPins_SetPinDriveMode(CapSense_CSD_PortCH0__LinearSlider0_e0__LS, mode);
  42              		.loc 1 38 0
  43 000a 2D49     		ldr	r1, .L2
  44 000c 2C4B     		ldr	r3, .L2
  45 000e 1B78     		ldrb	r3, [r3]
  46 0010 DBB2     		uxtb	r3, r3
  47 0012 5BB2     		sxtb	r3, r3
  48 0014 23F00E03 		bic	r3, r3, #14
  49 0018 5AB2     		sxtb	r2, r3
  50 001a 97F90730 		ldrsb	r3, [r7, #7]
  51 001e 03F00E03 		and	r3, r3, #14
  52 0022 5BB2     		sxtb	r3, r3
  53 0024 1343     		orrs	r3, r3, r2
  54 0026 5BB2     		sxtb	r3, r3
  55 0028 DBB2     		uxtb	r3, r3
  56 002a 0B70     		strb	r3, [r1]
  39:Generated_Source\PSoC5/CapSense_CSD_Pins.c ****     CyPins_SetPinDriveMode(CapSense_CSD_PortCH0__LinearSlider0_e1__LS, mode);
  57              		.loc 1 39 0
  58 002c 2549     		ldr	r1, .L2+4
  59 002e 254B     		ldr	r3, .L2+4
  60 0030 1B78     		ldrb	r3, [r3]
  61 0032 DBB2     		uxtb	r3, r3
  62 0034 5BB2     		sxtb	r3, r3
  63 0036 23F00E03 		bic	r3, r3, #14
  64 003a 5AB2     		sxtb	r2, r3
  65 003c 97F90730 		ldrsb	r3, [r7, #7]
  66 0040 03F00E03 		and	r3, r3, #14
  67 0044 5BB2     		sxtb	r3, r3
  68 0046 1343     		orrs	r3, r3, r2
  69 0048 5BB2     		sxtb	r3, r3
  70 004a DBB2     		uxtb	r3, r3
  71 004c 0B70     		strb	r3, [r1]
  40:Generated_Source\PSoC5/CapSense_CSD_Pins.c ****     CyPins_SetPinDriveMode(CapSense_CSD_PortCH0__LinearSlider0_e2__LS, mode);
  72              		.loc 1 40 0
  73 004e 1E49     		ldr	r1, .L2+8
  74 0050 1D4B     		ldr	r3, .L2+8
ARM GAS  C:\Users\holge\AppData\Local\Temp\cc0n8gyn.s 			page 3


  75 0052 1B78     		ldrb	r3, [r3]
  76 0054 DBB2     		uxtb	r3, r3
  77 0056 5BB2     		sxtb	r3, r3
  78 0058 23F00E03 		bic	r3, r3, #14
  79 005c 5AB2     		sxtb	r2, r3
  80 005e 97F90730 		ldrsb	r3, [r7, #7]
  81 0062 03F00E03 		and	r3, r3, #14
  82 0066 5BB2     		sxtb	r3, r3
  83 0068 1343     		orrs	r3, r3, r2
  84 006a 5BB2     		sxtb	r3, r3
  85 006c DBB2     		uxtb	r3, r3
  86 006e 0B70     		strb	r3, [r1]
  41:Generated_Source\PSoC5/CapSense_CSD_Pins.c ****     CyPins_SetPinDriveMode(CapSense_CSD_PortCH0__LinearSlider0_e3__LS, mode);
  87              		.loc 1 41 0
  88 0070 1649     		ldr	r1, .L2+12
  89 0072 164B     		ldr	r3, .L2+12
  90 0074 1B78     		ldrb	r3, [r3]
  91 0076 DBB2     		uxtb	r3, r3
  92 0078 5BB2     		sxtb	r3, r3
  93 007a 23F00E03 		bic	r3, r3, #14
  94 007e 5AB2     		sxtb	r2, r3
  95 0080 97F90730 		ldrsb	r3, [r7, #7]
  96 0084 03F00E03 		and	r3, r3, #14
  97 0088 5BB2     		sxtb	r3, r3
  98 008a 1343     		orrs	r3, r3, r2
  99 008c 5BB2     		sxtb	r3, r3
 100 008e DBB2     		uxtb	r3, r3
 101 0090 0B70     		strb	r3, [r1]
  42:Generated_Source\PSoC5/CapSense_CSD_Pins.c ****     CyPins_SetPinDriveMode(CapSense_CSD_PortCH0__LinearSlider0_e4__LS, mode);
 102              		.loc 1 42 0
 103 0092 0F49     		ldr	r1, .L2+16
 104 0094 0E4B     		ldr	r3, .L2+16
 105 0096 1B78     		ldrb	r3, [r3]
 106 0098 DBB2     		uxtb	r3, r3
 107 009a 5BB2     		sxtb	r3, r3
 108 009c 23F00E03 		bic	r3, r3, #14
 109 00a0 5AB2     		sxtb	r2, r3
 110 00a2 97F90730 		ldrsb	r3, [r7, #7]
 111 00a6 03F00E03 		and	r3, r3, #14
 112 00aa 5BB2     		sxtb	r3, r3
 113 00ac 1343     		orrs	r3, r3, r2
 114 00ae 5BB2     		sxtb	r3, r3
 115 00b0 DBB2     		uxtb	r3, r3
 116 00b2 0B70     		strb	r3, [r1]
  43:Generated_Source\PSoC5/CapSense_CSD_Pins.c **** 
  44:Generated_Source\PSoC5/CapSense_CSD_Pins.c **** }
 117              		.loc 1 44 0
 118 00b4 00BF     		nop
 119 00b6 0C37     		adds	r7, r7, #12
 120              		.cfi_def_cfa_offset 4
 121 00b8 BD46     		mov	sp, r7
 122              		.cfi_def_cfa_register 13
 123              		@ sp needed
 124 00ba 80BC     		pop	{r7}
 125              		.cfi_restore 7
 126              		.cfi_def_cfa_offset 0
 127 00bc 7047     		bx	lr
ARM GAS  C:\Users\holge\AppData\Local\Temp\cc0n8gyn.s 			page 4


 128              	.L3:
 129 00be 00BF     		.align	2
 130              	.L2:
 131 00c0 18500040 		.word	1073762328
 132 00c4 19500040 		.word	1073762329
 133 00c8 1A500040 		.word	1073762330
 134 00cc 1B500040 		.word	1073762331
 135 00d0 1C500040 		.word	1073762332
 136              		.cfi_endproc
 137              	.LFE0:
 138              		.size	CapSense_CSD_SetAllSensorsDriveMode, .-CapSense_CSD_SetAllSensorsDriveMode
 139              		.section	.text.CapSense_CSD_SetAllCmodsDriveMode,"ax",%progbits
 140              		.align	2
 141              		.global	CapSense_CSD_SetAllCmodsDriveMode
 142              		.thumb
 143              		.thumb_func
 144              		.type	CapSense_CSD_SetAllCmodsDriveMode, %function
 145              	CapSense_CSD_SetAllCmodsDriveMode:
 146              	.LFB1:
  45:Generated_Source\PSoC5/CapSense_CSD_Pins.c **** 
  46:Generated_Source\PSoC5/CapSense_CSD_Pins.c **** 
  47:Generated_Source\PSoC5/CapSense_CSD_Pins.c **** 
  48:Generated_Source\PSoC5/CapSense_CSD_Pins.c **** /*******************************************************************************
  49:Generated_Source\PSoC5/CapSense_CSD_Pins.c **** * Function Name: CapSense_CSD_SetAllCmodsDriveMode
  50:Generated_Source\PSoC5/CapSense_CSD_Pins.c **** ********************************************************************************
  51:Generated_Source\PSoC5/CapSense_CSD_Pins.c **** *
  52:Generated_Source\PSoC5/CapSense_CSD_Pins.c **** * Summary:
  53:Generated_Source\PSoC5/CapSense_CSD_Pins.c **** *  Sets the drive mode for the all pins used by Cmod capacitors within CapSense 
  54:Generated_Source\PSoC5/CapSense_CSD_Pins.c **** *  component.
  55:Generated_Source\PSoC5/CapSense_CSD_Pins.c **** * 
  56:Generated_Source\PSoC5/CapSense_CSD_Pins.c **** * Parameters:  
  57:Generated_Source\PSoC5/CapSense_CSD_Pins.c **** *  mode: Desired drive mode.
  58:Generated_Source\PSoC5/CapSense_CSD_Pins.c **** *
  59:Generated_Source\PSoC5/CapSense_CSD_Pins.c **** * Return: 
  60:Generated_Source\PSoC5/CapSense_CSD_Pins.c **** *  None
  61:Generated_Source\PSoC5/CapSense_CSD_Pins.c **** *
  62:Generated_Source\PSoC5/CapSense_CSD_Pins.c **** *******************************************************************************/
  63:Generated_Source\PSoC5/CapSense_CSD_Pins.c **** void CapSense_CSD_SetAllCmodsDriveMode(uint8 mode) 
  64:Generated_Source\PSoC5/CapSense_CSD_Pins.c **** {
 147              		.loc 1 64 0
 148              		.cfi_startproc
 149              		@ args = 0, pretend = 0, frame = 8
 150              		@ frame_needed = 1, uses_anonymous_args = 0
 151              		@ link register save eliminated.
 152 0000 80B4     		push	{r7}
 153              		.cfi_def_cfa_offset 4
 154              		.cfi_offset 7, -4
 155 0002 83B0     		sub	sp, sp, #12
 156              		.cfi_def_cfa_offset 16
 157 0004 00AF     		add	r7, sp, #0
 158              		.cfi_def_cfa_register 7
 159 0006 0346     		mov	r3, r0
 160 0008 FB71     		strb	r3, [r7, #7]
  65:Generated_Source\PSoC5/CapSense_CSD_Pins.c ****    /* Set pins drive mode */
  66:Generated_Source\PSoC5/CapSense_CSD_Pins.c ****     CyPins_SetPinDriveMode(CapSense_CSD_CmodCH0_Cmod_CH0, mode);
 161              		.loc 1 66 0
 162 000a 0B49     		ldr	r1, .L5
ARM GAS  C:\Users\holge\AppData\Local\Temp\cc0n8gyn.s 			page 5


 163 000c 0A4B     		ldr	r3, .L5
 164 000e 1B78     		ldrb	r3, [r3]
 165 0010 DBB2     		uxtb	r3, r3
 166 0012 5BB2     		sxtb	r3, r3
 167 0014 23F00E03 		bic	r3, r3, #14
 168 0018 5AB2     		sxtb	r2, r3
 169 001a 97F90730 		ldrsb	r3, [r7, #7]
 170 001e 03F00E03 		and	r3, r3, #14
 171 0022 5BB2     		sxtb	r3, r3
 172 0024 1343     		orrs	r3, r3, r2
 173 0026 5BB2     		sxtb	r3, r3
 174 0028 DBB2     		uxtb	r3, r3
 175 002a 0B70     		strb	r3, [r1]
  67:Generated_Source\PSoC5/CapSense_CSD_Pins.c **** 
  68:Generated_Source\PSoC5/CapSense_CSD_Pins.c **** }
 176              		.loc 1 68 0
 177 002c 00BF     		nop
 178 002e 0C37     		adds	r7, r7, #12
 179              		.cfi_def_cfa_offset 4
 180 0030 BD46     		mov	sp, r7
 181              		.cfi_def_cfa_register 13
 182              		@ sp needed
 183 0032 80BC     		pop	{r7}
 184              		.cfi_restore 7
 185              		.cfi_def_cfa_offset 0
 186 0034 7047     		bx	lr
 187              	.L6:
 188 0036 00BF     		.align	2
 189              	.L5:
 190 0038 0C500040 		.word	1073762316
 191              		.cfi_endproc
 192              	.LFE1:
 193              		.size	CapSense_CSD_SetAllCmodsDriveMode, .-CapSense_CSD_SetAllCmodsDriveMode
 194              		.text
 195              	.Letext0:
 196              		.file 2 "Generated_Source\\PSoC5\\cytypes.h"
 197              		.section	.debug_info,"",%progbits
 198              	.Ldebug_info0:
 199 0000 EC000000 		.4byte	0xec
 200 0004 0400     		.2byte	0x4
 201 0006 00000000 		.4byte	.Ldebug_abbrev0
 202 000a 04       		.byte	0x4
 203 000b 01       		.uleb128 0x1
 204 000c CC000000 		.4byte	.LASF17
 205 0010 0C       		.byte	0xc
 206 0011 D6010000 		.4byte	.LASF18
 207 0015 1B000000 		.4byte	.LASF19
 208 0019 00000000 		.4byte	.Ldebug_ranges0+0
 209 001d 00000000 		.4byte	0
 210 0021 00000000 		.4byte	.Ldebug_line0
 211 0025 02       		.uleb128 0x2
 212 0026 01       		.byte	0x1
 213 0027 06       		.byte	0x6
 214 0028 B4010000 		.4byte	.LASF0
 215 002c 02       		.uleb128 0x2
 216 002d 01       		.byte	0x1
 217 002e 08       		.byte	0x8
ARM GAS  C:\Users\holge\AppData\Local\Temp\cc0n8gyn.s 			page 6


 218 002f 5A010000 		.4byte	.LASF1
 219 0033 02       		.uleb128 0x2
 220 0034 02       		.byte	0x2
 221 0035 05       		.byte	0x5
 222 0036 CC010000 		.4byte	.LASF2
 223 003a 02       		.uleb128 0x2
 224 003b 02       		.byte	0x2
 225 003c 07       		.byte	0x7
 226 003d A1010000 		.4byte	.LASF3
 227 0041 02       		.uleb128 0x2
 228 0042 04       		.byte	0x4
 229 0043 05       		.byte	0x5
 230 0044 6D010000 		.4byte	.LASF4
 231 0048 02       		.uleb128 0x2
 232 0049 04       		.byte	0x4
 233 004a 07       		.byte	0x7
 234 004b 7B000000 		.4byte	.LASF5
 235 004f 02       		.uleb128 0x2
 236 0050 08       		.byte	0x8
 237 0051 05       		.byte	0x5
 238 0052 00000000 		.4byte	.LASF6
 239 0056 02       		.uleb128 0x2
 240 0057 08       		.byte	0x8
 241 0058 07       		.byte	0x7
 242 0059 AF000000 		.4byte	.LASF7
 243 005d 03       		.uleb128 0x3
 244 005e 04       		.byte	0x4
 245 005f 05       		.byte	0x5
 246 0060 696E7400 		.ascii	"int\000"
 247 0064 02       		.uleb128 0x2
 248 0065 04       		.byte	0x4
 249 0066 07       		.byte	0x7
 250 0067 0E000000 		.4byte	.LASF8
 251 006b 04       		.uleb128 0x4
 252 006c 75000000 		.4byte	.LASF12
 253 0070 02       		.byte	0x2
 254 0071 9201     		.2byte	0x192
 255 0073 2C000000 		.4byte	0x2c
 256 0077 02       		.uleb128 0x2
 257 0078 04       		.byte	0x4
 258 0079 04       		.byte	0x4
 259 007a C6000000 		.4byte	.LASF9
 260 007e 02       		.uleb128 0x2
 261 007f 08       		.byte	0x8
 262 0080 04       		.byte	0x4
 263 0081 9A010000 		.4byte	.LASF10
 264 0085 02       		.uleb128 0x2
 265 0086 01       		.byte	0x1
 266 0087 08       		.byte	0x8
 267 0088 68010000 		.4byte	.LASF11
 268 008c 04       		.uleb128 0x4
 269 008d 70000000 		.4byte	.LASF13
 270 0091 02       		.byte	0x2
 271 0092 3C02     		.2byte	0x23c
 272 0094 98000000 		.4byte	0x98
 273 0098 05       		.uleb128 0x5
 274 0099 6B000000 		.4byte	0x6b
ARM GAS  C:\Users\holge\AppData\Local\Temp\cc0n8gyn.s 			page 7


 275 009d 02       		.uleb128 0x2
 276 009e 08       		.byte	0x8
 277 009f 04       		.byte	0x4
 278 00a0 C0010000 		.4byte	.LASF14
 279 00a4 02       		.uleb128 0x2
 280 00a5 04       		.byte	0x4
 281 00a6 07       		.byte	0x7
 282 00a7 01020000 		.4byte	.LASF15
 283 00ab 06       		.uleb128 0x6
 284 00ac 76010000 		.4byte	.LASF20
 285 00b0 01       		.byte	0x1
 286 00b1 23       		.byte	0x23
 287 00b2 00000000 		.4byte	.LFB0
 288 00b6 D4000000 		.4byte	.LFE0-.LFB0
 289 00ba 01       		.uleb128 0x1
 290 00bb 9C       		.byte	0x9c
 291 00bc CF000000 		.4byte	0xcf
 292 00c0 07       		.uleb128 0x7
 293 00c1 6B000000 		.4byte	.LASF16
 294 00c5 01       		.byte	0x1
 295 00c6 23       		.byte	0x23
 296 00c7 6B000000 		.4byte	0x6b
 297 00cb 02       		.uleb128 0x2
 298 00cc 91       		.byte	0x91
 299 00cd 77       		.sleb128 -9
 300 00ce 00       		.byte	0
 301 00cf 08       		.uleb128 0x8
 302 00d0 8D000000 		.4byte	.LASF21
 303 00d4 01       		.byte	0x1
 304 00d5 3F       		.byte	0x3f
 305 00d6 00000000 		.4byte	.LFB1
 306 00da 3C000000 		.4byte	.LFE1-.LFB1
 307 00de 01       		.uleb128 0x1
 308 00df 9C       		.byte	0x9c
 309 00e0 07       		.uleb128 0x7
 310 00e1 6B000000 		.4byte	.LASF16
 311 00e5 01       		.byte	0x1
 312 00e6 3F       		.byte	0x3f
 313 00e7 6B000000 		.4byte	0x6b
 314 00eb 02       		.uleb128 0x2
 315 00ec 91       		.byte	0x91
 316 00ed 77       		.sleb128 -9
 317 00ee 00       		.byte	0
 318 00ef 00       		.byte	0
 319              		.section	.debug_abbrev,"",%progbits
 320              	.Ldebug_abbrev0:
 321 0000 01       		.uleb128 0x1
 322 0001 11       		.uleb128 0x11
 323 0002 01       		.byte	0x1
 324 0003 25       		.uleb128 0x25
 325 0004 0E       		.uleb128 0xe
 326 0005 13       		.uleb128 0x13
 327 0006 0B       		.uleb128 0xb
 328 0007 03       		.uleb128 0x3
 329 0008 0E       		.uleb128 0xe
 330 0009 1B       		.uleb128 0x1b
 331 000a 0E       		.uleb128 0xe
ARM GAS  C:\Users\holge\AppData\Local\Temp\cc0n8gyn.s 			page 8


 332 000b 55       		.uleb128 0x55
 333 000c 17       		.uleb128 0x17
 334 000d 11       		.uleb128 0x11
 335 000e 01       		.uleb128 0x1
 336 000f 10       		.uleb128 0x10
 337 0010 17       		.uleb128 0x17
 338 0011 00       		.byte	0
 339 0012 00       		.byte	0
 340 0013 02       		.uleb128 0x2
 341 0014 24       		.uleb128 0x24
 342 0015 00       		.byte	0
 343 0016 0B       		.uleb128 0xb
 344 0017 0B       		.uleb128 0xb
 345 0018 3E       		.uleb128 0x3e
 346 0019 0B       		.uleb128 0xb
 347 001a 03       		.uleb128 0x3
 348 001b 0E       		.uleb128 0xe
 349 001c 00       		.byte	0
 350 001d 00       		.byte	0
 351 001e 03       		.uleb128 0x3
 352 001f 24       		.uleb128 0x24
 353 0020 00       		.byte	0
 354 0021 0B       		.uleb128 0xb
 355 0022 0B       		.uleb128 0xb
 356 0023 3E       		.uleb128 0x3e
 357 0024 0B       		.uleb128 0xb
 358 0025 03       		.uleb128 0x3
 359 0026 08       		.uleb128 0x8
 360 0027 00       		.byte	0
 361 0028 00       		.byte	0
 362 0029 04       		.uleb128 0x4
 363 002a 16       		.uleb128 0x16
 364 002b 00       		.byte	0
 365 002c 03       		.uleb128 0x3
 366 002d 0E       		.uleb128 0xe
 367 002e 3A       		.uleb128 0x3a
 368 002f 0B       		.uleb128 0xb
 369 0030 3B       		.uleb128 0x3b
 370 0031 05       		.uleb128 0x5
 371 0032 49       		.uleb128 0x49
 372 0033 13       		.uleb128 0x13
 373 0034 00       		.byte	0
 374 0035 00       		.byte	0
 375 0036 05       		.uleb128 0x5
 376 0037 35       		.uleb128 0x35
 377 0038 00       		.byte	0
 378 0039 49       		.uleb128 0x49
 379 003a 13       		.uleb128 0x13
 380 003b 00       		.byte	0
 381 003c 00       		.byte	0
 382 003d 06       		.uleb128 0x6
 383 003e 2E       		.uleb128 0x2e
 384 003f 01       		.byte	0x1
 385 0040 3F       		.uleb128 0x3f
 386 0041 19       		.uleb128 0x19
 387 0042 03       		.uleb128 0x3
 388 0043 0E       		.uleb128 0xe
ARM GAS  C:\Users\holge\AppData\Local\Temp\cc0n8gyn.s 			page 9


 389 0044 3A       		.uleb128 0x3a
 390 0045 0B       		.uleb128 0xb
 391 0046 3B       		.uleb128 0x3b
 392 0047 0B       		.uleb128 0xb
 393 0048 27       		.uleb128 0x27
 394 0049 19       		.uleb128 0x19
 395 004a 11       		.uleb128 0x11
 396 004b 01       		.uleb128 0x1
 397 004c 12       		.uleb128 0x12
 398 004d 06       		.uleb128 0x6
 399 004e 40       		.uleb128 0x40
 400 004f 18       		.uleb128 0x18
 401 0050 9742     		.uleb128 0x2117
 402 0052 19       		.uleb128 0x19
 403 0053 01       		.uleb128 0x1
 404 0054 13       		.uleb128 0x13
 405 0055 00       		.byte	0
 406 0056 00       		.byte	0
 407 0057 07       		.uleb128 0x7
 408 0058 05       		.uleb128 0x5
 409 0059 00       		.byte	0
 410 005a 03       		.uleb128 0x3
 411 005b 0E       		.uleb128 0xe
 412 005c 3A       		.uleb128 0x3a
 413 005d 0B       		.uleb128 0xb
 414 005e 3B       		.uleb128 0x3b
 415 005f 0B       		.uleb128 0xb
 416 0060 49       		.uleb128 0x49
 417 0061 13       		.uleb128 0x13
 418 0062 02       		.uleb128 0x2
 419 0063 18       		.uleb128 0x18
 420 0064 00       		.byte	0
 421 0065 00       		.byte	0
 422 0066 08       		.uleb128 0x8
 423 0067 2E       		.uleb128 0x2e
 424 0068 01       		.byte	0x1
 425 0069 3F       		.uleb128 0x3f
 426 006a 19       		.uleb128 0x19
 427 006b 03       		.uleb128 0x3
 428 006c 0E       		.uleb128 0xe
 429 006d 3A       		.uleb128 0x3a
 430 006e 0B       		.uleb128 0xb
 431 006f 3B       		.uleb128 0x3b
 432 0070 0B       		.uleb128 0xb
 433 0071 27       		.uleb128 0x27
 434 0072 19       		.uleb128 0x19
 435 0073 11       		.uleb128 0x11
 436 0074 01       		.uleb128 0x1
 437 0075 12       		.uleb128 0x12
 438 0076 06       		.uleb128 0x6
 439 0077 40       		.uleb128 0x40
 440 0078 18       		.uleb128 0x18
 441 0079 9742     		.uleb128 0x2117
 442 007b 19       		.uleb128 0x19
 443 007c 00       		.byte	0
 444 007d 00       		.byte	0
 445 007e 00       		.byte	0
ARM GAS  C:\Users\holge\AppData\Local\Temp\cc0n8gyn.s 			page 10


 446              		.section	.debug_aranges,"",%progbits
 447 0000 24000000 		.4byte	0x24
 448 0004 0200     		.2byte	0x2
 449 0006 00000000 		.4byte	.Ldebug_info0
 450 000a 04       		.byte	0x4
 451 000b 00       		.byte	0
 452 000c 0000     		.2byte	0
 453 000e 0000     		.2byte	0
 454 0010 00000000 		.4byte	.LFB0
 455 0014 D4000000 		.4byte	.LFE0-.LFB0
 456 0018 00000000 		.4byte	.LFB1
 457 001c 3C000000 		.4byte	.LFE1-.LFB1
 458 0020 00000000 		.4byte	0
 459 0024 00000000 		.4byte	0
 460              		.section	.debug_ranges,"",%progbits
 461              	.Ldebug_ranges0:
 462 0000 00000000 		.4byte	.LFB0
 463 0004 D4000000 		.4byte	.LFE0
 464 0008 00000000 		.4byte	.LFB1
 465 000c 3C000000 		.4byte	.LFE1
 466 0010 00000000 		.4byte	0
 467 0014 00000000 		.4byte	0
 468              		.section	.debug_line,"",%progbits
 469              	.Ldebug_line0:
 470 0000 80000000 		.section	.debug_str,"MS",%progbits,1
 470      02004E00 
 470      00000201 
 470      FB0E0D00 
 470      01010101 
 471              	.LASF6:
 472 0000 6C6F6E67 		.ascii	"long long int\000"
 472      206C6F6E 
 472      6720696E 
 472      7400
 473              	.LASF8:
 474 000e 756E7369 		.ascii	"unsigned int\000"
 474      676E6564 
 474      20696E74 
 474      00
 475              	.LASF19:
 476 001b 433A5C55 		.ascii	"C:\\Users\\holge\\Desktop\\cypress_PsOC_5LP\\Worksp"
 476      73657273 
 476      5C686F6C 
 476      67655C44 
 476      65736B74 
 477 0049 61636530 		.ascii	"ace01\\CapSense_CSD_Design01.cydsn\000"
 477      315C4361 
 477      7053656E 
 477      73655F43 
 477      53445F44 
 478              	.LASF16:
 479 006b 6D6F6465 		.ascii	"mode\000"
 479      00
 480              	.LASF13:
 481 0070 72656738 		.ascii	"reg8\000"
 481      00
 482              	.LASF12:
ARM GAS  C:\Users\holge\AppData\Local\Temp\cc0n8gyn.s 			page 11


 483 0075 75696E74 		.ascii	"uint8\000"
 483      3800
 484              	.LASF5:
 485 007b 6C6F6E67 		.ascii	"long unsigned int\000"
 485      20756E73 
 485      69676E65 
 485      6420696E 
 485      7400
 486              	.LASF21:
 487 008d 43617053 		.ascii	"CapSense_CSD_SetAllCmodsDriveMode\000"
 487      656E7365 
 487      5F435344 
 487      5F536574 
 487      416C6C43 
 488              	.LASF7:
 489 00af 6C6F6E67 		.ascii	"long long unsigned int\000"
 489      206C6F6E 
 489      6720756E 
 489      7369676E 
 489      65642069 
 490              	.LASF9:
 491 00c6 666C6F61 		.ascii	"float\000"
 491      7400
 492              	.LASF17:
 493 00cc 474E5520 		.ascii	"GNU C11 5.4.1 20160609 (release) [ARM/embedded-5-br"
 493      43313120 
 493      352E342E 
 493      31203230 
 493      31363036 
 494 00ff 616E6368 		.ascii	"anch revision 237715] -mcpu=cortex-m3 -mthumb -g -O"
 494      20726576 
 494      6973696F 
 494      6E203233 
 494      37373135 
 495 0132 30202D66 		.ascii	"0 -ffunction-sections -ffat-lto-objects\000"
 495      66756E63 
 495      74696F6E 
 495      2D736563 
 495      74696F6E 
 496              	.LASF1:
 497 015a 756E7369 		.ascii	"unsigned char\000"
 497      676E6564 
 497      20636861 
 497      7200
 498              	.LASF11:
 499 0168 63686172 		.ascii	"char\000"
 499      00
 500              	.LASF4:
 501 016d 6C6F6E67 		.ascii	"long int\000"
 501      20696E74 
 501      00
 502              	.LASF20:
 503 0176 43617053 		.ascii	"CapSense_CSD_SetAllSensorsDriveMode\000"
 503      656E7365 
 503      5F435344 
 503      5F536574 
 503      416C6C53 
ARM GAS  C:\Users\holge\AppData\Local\Temp\cc0n8gyn.s 			page 12


 504              	.LASF10:
 505 019a 646F7562 		.ascii	"double\000"
 505      6C6500
 506              	.LASF3:
 507 01a1 73686F72 		.ascii	"short unsigned int\000"
 507      7420756E 
 507      7369676E 
 507      65642069 
 507      6E7400
 508              	.LASF0:
 509 01b4 7369676E 		.ascii	"signed char\000"
 509      65642063 
 509      68617200 
 510              	.LASF14:
 511 01c0 6C6F6E67 		.ascii	"long double\000"
 511      20646F75 
 511      626C6500 
 512              	.LASF2:
 513 01cc 73686F72 		.ascii	"short int\000"
 513      7420696E 
 513      7400
 514              	.LASF18:
 515 01d6 47656E65 		.ascii	"Generated_Source\\PSoC5\\CapSense_CSD_Pins.c\000"
 515      72617465 
 515      645F536F 
 515      75726365 
 515      5C50536F 
 516              	.LASF15:
 517 0201 73697A65 		.ascii	"sizetype\000"
 517      74797065 
 517      00
 518              		.ident	"GCC: (GNU Tools for ARM Embedded Processors) 5.4.1 20160609 (release) [ARM/embedded-5-bran
