ARM GAS  C:\Users\holge\AppData\Local\Temp\ccgfQziG.s 			page 1


   1              		.syntax unified
   2              		.cpu cortex-m3
   3              		.fpu softvfp
   4              		.eabi_attribute 20, 1
   5              		.eabi_attribute 21, 1
   6              		.eabi_attribute 23, 3
   7              		.eabi_attribute 24, 1
   8              		.eabi_attribute 25, 1
   9              		.eabi_attribute 26, 1
  10              		.eabi_attribute 30, 6
  11              		.eabi_attribute 34, 1
  12              		.eabi_attribute 18, 4
  13              		.thumb
  14              		.syntax unified
  15              		.file	"cymetadata.c"
  16              		.text
  17              	.Ltext0:
  18              		.cfi_sections	.debug_frame
  19              		.global	cy_meta_configecc
  20              		.section	.cyconfigecc,"a",%progbits
  21              		.align	2
  22              		.type	cy_meta_configecc, %object
  23              		.size	cy_meta_configecc, 960
  24              	cy_meta_configecc:
  25 0000 01       		.byte	1
  26 0001 52       		.byte	82
  27 0002 00       		.byte	0
  28 0003 40       		.byte	64
  29 0004 09       		.byte	9
  30 0005 64       		.byte	100
  31 0006 00       		.byte	0
  32 0007 40       		.byte	64
  33 0008 01       		.byte	1
  34 0009 01       		.byte	1
  35 000a 01       		.byte	1
  36 000b 40       		.byte	64
  37 000c 01       		.byte	1
  38 000d 05       		.byte	5
  39 000e 01       		.byte	1
  40 000f 40       		.byte	64
  41 0010 5B       		.byte	91
  42 0011 0A       		.byte	10
  43 0012 01       		.byte	1
  44 0013 40       		.byte	64
  45 0014 40       		.byte	64
  46 0015 0B       		.byte	11
  47 0016 01       		.byte	1
  48 0017 40       		.byte	64
  49 0018 46       		.byte	70
  50 0019 0C       		.byte	12
  51 001a 01       		.byte	1
  52 001b 40       		.byte	64
  53 001c 33       		.byte	51
  54 001d 0D       		.byte	13
  55 001e 01       		.byte	1
  56 001f 40       		.byte	64
  57 0020 4D       		.byte	77
ARM GAS  C:\Users\holge\AppData\Local\Temp\ccgfQziG.s 			page 2


  58 0021 0E       		.byte	14
  59 0022 01       		.byte	1
  60 0023 40       		.byte	64
  61 0024 21       		.byte	33
  62 0025 0F       		.byte	15
  63 0026 01       		.byte	1
  64 0027 40       		.byte	64
  65 0028 04       		.byte	4
  66 0029 40       		.byte	64
  67 002a 01       		.byte	1
  68 002b 40       		.byte	64
  69 002c 03       		.byte	3
  70 002d 42       		.byte	66
  71 002e 01       		.byte	1
  72 002f 40       		.byte	64
  73 0030 01       		.byte	1
  74 0031 43       		.byte	67
  75 0032 01       		.byte	1
  76 0033 40       		.byte	64
  77 0034 05       		.byte	5
  78 0035 45       		.byte	69
  79 0036 01       		.byte	1
  80 0037 40       		.byte	64
  81 0038 05       		.byte	5
  82 0039 46       		.byte	70
  83 003a 01       		.byte	1
  84 003b 40       		.byte	64
  85 003c 03       		.byte	3
  86 003d 47       		.byte	71
  87 003e 01       		.byte	1
  88 003f 40       		.byte	64
  89 0040 01       		.byte	1
  90 0041 48       		.byte	72
  91 0042 01       		.byte	1
  92 0043 40       		.byte	64
  93 0044 03       		.byte	3
  94 0045 49       		.byte	73
  95 0046 01       		.byte	1
  96 0047 40       		.byte	64
  97 0048 03       		.byte	3
  98 0049 50       		.byte	80
  99 004a 01       		.byte	1
 100 004b 40       		.byte	64
 101 004c 01       		.byte	1
 102 004d 51       		.byte	81
 103 004e 01       		.byte	1
 104 004f 40       		.byte	64
 105 0050 1E       		.byte	30
 106 0051 1F       		.byte	31
 107 0052 0A       		.byte	10
 108 0053 FF       		.byte	-1
 109 0054 0E       		.byte	14
 110 0055 FF       		.byte	-1
 111 0056 0F       		.byte	15
 112 0057 FF       		.byte	-1
 113 0058 1E       		.byte	30
 114 0059 FF       		.byte	-1
ARM GAS  C:\Users\holge\AppData\Local\Temp\ccgfQziG.s 			page 3


 115 005a 1F       		.byte	31
 116 005b FF       		.byte	-1
 117 005c 2E       		.byte	46
 118 005d FF       		.byte	-1
 119 005e 2F       		.byte	47
 120 005f FF       		.byte	-1
 121 0060 8A       		.byte	-118
 122 0061 1F       		.byte	31
 123 0062 8B       		.byte	-117
 124 0063 0D       		.byte	13
 125 0064 E6       		.byte	-26
 126 0065 01       		.byte	1
 127 0066 EE       		.byte	-18
 128 0067 02       		.byte	2
 129 0068 14       		.byte	20
 130 0069 01       		.byte	1
 131 006a 24       		.byte	36
 132 006b 01       		.byte	1
 133 006c 30       		.byte	48
 134 006d 01       		.byte	1
 135 006e 32       		.byte	50
 136 006f 01       		.byte	1
 137 0070 38       		.byte	56
 138 0071 0A       		.byte	10
 139 0072 40       		.byte	64
 140 0073 62       		.byte	98
 141 0074 45       		.byte	69
 142 0075 04       		.byte	4
 143 0076 46       		.byte	70
 144 0077 50       		.byte	80
 145 0078 47       		.byte	71
 146 0079 02       		.byte	2
 147 007a 48       		.byte	72
 148 007b 19       		.byte	25
 149 007c 49       		.byte	73
 150 007d FF       		.byte	-1
 151 007e 4A       		.byte	74
 152 007f FF       		.byte	-1
 153 0080 4B       		.byte	75
 154 0081 FF       		.byte	-1
 155 0082 4C       		.byte	76
 156 0083 02       		.byte	2
 157 0084 4D       		.byte	77
 158 0085 20       		.byte	32
 159 0086 4F       		.byte	79
 160 0087 05       		.byte	5
 161 0088 51       		.byte	81
 162 0089 10       		.byte	16
 163 008a 56       		.byte	86
 164 008b 02       		.byte	2
 165 008c 58       		.byte	88
 166 008d 04       		.byte	4
 167 008e 5A       		.byte	90
 168 008f 04       		.byte	4
 169 0090 5B       		.byte	91
 170 0091 04       		.byte	4
 171 0092 5E       		.byte	94
ARM GAS  C:\Users\holge\AppData\Local\Temp\ccgfQziG.s 			page 4


 172 0093 08       		.byte	8
 173 0094 5F       		.byte	95
 174 0095 01       		.byte	1
 175 0096 60       		.byte	96
 176 0097 40       		.byte	64
 177 0098 61       		.byte	97
 178 0099 40       		.byte	64
 179 009a 62       		.byte	98
 180 009b 80       		.byte	-128
 181 009c 64       		.byte	100
 182 009d 80       		.byte	-128
 183 009e 66       		.byte	102
 184 009f 80       		.byte	-128
 185 00a0 81       		.byte	-127
 186 00a1 3B       		.byte	59
 187 00a2 82       		.byte	-126
 188 00a3 02       		.byte	2
 189 00a4 83       		.byte	-125
 190 00a5 04       		.byte	4
 191 00a6 84       		.byte	-124
 192 00a7 02       		.byte	2
 193 00a8 85       		.byte	-123
 194 00a9 10       		.byte	16
 195 00aa 86       		.byte	-122
 196 00ab 04       		.byte	4
 197 00ac 87       		.byte	-121
 198 00ad 01       		.byte	1
 199 00ae 89       		.byte	-119
 200 00af 7F       		.byte	127
 201 00b0 8B       		.byte	-117
 202 00b1 80       		.byte	-128
 203 00b2 8D       		.byte	-115
 204 00b3 04       		.byte	4
 205 00b4 8E       		.byte	-114
 206 00b5 01       		.byte	1
 207 00b6 90       		.byte	-112
 208 00b7 06       		.byte	6
 209 00b8 91       		.byte	-111
 210 00b9 1F       		.byte	31
 211 00ba 93       		.byte	-109
 212 00bb 20       		.byte	32
 213 00bc 94       		.byte	-108
 214 00bd 04       		.byte	4
 215 00be 95       		.byte	-107
 216 00bf 3D       		.byte	61
 217 00c0 96       		.byte	-106
 218 00c1 02       		.byte	2
 219 00c2 97       		.byte	-105
 220 00c3 02       		.byte	2
 221 00c4 99       		.byte	-103
 222 00c5 C0       		.byte	-64
 223 00c6 9B       		.byte	-101
 224 00c7 02       		.byte	2
 225 00c8 9D       		.byte	-99
 226 00c9 80       		.byte	-128
 227 00ca 9F       		.byte	-97
 228 00cb 40       		.byte	64
ARM GAS  C:\Users\holge\AppData\Local\Temp\ccgfQziG.s 			page 5


 229 00cc A1       		.byte	-95
 230 00cd 26       		.byte	38
 231 00ce A2       		.byte	-94
 232 00cf 01       		.byte	1
 233 00d0 A3       		.byte	-93
 234 00d1 19       		.byte	25
 235 00d2 A6       		.byte	-90
 236 00d3 04       		.byte	4
 237 00d4 A7       		.byte	-89
 238 00d5 02       		.byte	2
 239 00d6 A9       		.byte	-87
 240 00d7 80       		.byte	-128
 241 00d8 AD       		.byte	-83
 242 00d9 08       		.byte	8
 243 00da AF       		.byte	-81
 244 00db 01       		.byte	1
 245 00dc B1       		.byte	-79
 246 00dd 3C       		.byte	60
 247 00de B2       		.byte	-78
 248 00df 06       		.byte	6
 249 00e0 B3       		.byte	-77
 250 00e1 C0       		.byte	-64
 251 00e2 B4       		.byte	-76
 252 00e3 01       		.byte	1
 253 00e4 B5       		.byte	-75
 254 00e5 03       		.byte	3
 255 00e6 BE       		.byte	-66
 256 00e7 10       		.byte	16
 257 00e8 C0       		.byte	-64
 258 00e9 40       		.byte	64
 259 00ea C1       		.byte	-63
 260 00eb 05       		.byte	5
 261 00ec C5       		.byte	-59
 262 00ed D0       		.byte	-48
 263 00ee C6       		.byte	-58
 264 00ef 12       		.byte	18
 265 00f0 C8       		.byte	-56
 266 00f1 0E       		.byte	14
 267 00f2 C9       		.byte	-55
 268 00f3 FF       		.byte	-1
 269 00f4 CA       		.byte	-54
 270 00f5 FF       		.byte	-1
 271 00f6 CB       		.byte	-53
 272 00f7 FF       		.byte	-1
 273 00f8 CD       		.byte	-51
 274 00f9 A0       		.byte	-96
 275 00fa CF       		.byte	-49
 276 00fb 04       		.byte	4
 277 00fc D0       		.byte	-48
 278 00fd 18       		.byte	24
 279 00fe D4       		.byte	-44
 280 00ff 05       		.byte	5
 281 0100 D8       		.byte	-40
 282 0101 04       		.byte	4
 283 0102 D9       		.byte	-39
 284 0103 04       		.byte	4
 285 0104 DA       		.byte	-38
ARM GAS  C:\Users\holge\AppData\Local\Temp\ccgfQziG.s 			page 6


 286 0105 04       		.byte	4
 287 0106 DB       		.byte	-37
 288 0107 04       		.byte	4
 289 0108 DD       		.byte	-35
 290 0109 11       		.byte	17
 291 010a DF       		.byte	-33
 292 010b 01       		.byte	1
 293 010c E0       		.byte	-32
 294 010d 40       		.byte	64
 295 010e E2       		.byte	-30
 296 010f C0       		.byte	-64
 297 0110 E4       		.byte	-28
 298 0111 40       		.byte	64
 299 0112 E5       		.byte	-27
 300 0113 40       		.byte	64
 301 0114 E6       		.byte	-26
 302 0115 C0       		.byte	-64
 303 0116 E8       		.byte	-24
 304 0117 C0       		.byte	-64
 305 0118 EA       		.byte	-22
 306 0119 C0       		.byte	-64
 307 011a EC       		.byte	-20
 308 011b C0       		.byte	-64
 309 011c EE       		.byte	-18
 310 011d C0       		.byte	-64
 311 011e 04       		.byte	4
 312 011f 02       		.byte	2
 313 0120 07       		.byte	7
 314 0121 11       		.byte	17
 315 0122 0B       		.byte	11
 316 0123 20       		.byte	32
 317 0124 0E       		.byte	14
 318 0125 A0       		.byte	-96
 319 0126 10       		.byte	16
 320 0127 20       		.byte	32
 321 0128 16       		.byte	22
 322 0129 40       		.byte	64
 323 012a 17       		.byte	23
 324 012b 04       		.byte	4
 325 012c 19       		.byte	25
 326 012d 0A       		.byte	10
 327 012e 1E       		.byte	30
 328 012f 28       		.byte	40
 329 0130 24       		.byte	36
 330 0131 18       		.byte	24
 331 0132 25       		.byte	37
 332 0133 03       		.byte	3
 333 0134 27       		.byte	39
 334 0135 18       		.byte	24
 335 0136 2E       		.byte	46
 336 0137 04       		.byte	4
 337 0138 2F       		.byte	47
 338 0139 49       		.byte	73
 339 013a 35       		.byte	53
 340 013b 01       		.byte	1
 341 013c 36       		.byte	54
 342 013d 50       		.byte	80
ARM GAS  C:\Users\holge\AppData\Local\Temp\ccgfQziG.s 			page 7


 343 013e 37       		.byte	55
 344 013f 08       		.byte	8
 345 0140 3C       		.byte	60
 346 0141 10       		.byte	16
 347 0142 3D       		.byte	61
 348 0143 02       		.byte	2
 349 0144 3E       		.byte	62
 350 0145 80       		.byte	-128
 351 0146 3F       		.byte	63
 352 0147 04       		.byte	4
 353 0148 41       		.byte	65
 354 0149 20       		.byte	32
 355 014a 47       		.byte	71
 356 014b 01       		.byte	1
 357 014c 48       		.byte	72
 358 014d 28       		.byte	40
 359 014e 4D       		.byte	77
 360 014f 01       		.byte	1
 361 0150 4F       		.byte	79
 362 0151 80       		.byte	-128
 363 0152 50       		.byte	80
 364 0153 08       		.byte	8
 365 0154 53       		.byte	83
 366 0155 10       		.byte	16
 367 0156 56       		.byte	86
 368 0157 40       		.byte	64
 369 0158 57       		.byte	87
 370 0159 60       		.byte	96
 371 015a 5D       		.byte	93
 372 015b 01       		.byte	1
 373 015c 5E       		.byte	94
 374 015d 48       		.byte	72
 375 015e 72       		.byte	114
 376 015f 80       		.byte	-128
 377 0160 7A       		.byte	122
 378 0161 40       		.byte	64
 379 0162 8C       		.byte	-116
 380 0163 04       		.byte	4
 381 0164 8E       		.byte	-114
 382 0165 40       		.byte	64
 383 0166 90       		.byte	-112
 384 0167 06       		.byte	6
 385 0168 92       		.byte	-110
 386 0169 04       		.byte	4
 387 016a 93       		.byte	-109
 388 016b 86       		.byte	-122
 389 016c 94       		.byte	-108
 390 016d 08       		.byte	8
 391 016e 99       		.byte	-103
 392 016f 01       		.byte	1
 393 0170 9B       		.byte	-101
 394 0171 05       		.byte	5
 395 0172 9D       		.byte	-99
 396 0173 0A       		.byte	10
 397 0174 9E       		.byte	-98
 398 0175 80       		.byte	-128
 399 0176 9F       		.byte	-97
ARM GAS  C:\Users\holge\AppData\Local\Temp\ccgfQziG.s 			page 8


 400 0177 10       		.byte	16
 401 0178 A1       		.byte	-95
 402 0179 20       		.byte	32
 403 017a A2       		.byte	-94
 404 017b 40       		.byte	64
 405 017c A3       		.byte	-93
 406 017d 08       		.byte	8
 407 017e A5       		.byte	-91
 408 017f 02       		.byte	2
 409 0180 A6       		.byte	-90
 410 0181 10       		.byte	16
 411 0182 A7       		.byte	-89
 412 0183 20       		.byte	32
 413 0184 AD       		.byte	-83
 414 0185 01       		.byte	1
 415 0186 B4       		.byte	-76
 416 0187 01       		.byte	1
 417 0188 B6       		.byte	-74
 418 0189 40       		.byte	64
 419 018a C0       		.byte	-64
 420 018b B0       		.byte	-80
 421 018c C2       		.byte	-62
 422 018d 34       		.byte	52
 423 018e C4       		.byte	-60
 424 018f 34       		.byte	52
 425 0190 CA       		.byte	-54
 426 0191 F0       		.byte	-16
 427 0192 CC       		.byte	-52
 428 0193 F0       		.byte	-16
 429 0194 CE       		.byte	-50
 430 0195 F0       		.byte	-16
 431 0196 D0       		.byte	-48
 432 0197 84       		.byte	-124
 433 0198 D2       		.byte	-46
 434 0199 14       		.byte	20
 435 019a D6       		.byte	-42
 436 019b D0       		.byte	-48
 437 019c DE       		.byte	-34
 438 019d 01       		.byte	1
 439 019e 01       		.byte	1
 440 019f 01       		.byte	1
 441 01a0 02       		.byte	2
 442 01a1 05       		.byte	5
 443 01a2 04       		.byte	4
 444 01a3 02       		.byte	2
 445 01a4 05       		.byte	5
 446 01a5 02       		.byte	2
 447 01a6 0D       		.byte	13
 448 01a7 03       		.byte	3
 449 01a8 13       		.byte	19
 450 01a9 04       		.byte	4
 451 01aa 14       		.byte	20
 452 01ab 02       		.byte	2
 453 01ac 18       		.byte	24
 454 01ad 02       		.byte	2
 455 01ae 19       		.byte	25
 456 01af 10       		.byte	16
ARM GAS  C:\Users\holge\AppData\Local\Temp\ccgfQziG.s 			page 9


 457 01b0 1C       		.byte	28
 458 01b1 01       		.byte	1
 459 01b2 1D       		.byte	29
 460 01b3 03       		.byte	3
 461 01b4 23       		.byte	35
 462 01b5 03       		.byte	3
 463 01b6 27       		.byte	39
 464 01b7 1C       		.byte	28
 465 01b8 2E       		.byte	46
 466 01b9 02       		.byte	2
 467 01ba 30       		.byte	48
 468 01bb 02       		.byte	2
 469 01bc 31       		.byte	49
 470 01bd 03       		.byte	3
 471 01be 32       		.byte	50
 472 01bf 01       		.byte	1
 473 01c0 33       		.byte	51
 474 01c1 08       		.byte	8
 475 01c2 34       		.byte	52
 476 01c3 02       		.byte	2
 477 01c4 35       		.byte	53
 478 01c5 10       		.byte	16
 479 01c6 36       		.byte	54
 480 01c7 04       		.byte	4
 481 01c8 37       		.byte	55
 482 01c9 04       		.byte	4
 483 01ca 3F       		.byte	63
 484 01cb 01       		.byte	1
 485 01cc 40       		.byte	64
 486 01cd 03       		.byte	3
 487 01ce 41       		.byte	65
 488 01cf 02       		.byte	2
 489 01d0 49       		.byte	73
 490 01d1 FF       		.byte	-1
 491 01d2 4A       		.byte	74
 492 01d3 FF       		.byte	-1
 493 01d4 4B       		.byte	75
 494 01d5 FF       		.byte	-1
 495 01d6 4C       		.byte	76
 496 01d7 02       		.byte	2
 497 01d8 4D       		.byte	77
 498 01d9 0C       		.byte	12
 499 01da 4E       		.byte	78
 500 01db F8       		.byte	-8
 501 01dc 52       		.byte	82
 502 01dd 17       		.byte	23
 503 01de 58       		.byte	88
 504 01df 04       		.byte	4
 505 01e0 59       		.byte	89
 506 01e1 04       		.byte	4
 507 01e2 5A       		.byte	90
 508 01e3 04       		.byte	4
 509 01e4 5B       		.byte	91
 510 01e5 04       		.byte	4
 511 01e6 5C       		.byte	92
 512 01e7 10       		.byte	16
 513 01e8 5F       		.byte	95
ARM GAS  C:\Users\holge\AppData\Local\Temp\ccgfQziG.s 			page 10


 514 01e9 01       		.byte	1
 515 01ea 62       		.byte	98
 516 01eb 48       		.byte	72
 517 01ec 63       		.byte	99
 518 01ed A1       		.byte	-95
 519 01ee 68       		.byte	104
 520 01ef F0       		.byte	-16
 521 01f0 6A       		.byte	106
 522 01f1 F0       		.byte	-16
 523 01f2 6C       		.byte	108
 524 01f3 F0       		.byte	-16
 525 01f4 6E       		.byte	110
 526 01f5 F0       		.byte	-16
 527 01f6 97       		.byte	-105
 528 01f7 02       		.byte	2
 529 01f8 A7       		.byte	-89
 530 01f9 01       		.byte	1
 531 01fa AD       		.byte	-83
 532 01fb 01       		.byte	1
 533 01fc AF       		.byte	-81
 534 01fd 02       		.byte	2
 535 01fe B1       		.byte	-79
 536 01ff 03       		.byte	3
 537 0200 BF       		.byte	-65
 538 0201 01       		.byte	1
 539 0202 C0       		.byte	-64
 540 0203 03       		.byte	3
 541 0204 C1       		.byte	-63
 542 0205 02       		.byte	2
 543 0206 C7       		.byte	-57
 544 0207 0A       		.byte	10
 545 0208 C9       		.byte	-55
 546 0209 FF       		.byte	-1
 547 020a CA       		.byte	-54
 548 020b FF       		.byte	-1
 549 020c CB       		.byte	-53
 550 020d FF       		.byte	-1
 551 020e CC       		.byte	-52
 552 020f 03       		.byte	3
 553 0210 CD       		.byte	-51
 554 0211 0C       		.byte	12
 555 0212 CE       		.byte	-50
 556 0213 F4       		.byte	-12
 557 0214 D6       		.byte	-42
 558 0215 08       		.byte	8
 559 0216 D9       		.byte	-39
 560 0217 04       		.byte	4
 561 0218 DA       		.byte	-38
 562 0219 04       		.byte	4
 563 021a DB       		.byte	-37
 564 021b 0C       		.byte	12
 565 021c DF       		.byte	-33
 566 021d 01       		.byte	1
 567 021e E2       		.byte	-30
 568 021f 48       		.byte	72
 569 0220 E3       		.byte	-29
 570 0221 A1       		.byte	-95
ARM GAS  C:\Users\holge\AppData\Local\Temp\ccgfQziG.s 			page 11


 571 0222 E8       		.byte	-24
 572 0223 F0       		.byte	-16
 573 0224 EA       		.byte	-22
 574 0225 F0       		.byte	-16
 575 0226 EC       		.byte	-20
 576 0227 F0       		.byte	-16
 577 0228 EE       		.byte	-18
 578 0229 F0       		.byte	-16
 579 022a 05       		.byte	5
 580 022b 02       		.byte	2
 581 022c 07       		.byte	7
 582 022d 10       		.byte	16
 583 022e 0D       		.byte	13
 584 022f 20       		.byte	32
 585 0230 0E       		.byte	14
 586 0231 21       		.byte	33
 587 0232 15       		.byte	21
 588 0233 40       		.byte	64
 589 0234 1D       		.byte	29
 590 0235 28       		.byte	40
 591 0236 1E       		.byte	30
 592 0237 81       		.byte	-127
 593 0238 21       		.byte	33
 594 0239 01       		.byte	1
 595 023a 24       		.byte	36
 596 023b 05       		.byte	5
 597 023c 27       		.byte	39
 598 023d 60       		.byte	96
 599 023e 29       		.byte	41
 600 023f 88       		.byte	-120
 601 0240 2F       		.byte	47
 602 0241 60       		.byte	96
 603 0242 32       		.byte	50
 604 0243 08       		.byte	8
 605 0244 36       		.byte	54
 606 0245 80       		.byte	-128
 607 0246 37       		.byte	55
 608 0247 21       		.byte	33
 609 0248 39       		.byte	57
 610 0249 80       		.byte	-128
 611 024a 3A       		.byte	58
 612 024b 80       		.byte	-128
 613 024c 3C       		.byte	60
 614 024d 80       		.byte	-128
 615 024e 3F       		.byte	63
 616 024f 05       		.byte	5
 617 0250 41       		.byte	65
 618 0251 28       		.byte	40
 619 0252 45       		.byte	69
 620 0253 28       		.byte	40
 621 0254 52       		.byte	82
 622 0255 08       		.byte	8
 623 0256 5A       		.byte	90
 624 0257 40       		.byte	64
 625 0258 62       		.byte	98
 626 0259 80       		.byte	-128
 627 025a 6C       		.byte	108
ARM GAS  C:\Users\holge\AppData\Local\Temp\ccgfQziG.s 			page 12


 628 025b 11       		.byte	17
 629 025c 6D       		.byte	109
 630 025d 40       		.byte	64
 631 025e 6E       		.byte	110
 632 025f 04       		.byte	4
 633 0260 6F       		.byte	111
 634 0261 0C       		.byte	12
 635 0262 75       		.byte	117
 636 0263 80       		.byte	-128
 637 0264 79       		.byte	121
 638 0265 80       		.byte	-128
 639 0266 82       		.byte	-126
 640 0267 80       		.byte	-128
 641 0268 93       		.byte	-109
 642 0269 87       		.byte	-121
 643 026a 94       		.byte	-108
 644 026b 28       		.byte	40
 645 026c 99       		.byte	-103
 646 026d 01       		.byte	1
 647 026e 9B       		.byte	-101
 648 026f 01       		.byte	1
 649 0270 9E       		.byte	-98
 650 0271 80       		.byte	-128
 651 0272 9F       		.byte	-97
 652 0273 50       		.byte	80
 653 0274 A0       		.byte	-96
 654 0275 40       		.byte	64
 655 0276 A5       		.byte	-91
 656 0277 02       		.byte	2
 657 0278 A6       		.byte	-90
 658 0279 90       		.byte	-112
 659 027a C0       		.byte	-64
 660 027b 30       		.byte	48
 661 027c C2       		.byte	-62
 662 027d E0       		.byte	-32
 663 027e C4       		.byte	-60
 664 027f 80       		.byte	-128
 665 0280 CA       		.byte	-54
 666 0281 CA       		.byte	-54
 667 0282 CC       		.byte	-52
 668 0283 B2       		.byte	-78
 669 0284 CE       		.byte	-50
 670 0285 D0       		.byte	-48
 671 0286 D0       		.byte	-48
 672 0287 66       		.byte	102
 673 0288 D6       		.byte	-42
 674 0289 08       		.byte	8
 675 028a D8       		.byte	-40
 676 028b 08       		.byte	8
 677 028c DE       		.byte	-34
 678 028d 08       		.byte	8
 679 028e E4       		.byte	-28
 680 028f 04       		.byte	4
 681 0290 40       		.byte	64
 682 0291 23       		.byte	35
 683 0292 41       		.byte	65
 684 0293 06       		.byte	6
ARM GAS  C:\Users\holge\AppData\Local\Temp\ccgfQziG.s 			page 13


 685 0294 45       		.byte	69
 686 0295 26       		.byte	38
 687 0296 48       		.byte	72
 688 0297 03       		.byte	3
 689 0298 5A       		.byte	90
 690 0299 04       		.byte	4
 691 029a 5F       		.byte	95
 692 029b 01       		.byte	1
 693 029c 61       		.byte	97
 694 029d 0C       		.byte	12
 695 029e 62       		.byte	98
 696 029f F0       		.byte	-16
 697 02a0 63       		.byte	99
 698 02a1 0C       		.byte	12
 699 02a2 65       		.byte	101
 700 02a3 0C       		.byte	12
 701 02a4 67       		.byte	103
 702 02a5 0C       		.byte	12
 703 02a6 68       		.byte	104
 704 02a7 40       		.byte	64
 705 02a8 69       		.byte	105
 706 02a9 4C       		.byte	76
 707 02aa 6A       		.byte	106
 708 02ab 40       		.byte	64
 709 02ac 6B       		.byte	107
 710 02ad 4C       		.byte	76
 711 02ae 6C       		.byte	108
 712 02af 90       		.byte	-112
 713 02b0 6D       		.byte	109
 714 02b1 58       		.byte	88
 715 02b2 6F       		.byte	111
 716 02b3 0C       		.byte	12
 717 02b4 80       		.byte	-128
 718 02b5 13       		.byte	19
 719 02b6 81       		.byte	-127
 720 02b7 15       		.byte	21
 721 02b8 82       		.byte	-126
 722 02b9 08       		.byte	8
 723 02ba 84       		.byte	-124
 724 02bb 03       		.byte	3
 725 02bc 85       		.byte	-123
 726 02bd 2A       		.byte	42
 727 02be 8A       		.byte	-118
 728 02bf 02       		.byte	2
 729 02c0 8B       		.byte	-117
 730 02c1 0C       		.byte	12
 731 02c2 8C       		.byte	-116
 732 02c3 03       		.byte	3
 733 02c4 8E       		.byte	-114
 734 02c5 14       		.byte	20
 735 02c6 90       		.byte	-112
 736 02c7 02       		.byte	2
 737 02c8 91       		.byte	-111
 738 02c9 0F       		.byte	15
 739 02ca 92       		.byte	-110
 740 02cb 01       		.byte	1
 741 02cc 93       		.byte	-109
ARM GAS  C:\Users\holge\AppData\Local\Temp\ccgfQziG.s 			page 14


 742 02cd 40       		.byte	64
 743 02ce 96       		.byte	-106
 744 02cf 02       		.byte	2
 745 02d0 98       		.byte	-104
 746 02d1 10       		.byte	16
 747 02d2 9A       		.byte	-102
 748 02d3 04       		.byte	4
 749 02d4 9C       		.byte	-100
 750 02d5 04       		.byte	4
 751 02d6 9D       		.byte	-99
 752 02d7 3C       		.byte	60
 753 02d8 9E       		.byte	-98
 754 02d9 10       		.byte	16
 755 02da A2       		.byte	-94
 756 02db 01       		.byte	1
 757 02dc A3       		.byte	-93
 758 02dd 3F       		.byte	63
 759 02de A8       		.byte	-88
 760 02df 03       		.byte	3
 761 02e0 AB       		.byte	-85
 762 02e1 30       		.byte	48
 763 02e2 AF       		.byte	-81
 764 02e3 80       		.byte	-128
 765 02e4 B0       		.byte	-80
 766 02e5 02       		.byte	2
 767 02e6 B1       		.byte	-79
 768 02e7 70       		.byte	112
 769 02e8 B2       		.byte	-78
 770 02e9 0C       		.byte	12
 771 02ea B3       		.byte	-77
 772 02eb 03       		.byte	3
 773 02ec B4       		.byte	-76
 774 02ed 10       		.byte	16
 775 02ee B5       		.byte	-75
 776 02ef 0C       		.byte	12
 777 02f0 B6       		.byte	-74
 778 02f1 01       		.byte	1
 779 02f2 B7       		.byte	-73
 780 02f3 80       		.byte	-128
 781 02f4 BE       		.byte	-66
 782 02f5 14       		.byte	20
 783 02f6 BF       		.byte	-65
 784 02f7 15       		.byte	21
 785 02f8 C0       		.byte	-64
 786 02f9 35       		.byte	53
 787 02fa C1       		.byte	-63
 788 02fb 01       		.byte	1
 789 02fc C6       		.byte	-58
 790 02fd 20       		.byte	32
 791 02fe C7       		.byte	-57
 792 02ff 06       		.byte	6
 793 0300 C8       		.byte	-56
 794 0301 18       		.byte	24
 795 0302 D2       		.byte	-46
 796 0303 80       		.byte	-128
 797 0304 D8       		.byte	-40
 798 0305 04       		.byte	4
ARM GAS  C:\Users\holge\AppData\Local\Temp\ccgfQziG.s 			page 15


 799 0306 D9       		.byte	-39
 800 0307 04       		.byte	4
 801 0308 DA       		.byte	-38
 802 0309 04       		.byte	4
 803 030a DB       		.byte	-37
 804 030b 04       		.byte	4
 805 030c DC       		.byte	-36
 806 030d 10       		.byte	16
 807 030e DD       		.byte	-35
 808 030f 10       		.byte	16
 809 0310 DF       		.byte	-33
 810 0311 01       		.byte	1
 811 0312 E1       		.byte	-31
 812 0313 0C       		.byte	12
 813 0314 E2       		.byte	-30
 814 0315 F0       		.byte	-16
 815 0316 E3       		.byte	-29
 816 0317 0C       		.byte	12
 817 0318 E5       		.byte	-27
 818 0319 0C       		.byte	12
 819 031a E7       		.byte	-25
 820 031b 0C       		.byte	12
 821 031c E8       		.byte	-24
 822 031d 40       		.byte	64
 823 031e E9       		.byte	-23
 824 031f 4C       		.byte	76
 825 0320 EA       		.byte	-22
 826 0321 40       		.byte	64
 827 0322 EB       		.byte	-21
 828 0323 4C       		.byte	76
 829 0324 EC       		.byte	-20
 830 0325 90       		.byte	-112
 831 0326 ED       		.byte	-19
 832 0327 58       		.byte	88
 833 0328 EF       		.byte	-17
 834 0329 0C       		.byte	12
 835 032a 04       		.byte	4
 836 032b 28       		.byte	40
 837 032c 05       		.byte	5
 838 032d 41       		.byte	65
 839 032e 0D       		.byte	13
 840 032f 02       		.byte	2
 841 0330 0E       		.byte	14
 842 0331 20       		.byte	32
 843 0332 0F       		.byte	15
 844 0333 05       		.byte	5
 845 0334 16       		.byte	22
 846 0335 80       		.byte	-128
 847 0336 17       		.byte	23
 848 0337 10       		.byte	16
 849 0338 1C       		.byte	28
 850 0339 94       		.byte	-108
 851 033a 1D       		.byte	29
 852 033b 41       		.byte	65
 853 033c 1F       		.byte	31
 854 033d 40       		.byte	64
 855 033e 26       		.byte	38
ARM GAS  C:\Users\holge\AppData\Local\Temp\ccgfQziG.s 			page 16


 856 033f 06       		.byte	6
 857 0340 27       		.byte	39
 858 0341 05       		.byte	5
 859 0342 2C       		.byte	44
 860 0343 02       		.byte	2
 861 0344 2F       		.byte	47
 862 0345 48       		.byte	72
 863 0346 35       		.byte	53
 864 0347 01       		.byte	1
 865 0348 36       		.byte	54
 866 0349 80       		.byte	-128
 867 034a 3F       		.byte	63
 868 034b 25       		.byte	37
 869 034c 40       		.byte	64
 870 034d 14       		.byte	20
 871 034e 47       		.byte	71
 872 034f 44       		.byte	68
 873 0350 4A       		.byte	74
 874 0351 04       		.byte	4
 875 0352 4B       		.byte	75
 876 0353 07       		.byte	7
 877 0354 4E       		.byte	78
 878 0355 02       		.byte	2
 879 0356 57       		.byte	87
 880 0357 18       		.byte	24
 881 0358 74       		.byte	116
 882 0359 02       		.byte	2
 883 035a 80       		.byte	-128
 884 035b 04       		.byte	4
 885 035c C0       		.byte	-64
 886 035d F0       		.byte	-16
 887 035e C2       		.byte	-62
 888 035f F0       		.byte	-16
 889 0360 C4       		.byte	-60
 890 0361 50       		.byte	80
 891 0362 CA       		.byte	-54
 892 0363 B0       		.byte	-80
 893 0364 CC       		.byte	-52
 894 0365 90       		.byte	-112
 895 0366 CE       		.byte	-50
 896 0367 E0       		.byte	-32
 897 0368 D0       		.byte	-48
 898 0369 56       		.byte	86
 899 036a D2       		.byte	-46
 900 036b 14       		.byte	20
 901 036c 32       		.byte	50
 902 036d 40       		.byte	64
 903 036e 82       		.byte	-126
 904 036f 40       		.byte	64
 905 0370 CC       		.byte	-52
 906 0371 10       		.byte	16
 907 0372 E6       		.byte	-26
 908 0373 80       		.byte	-128
 909 0374 A2       		.byte	-94
 910 0375 40       		.byte	64
 911 0376 AE       		.byte	-82
 912 0377 40       		.byte	64
ARM GAS  C:\Users\holge\AppData\Local\Temp\ccgfQziG.s 			page 17


 913 0378 EE       		.byte	-18
 914 0379 40       		.byte	64
 915 037a A2       		.byte	-94
 916 037b 40       		.byte	64
 917 037c 11       		.byte	17
 918 037d 08       		.byte	8
 919 037e 50       		.byte	80
 920 037f 08       		.byte	8
 921 0380 81       		.byte	-127
 922 0381 40       		.byte	64
 923 0382 C4       		.byte	-60
 924 0383 08       		.byte	8
 925 0384 D4       		.byte	-44
 926 0385 04       		.byte	4
 927 0386 91       		.byte	-111
 928 0387 40       		.byte	64
 929 0388 B4       		.byte	-76
 930 0389 08       		.byte	8
 931 038a B5       		.byte	-75
 932 038b 04       		.byte	4
 933 038c EC       		.byte	-20
 934 038d 08       		.byte	8
 935 038e EE       		.byte	-18
 936 038f 02       		.byte	2
 937 0390 39       		.byte	57
 938 0391 40       		.byte	64
 939 0392 91       		.byte	-111
 940 0393 40       		.byte	64
 941 0394 CE       		.byte	-50
 942 0395 08       		.byte	8
 943 0396 A2       		.byte	-94
 944 0397 40       		.byte	64
 945 0398 7A       		.byte	122
 946 0399 40       		.byte	64
 947 039a A2       		.byte	-94
 948 039b 40       		.byte	64
 949 039c DE       		.byte	-34
 950 039d 40       		.byte	64
 951 039e 00       		.byte	0
 952 039f 03       		.byte	3
 953 03a0 0C       		.byte	12
 954 03a1 03       		.byte	3
 955 03a2 0E       		.byte	14
 956 03a3 03       		.byte	3
 957 03a4 00       		.byte	0
 958 03a5 03       		.byte	3
 959 03a6 00       		.byte	0
 960 03a7 00       		.byte	0
 961 03a8 00       		.byte	0
 962 03a9 0B       		.byte	11
 963 03aa 0B       		.byte	11
 964 03ab 00       		.byte	0
 965 03ac 00       		.byte	0
 966 03ad 00       		.byte	0
 967 03ae 10       		.byte	16
 968 03af 00       		.byte	0
 969 03b0 00       		.byte	0
ARM GAS  C:\Users\holge\AppData\Local\Temp\ccgfQziG.s 			page 18


 970 03b1 02       		.byte	2
 971 03b2 02       		.byte	2
 972 03b3 00       		.byte	0
 973 03b4 02       		.byte	2
 974 03b5 00       		.byte	0
 975 03b6 00       		.byte	0
 976 03b7 00       		.byte	0
 977 03b8 00       		.byte	0
 978 03b9 00       		.byte	0
 979 03ba 1F       		.byte	31
 980 03bb 00       		.byte	0
 981 03bc 00       		.byte	0
 982 03bd 00       		.byte	0
 983 03be 00       		.byte	0
 984 03bf 00       		.byte	0
 985              		.global	cy_meta_custnvl
 986              		.section	.cycustnvl,"a",%progbits
 987              		.align	2
 988              		.type	cy_meta_custnvl, %object
 989              		.size	cy_meta_custnvl, 4
 990              	cy_meta_custnvl:
 991 0000 00       		.byte	0
 992 0001 00       		.byte	0
 993 0002 40       		.byte	64
 994 0003 05       		.byte	5
 995              		.global	cy_meta_wonvl
 996              		.section	.cywolatch,"a",%progbits
 997              		.align	2
 998              		.type	cy_meta_wonvl, %object
 999              		.size	cy_meta_wonvl, 4
 1000              	cy_meta_wonvl:
 1001 0000 BC       		.byte	-68
 1002 0001 90       		.byte	-112
 1003 0002 AC       		.byte	-84
 1004 0003 AF       		.byte	-81
 1005              		.global	cy_meta_flashprotect
 1006              		.section	.cyflashprotect,"a",%progbits
 1007              		.align	2
 1008              		.type	cy_meta_flashprotect, %object
 1009              		.size	cy_meta_flashprotect, 256
 1010              	cy_meta_flashprotect:
 1011 0000 00000000 		.space	256
 1011      00000000 
 1011      00000000 
 1011      00000000 
 1011      00000000 
 1012              		.global	cy_metadata
 1013              		.section	.cymeta,"a",%progbits
 1014              		.align	2
 1015              		.type	cy_metadata, %object
 1016              		.size	cy_metadata, 12
 1017              	cy_metadata:
 1018 0000 00       		.byte	0
 1019 0001 01       		.byte	1
 1020 0002 2E       		.byte	46
 1021 0003 16       		.byte	22
 1022 0004 10       		.byte	16
ARM GAS  C:\Users\holge\AppData\Local\Temp\ccgfQziG.s 			page 19


 1023 0005 69       		.byte	105
 1024 0006 00       		.byte	0
 1025 0007 01       		.byte	1
 1026 0008 00       		.byte	0
 1027 0009 00       		.byte	0
 1028 000a 00       		.byte	0
 1029 000b 00       		.byte	0
 1030              		.text
 1031              	.Letext0:
 1032              		.file 1 "c:\\program files (x86)\\cypress\\psoc creator\\4.2\\psoc creator\\import\\gnu\\arm\\5.4.
 1033              		.file 2 "c:\\program files (x86)\\cypress\\psoc creator\\4.2\\psoc creator\\import\\gnu\\arm\\5.4.
 1034              		.file 3 "Generated_Source\\PSoC5\\cymetadata.c"
 1035              		.section	.debug_info,"",%progbits
 1036              	.Ldebug_info0:
 1037 0000 31010000 		.4byte	0x131
 1038 0004 0400     		.2byte	0x4
 1039 0006 00000000 		.4byte	.Ldebug_abbrev0
 1040 000a 04       		.byte	0x4
 1041 000b 01       		.uleb128 0x1
 1042 000c 5A000000 		.4byte	.LASF17
 1043 0010 0C       		.byte	0xc
 1044 0011 CE010000 		.4byte	.LASF18
 1045 0015 00000000 		.4byte	.LASF19
 1046 0019 00000000 		.4byte	.Ldebug_line0
 1047 001d 02       		.uleb128 0x2
 1048 001e 01       		.byte	0x1
 1049 001f 06       		.byte	0x6
 1050 0020 C2010000 		.4byte	.LASF0
 1051 0024 03       		.uleb128 0x3
 1052 0025 50000000 		.4byte	.LASF9
 1053 0029 01       		.byte	0x1
 1054 002a 1D       		.byte	0x1d
 1055 002b 2F000000 		.4byte	0x2f
 1056 002f 02       		.uleb128 0x2
 1057 0030 01       		.byte	0x1
 1058 0031 08       		.byte	0x8
 1059 0032 F4000000 		.4byte	.LASF1
 1060 0036 02       		.uleb128 0x2
 1061 0037 02       		.byte	0x2
 1062 0038 05       		.byte	0x5
 1063 0039 AF010000 		.4byte	.LASF2
 1064 003d 02       		.uleb128 0x2
 1065 003e 02       		.byte	0x2
 1066 003f 07       		.byte	0x7
 1067 0040 14010000 		.4byte	.LASF3
 1068 0044 02       		.uleb128 0x2
 1069 0045 04       		.byte	0x4
 1070 0046 05       		.byte	0x5
 1071 0047 B9010000 		.4byte	.LASF4
 1072 004b 02       		.uleb128 0x2
 1073 004c 04       		.byte	0x4
 1074 004d 07       		.byte	0x7
 1075 004e 02010000 		.4byte	.LASF5
 1076 0052 02       		.uleb128 0x2
 1077 0053 08       		.byte	0x8
 1078 0054 05       		.byte	0x5
 1079 0055 A1010000 		.4byte	.LASF6
ARM GAS  C:\Users\holge\AppData\Local\Temp\ccgfQziG.s 			page 20


 1080 0059 02       		.uleb128 0x2
 1081 005a 08       		.byte	0x8
 1082 005b 07       		.byte	0x7
 1083 005c 56010000 		.4byte	.LASF7
 1084 0060 04       		.uleb128 0x4
 1085 0061 04       		.byte	0x4
 1086 0062 05       		.byte	0x5
 1087 0063 696E7400 		.ascii	"int\000"
 1088 0067 02       		.uleb128 0x2
 1089 0068 04       		.byte	0x4
 1090 0069 07       		.byte	0x7
 1091 006a 49010000 		.4byte	.LASF8
 1092 006e 03       		.uleb128 0x3
 1093 006f 6D010000 		.4byte	.LASF10
 1094 0073 02       		.byte	0x2
 1095 0074 18       		.byte	0x18
 1096 0075 24000000 		.4byte	0x24
 1097 0079 05       		.uleb128 0x5
 1098 007a 91000000 		.4byte	0x91
 1099 007e 8A000000 		.4byte	0x8a
 1100 0082 06       		.uleb128 0x6
 1101 0083 8A000000 		.4byte	0x8a
 1102 0087 BF03     		.2byte	0x3bf
 1103 0089 00       		.byte	0
 1104 008a 02       		.uleb128 0x2
 1105 008b 04       		.byte	0x4
 1106 008c 07       		.byte	0x7
 1107 008d 98010000 		.4byte	.LASF11
 1108 0091 07       		.uleb128 0x7
 1109 0092 6E000000 		.4byte	0x6e
 1110 0096 08       		.uleb128 0x8
 1111 0097 37010000 		.4byte	.LASF12
 1112 009b 03       		.byte	0x3
 1113 009c 1F       		.byte	0x1f
 1114 009d A7000000 		.4byte	0xa7
 1115 00a1 05       		.uleb128 0x5
 1116 00a2 03       		.byte	0x3
 1117 00a3 00000000 		.4byte	cy_meta_configecc
 1118 00a7 07       		.uleb128 0x7
 1119 00a8 79000000 		.4byte	0x79
 1120 00ac 05       		.uleb128 0x5
 1121 00ad 91000000 		.4byte	0x91
 1122 00b1 BC000000 		.4byte	0xbc
 1123 00b5 09       		.uleb128 0x9
 1124 00b6 8A000000 		.4byte	0x8a
 1125 00ba 03       		.byte	0x3
 1126 00bb 00       		.byte	0
 1127 00bc 08       		.uleb128 0x8
 1128 00bd 27010000 		.4byte	.LASF13
 1129 00c1 03       		.byte	0x3
 1130 00c2 A4       		.byte	0xa4
 1131 00c3 CD000000 		.4byte	0xcd
 1132 00c7 05       		.uleb128 0x5
 1133 00c8 03       		.byte	0x3
 1134 00c9 00000000 		.4byte	cy_meta_custnvl
 1135 00cd 07       		.uleb128 0x7
 1136 00ce AC000000 		.4byte	0xac
ARM GAS  C:\Users\holge\AppData\Local\Temp\ccgfQziG.s 			page 21


 1137 00d2 08       		.uleb128 0x8
 1138 00d3 8A010000 		.4byte	.LASF14
 1139 00d7 03       		.byte	0x3
 1140 00d8 B2       		.byte	0xb2
 1141 00d9 E3000000 		.4byte	0xe3
 1142 00dd 05       		.uleb128 0x5
 1143 00de 03       		.byte	0x3
 1144 00df 00000000 		.4byte	cy_meta_wonvl
 1145 00e3 07       		.uleb128 0x7
 1146 00e4 AC000000 		.4byte	0xac
 1147 00e8 05       		.uleb128 0x5
 1148 00e9 91000000 		.4byte	0x91
 1149 00ed F8000000 		.4byte	0xf8
 1150 00f1 09       		.uleb128 0x9
 1151 00f2 8A000000 		.4byte	0x8a
 1152 00f6 FF       		.byte	0xff
 1153 00f7 00       		.byte	0
 1154 00f8 08       		.uleb128 0x8
 1155 00f9 75010000 		.4byte	.LASF15
 1156 00fd 03       		.byte	0x3
 1157 00fe C0       		.byte	0xc0
 1158 00ff 09010000 		.4byte	0x109
 1159 0103 05       		.uleb128 0x5
 1160 0104 03       		.byte	0x3
 1161 0105 00000000 		.4byte	cy_meta_flashprotect
 1162 0109 07       		.uleb128 0x7
 1163 010a E8000000 		.4byte	0xe8
 1164 010e 05       		.uleb128 0x5
 1165 010f 91000000 		.4byte	0x91
 1166 0113 1E010000 		.4byte	0x11e
 1167 0117 09       		.uleb128 0x9
 1168 0118 8A000000 		.4byte	0x8a
 1169 011c 0B       		.byte	0xb
 1170 011d 00       		.byte	0
 1171 011e 08       		.uleb128 0x8
 1172 011f E8000000 		.4byte	.LASF16
 1173 0123 03       		.byte	0x3
 1174 0124 ED       		.byte	0xed
 1175 0125 2F010000 		.4byte	0x12f
 1176 0129 05       		.uleb128 0x5
 1177 012a 03       		.byte	0x3
 1178 012b 00000000 		.4byte	cy_metadata
 1179 012f 07       		.uleb128 0x7
 1180 0130 0E010000 		.4byte	0x10e
 1181 0134 00       		.byte	0
 1182              		.section	.debug_abbrev,"",%progbits
 1183              	.Ldebug_abbrev0:
 1184 0000 01       		.uleb128 0x1
 1185 0001 11       		.uleb128 0x11
 1186 0002 01       		.byte	0x1
 1187 0003 25       		.uleb128 0x25
 1188 0004 0E       		.uleb128 0xe
 1189 0005 13       		.uleb128 0x13
 1190 0006 0B       		.uleb128 0xb
 1191 0007 03       		.uleb128 0x3
 1192 0008 0E       		.uleb128 0xe
 1193 0009 1B       		.uleb128 0x1b
ARM GAS  C:\Users\holge\AppData\Local\Temp\ccgfQziG.s 			page 22


 1194 000a 0E       		.uleb128 0xe
 1195 000b 10       		.uleb128 0x10
 1196 000c 17       		.uleb128 0x17
 1197 000d 00       		.byte	0
 1198 000e 00       		.byte	0
 1199 000f 02       		.uleb128 0x2
 1200 0010 24       		.uleb128 0x24
 1201 0011 00       		.byte	0
 1202 0012 0B       		.uleb128 0xb
 1203 0013 0B       		.uleb128 0xb
 1204 0014 3E       		.uleb128 0x3e
 1205 0015 0B       		.uleb128 0xb
 1206 0016 03       		.uleb128 0x3
 1207 0017 0E       		.uleb128 0xe
 1208 0018 00       		.byte	0
 1209 0019 00       		.byte	0
 1210 001a 03       		.uleb128 0x3
 1211 001b 16       		.uleb128 0x16
 1212 001c 00       		.byte	0
 1213 001d 03       		.uleb128 0x3
 1214 001e 0E       		.uleb128 0xe
 1215 001f 3A       		.uleb128 0x3a
 1216 0020 0B       		.uleb128 0xb
 1217 0021 3B       		.uleb128 0x3b
 1218 0022 0B       		.uleb128 0xb
 1219 0023 49       		.uleb128 0x49
 1220 0024 13       		.uleb128 0x13
 1221 0025 00       		.byte	0
 1222 0026 00       		.byte	0
 1223 0027 04       		.uleb128 0x4
 1224 0028 24       		.uleb128 0x24
 1225 0029 00       		.byte	0
 1226 002a 0B       		.uleb128 0xb
 1227 002b 0B       		.uleb128 0xb
 1228 002c 3E       		.uleb128 0x3e
 1229 002d 0B       		.uleb128 0xb
 1230 002e 03       		.uleb128 0x3
 1231 002f 08       		.uleb128 0x8
 1232 0030 00       		.byte	0
 1233 0031 00       		.byte	0
 1234 0032 05       		.uleb128 0x5
 1235 0033 01       		.uleb128 0x1
 1236 0034 01       		.byte	0x1
 1237 0035 49       		.uleb128 0x49
 1238 0036 13       		.uleb128 0x13
 1239 0037 01       		.uleb128 0x1
 1240 0038 13       		.uleb128 0x13
 1241 0039 00       		.byte	0
 1242 003a 00       		.byte	0
 1243 003b 06       		.uleb128 0x6
 1244 003c 21       		.uleb128 0x21
 1245 003d 00       		.byte	0
 1246 003e 49       		.uleb128 0x49
 1247 003f 13       		.uleb128 0x13
 1248 0040 2F       		.uleb128 0x2f
 1249 0041 05       		.uleb128 0x5
 1250 0042 00       		.byte	0
ARM GAS  C:\Users\holge\AppData\Local\Temp\ccgfQziG.s 			page 23


 1251 0043 00       		.byte	0
 1252 0044 07       		.uleb128 0x7
 1253 0045 26       		.uleb128 0x26
 1254 0046 00       		.byte	0
 1255 0047 49       		.uleb128 0x49
 1256 0048 13       		.uleb128 0x13
 1257 0049 00       		.byte	0
 1258 004a 00       		.byte	0
 1259 004b 08       		.uleb128 0x8
 1260 004c 34       		.uleb128 0x34
 1261 004d 00       		.byte	0
 1262 004e 03       		.uleb128 0x3
 1263 004f 0E       		.uleb128 0xe
 1264 0050 3A       		.uleb128 0x3a
 1265 0051 0B       		.uleb128 0xb
 1266 0052 3B       		.uleb128 0x3b
 1267 0053 0B       		.uleb128 0xb
 1268 0054 49       		.uleb128 0x49
 1269 0055 13       		.uleb128 0x13
 1270 0056 3F       		.uleb128 0x3f
 1271 0057 19       		.uleb128 0x19
 1272 0058 02       		.uleb128 0x2
 1273 0059 18       		.uleb128 0x18
 1274 005a 00       		.byte	0
 1275 005b 00       		.byte	0
 1276 005c 09       		.uleb128 0x9
 1277 005d 21       		.uleb128 0x21
 1278 005e 00       		.byte	0
 1279 005f 49       		.uleb128 0x49
 1280 0060 13       		.uleb128 0x13
 1281 0061 2F       		.uleb128 0x2f
 1282 0062 0B       		.uleb128 0xb
 1283 0063 00       		.byte	0
 1284 0064 00       		.byte	0
 1285 0065 00       		.byte	0
 1286              		.section	.debug_aranges,"",%progbits
 1287 0000 14000000 		.4byte	0x14
 1288 0004 0200     		.2byte	0x2
 1289 0006 00000000 		.4byte	.Ldebug_info0
 1290 000a 04       		.byte	0x4
 1291 000b 00       		.byte	0
 1292 000c 0000     		.2byte	0
 1293 000e 0000     		.2byte	0
 1294 0010 00000000 		.4byte	0
 1295 0014 00000000 		.4byte	0
 1296              		.section	.debug_line,"",%progbits
 1297              	.Ldebug_line0:
 1298 0000 3D010000 		.section	.debug_str,"MS",%progbits,1
 1298      02003701 
 1298      00000201 
 1298      FB0E0D00 
 1298      01010101 
 1299              	.LASF19:
 1300 0000 433A5C55 		.ascii	"C:\\Users\\holge\\Desktop\\cypress_PsOC_5LP\\Worksp"
 1300      73657273 
 1300      5C686F6C 
 1300      67655C44 
ARM GAS  C:\Users\holge\AppData\Local\Temp\ccgfQziG.s 			page 24


 1300      65736B74 
 1301 002e 61636530 		.ascii	"ace01\\CapSense_CSD_Design01.cydsn\000"
 1301      315C4361 
 1301      7053656E 
 1301      73655F43 
 1301      53445F44 
 1302              	.LASF9:
 1303 0050 5F5F7569 		.ascii	"__uint8_t\000"
 1303      6E74385F 
 1303      7400
 1304              	.LASF17:
 1305 005a 474E5520 		.ascii	"GNU C11 5.4.1 20160609 (release) [ARM/embedded-5-br"
 1305      43313120 
 1305      352E342E 
 1305      31203230 
 1305      31363036 
 1306 008d 616E6368 		.ascii	"anch revision 237715] -mcpu=cortex-m3 -mthumb -g -O"
 1306      20726576 
 1306      6973696F 
 1306      6E203233 
 1306      37373135 
 1307 00c0 30202D66 		.ascii	"0 -ffunction-sections -ffat-lto-objects\000"
 1307      66756E63 
 1307      74696F6E 
 1307      2D736563 
 1307      74696F6E 
 1308              	.LASF16:
 1309 00e8 63795F6D 		.ascii	"cy_metadata\000"
 1309      65746164 
 1309      61746100 
 1310              	.LASF1:
 1311 00f4 756E7369 		.ascii	"unsigned char\000"
 1311      676E6564 
 1311      20636861 
 1311      7200
 1312              	.LASF5:
 1313 0102 6C6F6E67 		.ascii	"long unsigned int\000"
 1313      20756E73 
 1313      69676E65 
 1313      6420696E 
 1313      7400
 1314              	.LASF3:
 1315 0114 73686F72 		.ascii	"short unsigned int\000"
 1315      7420756E 
 1315      7369676E 
 1315      65642069 
 1315      6E7400
 1316              	.LASF13:
 1317 0127 63795F6D 		.ascii	"cy_meta_custnvl\000"
 1317      6574615F 
 1317      63757374 
 1317      6E766C00 
 1318              	.LASF12:
 1319 0137 63795F6D 		.ascii	"cy_meta_configecc\000"
 1319      6574615F 
 1319      636F6E66 
 1319      69676563 
ARM GAS  C:\Users\holge\AppData\Local\Temp\ccgfQziG.s 			page 25


 1319      6300
 1320              	.LASF8:
 1321 0149 756E7369 		.ascii	"unsigned int\000"
 1321      676E6564 
 1321      20696E74 
 1321      00
 1322              	.LASF7:
 1323 0156 6C6F6E67 		.ascii	"long long unsigned int\000"
 1323      206C6F6E 
 1323      6720756E 
 1323      7369676E 
 1323      65642069 
 1324              	.LASF10:
 1325 016d 75696E74 		.ascii	"uint8_t\000"
 1325      385F7400 
 1326              	.LASF15:
 1327 0175 63795F6D 		.ascii	"cy_meta_flashprotect\000"
 1327      6574615F 
 1327      666C6173 
 1327      6870726F 
 1327      74656374 
 1328              	.LASF14:
 1329 018a 63795F6D 		.ascii	"cy_meta_wonvl\000"
 1329      6574615F 
 1329      776F6E76 
 1329      6C00
 1330              	.LASF11:
 1331 0198 73697A65 		.ascii	"sizetype\000"
 1331      74797065 
 1331      00
 1332              	.LASF6:
 1333 01a1 6C6F6E67 		.ascii	"long long int\000"
 1333      206C6F6E 
 1333      6720696E 
 1333      7400
 1334              	.LASF2:
 1335 01af 73686F72 		.ascii	"short int\000"
 1335      7420696E 
 1335      7400
 1336              	.LASF4:
 1337 01b9 6C6F6E67 		.ascii	"long int\000"
 1337      20696E74 
 1337      00
 1338              	.LASF0:
 1339 01c2 7369676E 		.ascii	"signed char\000"
 1339      65642063 
 1339      68617200 
 1340              	.LASF18:
 1341 01ce 47656E65 		.ascii	"Generated_Source\\PSoC5\\cymetadata.c\000"
 1341      72617465 
 1341      645F536F 
 1341      75726365 
 1341      5C50536F 
 1342              		.ident	"GCC: (GNU Tools for ARM Embedded Processors) 5.4.1 20160609 (release) [ARM/embedded-5-bran
