ARM GAS  C:\Users\holge\AppData\Local\Temp\cc5ftMPo.s 			page 1


   1              		.syntax unified
   2              		.cpu cortex-m3
   3              		.fpu softvfp
   4              		.eabi_attribute 20, 1
   5              		.eabi_attribute 21, 1
   6              		.eabi_attribute 23, 3
   7              		.eabi_attribute 24, 1
   8              		.eabi_attribute 25, 1
   9              		.eabi_attribute 26, 1
  10              		.eabi_attribute 30, 6
  11              		.eabi_attribute 34, 1
  12              		.eabi_attribute 18, 4
  13              		.thumb
  14              		.syntax unified
  15              		.file	"main.c"
  16              		.text
  17              	.Ltext0:
  18              		.cfi_sections	.debug_frame
  19              		.comm	curPos,2,2
  20              		.comm	oldPos,2,2
  21              		.section	.text.main,"ax",%progbits
  22              		.align	2
  23              		.global	main
  24              		.thumb
  25              		.thumb_func
  26              		.type	main, %function
  27              	main:
  28              	.LFB63:
  29              		.file 1 "main.c"
   1:main.c        **** /*******************************************************************************
   2:main.c        **** * File Name: main.c
   3:main.c        **** *
   4:main.c        **** * Version: 2.40
   5:main.c        **** *
   6:main.c        **** * Description:
   7:main.c        **** *  The project explains the usage of CapSense CSD component. The 2 buttons and
   8:main.c        **** *  linear sliders are used as sensing elements. LED displays buttons active
   9:main.c        **** *  state and slider position is shown on LCD.
  10:main.c        **** *
  11:main.c        **** ********************************************************************************
  12:main.c        **** * Copyright 2012-2014, Cypress Semiconductor Corporation. All rights reserved.
  13:main.c        **** * This software is owned by Cypress Semiconductor Corporation and is protected
  14:main.c        **** * by and subject to worldwide patent and copyright laws and treaties.
  15:main.c        **** * Therefore, you may use this software only as provided in the license agreement
  16:main.c        **** * accompanying the software package from which you obtained this software.
  17:main.c        **** * CYPRESS AND ITS SUPPLIERS MAKE NO WARRANTY OF ANY KIND, EXPRESS OR IMPLIED,
  18:main.c        **** * WITH REGARD TO THIS SOFTWARE, INCLUDING, BUT NOT LIMITED TO, NONINFRINGEMENT,
  19:main.c        **** * IMPLIED WARRANTIES OF MERCHANTABILITY AND FITNESS FOR A PARTICULAR PURPOSE.
  20:main.c        **** *******************************************************************************/
  21:main.c        **** 
  22:main.c        **** #include <project.h>
  23:main.c        **** 
  24:main.c        **** void CapSense_LED_Update(void);
  25:main.c        **** 
  26:main.c        **** /* Needed for Bargraph */
  27:main.c        **** extern uint8 const CYCODE LCD_customFonts[];
  28:main.c        **** 
ARM GAS  C:\Users\holge\AppData\Local\Temp\cc5ftMPo.s 			page 2


  29:main.c        **** uint16 curPos, oldPos;
  30:main.c        **** 
  31:main.c        **** /*******************************************************************************
  32:main.c        **** * Function Name: main
  33:main.c        **** ********************************************************************************
  34:main.c        **** * Summary:
  35:main.c        **** *  Main function performs following functions:
  36:main.c        **** *   1. Enable global interrupts.
  37:main.c        **** *   2. Initialize CapSense CSD and Start the sensor scanning loop.
  38:main.c        **** *   3. Process scanning results and display it on LCD/LED.
  39:main.c        **** *
  40:main.c        **** * Parameters:
  41:main.c        **** *  None
  42:main.c        **** *
  43:main.c        **** * Return:
  44:main.c        **** *  None
  45:main.c        **** *
  46:main.c        **** *******************************************************************************/
  47:main.c        **** int main()
  48:main.c        **** {
  30              		.loc 1 48 0
  31              		.cfi_startproc
  32              		@ args = 0, pretend = 0, frame = 0
  33              		@ frame_needed = 1, uses_anonymous_args = 0
  34 0000 80B5     		push	{r7, lr}
  35              		.cfi_def_cfa_offset 8
  36              		.cfi_offset 7, -8
  37              		.cfi_offset 14, -4
  38 0002 00AF     		add	r7, sp, #0
  39              		.cfi_def_cfa_register 7
  49:main.c        ****     /* Enable global interrupts */
  50:main.c        ****     CyGlobalIntEnable;
  40              		.loc 1 50 0
  41              		.syntax unified
  42              	@ 50 "main.c" 1
  43 0004 62B6     		CPSIE   i
  44              	@ 0 "" 2
  51:main.c        ****     
  52:main.c        ****     CapSense_CSD_Start();
  45              		.loc 1 52 0
  46              		.thumb
  47              		.syntax unified
  48 0006 FFF7FEFF 		bl	CapSense_CSD_Start
  53:main.c        **** 
  54:main.c        ****     /* Initialize baselines */
  55:main.c        ****     CapSense_CSD_InitializeAllBaselines();
  49              		.loc 1 55 0
  50 000a FFF7FEFF 		bl	CapSense_CSD_InitializeAllBaselines
  56:main.c        ****     Clock_1_Start();
  51              		.loc 1 56 0
  52 000e FFF7FEFF 		bl	Clock_1_Start
  57:main.c        ****     PWM_1_Start();
  53              		.loc 1 57 0
  54 0012 FFF7FEFF 		bl	PWM_1_Start
  55              	.L3:
  58:main.c        **** 
  59:main.c        ****     while(1u)
ARM GAS  C:\Users\holge\AppData\Local\Temp\cc5ftMPo.s 			page 3


  60:main.c        ****     {
  61:main.c        ****         /* Check whether the scanning of all enabled widgets is completed. */
  62:main.c        ****         if(0u == CapSense_CSD_IsBusy())
  56              		.loc 1 62 0
  57 0016 FFF7FEFF 		bl	CapSense_CSD_IsBusy
  58 001a 0346     		mov	r3, r0
  59 001c 002B     		cmp	r3, #0
  60 001e 03D1     		bne	.L2
  63:main.c        ****         {
  64:main.c        ****             /* Update all baselines */
  65:main.c        ****             CapSense_CSD_UpdateEnabledBaselines();
  61              		.loc 1 65 0
  62 0020 FFF7FEFF 		bl	CapSense_CSD_UpdateEnabledBaselines
  66:main.c        **** 
  67:main.c        ****             /* Start scanning all enabled sensors */
  68:main.c        ****             CapSense_CSD_ScanEnabledWidgets();
  63              		.loc 1 68 0
  64 0024 FFF7FEFF 		bl	CapSense_CSD_ScanEnabledWidgets
  65              	.L2:
  69:main.c        ****         }
  70:main.c        **** 
  71:main.c        ****         /* Display CapSense state using LED/LCD */
  72:main.c        ****         CapSense_LED_Update();
  66              		.loc 1 72 0
  67 0028 FFF7FEFF 		bl	CapSense_LED_Update
  73:main.c        ****     }
  68              		.loc 1 73 0
  69 002c F3E7     		b	.L3
  70              		.cfi_endproc
  71              	.LFE63:
  72              		.size	main, .-main
  73 002e 00BF     		.section	.text.CapSense_LED_Update,"ax",%progbits
  74              		.align	2
  75              		.global	CapSense_LED_Update
  76              		.thumb
  77              		.thumb_func
  78              		.type	CapSense_LED_Update, %function
  79              	CapSense_LED_Update:
  80              	.LFB64:
  74:main.c        **** }
  75:main.c        **** 
  76:main.c        **** /*******************************************************************************
  77:main.c        **** * Function Name: CapSense_DisplayState
  78:main.c        **** ********************************************************************************
  79:main.c        **** * Summary:
  80:main.c        **** *  Function performs following functions:
  81:main.c        **** *   Display Buttons' state using LEDs and Slider state using LCD bargraph
  82:main.c        **** *
  83:main.c        **** * Parameters:
  84:main.c        **** *  None
  85:main.c        **** *
  86:main.c        **** * Return:
  87:main.c        **** *  None
  88:main.c        **** *
  89:main.c        **** *******************************************************************************/
  90:main.c        **** void CapSense_LED_Update(void)
  91:main.c        **** {
ARM GAS  C:\Users\holge\AppData\Local\Temp\cc5ftMPo.s 			page 4


  81              		.loc 1 91 0
  82              		.cfi_startproc
  83              		@ args = 0, pretend = 0, frame = 0
  84              		@ frame_needed = 1, uses_anonymous_args = 0
  85 0000 80B5     		push	{r7, lr}
  86              		.cfi_def_cfa_offset 8
  87              		.cfi_offset 7, -8
  88              		.cfi_offset 14, -4
  89 0002 00AF     		add	r7, sp, #0
  90              		.cfi_def_cfa_register 7
  92:main.c        ****     /* Find Slider Position */
  93:main.c        ****     curPos = CapSense_CSD_GetCentroidPos(CapSense_CSD_LINEARSLIDER0__LS);
  91              		.loc 1 93 0
  92 0004 0020     		movs	r0, #0
  93 0006 FFF7FEFF 		bl	CapSense_CSD_GetCentroidPos
  94 000a 0346     		mov	r3, r0
  95 000c 1A46     		mov	r2, r3
  96 000e 084B     		ldr	r3, .L7
  97 0010 1A80     		strh	r2, [r3]	@ movhi
  94:main.c        **** 
  95:main.c        ****     /* Reset position */
  96:main.c        ****     if (curPos != 0xFFFF )
  98              		.loc 1 96 0
  99 0012 074B     		ldr	r3, .L7
 100 0014 1B88     		ldrh	r3, [r3]
 101 0016 4FF6FF72 		movw	r2, #65535
 102 001a 9342     		cmp	r3, r2
 103 001c 05D0     		beq	.L6
  97:main.c        ****             {
  98:main.c        ****                 PWM_1_WriteCompare( curPos );
 104              		.loc 1 98 0
 105 001e 044B     		ldr	r3, .L7
 106 0020 1B88     		ldrh	r3, [r3]
 107 0022 DBB2     		uxtb	r3, r3
 108 0024 1846     		mov	r0, r3
 109 0026 FFF7FEFF 		bl	PWM_1_WriteCompare
 110              	.L6:
  99:main.c        ****             }
 100:main.c        **** 
 101:main.c        **** }
 111              		.loc 1 101 0
 112 002a 00BF     		nop
 113 002c 80BD     		pop	{r7, pc}
 114              	.L8:
 115 002e 00BF     		.align	2
 116              	.L7:
 117 0030 00000000 		.word	curPos
 118              		.cfi_endproc
 119              	.LFE64:
 120              		.size	CapSense_LED_Update, .-CapSense_LED_Update
 121              		.text
 122              	.Letext0:
 123              		.file 2 "c:\\program files (x86)\\cypress\\psoc creator\\4.2\\psoc creator\\import\\gnu\\arm\\5.4.
 124              		.file 3 "c:\\program files (x86)\\cypress\\psoc creator\\4.2\\psoc creator\\import\\gnu\\arm\\5.4.
 125              		.file 4 "Generated_Source\\PSoC5/cytypes.h"
 126              		.file 5 "Generated_Source\\PSoC5/core_cm3.h"
 127              		.section	.debug_info,"",%progbits
ARM GAS  C:\Users\holge\AppData\Local\Temp\cc5ftMPo.s 			page 5


 128              	.Ldebug_info0:
 129 0000 06010000 		.4byte	0x106
 130 0004 0400     		.2byte	0x4
 131 0006 00000000 		.4byte	.Ldebug_abbrev0
 132 000a 04       		.byte	0x4
 133 000b 01       		.uleb128 0x1
 134 000c C2000000 		.4byte	.LASF22
 135 0010 0C       		.byte	0xc
 136 0011 85000000 		.4byte	.LASF23
 137 0015 2E000000 		.4byte	.LASF24
 138 0019 00000000 		.4byte	.Ldebug_ranges0+0
 139 001d 00000000 		.4byte	0
 140 0021 00000000 		.4byte	.Ldebug_line0
 141 0025 02       		.uleb128 0x2
 142 0026 01       		.byte	0x1
 143 0027 06       		.byte	0x6
 144 0028 94010000 		.4byte	.LASF0
 145 002c 02       		.uleb128 0x2
 146 002d 01       		.byte	0x1
 147 002e 08       		.byte	0x8
 148 002f 64010000 		.4byte	.LASF1
 149 0033 02       		.uleb128 0x2
 150 0034 02       		.byte	0x2
 151 0035 05       		.byte	0x5
 152 0036 BC010000 		.4byte	.LASF2
 153 003a 02       		.uleb128 0x2
 154 003b 02       		.byte	0x2
 155 003c 07       		.byte	0x7
 156 003d 0E000000 		.4byte	.LASF3
 157 0041 03       		.uleb128 0x3
 158 0042 AC010000 		.4byte	.LASF9
 159 0046 02       		.byte	0x2
 160 0047 3F       		.byte	0x3f
 161 0048 4C000000 		.4byte	0x4c
 162 004c 02       		.uleb128 0x2
 163 004d 04       		.byte	0x4
 164 004e 05       		.byte	0x5
 165 004f 77010000 		.4byte	.LASF4
 166 0053 02       		.uleb128 0x2
 167 0054 04       		.byte	0x4
 168 0055 07       		.byte	0x7
 169 0056 99000000 		.4byte	.LASF5
 170 005a 02       		.uleb128 0x2
 171 005b 08       		.byte	0x8
 172 005c 05       		.byte	0x5
 173 005d 00000000 		.4byte	.LASF6
 174 0061 02       		.uleb128 0x2
 175 0062 08       		.byte	0x8
 176 0063 07       		.byte	0x7
 177 0064 AB000000 		.4byte	.LASF7
 178 0068 04       		.uleb128 0x4
 179 0069 04       		.byte	0x4
 180 006a 05       		.byte	0x5
 181 006b 696E7400 		.ascii	"int\000"
 182 006f 02       		.uleb128 0x2
 183 0070 04       		.byte	0x4
 184 0071 07       		.byte	0x7
ARM GAS  C:\Users\holge\AppData\Local\Temp\cc5ftMPo.s 			page 6


 185 0072 21000000 		.4byte	.LASF8
 186 0076 03       		.uleb128 0x3
 187 0077 91000000 		.4byte	.LASF10
 188 007b 03       		.byte	0x3
 189 007c 2C       		.byte	0x2c
 190 007d 41000000 		.4byte	0x41
 191 0081 05       		.uleb128 0x5
 192 0082 C6010000 		.4byte	.LASF11
 193 0086 04       		.byte	0x4
 194 0087 9301     		.2byte	0x193
 195 0089 3A000000 		.4byte	0x3a
 196 008d 02       		.uleb128 0x2
 197 008e 04       		.byte	0x4
 198 008f 04       		.byte	0x4
 199 0090 B6010000 		.4byte	.LASF12
 200 0094 02       		.uleb128 0x2
 201 0095 08       		.byte	0x8
 202 0096 04       		.byte	0x4
 203 0097 80010000 		.4byte	.LASF13
 204 009b 02       		.uleb128 0x2
 205 009c 01       		.byte	0x1
 206 009d 08       		.byte	0x8
 207 009e 72010000 		.4byte	.LASF14
 208 00a2 02       		.uleb128 0x2
 209 00a3 08       		.byte	0x8
 210 00a4 04       		.byte	0x4
 211 00a5 A0010000 		.4byte	.LASF15
 212 00a9 02       		.uleb128 0x2
 213 00aa 04       		.byte	0x4
 214 00ab 07       		.byte	0x7
 215 00ac D4010000 		.4byte	.LASF16
 216 00b0 06       		.uleb128 0x6
 217 00b1 8C000000 		.4byte	.LASF17
 218 00b5 01       		.byte	0x1
 219 00b6 2F       		.byte	0x2f
 220 00b7 68000000 		.4byte	0x68
 221 00bb 00000000 		.4byte	.LFB63
 222 00bf 2E000000 		.4byte	.LFE63-.LFB63
 223 00c3 01       		.uleb128 0x1
 224 00c4 9C       		.byte	0x9c
 225 00c5 07       		.uleb128 0x7
 226 00c6 50010000 		.4byte	.LASF18
 227 00ca 01       		.byte	0x1
 228 00cb 5A       		.byte	0x5a
 229 00cc 00000000 		.4byte	.LFB64
 230 00d0 34000000 		.4byte	.LFE64-.LFB64
 231 00d4 01       		.uleb128 0x1
 232 00d5 9C       		.byte	0x9c
 233 00d6 08       		.uleb128 0x8
 234 00d7 87010000 		.4byte	.LASF19
 235 00db 05       		.byte	0x5
 236 00dc 1207     		.2byte	0x712
 237 00de E2000000 		.4byte	0xe2
 238 00e2 09       		.uleb128 0x9
 239 00e3 76000000 		.4byte	0x76
 240 00e7 0A       		.uleb128 0xa
 241 00e8 CD010000 		.4byte	.LASF20
ARM GAS  C:\Users\holge\AppData\Local\Temp\cc5ftMPo.s 			page 7


 242 00ec 01       		.byte	0x1
 243 00ed 1D       		.byte	0x1d
 244 00ee 81000000 		.4byte	0x81
 245 00f2 05       		.uleb128 0x5
 246 00f3 03       		.byte	0x3
 247 00f4 00000000 		.4byte	curPos
 248 00f8 0A       		.uleb128 0xa
 249 00f9 7E000000 		.4byte	.LASF21
 250 00fd 01       		.byte	0x1
 251 00fe 1D       		.byte	0x1d
 252 00ff 81000000 		.4byte	0x81
 253 0103 05       		.uleb128 0x5
 254 0104 03       		.byte	0x3
 255 0105 00000000 		.4byte	oldPos
 256 0109 00       		.byte	0
 257              		.section	.debug_abbrev,"",%progbits
 258              	.Ldebug_abbrev0:
 259 0000 01       		.uleb128 0x1
 260 0001 11       		.uleb128 0x11
 261 0002 01       		.byte	0x1
 262 0003 25       		.uleb128 0x25
 263 0004 0E       		.uleb128 0xe
 264 0005 13       		.uleb128 0x13
 265 0006 0B       		.uleb128 0xb
 266 0007 03       		.uleb128 0x3
 267 0008 0E       		.uleb128 0xe
 268 0009 1B       		.uleb128 0x1b
 269 000a 0E       		.uleb128 0xe
 270 000b 55       		.uleb128 0x55
 271 000c 17       		.uleb128 0x17
 272 000d 11       		.uleb128 0x11
 273 000e 01       		.uleb128 0x1
 274 000f 10       		.uleb128 0x10
 275 0010 17       		.uleb128 0x17
 276 0011 00       		.byte	0
 277 0012 00       		.byte	0
 278 0013 02       		.uleb128 0x2
 279 0014 24       		.uleb128 0x24
 280 0015 00       		.byte	0
 281 0016 0B       		.uleb128 0xb
 282 0017 0B       		.uleb128 0xb
 283 0018 3E       		.uleb128 0x3e
 284 0019 0B       		.uleb128 0xb
 285 001a 03       		.uleb128 0x3
 286 001b 0E       		.uleb128 0xe
 287 001c 00       		.byte	0
 288 001d 00       		.byte	0
 289 001e 03       		.uleb128 0x3
 290 001f 16       		.uleb128 0x16
 291 0020 00       		.byte	0
 292 0021 03       		.uleb128 0x3
 293 0022 0E       		.uleb128 0xe
 294 0023 3A       		.uleb128 0x3a
 295 0024 0B       		.uleb128 0xb
 296 0025 3B       		.uleb128 0x3b
 297 0026 0B       		.uleb128 0xb
 298 0027 49       		.uleb128 0x49
ARM GAS  C:\Users\holge\AppData\Local\Temp\cc5ftMPo.s 			page 8


 299 0028 13       		.uleb128 0x13
 300 0029 00       		.byte	0
 301 002a 00       		.byte	0
 302 002b 04       		.uleb128 0x4
 303 002c 24       		.uleb128 0x24
 304 002d 00       		.byte	0
 305 002e 0B       		.uleb128 0xb
 306 002f 0B       		.uleb128 0xb
 307 0030 3E       		.uleb128 0x3e
 308 0031 0B       		.uleb128 0xb
 309 0032 03       		.uleb128 0x3
 310 0033 08       		.uleb128 0x8
 311 0034 00       		.byte	0
 312 0035 00       		.byte	0
 313 0036 05       		.uleb128 0x5
 314 0037 16       		.uleb128 0x16
 315 0038 00       		.byte	0
 316 0039 03       		.uleb128 0x3
 317 003a 0E       		.uleb128 0xe
 318 003b 3A       		.uleb128 0x3a
 319 003c 0B       		.uleb128 0xb
 320 003d 3B       		.uleb128 0x3b
 321 003e 05       		.uleb128 0x5
 322 003f 49       		.uleb128 0x49
 323 0040 13       		.uleb128 0x13
 324 0041 00       		.byte	0
 325 0042 00       		.byte	0
 326 0043 06       		.uleb128 0x6
 327 0044 2E       		.uleb128 0x2e
 328 0045 00       		.byte	0
 329 0046 3F       		.uleb128 0x3f
 330 0047 19       		.uleb128 0x19
 331 0048 03       		.uleb128 0x3
 332 0049 0E       		.uleb128 0xe
 333 004a 3A       		.uleb128 0x3a
 334 004b 0B       		.uleb128 0xb
 335 004c 3B       		.uleb128 0x3b
 336 004d 0B       		.uleb128 0xb
 337 004e 49       		.uleb128 0x49
 338 004f 13       		.uleb128 0x13
 339 0050 11       		.uleb128 0x11
 340 0051 01       		.uleb128 0x1
 341 0052 12       		.uleb128 0x12
 342 0053 06       		.uleb128 0x6
 343 0054 40       		.uleb128 0x40
 344 0055 18       		.uleb128 0x18
 345 0056 9642     		.uleb128 0x2116
 346 0058 19       		.uleb128 0x19
 347 0059 00       		.byte	0
 348 005a 00       		.byte	0
 349 005b 07       		.uleb128 0x7
 350 005c 2E       		.uleb128 0x2e
 351 005d 00       		.byte	0
 352 005e 3F       		.uleb128 0x3f
 353 005f 19       		.uleb128 0x19
 354 0060 03       		.uleb128 0x3
 355 0061 0E       		.uleb128 0xe
ARM GAS  C:\Users\holge\AppData\Local\Temp\cc5ftMPo.s 			page 9


 356 0062 3A       		.uleb128 0x3a
 357 0063 0B       		.uleb128 0xb
 358 0064 3B       		.uleb128 0x3b
 359 0065 0B       		.uleb128 0xb
 360 0066 27       		.uleb128 0x27
 361 0067 19       		.uleb128 0x19
 362 0068 11       		.uleb128 0x11
 363 0069 01       		.uleb128 0x1
 364 006a 12       		.uleb128 0x12
 365 006b 06       		.uleb128 0x6
 366 006c 40       		.uleb128 0x40
 367 006d 18       		.uleb128 0x18
 368 006e 9642     		.uleb128 0x2116
 369 0070 19       		.uleb128 0x19
 370 0071 00       		.byte	0
 371 0072 00       		.byte	0
 372 0073 08       		.uleb128 0x8
 373 0074 34       		.uleb128 0x34
 374 0075 00       		.byte	0
 375 0076 03       		.uleb128 0x3
 376 0077 0E       		.uleb128 0xe
 377 0078 3A       		.uleb128 0x3a
 378 0079 0B       		.uleb128 0xb
 379 007a 3B       		.uleb128 0x3b
 380 007b 05       		.uleb128 0x5
 381 007c 49       		.uleb128 0x49
 382 007d 13       		.uleb128 0x13
 383 007e 3F       		.uleb128 0x3f
 384 007f 19       		.uleb128 0x19
 385 0080 3C       		.uleb128 0x3c
 386 0081 19       		.uleb128 0x19
 387 0082 00       		.byte	0
 388 0083 00       		.byte	0
 389 0084 09       		.uleb128 0x9
 390 0085 35       		.uleb128 0x35
 391 0086 00       		.byte	0
 392 0087 49       		.uleb128 0x49
 393 0088 13       		.uleb128 0x13
 394 0089 00       		.byte	0
 395 008a 00       		.byte	0
 396 008b 0A       		.uleb128 0xa
 397 008c 34       		.uleb128 0x34
 398 008d 00       		.byte	0
 399 008e 03       		.uleb128 0x3
 400 008f 0E       		.uleb128 0xe
 401 0090 3A       		.uleb128 0x3a
 402 0091 0B       		.uleb128 0xb
 403 0092 3B       		.uleb128 0x3b
 404 0093 0B       		.uleb128 0xb
 405 0094 49       		.uleb128 0x49
 406 0095 13       		.uleb128 0x13
 407 0096 3F       		.uleb128 0x3f
 408 0097 19       		.uleb128 0x19
 409 0098 02       		.uleb128 0x2
 410 0099 18       		.uleb128 0x18
 411 009a 00       		.byte	0
 412 009b 00       		.byte	0
ARM GAS  C:\Users\holge\AppData\Local\Temp\cc5ftMPo.s 			page 10


 413 009c 00       		.byte	0
 414              		.section	.debug_aranges,"",%progbits
 415 0000 24000000 		.4byte	0x24
 416 0004 0200     		.2byte	0x2
 417 0006 00000000 		.4byte	.Ldebug_info0
 418 000a 04       		.byte	0x4
 419 000b 00       		.byte	0
 420 000c 0000     		.2byte	0
 421 000e 0000     		.2byte	0
 422 0010 00000000 		.4byte	.LFB63
 423 0014 2E000000 		.4byte	.LFE63-.LFB63
 424 0018 00000000 		.4byte	.LFB64
 425 001c 34000000 		.4byte	.LFE64-.LFB64
 426 0020 00000000 		.4byte	0
 427 0024 00000000 		.4byte	0
 428              		.section	.debug_ranges,"",%progbits
 429              	.Ldebug_ranges0:
 430 0000 00000000 		.4byte	.LFB63
 431 0004 2E000000 		.4byte	.LFE63
 432 0008 00000000 		.4byte	.LFB64
 433 000c 34000000 		.4byte	.LFE64
 434 0010 00000000 		.4byte	0
 435 0014 00000000 		.4byte	0
 436              		.section	.debug_line,"",%progbits
 437              	.Ldebug_line0:
 438 0000 7F010000 		.section	.debug_str,"MS",%progbits,1
 438      02004C01 
 438      00000201 
 438      FB0E0D00 
 438      01010101 
 439              	.LASF6:
 440 0000 6C6F6E67 		.ascii	"long long int\000"
 440      206C6F6E 
 440      6720696E 
 440      7400
 441              	.LASF3:
 442 000e 73686F72 		.ascii	"short unsigned int\000"
 442      7420756E 
 442      7369676E 
 442      65642069 
 442      6E7400
 443              	.LASF8:
 444 0021 756E7369 		.ascii	"unsigned int\000"
 444      676E6564 
 444      20696E74 
 444      00
 445              	.LASF24:
 446 002e 433A5C55 		.ascii	"C:\\Users\\holge\\Desktop\\cypress_PsOC_5LP\\Worksp"
 446      73657273 
 446      5C686F6C 
 446      67655C44 
 446      65736B74 
 447 005c 61636530 		.ascii	"ace01\\CapSense_CSD_Design01.cydsn\000"
 447      315C4361 
 447      7053656E 
 447      73655F43 
 447      53445F44 
ARM GAS  C:\Users\holge\AppData\Local\Temp\cc5ftMPo.s 			page 11


 448              	.LASF21:
 449 007e 6F6C6450 		.ascii	"oldPos\000"
 449      6F7300
 450              	.LASF23:
 451 0085 6D61696E 		.ascii	"main.c\000"
 451      2E6300
 452              	.LASF17:
 453 008c 6D61696E 		.ascii	"main\000"
 453      00
 454              	.LASF10:
 455 0091 696E7433 		.ascii	"int32_t\000"
 455      325F7400 
 456              	.LASF5:
 457 0099 6C6F6E67 		.ascii	"long unsigned int\000"
 457      20756E73 
 457      69676E65 
 457      6420696E 
 457      7400
 458              	.LASF7:
 459 00ab 6C6F6E67 		.ascii	"long long unsigned int\000"
 459      206C6F6E 
 459      6720756E 
 459      7369676E 
 459      65642069 
 460              	.LASF22:
 461 00c2 474E5520 		.ascii	"GNU C11 5.4.1 20160609 (release) [ARM/embedded-5-br"
 461      43313120 
 461      352E342E 
 461      31203230 
 461      31363036 
 462 00f5 616E6368 		.ascii	"anch revision 237715] -mcpu=cortex-m3 -mthumb -g -O"
 462      20726576 
 462      6973696F 
 462      6E203233 
 462      37373135 
 463 0128 30202D66 		.ascii	"0 -ffunction-sections -ffat-lto-objects\000"
 463      66756E63 
 463      74696F6E 
 463      2D736563 
 463      74696F6E 
 464              	.LASF18:
 465 0150 43617053 		.ascii	"CapSense_LED_Update\000"
 465      656E7365 
 465      5F4C4544 
 465      5F557064 
 465      61746500 
 466              	.LASF1:
 467 0164 756E7369 		.ascii	"unsigned char\000"
 467      676E6564 
 467      20636861 
 467      7200
 468              	.LASF14:
 469 0172 63686172 		.ascii	"char\000"
 469      00
 470              	.LASF4:
 471 0177 6C6F6E67 		.ascii	"long int\000"
 471      20696E74 
ARM GAS  C:\Users\holge\AppData\Local\Temp\cc5ftMPo.s 			page 12


 471      00
 472              	.LASF13:
 473 0180 646F7562 		.ascii	"double\000"
 473      6C6500
 474              	.LASF19:
 475 0187 49544D5F 		.ascii	"ITM_RxBuffer\000"
 475      52784275 
 475      66666572 
 475      00
 476              	.LASF0:
 477 0194 7369676E 		.ascii	"signed char\000"
 477      65642063 
 477      68617200 
 478              	.LASF15:
 479 01a0 6C6F6E67 		.ascii	"long double\000"
 479      20646F75 
 479      626C6500 
 480              	.LASF9:
 481 01ac 5F5F696E 		.ascii	"__int32_t\000"
 481      7433325F 
 481      7400
 482              	.LASF12:
 483 01b6 666C6F61 		.ascii	"float\000"
 483      7400
 484              	.LASF2:
 485 01bc 73686F72 		.ascii	"short int\000"
 485      7420696E 
 485      7400
 486              	.LASF11:
 487 01c6 75696E74 		.ascii	"uint16\000"
 487      313600
 488              	.LASF20:
 489 01cd 63757250 		.ascii	"curPos\000"
 489      6F7300
 490              	.LASF16:
 491 01d4 73697A65 		.ascii	"sizetype\000"
 491      74797065 
 491      00
 492              		.ident	"GCC: (GNU Tools for ARM Embedded Processors) 5.4.1 20160609 (release) [ARM/embedded-5-bran
