Release 14.7 - xst P.20131013 (nt64)
Copyright (c) 1995-2013 Xilinx, Inc.  All rights reserved.
--> Parameter TMPDIR set to xst/projnav.tmp


Total REAL time to Xst completion: 0.00 secs
Total CPU time to Xst completion: 0.11 secs
 
--> Parameter xsthdpdir set to xst


Total REAL time to Xst completion: 0.00 secs
Total CPU time to Xst completion: 0.11 secs
 
--> Reading design: Switches_LEDs.prj

TABLE OF CONTENTS
  1) Synthesis Options Summary
  2) HDL Parsing
  3) HDL Elaboration
  4) HDL Synthesis
       4.1) HDL Synthesis Report
  5) Advanced HDL Synthesis
       5.1) Advanced HDL Synthesis Report
  6) Low Level Synthesis
  7) Partition Report
  8) Design Summary
       8.1) Primitive and Black Box Usage
       8.2) Device utilization summary
       8.3) Partition Resource Summary
       8.4) Timing Report
            8.4.1) Clock Information
            8.4.2) Asynchronous Control Signals Information
            8.4.3) Timing Summary
            8.4.4) Timing Details
            8.4.5) Cross Clock Domains Report


=========================================================================
*                      Synthesis Options Summary                        *
=========================================================================
---- Source Parameters
Input File Name                    : "Switches_LEDs.prj"
Ignore Synthesis Constraint File   : NO

---- Target Parameters
Output File Name                   : "Switches_LEDs"
Output Format                      : NGC
Target Device                      : xc6slx9-2-tqg144

---- Source Options
Top Module Name                    : Switches_LEDs
Automatic FSM Extraction           : YES
FSM Encoding Algorithm             : Auto
Safe Implementation                : No
FSM Style                          : LUT
RAM Extraction                     : Yes
RAM Style                          : Auto
ROM Extraction                     : Yes
Shift Register Extraction          : YES
ROM Style                          : Auto
Resource Sharing                   : YES
Asynchronous To Synchronous        : NO
Shift Register Minimum Size        : 2
Use DSP Block                      : Auto
Automatic Register Balancing       : No

---- Target Options
LUT Combining                      : Auto
Reduce Control Sets                : Auto
Add IO Buffers                     : YES
Global Maximum Fanout              : 100000
Add Generic Clock Buffer(BUFG)     : 16
Register Duplication               : YES
Optimize Instantiated Primitives   : NO
Use Clock Enable                   : Auto
Use Synchronous Set                : Auto
Use Synchronous Reset              : Auto
Pack IO Registers into IOBs        : Auto
Equivalent register Removal        : YES

---- General Options
Optimization Goal                  : Speed
Optimization Effort                : 1
Power Reduction                    : NO
Keep Hierarchy                     : No
Netlist Hierarchy                  : As_Optimized
RTL Output                         : Yes
Global Optimization                : AllClockNets
Read Cores                         : YES
Write Timing Constraints           : NO
Cross Clock Analysis               : NO
Hierarchy Separator                : /
Bus Delimiter                      : <>
Case Specifier                     : Maintain
Slice Utilization Ratio            : 100
BRAM Utilization Ratio             : 100
DSP48 Utilization Ratio            : 100
Auto BRAM Packing                  : NO
Slice Utilization Ratio Delta      : 5

=========================================================================


=========================================================================
*                          HDL Parsing                                  *
=========================================================================
Parsing VHDL file "C:\Users\holge\OneDrive\AAU - Elektronik og IT\4. semester\Digital Design\digital-design\papilio-pro-projects\switches_LEDs\counter30.vhd" into library work
Parsing entity <counter30>.
Parsing architecture <Behavioral> of entity <counter30>.
Parsing VHDL file "C:\Users\holge\OneDrive\AAU - Elektronik og IT\4. semester\Digital Design\digital-design\papilio-pro-projects\switches_LEDs\Switches_LEDs.vhd" into library work
Parsing entity <Switches_LEDs>.
Parsing architecture <Behavioral> of entity <switches_leds>.

=========================================================================
*                            HDL Elaboration                            *
=========================================================================

Elaborating entity <Switches_LEDs> (architecture <Behavioral>) from library <work>.

Elaborating entity <counter30> (architecture <Behavioral>) from library <work>.

=========================================================================
*                           HDL Synthesis                               *
=========================================================================

Synthesizing Unit <Switches_LEDs>.
    Related source file is "C:\Users\holge\OneDrive\AAU - Elektronik og IT\4. semester\Digital Design\digital-design\papilio-pro-projects\switches_LEDs\Switches_LEDs.vhd".
WARNING:Xst:647 - Input <switches<7:2>> is never used. This port will be preserved and left unconnected if it belongs to a top-level block or it belongs to a sub-block and the hierarchy of this sub-block is preserved.
    Summary:
	no macro.
Unit <Switches_LEDs> synthesized.

Synthesizing Unit <counter30>.
    Related source file is "C:\Users\holge\OneDrive\AAU - Elektronik og IT\4. semester\Digital Design\digital-design\papilio-pro-projects\switches_LEDs\counter30.vhd".
    Found 30-bit register for signal <count_buff>.
    Found 30-bit adder for signal <count_buff[29]_GND_5_o_add_0_OUT> created at line 1241.
    Summary:
	inferred   1 Adder/Subtractor(s).
	inferred  30 D-type flip-flop(s).
Unit <counter30> synthesized.

=========================================================================
HDL Synthesis Report

Macro Statistics
# Adders/Subtractors                                   : 2
 30-bit adder                                          : 2
# Registers                                            : 2
 30-bit register                                       : 2

=========================================================================

=========================================================================
*                       Advanced HDL Synthesis                          *
=========================================================================


Synthesizing (advanced) Unit <counter30>.
The following registers are absorbed into counter <count_buff>: 1 register on signal <count_buff>.
Unit <counter30> synthesized (advanced).

=========================================================================
Advanced HDL Synthesis Report

Macro Statistics
# Counters                                             : 2
 30-bit up counter                                     : 2

=========================================================================

=========================================================================
*                         Low Level Synthesis                           *
=========================================================================

Optimizing unit <Switches_LEDs> ...

Mapping all equations...
Building and optimizing final netlist ...
Found area constraint ratio of 100 (+ 5) on block Switches_LEDs, actual ratio is 1.

Final Macro Processing ...

=========================================================================
Final Register Report

Macro Statistics
# Registers                                            : 60
 Flip-Flops                                            : 60

=========================================================================

=========================================================================
*                           Partition Report                            *
=========================================================================

Partition Implementation Status
-------------------------------

  No Partitions were found in this design.

-------------------------------

=========================================================================
*                            Design Summary                             *
=========================================================================

Top Level Output File Name         : Switches_LEDs.ngc

Primitive and Black Box Usage:
------------------------------
# BELS                             : 180
#      GND                         : 1
#      INV                         : 2
#      LUT1                        : 58
#      MUXCY                       : 58
#      VCC                         : 1
#      XORCY                       : 60
# FlipFlops/Latches                : 60
#      FDE                         : 60
# Clock Buffers                    : 1
#      BUFGP                       : 1
# IO Buffers                       : 10
#      IBUF                        : 2
#      OBUF                        : 8

Device utilization summary:
---------------------------

Selected Device : 6slx9tqg144-2 


Slice Logic Utilization: 
 Number of Slice Registers:              60  out of  11440     0%  
 Number of Slice LUTs:                   60  out of   5720     1%  
    Number used as Logic:                60  out of   5720     1%  

Slice Logic Distribution: 
 Number of LUT Flip Flop pairs used:     60
   Number with an unused Flip Flop:       0  out of     60     0%  
   Number with an unused LUT:             0  out of     60     0%  
   Number of fully used LUT-FF pairs:    60  out of     60   100%  
   Number of unique control sets:         2

IO Utilization: 
 Number of IOs:                          17
 Number of bonded IOBs:                  11  out of    102    10%  

Specific Feature Utilization:
 Number of BUFG/BUFGCTRLs:                1  out of     16     6%  

---------------------------
Partition Resource Summary:
---------------------------

  No Partitions were found in this design.

---------------------------


=========================================================================
Timing Report

NOTE: THESE TIMING NUMBERS ARE ONLY A SYNTHESIS ESTIMATE.
      FOR ACCURATE TIMING INFORMATION PLEASE REFER TO THE TRACE REPORT
      GENERATED AFTER PLACE-and-ROUTE.

Clock Information:
------------------
-----------------------------------+------------------------+-------+
Clock Signal                       | Clock buffer(FF name)  | Load  |
-----------------------------------+------------------------+-------+
CLK                                | BUFGP                  | 60    |
-----------------------------------+------------------------+-------+

Asynchronous Control Signals Information:
----------------------------------------
No asynchronous control signals found in this design

Timing Summary:
---------------
Speed Grade: -2

   Minimum period: 2.607ns (Maximum Frequency: 383.582MHz)
   Minimum input arrival time before clock: 3.116ns
   Maximum output required time after clock: 4.162ns
   Maximum combinational path delay: No path found

Timing Details:
---------------
All values displayed in nanoseconds (ns)

=========================================================================
Timing constraint: Default period analysis for Clock 'CLK'
  Clock period: 2.607ns (frequency: 383.582MHz)
  Total number of paths / destination ports: 930 / 60
-------------------------------------------------------------------------
Delay:               2.607ns (Levels of Logic = 31)
  Source:            Inst2_counter30/count_buff_0 (FF)
  Destination:       Inst2_counter30/count_buff_29 (FF)
  Source Clock:      CLK rising
  Destination Clock: CLK rising

  Data Path: Inst2_counter30/count_buff_0 to Inst2_counter30/count_buff_29
                                Gate     Net
    Cell:in->out      fanout   Delay   Delay  Logical Name (Net Name)
    ----------------------------------------  ------------
     FDE:C->Q              1   0.525   0.681  Inst2_counter30/count_buff_0 (Inst2_counter30/count_buff_0)
     INV:I->O              1   0.255   0.000  Inst2_counter30/Mcount_count_buff_lut<0>_INV_0 (Inst2_counter30/Mcount_count_buff_lut<0>)
     MUXCY:S->O            1   0.215   0.000  Inst2_counter30/Mcount_count_buff_cy<0> (Inst2_counter30/Mcount_count_buff_cy<0>)
     MUXCY:CI->O           1   0.023   0.000  Inst2_counter30/Mcount_count_buff_cy<1> (Inst2_counter30/Mcount_count_buff_cy<1>)
     MUXCY:CI->O           1   0.023   0.000  Inst2_counter30/Mcount_count_buff_cy<2> (Inst2_counter30/Mcount_count_buff_cy<2>)
     MUXCY:CI->O           1   0.023   0.000  Inst2_counter30/Mcount_count_buff_cy<3> (Inst2_counter30/Mcount_count_buff_cy<3>)
     MUXCY:CI->O           1   0.023   0.000  Inst2_counter30/Mcount_count_buff_cy<4> (Inst2_counter30/Mcount_count_buff_cy<4>)
     MUXCY:CI->O           1   0.023   0.000  Inst2_counter30/Mcount_count_buff_cy<5> (Inst2_counter30/Mcount_count_buff_cy<5>)
     MUXCY:CI->O           1   0.023   0.000  Inst2_counter30/Mcount_count_buff_cy<6> (Inst2_counter30/Mcount_count_buff_cy<6>)
     MUXCY:CI->O           1   0.023   0.000  Inst2_counter30/Mcount_count_buff_cy<7> (Inst2_counter30/Mcount_count_buff_cy<7>)
     MUXCY:CI->O           1   0.023   0.000  Inst2_counter30/Mcount_count_buff_cy<8> (Inst2_counter30/Mcount_count_buff_cy<8>)
     MUXCY:CI->O           1   0.023   0.000  Inst2_counter30/Mcount_count_buff_cy<9> (Inst2_counter30/Mcount_count_buff_cy<9>)
     MUXCY:CI->O           1   0.023   0.000  Inst2_counter30/Mcount_count_buff_cy<10> (Inst2_counter30/Mcount_count_buff_cy<10>)
     MUXCY:CI->O           1   0.023   0.000  Inst2_counter30/Mcount_count_buff_cy<11> (Inst2_counter30/Mcount_count_buff_cy<11>)
     MUXCY:CI->O           1   0.023   0.000  Inst2_counter30/Mcount_count_buff_cy<12> (Inst2_counter30/Mcount_count_buff_cy<12>)
     MUXCY:CI->O           1   0.023   0.000  Inst2_counter30/Mcount_count_buff_cy<13> (Inst2_counter30/Mcount_count_buff_cy<13>)
     MUXCY:CI->O           1   0.023   0.000  Inst2_counter30/Mcount_count_buff_cy<14> (Inst2_counter30/Mcount_count_buff_cy<14>)
     MUXCY:CI->O           1   0.023   0.000  Inst2_counter30/Mcount_count_buff_cy<15> (Inst2_counter30/Mcount_count_buff_cy<15>)
     MUXCY:CI->O           1   0.023   0.000  Inst2_counter30/Mcount_count_buff_cy<16> (Inst2_counter30/Mcount_count_buff_cy<16>)
     MUXCY:CI->O           1   0.023   0.000  Inst2_counter30/Mcount_count_buff_cy<17> (Inst2_counter30/Mcount_count_buff_cy<17>)
     MUXCY:CI->O           1   0.023   0.000  Inst2_counter30/Mcount_count_buff_cy<18> (Inst2_counter30/Mcount_count_buff_cy<18>)
     MUXCY:CI->O           1   0.023   0.000  Inst2_counter30/Mcount_count_buff_cy<19> (Inst2_counter30/Mcount_count_buff_cy<19>)
     MUXCY:CI->O           1   0.023   0.000  Inst2_counter30/Mcount_count_buff_cy<20> (Inst2_counter30/Mcount_count_buff_cy<20>)
     MUXCY:CI->O           1   0.023   0.000  Inst2_counter30/Mcount_count_buff_cy<21> (Inst2_counter30/Mcount_count_buff_cy<21>)
     MUXCY:CI->O           1   0.023   0.000  Inst2_counter30/Mcount_count_buff_cy<22> (Inst2_counter30/Mcount_count_buff_cy<22>)
     MUXCY:CI->O           1   0.023   0.000  Inst2_counter30/Mcount_count_buff_cy<23> (Inst2_counter30/Mcount_count_buff_cy<23>)
     MUXCY:CI->O           1   0.023   0.000  Inst2_counter30/Mcount_count_buff_cy<24> (Inst2_counter30/Mcount_count_buff_cy<24>)
     MUXCY:CI->O           1   0.023   0.000  Inst2_counter30/Mcount_count_buff_cy<25> (Inst2_counter30/Mcount_count_buff_cy<25>)
     MUXCY:CI->O           1   0.023   0.000  Inst2_counter30/Mcount_count_buff_cy<26> (Inst2_counter30/Mcount_count_buff_cy<26>)
     MUXCY:CI->O           1   0.023   0.000  Inst2_counter30/Mcount_count_buff_cy<27> (Inst2_counter30/Mcount_count_buff_cy<27>)
     MUXCY:CI->O           0   0.023   0.000  Inst2_counter30/Mcount_count_buff_cy<28> (Inst2_counter30/Mcount_count_buff_cy<28>)
     XORCY:CI->O           1   0.206   0.000  Inst2_counter30/Mcount_count_buff_xor<29> (Result<29>)
     FDE:D                     0.074          Inst2_counter30/count_buff_29
    ----------------------------------------
    Total                      2.607ns (1.926ns logic, 0.681ns route)
                                       (73.9% logic, 26.1% route)

=========================================================================
Timing constraint: Default OFFSET IN BEFORE for Clock 'CLK'
  Total number of paths / destination ports: 60 / 60
-------------------------------------------------------------------------
Offset:              3.116ns (Levels of Logic = 1)
  Source:            switches<1> (PAD)
  Destination:       Inst2_counter30/count_buff_0 (FF)
  Destination Clock: CLK rising

  Data Path: switches<1> to Inst2_counter30/count_buff_0
                                Gate     Net
    Cell:in->out      fanout   Delay   Delay  Logical Name (Net Name)
    ----------------------------------------  ------------
     IBUF:I->O            30   1.328   1.486  switches_1_IBUF (switches_1_IBUF)
     FDE:CE                    0.302          Inst2_counter30/count_buff_0
    ----------------------------------------
    Total                      3.116ns (1.630ns logic, 1.486ns route)
                                       (52.3% logic, 47.7% route)

=========================================================================
Timing constraint: Default OFFSET OUT AFTER for Clock 'CLK'
  Total number of paths / destination ports: 8 / 8
-------------------------------------------------------------------------
Offset:              4.162ns (Levels of Logic = 1)
  Source:            Inst2_counter30/count_buff_29 (FF)
  Destination:       LEDs<7> (PAD)
  Source Clock:      CLK rising

  Data Path: Inst2_counter30/count_buff_29 to LEDs<7>
                                Gate     Net
    Cell:in->out      fanout   Delay   Delay  Logical Name (Net Name)
    ----------------------------------------  ------------
     FDE:C->Q              2   0.525   0.725  Inst2_counter30/count_buff_29 (Inst2_counter30/count_buff_29)
     OBUF:I->O                 2.912          LEDs_7_OBUF (LEDs<7>)
    ----------------------------------------
    Total                      4.162ns (3.437ns logic, 0.725ns route)
                                       (82.6% logic, 17.4% route)

=========================================================================

Cross Clock Domains Report:
--------------------------

Clock to Setup on destination clock CLK
---------------+---------+---------+---------+---------+
               | Src:Rise| Src:Fall| Src:Rise| Src:Fall|
Source Clock   |Dest:Rise|Dest:Rise|Dest:Fall|Dest:Fall|
---------------+---------+---------+---------+---------+
CLK            |    2.607|         |         |         |
---------------+---------+---------+---------+---------+

=========================================================================


Total REAL time to Xst completion: 5.00 secs
Total CPU time to Xst completion: 4.92 secs
 
--> 

Total memory usage is 4508168 kilobytes

Number of errors   :    0 (   0 filtered)
Number of warnings :    1 (   0 filtered)
Number of infos    :    0 (   0 filtered)

