--------------------------------------------------------------------------------
Release 14.7 Trace  (nt64)
Copyright (c) 1995-2013 Xilinx, Inc.  All rights reserved.

C:\Xilinx\14.7\ISE_DS\ISE\bin\nt64\unwrapped\trce.exe -intstyle ise -v 3 -s 2
-n 3 -fastpaths -xml Switches_LEDs_preroute.twx Switches_LEDs_map.ncd -o
Switches_LEDs_preroute.twr Switches_LEDs.pcf -ucf constraints.ucf

Design file:              Switches_LEDs_map.ncd
Physical constraint file: Switches_LEDs.pcf
Device,package,speed:     xc6slx9,tqg144,C,-2 (PRODUCTION 1.23 2013-10-13)
Report level:             verbose report

Environment Variable      Effect 
--------------------      ------ 
NONE                      No environment variables were set
--------------------------------------------------------------------------------

INFO:Timing:3412 - To improve timing, see the Timing Closure User Guide (UG612).
INFO:Timing:2752 - To get complete path coverage, use the unconstrained paths 
   option. All paths that are not constrained will be reported in the 
   unconstrained paths section(s) of the report.
INFO:Timing:3284 - This timing report was generated using estimated delay 
   information.  For accurate numbers, please refer to the post Place and Route 
   timing report.
INFO:Timing:3339 - The clock-to-out numbers in this timing report are based on 
   a 50 Ohm transmission line loading model.  For the details of this model, 
   and for more information on accounting for different loading conditions, 
   please see the device datasheet.

================================================================================
Timing constraint: NET "CLK_BUFGP/IBUFG" PERIOD = 31.25 ns HIGH 50%;
For more information, see Period Analysis in the Timing Closure User Guide (UG612).

 900 paths analyzed, 99 endpoints analyzed, 0 failing endpoints
 0 timing errors detected. (0 setup errors, 0 hold errors, 0 component switching limit errors)
 Minimum period is   2.666ns.
--------------------------------------------------------------------------------

Paths for end point counter_29 (SLICE_X14Y59.CIN), 56 paths
--------------------------------------------------------------------------------
Slack (setup path):     28.874ns (requirement - (data path - clock path skew + uncertainty))
  Source:               counter_0 (FF)
  Destination:          counter_29 (FF)
  Requirement:          31.250ns
  Data Path Delay:      2.341ns (Levels of Logic = 8)
  Clock Path Skew:      0.000ns
  Source Clock:         CLK_BUFGP rising at 0.000ns
  Destination Clock:    CLK_BUFGP rising at 31.250ns
  Clock Uncertainty:    0.035ns

  Clock Uncertainty:          0.035ns  ((TSJ^2 + TIJ^2)^1/2 + DJ) / 2 + PE
    Total System Jitter (TSJ):  0.070ns
    Total Input Jitter (TIJ):   0.000ns
    Discrete Jitter (DJ):       0.000ns
    Phase Error (PE):           0.000ns

  Maximum Data Path at Slow Process Corner: counter_0 to counter_29
    Location             Delay type         Delay(ns)  Physical Resource
                                                       Logical Resource(s)
    -------------------------------------------------  -------------------
    SLICE_X14Y52.AQ      Tcko                  0.476   counter<3>
                                                       counter_0
    SLICE_X14Y52.A4      net (fanout=1)     e  0.496   counter<0>
    SLICE_X14Y52.COUT    Topcya                0.495   counter<3>
                                                       Mmux_counter[29]_counter[29]_mux_10_OUT_rs_A<0>_mand1
                                                       Mmux_counter[29]_counter[29]_mux_10_OUT_rs_cy<3>
    SLICE_X14Y53.CIN     net (fanout=1)     e  0.003   Mmux_counter[29]_counter[29]_mux_10_OUT_rs_cy<3>
    SLICE_X14Y53.COUT    Tbyp                  0.091   counter<7>
                                                       Mmux_counter[29]_counter[29]_mux_10_OUT_rs_cy<7>
    SLICE_X14Y54.CIN     net (fanout=1)     e  0.003   Mmux_counter[29]_counter[29]_mux_10_OUT_rs_cy<7>
    SLICE_X14Y54.COUT    Tbyp                  0.091   counter<11>
                                                       Mmux_counter[29]_counter[29]_mux_10_OUT_rs_cy<11>
    SLICE_X14Y55.CIN     net (fanout=1)     e  0.003   Mmux_counter[29]_counter[29]_mux_10_OUT_rs_cy<11>
    SLICE_X14Y55.COUT    Tbyp                  0.091   counter<15>
                                                       Mmux_counter[29]_counter[29]_mux_10_OUT_rs_cy<15>
    SLICE_X14Y56.CIN     net (fanout=1)     e  0.003   Mmux_counter[29]_counter[29]_mux_10_OUT_rs_cy<15>
    SLICE_X14Y56.COUT    Tbyp                  0.091   counter<19>
                                                       Mmux_counter[29]_counter[29]_mux_10_OUT_rs_cy<19>
    SLICE_X14Y57.CIN     net (fanout=1)     e  0.003   Mmux_counter[29]_counter[29]_mux_10_OUT_rs_cy<19>
    SLICE_X14Y57.COUT    Tbyp                  0.091   counter<23>
                                                       Mmux_counter[29]_counter[29]_mux_10_OUT_rs_cy<23>
    SLICE_X14Y58.CIN     net (fanout=1)     e  0.003   Mmux_counter[29]_counter[29]_mux_10_OUT_rs_cy<23>
    SLICE_X14Y58.COUT    Tbyp                  0.091   counter<27>
                                                       Mmux_counter[29]_counter[29]_mux_10_OUT_rs_cy<27>
    SLICE_X14Y59.CIN     net (fanout=1)     e  0.003   Mmux_counter[29]_counter[29]_mux_10_OUT_rs_cy<27>
    SLICE_X14Y59.CLK     Tcinck                0.307   counter<29>
                                                       Mmux_counter[29]_counter[29]_mux_10_OUT_rs_xor<29>
                                                       counter_29
    -------------------------------------------------  ---------------------------
    Total                                      2.341ns (1.824ns logic, 0.517ns route)
                                                       (77.9% logic, 22.1% route)

--------------------------------------------------------------------------------
Slack (setup path):     28.897ns (requirement - (data path - clock path skew + uncertainty))
  Source:               counter_0 (FF)
  Destination:          counter_29 (FF)
  Requirement:          31.250ns
  Data Path Delay:      2.318ns (Levels of Logic = 8)
  Clock Path Skew:      0.000ns
  Source Clock:         CLK_BUFGP rising at 0.000ns
  Destination Clock:    CLK_BUFGP rising at 31.250ns
  Clock Uncertainty:    0.035ns

  Clock Uncertainty:          0.035ns  ((TSJ^2 + TIJ^2)^1/2 + DJ) / 2 + PE
    Total System Jitter (TSJ):  0.070ns
    Total Input Jitter (TIJ):   0.000ns
    Discrete Jitter (DJ):       0.000ns
    Phase Error (PE):           0.000ns

  Maximum Data Path at Slow Process Corner: counter_0 to counter_29
    Location             Delay type         Delay(ns)  Physical Resource
                                                       Logical Resource(s)
    -------------------------------------------------  -------------------
    SLICE_X14Y52.AQ      Tcko                  0.476   counter<3>
                                                       counter_0
    SLICE_X14Y52.A4      net (fanout=1)     e  0.496   counter<0>
    SLICE_X14Y52.COUT    Topcya                0.472   counter<3>
                                                       Mmux_counter[29]_counter[29]_mux_10_OUT_rs_lut<0>1
                                                       Mmux_counter[29]_counter[29]_mux_10_OUT_rs_cy<3>
    SLICE_X14Y53.CIN     net (fanout=1)     e  0.003   Mmux_counter[29]_counter[29]_mux_10_OUT_rs_cy<3>
    SLICE_X14Y53.COUT    Tbyp                  0.091   counter<7>
                                                       Mmux_counter[29]_counter[29]_mux_10_OUT_rs_cy<7>
    SLICE_X14Y54.CIN     net (fanout=1)     e  0.003   Mmux_counter[29]_counter[29]_mux_10_OUT_rs_cy<7>
    SLICE_X14Y54.COUT    Tbyp                  0.091   counter<11>
                                                       Mmux_counter[29]_counter[29]_mux_10_OUT_rs_cy<11>
    SLICE_X14Y55.CIN     net (fanout=1)     e  0.003   Mmux_counter[29]_counter[29]_mux_10_OUT_rs_cy<11>
    SLICE_X14Y55.COUT    Tbyp                  0.091   counter<15>
                                                       Mmux_counter[29]_counter[29]_mux_10_OUT_rs_cy<15>
    SLICE_X14Y56.CIN     net (fanout=1)     e  0.003   Mmux_counter[29]_counter[29]_mux_10_OUT_rs_cy<15>
    SLICE_X14Y56.COUT    Tbyp                  0.091   counter<19>
                                                       Mmux_counter[29]_counter[29]_mux_10_OUT_rs_cy<19>
    SLICE_X14Y57.CIN     net (fanout=1)     e  0.003   Mmux_counter[29]_counter[29]_mux_10_OUT_rs_cy<19>
    SLICE_X14Y57.COUT    Tbyp                  0.091   counter<23>
                                                       Mmux_counter[29]_counter[29]_mux_10_OUT_rs_cy<23>
    SLICE_X14Y58.CIN     net (fanout=1)     e  0.003   Mmux_counter[29]_counter[29]_mux_10_OUT_rs_cy<23>
    SLICE_X14Y58.COUT    Tbyp                  0.091   counter<27>
                                                       Mmux_counter[29]_counter[29]_mux_10_OUT_rs_cy<27>
    SLICE_X14Y59.CIN     net (fanout=1)     e  0.003   Mmux_counter[29]_counter[29]_mux_10_OUT_rs_cy<27>
    SLICE_X14Y59.CLK     Tcinck                0.307   counter<29>
                                                       Mmux_counter[29]_counter[29]_mux_10_OUT_rs_xor<29>
                                                       counter_29
    -------------------------------------------------  ---------------------------
    Total                                      2.318ns (1.801ns logic, 0.517ns route)
                                                       (77.7% logic, 22.3% route)

--------------------------------------------------------------------------------
Slack (setup path):     28.905ns (requirement - (data path - clock path skew + uncertainty))
  Source:               counter_1 (FF)
  Destination:          counter_29 (FF)
  Requirement:          31.250ns
  Data Path Delay:      2.310ns (Levels of Logic = 8)
  Clock Path Skew:      0.000ns
  Source Clock:         CLK_BUFGP rising at 0.000ns
  Destination Clock:    CLK_BUFGP rising at 31.250ns
  Clock Uncertainty:    0.035ns

  Clock Uncertainty:          0.035ns  ((TSJ^2 + TIJ^2)^1/2 + DJ) / 2 + PE
    Total System Jitter (TSJ):  0.070ns
    Total Input Jitter (TIJ):   0.000ns
    Discrete Jitter (DJ):       0.000ns
    Phase Error (PE):           0.000ns

  Maximum Data Path at Slow Process Corner: counter_1 to counter_29
    Location             Delay type         Delay(ns)  Physical Resource
                                                       Logical Resource(s)
    -------------------------------------------------  -------------------
    SLICE_X14Y52.BQ      Tcko                  0.476   counter<3>
                                                       counter_1
    SLICE_X14Y52.B4      net (fanout=1)     e  0.512   counter<1>
    SLICE_X14Y52.COUT    Topcyb                0.448   counter<3>
                                                       Mmux_counter[29]_counter[29]_mux_10_OUT_rs_lut<1>
                                                       Mmux_counter[29]_counter[29]_mux_10_OUT_rs_cy<3>
    SLICE_X14Y53.CIN     net (fanout=1)     e  0.003   Mmux_counter[29]_counter[29]_mux_10_OUT_rs_cy<3>
    SLICE_X14Y53.COUT    Tbyp                  0.091   counter<7>
                                                       Mmux_counter[29]_counter[29]_mux_10_OUT_rs_cy<7>
    SLICE_X14Y54.CIN     net (fanout=1)     e  0.003   Mmux_counter[29]_counter[29]_mux_10_OUT_rs_cy<7>
    SLICE_X14Y54.COUT    Tbyp                  0.091   counter<11>
                                                       Mmux_counter[29]_counter[29]_mux_10_OUT_rs_cy<11>
    SLICE_X14Y55.CIN     net (fanout=1)     e  0.003   Mmux_counter[29]_counter[29]_mux_10_OUT_rs_cy<11>
    SLICE_X14Y55.COUT    Tbyp                  0.091   counter<15>
                                                       Mmux_counter[29]_counter[29]_mux_10_OUT_rs_cy<15>
    SLICE_X14Y56.CIN     net (fanout=1)     e  0.003   Mmux_counter[29]_counter[29]_mux_10_OUT_rs_cy<15>
    SLICE_X14Y56.COUT    Tbyp                  0.091   counter<19>
                                                       Mmux_counter[29]_counter[29]_mux_10_OUT_rs_cy<19>
    SLICE_X14Y57.CIN     net (fanout=1)     e  0.003   Mmux_counter[29]_counter[29]_mux_10_OUT_rs_cy<19>
    SLICE_X14Y57.COUT    Tbyp                  0.091   counter<23>
                                                       Mmux_counter[29]_counter[29]_mux_10_OUT_rs_cy<23>
    SLICE_X14Y58.CIN     net (fanout=1)     e  0.003   Mmux_counter[29]_counter[29]_mux_10_OUT_rs_cy<23>
    SLICE_X14Y58.COUT    Tbyp                  0.091   counter<27>
                                                       Mmux_counter[29]_counter[29]_mux_10_OUT_rs_cy<27>
    SLICE_X14Y59.CIN     net (fanout=1)     e  0.003   Mmux_counter[29]_counter[29]_mux_10_OUT_rs_cy<27>
    SLICE_X14Y59.CLK     Tcinck                0.307   counter<29>
                                                       Mmux_counter[29]_counter[29]_mux_10_OUT_rs_xor<29>
                                                       counter_29
    -------------------------------------------------  ---------------------------
    Total                                      2.310ns (1.777ns logic, 0.533ns route)
                                                       (76.9% logic, 23.1% route)

--------------------------------------------------------------------------------

Paths for end point counter_28 (SLICE_X14Y59.CIN), 56 paths
--------------------------------------------------------------------------------
Slack (setup path):     28.941ns (requirement - (data path - clock path skew + uncertainty))
  Source:               counter_0 (FF)
  Destination:          counter_28 (FF)
  Requirement:          31.250ns
  Data Path Delay:      2.274ns (Levels of Logic = 8)
  Clock Path Skew:      0.000ns
  Source Clock:         CLK_BUFGP rising at 0.000ns
  Destination Clock:    CLK_BUFGP rising at 31.250ns
  Clock Uncertainty:    0.035ns

  Clock Uncertainty:          0.035ns  ((TSJ^2 + TIJ^2)^1/2 + DJ) / 2 + PE
    Total System Jitter (TSJ):  0.070ns
    Total Input Jitter (TIJ):   0.000ns
    Discrete Jitter (DJ):       0.000ns
    Phase Error (PE):           0.000ns

  Maximum Data Path at Slow Process Corner: counter_0 to counter_28
    Location             Delay type         Delay(ns)  Physical Resource
                                                       Logical Resource(s)
    -------------------------------------------------  -------------------
    SLICE_X14Y52.AQ      Tcko                  0.476   counter<3>
                                                       counter_0
    SLICE_X14Y52.A4      net (fanout=1)     e  0.496   counter<0>
    SLICE_X14Y52.COUT    Topcya                0.495   counter<3>
                                                       Mmux_counter[29]_counter[29]_mux_10_OUT_rs_A<0>_mand1
                                                       Mmux_counter[29]_counter[29]_mux_10_OUT_rs_cy<3>
    SLICE_X14Y53.CIN     net (fanout=1)     e  0.003   Mmux_counter[29]_counter[29]_mux_10_OUT_rs_cy<3>
    SLICE_X14Y53.COUT    Tbyp                  0.091   counter<7>
                                                       Mmux_counter[29]_counter[29]_mux_10_OUT_rs_cy<7>
    SLICE_X14Y54.CIN     net (fanout=1)     e  0.003   Mmux_counter[29]_counter[29]_mux_10_OUT_rs_cy<7>
    SLICE_X14Y54.COUT    Tbyp                  0.091   counter<11>
                                                       Mmux_counter[29]_counter[29]_mux_10_OUT_rs_cy<11>
    SLICE_X14Y55.CIN     net (fanout=1)     e  0.003   Mmux_counter[29]_counter[29]_mux_10_OUT_rs_cy<11>
    SLICE_X14Y55.COUT    Tbyp                  0.091   counter<15>
                                                       Mmux_counter[29]_counter[29]_mux_10_OUT_rs_cy<15>
    SLICE_X14Y56.CIN     net (fanout=1)     e  0.003   Mmux_counter[29]_counter[29]_mux_10_OUT_rs_cy<15>
    SLICE_X14Y56.COUT    Tbyp                  0.091   counter<19>
                                                       Mmux_counter[29]_counter[29]_mux_10_OUT_rs_cy<19>
    SLICE_X14Y57.CIN     net (fanout=1)     e  0.003   Mmux_counter[29]_counter[29]_mux_10_OUT_rs_cy<19>
    SLICE_X14Y57.COUT    Tbyp                  0.091   counter<23>
                                                       Mmux_counter[29]_counter[29]_mux_10_OUT_rs_cy<23>
    SLICE_X14Y58.CIN     net (fanout=1)     e  0.003   Mmux_counter[29]_counter[29]_mux_10_OUT_rs_cy<23>
    SLICE_X14Y58.COUT    Tbyp                  0.091   counter<27>
                                                       Mmux_counter[29]_counter[29]_mux_10_OUT_rs_cy<27>
    SLICE_X14Y59.CIN     net (fanout=1)     e  0.003   Mmux_counter[29]_counter[29]_mux_10_OUT_rs_cy<27>
    SLICE_X14Y59.CLK     Tcinck                0.240   counter<29>
                                                       Mmux_counter[29]_counter[29]_mux_10_OUT_rs_xor<29>
                                                       counter_28
    -------------------------------------------------  ---------------------------
    Total                                      2.274ns (1.757ns logic, 0.517ns route)
                                                       (77.3% logic, 22.7% route)

--------------------------------------------------------------------------------
Slack (setup path):     28.964ns (requirement - (data path - clock path skew + uncertainty))
  Source:               counter_0 (FF)
  Destination:          counter_28 (FF)
  Requirement:          31.250ns
  Data Path Delay:      2.251ns (Levels of Logic = 8)
  Clock Path Skew:      0.000ns
  Source Clock:         CLK_BUFGP rising at 0.000ns
  Destination Clock:    CLK_BUFGP rising at 31.250ns
  Clock Uncertainty:    0.035ns

  Clock Uncertainty:          0.035ns  ((TSJ^2 + TIJ^2)^1/2 + DJ) / 2 + PE
    Total System Jitter (TSJ):  0.070ns
    Total Input Jitter (TIJ):   0.000ns
    Discrete Jitter (DJ):       0.000ns
    Phase Error (PE):           0.000ns

  Maximum Data Path at Slow Process Corner: counter_0 to counter_28
    Location             Delay type         Delay(ns)  Physical Resource
                                                       Logical Resource(s)
    -------------------------------------------------  -------------------
    SLICE_X14Y52.AQ      Tcko                  0.476   counter<3>
                                                       counter_0
    SLICE_X14Y52.A4      net (fanout=1)     e  0.496   counter<0>
    SLICE_X14Y52.COUT    Topcya                0.472   counter<3>
                                                       Mmux_counter[29]_counter[29]_mux_10_OUT_rs_lut<0>1
                                                       Mmux_counter[29]_counter[29]_mux_10_OUT_rs_cy<3>
    SLICE_X14Y53.CIN     net (fanout=1)     e  0.003   Mmux_counter[29]_counter[29]_mux_10_OUT_rs_cy<3>
    SLICE_X14Y53.COUT    Tbyp                  0.091   counter<7>
                                                       Mmux_counter[29]_counter[29]_mux_10_OUT_rs_cy<7>
    SLICE_X14Y54.CIN     net (fanout=1)     e  0.003   Mmux_counter[29]_counter[29]_mux_10_OUT_rs_cy<7>
    SLICE_X14Y54.COUT    Tbyp                  0.091   counter<11>
                                                       Mmux_counter[29]_counter[29]_mux_10_OUT_rs_cy<11>
    SLICE_X14Y55.CIN     net (fanout=1)     e  0.003   Mmux_counter[29]_counter[29]_mux_10_OUT_rs_cy<11>
    SLICE_X14Y55.COUT    Tbyp                  0.091   counter<15>
                                                       Mmux_counter[29]_counter[29]_mux_10_OUT_rs_cy<15>
    SLICE_X14Y56.CIN     net (fanout=1)     e  0.003   Mmux_counter[29]_counter[29]_mux_10_OUT_rs_cy<15>
    SLICE_X14Y56.COUT    Tbyp                  0.091   counter<19>
                                                       Mmux_counter[29]_counter[29]_mux_10_OUT_rs_cy<19>
    SLICE_X14Y57.CIN     net (fanout=1)     e  0.003   Mmux_counter[29]_counter[29]_mux_10_OUT_rs_cy<19>
    SLICE_X14Y57.COUT    Tbyp                  0.091   counter<23>
                                                       Mmux_counter[29]_counter[29]_mux_10_OUT_rs_cy<23>
    SLICE_X14Y58.CIN     net (fanout=1)     e  0.003   Mmux_counter[29]_counter[29]_mux_10_OUT_rs_cy<23>
    SLICE_X14Y58.COUT    Tbyp                  0.091   counter<27>
                                                       Mmux_counter[29]_counter[29]_mux_10_OUT_rs_cy<27>
    SLICE_X14Y59.CIN     net (fanout=1)     e  0.003   Mmux_counter[29]_counter[29]_mux_10_OUT_rs_cy<27>
    SLICE_X14Y59.CLK     Tcinck                0.240   counter<29>
                                                       Mmux_counter[29]_counter[29]_mux_10_OUT_rs_xor<29>
                                                       counter_28
    -------------------------------------------------  ---------------------------
    Total                                      2.251ns (1.734ns logic, 0.517ns route)
                                                       (77.0% logic, 23.0% route)

--------------------------------------------------------------------------------
Slack (setup path):     28.972ns (requirement - (data path - clock path skew + uncertainty))
  Source:               counter_1 (FF)
  Destination:          counter_28 (FF)
  Requirement:          31.250ns
  Data Path Delay:      2.243ns (Levels of Logic = 8)
  Clock Path Skew:      0.000ns
  Source Clock:         CLK_BUFGP rising at 0.000ns
  Destination Clock:    CLK_BUFGP rising at 31.250ns
  Clock Uncertainty:    0.035ns

  Clock Uncertainty:          0.035ns  ((TSJ^2 + TIJ^2)^1/2 + DJ) / 2 + PE
    Total System Jitter (TSJ):  0.070ns
    Total Input Jitter (TIJ):   0.000ns
    Discrete Jitter (DJ):       0.000ns
    Phase Error (PE):           0.000ns

  Maximum Data Path at Slow Process Corner: counter_1 to counter_28
    Location             Delay type         Delay(ns)  Physical Resource
                                                       Logical Resource(s)
    -------------------------------------------------  -------------------
    SLICE_X14Y52.BQ      Tcko                  0.476   counter<3>
                                                       counter_1
    SLICE_X14Y52.B4      net (fanout=1)     e  0.512   counter<1>
    SLICE_X14Y52.COUT    Topcyb                0.448   counter<3>
                                                       Mmux_counter[29]_counter[29]_mux_10_OUT_rs_lut<1>
                                                       Mmux_counter[29]_counter[29]_mux_10_OUT_rs_cy<3>
    SLICE_X14Y53.CIN     net (fanout=1)     e  0.003   Mmux_counter[29]_counter[29]_mux_10_OUT_rs_cy<3>
    SLICE_X14Y53.COUT    Tbyp                  0.091   counter<7>
                                                       Mmux_counter[29]_counter[29]_mux_10_OUT_rs_cy<7>
    SLICE_X14Y54.CIN     net (fanout=1)     e  0.003   Mmux_counter[29]_counter[29]_mux_10_OUT_rs_cy<7>
    SLICE_X14Y54.COUT    Tbyp                  0.091   counter<11>
                                                       Mmux_counter[29]_counter[29]_mux_10_OUT_rs_cy<11>
    SLICE_X14Y55.CIN     net (fanout=1)     e  0.003   Mmux_counter[29]_counter[29]_mux_10_OUT_rs_cy<11>
    SLICE_X14Y55.COUT    Tbyp                  0.091   counter<15>
                                                       Mmux_counter[29]_counter[29]_mux_10_OUT_rs_cy<15>
    SLICE_X14Y56.CIN     net (fanout=1)     e  0.003   Mmux_counter[29]_counter[29]_mux_10_OUT_rs_cy<15>
    SLICE_X14Y56.COUT    Tbyp                  0.091   counter<19>
                                                       Mmux_counter[29]_counter[29]_mux_10_OUT_rs_cy<19>
    SLICE_X14Y57.CIN     net (fanout=1)     e  0.003   Mmux_counter[29]_counter[29]_mux_10_OUT_rs_cy<19>
    SLICE_X14Y57.COUT    Tbyp                  0.091   counter<23>
                                                       Mmux_counter[29]_counter[29]_mux_10_OUT_rs_cy<23>
    SLICE_X14Y58.CIN     net (fanout=1)     e  0.003   Mmux_counter[29]_counter[29]_mux_10_OUT_rs_cy<23>
    SLICE_X14Y58.COUT    Tbyp                  0.091   counter<27>
                                                       Mmux_counter[29]_counter[29]_mux_10_OUT_rs_cy<27>
    SLICE_X14Y59.CIN     net (fanout=1)     e  0.003   Mmux_counter[29]_counter[29]_mux_10_OUT_rs_cy<27>
    SLICE_X14Y59.CLK     Tcinck                0.240   counter<29>
                                                       Mmux_counter[29]_counter[29]_mux_10_OUT_rs_xor<29>
                                                       counter_28
    -------------------------------------------------  ---------------------------
    Total                                      2.243ns (1.710ns logic, 0.533ns route)
                                                       (76.2% logic, 23.8% route)

--------------------------------------------------------------------------------

Paths for end point counter_26 (SLICE_X14Y58.CIN), 48 paths
--------------------------------------------------------------------------------
Slack (setup path):     28.956ns (requirement - (data path - clock path skew + uncertainty))
  Source:               counter_0 (FF)
  Destination:          counter_26 (FF)
  Requirement:          31.250ns
  Data Path Delay:      2.259ns (Levels of Logic = 7)
  Clock Path Skew:      0.000ns
  Source Clock:         CLK_BUFGP rising at 0.000ns
  Destination Clock:    CLK_BUFGP rising at 31.250ns
  Clock Uncertainty:    0.035ns

  Clock Uncertainty:          0.035ns  ((TSJ^2 + TIJ^2)^1/2 + DJ) / 2 + PE
    Total System Jitter (TSJ):  0.070ns
    Total Input Jitter (TIJ):   0.000ns
    Discrete Jitter (DJ):       0.000ns
    Phase Error (PE):           0.000ns

  Maximum Data Path at Slow Process Corner: counter_0 to counter_26
    Location             Delay type         Delay(ns)  Physical Resource
                                                       Logical Resource(s)
    -------------------------------------------------  -------------------
    SLICE_X14Y52.AQ      Tcko                  0.476   counter<3>
                                                       counter_0
    SLICE_X14Y52.A4      net (fanout=1)     e  0.496   counter<0>
    SLICE_X14Y52.COUT    Topcya                0.495   counter<3>
                                                       Mmux_counter[29]_counter[29]_mux_10_OUT_rs_A<0>_mand1
                                                       Mmux_counter[29]_counter[29]_mux_10_OUT_rs_cy<3>
    SLICE_X14Y53.CIN     net (fanout=1)     e  0.003   Mmux_counter[29]_counter[29]_mux_10_OUT_rs_cy<3>
    SLICE_X14Y53.COUT    Tbyp                  0.091   counter<7>
                                                       Mmux_counter[29]_counter[29]_mux_10_OUT_rs_cy<7>
    SLICE_X14Y54.CIN     net (fanout=1)     e  0.003   Mmux_counter[29]_counter[29]_mux_10_OUT_rs_cy<7>
    SLICE_X14Y54.COUT    Tbyp                  0.091   counter<11>
                                                       Mmux_counter[29]_counter[29]_mux_10_OUT_rs_cy<11>
    SLICE_X14Y55.CIN     net (fanout=1)     e  0.003   Mmux_counter[29]_counter[29]_mux_10_OUT_rs_cy<11>
    SLICE_X14Y55.COUT    Tbyp                  0.091   counter<15>
                                                       Mmux_counter[29]_counter[29]_mux_10_OUT_rs_cy<15>
    SLICE_X14Y56.CIN     net (fanout=1)     e  0.003   Mmux_counter[29]_counter[29]_mux_10_OUT_rs_cy<15>
    SLICE_X14Y56.COUT    Tbyp                  0.091   counter<19>
                                                       Mmux_counter[29]_counter[29]_mux_10_OUT_rs_cy<19>
    SLICE_X14Y57.CIN     net (fanout=1)     e  0.003   Mmux_counter[29]_counter[29]_mux_10_OUT_rs_cy<19>
    SLICE_X14Y57.COUT    Tbyp                  0.091   counter<23>
                                                       Mmux_counter[29]_counter[29]_mux_10_OUT_rs_cy<23>
    SLICE_X14Y58.CIN     net (fanout=1)     e  0.003   Mmux_counter[29]_counter[29]_mux_10_OUT_rs_cy<23>
    SLICE_X14Y58.CLK     Tcinck                0.319   counter<27>
                                                       Mmux_counter[29]_counter[29]_mux_10_OUT_rs_cy<27>
                                                       counter_26
    -------------------------------------------------  ---------------------------
    Total                                      2.259ns (1.745ns logic, 0.514ns route)
                                                       (77.2% logic, 22.8% route)

--------------------------------------------------------------------------------
Slack (setup path):     28.979ns (requirement - (data path - clock path skew + uncertainty))
  Source:               counter_0 (FF)
  Destination:          counter_26 (FF)
  Requirement:          31.250ns
  Data Path Delay:      2.236ns (Levels of Logic = 7)
  Clock Path Skew:      0.000ns
  Source Clock:         CLK_BUFGP rising at 0.000ns
  Destination Clock:    CLK_BUFGP rising at 31.250ns
  Clock Uncertainty:    0.035ns

  Clock Uncertainty:          0.035ns  ((TSJ^2 + TIJ^2)^1/2 + DJ) / 2 + PE
    Total System Jitter (TSJ):  0.070ns
    Total Input Jitter (TIJ):   0.000ns
    Discrete Jitter (DJ):       0.000ns
    Phase Error (PE):           0.000ns

  Maximum Data Path at Slow Process Corner: counter_0 to counter_26
    Location             Delay type         Delay(ns)  Physical Resource
                                                       Logical Resource(s)
    -------------------------------------------------  -------------------
    SLICE_X14Y52.AQ      Tcko                  0.476   counter<3>
                                                       counter_0
    SLICE_X14Y52.A4      net (fanout=1)     e  0.496   counter<0>
    SLICE_X14Y52.COUT    Topcya                0.472   counter<3>
                                                       Mmux_counter[29]_counter[29]_mux_10_OUT_rs_lut<0>1
                                                       Mmux_counter[29]_counter[29]_mux_10_OUT_rs_cy<3>
    SLICE_X14Y53.CIN     net (fanout=1)     e  0.003   Mmux_counter[29]_counter[29]_mux_10_OUT_rs_cy<3>
    SLICE_X14Y53.COUT    Tbyp                  0.091   counter<7>
                                                       Mmux_counter[29]_counter[29]_mux_10_OUT_rs_cy<7>
    SLICE_X14Y54.CIN     net (fanout=1)     e  0.003   Mmux_counter[29]_counter[29]_mux_10_OUT_rs_cy<7>
    SLICE_X14Y54.COUT    Tbyp                  0.091   counter<11>
                                                       Mmux_counter[29]_counter[29]_mux_10_OUT_rs_cy<11>
    SLICE_X14Y55.CIN     net (fanout=1)     e  0.003   Mmux_counter[29]_counter[29]_mux_10_OUT_rs_cy<11>
    SLICE_X14Y55.COUT    Tbyp                  0.091   counter<15>
                                                       Mmux_counter[29]_counter[29]_mux_10_OUT_rs_cy<15>
    SLICE_X14Y56.CIN     net (fanout=1)     e  0.003   Mmux_counter[29]_counter[29]_mux_10_OUT_rs_cy<15>
    SLICE_X14Y56.COUT    Tbyp                  0.091   counter<19>
                                                       Mmux_counter[29]_counter[29]_mux_10_OUT_rs_cy<19>
    SLICE_X14Y57.CIN     net (fanout=1)     e  0.003   Mmux_counter[29]_counter[29]_mux_10_OUT_rs_cy<19>
    SLICE_X14Y57.COUT    Tbyp                  0.091   counter<23>
                                                       Mmux_counter[29]_counter[29]_mux_10_OUT_rs_cy<23>
    SLICE_X14Y58.CIN     net (fanout=1)     e  0.003   Mmux_counter[29]_counter[29]_mux_10_OUT_rs_cy<23>
    SLICE_X14Y58.CLK     Tcinck                0.319   counter<27>
                                                       Mmux_counter[29]_counter[29]_mux_10_OUT_rs_cy<27>
                                                       counter_26
    -------------------------------------------------  ---------------------------
    Total                                      2.236ns (1.722ns logic, 0.514ns route)
                                                       (77.0% logic, 23.0% route)

--------------------------------------------------------------------------------
Slack (setup path):     28.987ns (requirement - (data path - clock path skew + uncertainty))
  Source:               counter_1 (FF)
  Destination:          counter_26 (FF)
  Requirement:          31.250ns
  Data Path Delay:      2.228ns (Levels of Logic = 7)
  Clock Path Skew:      0.000ns
  Source Clock:         CLK_BUFGP rising at 0.000ns
  Destination Clock:    CLK_BUFGP rising at 31.250ns
  Clock Uncertainty:    0.035ns

  Clock Uncertainty:          0.035ns  ((TSJ^2 + TIJ^2)^1/2 + DJ) / 2 + PE
    Total System Jitter (TSJ):  0.070ns
    Total Input Jitter (TIJ):   0.000ns
    Discrete Jitter (DJ):       0.000ns
    Phase Error (PE):           0.000ns

  Maximum Data Path at Slow Process Corner: counter_1 to counter_26
    Location             Delay type         Delay(ns)  Physical Resource
                                                       Logical Resource(s)
    -------------------------------------------------  -------------------
    SLICE_X14Y52.BQ      Tcko                  0.476   counter<3>
                                                       counter_1
    SLICE_X14Y52.B4      net (fanout=1)     e  0.512   counter<1>
    SLICE_X14Y52.COUT    Topcyb                0.448   counter<3>
                                                       Mmux_counter[29]_counter[29]_mux_10_OUT_rs_lut<1>
                                                       Mmux_counter[29]_counter[29]_mux_10_OUT_rs_cy<3>
    SLICE_X14Y53.CIN     net (fanout=1)     e  0.003   Mmux_counter[29]_counter[29]_mux_10_OUT_rs_cy<3>
    SLICE_X14Y53.COUT    Tbyp                  0.091   counter<7>
                                                       Mmux_counter[29]_counter[29]_mux_10_OUT_rs_cy<7>
    SLICE_X14Y54.CIN     net (fanout=1)     e  0.003   Mmux_counter[29]_counter[29]_mux_10_OUT_rs_cy<7>
    SLICE_X14Y54.COUT    Tbyp                  0.091   counter<11>
                                                       Mmux_counter[29]_counter[29]_mux_10_OUT_rs_cy<11>
    SLICE_X14Y55.CIN     net (fanout=1)     e  0.003   Mmux_counter[29]_counter[29]_mux_10_OUT_rs_cy<11>
    SLICE_X14Y55.COUT    Tbyp                  0.091   counter<15>
                                                       Mmux_counter[29]_counter[29]_mux_10_OUT_rs_cy<15>
    SLICE_X14Y56.CIN     net (fanout=1)     e  0.003   Mmux_counter[29]_counter[29]_mux_10_OUT_rs_cy<15>
    SLICE_X14Y56.COUT    Tbyp                  0.091   counter<19>
                                                       Mmux_counter[29]_counter[29]_mux_10_OUT_rs_cy<19>
    SLICE_X14Y57.CIN     net (fanout=1)     e  0.003   Mmux_counter[29]_counter[29]_mux_10_OUT_rs_cy<19>
    SLICE_X14Y57.COUT    Tbyp                  0.091   counter<23>
                                                       Mmux_counter[29]_counter[29]_mux_10_OUT_rs_cy<23>
    SLICE_X14Y58.CIN     net (fanout=1)     e  0.003   Mmux_counter[29]_counter[29]_mux_10_OUT_rs_cy<23>
    SLICE_X14Y58.CLK     Tcinck                0.319   counter<27>
                                                       Mmux_counter[29]_counter[29]_mux_10_OUT_rs_cy<27>
                                                       counter_26
    -------------------------------------------------  ---------------------------
    Total                                      2.228ns (1.698ns logic, 0.530ns route)
                                                       (76.2% logic, 23.8% route)

--------------------------------------------------------------------------------

Hold Paths: NET "CLK_BUFGP/IBUFG" PERIOD = 31.25 ns HIGH 50%;
--------------------------------------------------------------------------------

Paths for end point counter_3 (SLICE_X14Y52.D4), 1 path
--------------------------------------------------------------------------------
Slack (hold path):      0.928ns (requirement - (clock path skew + uncertainty - data path))
  Source:               counter_3 (FF)
  Destination:          counter_3 (FF)
  Requirement:          0.000ns
  Data Path Delay:      0.928ns (Levels of Logic = 1)
  Clock Path Skew:      0.000ns
  Source Clock:         CLK_BUFGP rising at 31.250ns
  Destination Clock:    CLK_BUFGP rising at 31.250ns
  Clock Uncertainty:    0.000ns

  Minimum Data Path at Fast Process Corner: counter_3 to counter_3
    Location             Delay type         Delay(ns)  Physical Resource
                                                       Logical Resource(s)
    -------------------------------------------------  -------------------
    SLICE_X14Y52.DQ      Tcko                  0.200   counter<3>
                                                       counter_3
    SLICE_X14Y52.D4      net (fanout=1)     e  0.491   counter<3>
    SLICE_X14Y52.CLK     Tah         (-Th)    -0.237   counter<3>
                                                       Mmux_counter[29]_counter[29]_mux_10_OUT_rs_lut<3>
                                                       Mmux_counter[29]_counter[29]_mux_10_OUT_rs_cy<3>
                                                       counter_3
    -------------------------------------------------  ---------------------------
    Total                                      0.928ns (0.437ns logic, 0.491ns route)
                                                       (47.1% logic, 52.9% route)

--------------------------------------------------------------------------------

Paths for end point counter_7 (SLICE_X14Y53.D4), 1 path
--------------------------------------------------------------------------------
Slack (hold path):      0.928ns (requirement - (clock path skew + uncertainty - data path))
  Source:               counter_7 (FF)
  Destination:          counter_7 (FF)
  Requirement:          0.000ns
  Data Path Delay:      0.928ns (Levels of Logic = 1)
  Clock Path Skew:      0.000ns
  Source Clock:         CLK_BUFGP rising at 31.250ns
  Destination Clock:    CLK_BUFGP rising at 31.250ns
  Clock Uncertainty:    0.000ns

  Minimum Data Path at Fast Process Corner: counter_7 to counter_7
    Location             Delay type         Delay(ns)  Physical Resource
                                                       Logical Resource(s)
    -------------------------------------------------  -------------------
    SLICE_X14Y53.DQ      Tcko                  0.200   counter<7>
                                                       counter_7
    SLICE_X14Y53.D4      net (fanout=1)     e  0.491   counter<7>
    SLICE_X14Y53.CLK     Tah         (-Th)    -0.237   counter<7>
                                                       Mmux_counter[29]_counter[29]_mux_10_OUT_rs_lut<7>
                                                       Mmux_counter[29]_counter[29]_mux_10_OUT_rs_cy<7>
                                                       counter_7
    -------------------------------------------------  ---------------------------
    Total                                      0.928ns (0.437ns logic, 0.491ns route)
                                                       (47.1% logic, 52.9% route)

--------------------------------------------------------------------------------

Paths for end point counter_11 (SLICE_X14Y54.D4), 1 path
--------------------------------------------------------------------------------
Slack (hold path):      0.928ns (requirement - (clock path skew + uncertainty - data path))
  Source:               counter_11 (FF)
  Destination:          counter_11 (FF)
  Requirement:          0.000ns
  Data Path Delay:      0.928ns (Levels of Logic = 1)
  Clock Path Skew:      0.000ns
  Source Clock:         CLK_BUFGP rising at 31.250ns
  Destination Clock:    CLK_BUFGP rising at 31.250ns
  Clock Uncertainty:    0.000ns

  Minimum Data Path at Fast Process Corner: counter_11 to counter_11
    Location             Delay type         Delay(ns)  Physical Resource
                                                       Logical Resource(s)
    -------------------------------------------------  -------------------
    SLICE_X14Y54.DQ      Tcko                  0.200   counter<11>
                                                       counter_11
    SLICE_X14Y54.D4      net (fanout=1)     e  0.491   counter<11>
    SLICE_X14Y54.CLK     Tah         (-Th)    -0.237   counter<11>
                                                       Mmux_counter[29]_counter[29]_mux_10_OUT_rs_lut<11>
                                                       Mmux_counter[29]_counter[29]_mux_10_OUT_rs_cy<11>
                                                       counter_11
    -------------------------------------------------  ---------------------------
    Total                                      0.928ns (0.437ns logic, 0.491ns route)
                                                       (47.1% logic, 52.9% route)

--------------------------------------------------------------------------------

Component Switching Limit Checks: NET "CLK_BUFGP/IBUFG" PERIOD = 31.25 ns HIGH 50%;
--------------------------------------------------------------------------------
Slack: 28.584ns (period - min period limit)
  Period: 31.250ns
  Min period limit: 2.666ns (375.094MHz) (Tbcper_I)
  Physical resource: CLK_BUFGP/BUFG/I0
  Logical resource: CLK_BUFGP/BUFG/I0
  Location pin: BUFGMUX_X2Y2.I0
  Clock network: CLK_BUFGP/IBUFG
--------------------------------------------------------------------------------
Slack: 30.775ns (period - min period limit)
  Period: 31.250ns
  Min period limit: 0.475ns (2105.263MHz) (Tcp)
  Physical resource: counter<3>/CLK
  Logical resource: counter_0/CK
  Location pin: SLICE_X14Y52.CLK
  Clock network: CLK_BUFGP
--------------------------------------------------------------------------------
Slack: 30.775ns (period - min period limit)
  Period: 31.250ns
  Min period limit: 0.475ns (2105.263MHz) (Tcp)
  Physical resource: counter<3>/CLK
  Logical resource: counter_1/CK
  Location pin: SLICE_X14Y52.CLK
  Clock network: CLK_BUFGP
--------------------------------------------------------------------------------


All constraints were met.


Data Sheet report:
-----------------
All values displayed in nanoseconds (ns)

Clock to Setup on destination clock CLK
---------------+---------+---------+---------+---------+
               | Src:Rise| Src:Fall| Src:Rise| Src:Fall|
Source Clock   |Dest:Rise|Dest:Rise|Dest:Fall|Dest:Fall|
---------------+---------+---------+---------+---------+
CLK            |    2.376|         |         |         |
---------------+---------+---------+---------+---------+


Timing summary:
---------------

Timing errors: 0  Score: 0  (Setup/Max: 0, Hold: 0)

Constraints cover 900 paths, 0 nets, and 46 connections

Design statistics:
   Minimum period:   2.666ns{1}   (Maximum frequency: 375.094MHz)


------------------------------------Footnotes-----------------------------------
1)  The minimum period statistic assumes all single cycle delays.

Analysis completed Wed Mar 20 22:28:53 2019 
--------------------------------------------------------------------------------

Trace Settings:
-------------------------
Trace Settings 

Peak Memory Usage: 4572 MB



