ARM GAS  C:\Users\holge\AppData\Local\Temp\ccZaZRNd.s 			page 1


   1              		.syntax unified
   2              		.cpu cortex-m3
   3              		.fpu softvfp
   4              		.eabi_attribute 20, 1
   5              		.eabi_attribute 21, 1
   6              		.eabi_attribute 23, 3
   7              		.eabi_attribute 24, 1
   8              		.eabi_attribute 25, 1
   9              		.eabi_attribute 26, 1
  10              		.eabi_attribute 30, 1
  11              		.eabi_attribute 34, 1
  12              		.eabi_attribute 18, 4
  13              		.thumb
  14              		.syntax unified
  15              		.file	"cymetadata.c"
  16              		.text
  17              	.Ltext0:
  18              		.cfi_sections	.debug_frame
  19              		.global	cy_metadata
  20              		.global	cy_meta_flashprotect
  21              		.global	cy_meta_wonvl
  22              		.global	cy_meta_custnvl
  23              		.global	cy_meta_configecc
  24              		.section	.cyconfigecc,"a",%progbits
  25              		.align	2
  26              		.type	cy_meta_configecc, %object
  27              		.size	cy_meta_configecc, 252
  28              	cy_meta_configecc:
  29 0000 01       		.byte	1
  30 0001 64       		.byte	100
  31 0002 00       		.byte	0
  32 0003 40       		.byte	64
  33 0004 01       		.byte	1
  34 0005 0B       		.byte	11
  35 0006 01       		.byte	1
  36 0007 40       		.byte	64
  37 0008 38       		.byte	56
  38 0009 0C       		.byte	12
  39 000a 01       		.byte	1
  40 000b 40       		.byte	64
  41 000c 28       		.byte	40
  42 000d 0D       		.byte	13
  43 000e 01       		.byte	1
  44 000f 40       		.byte	64
  45 0010 02       		.byte	2
  46 0011 45       		.byte	69
  47 0012 01       		.byte	1
  48 0013 40       		.byte	64
  49 0014 02       		.byte	2
  50 0015 46       		.byte	70
  51 0016 01       		.byte	1
  52 0017 40       		.byte	64
  53 0018 02       		.byte	2
  54 0019 50       		.byte	80
  55 001a 01       		.byte	1
  56 001b 40       		.byte	64
  57 001c 8C       		.byte	-116
ARM GAS  C:\Users\holge\AppData\Local\Temp\ccZaZRNd.s 			page 2


  58 001d 0F       		.byte	15
  59 001e B3       		.byte	-77
  60 001f 08       		.byte	8
  61 0020 01       		.byte	1
  62 0021 07       		.byte	7
  63 0022 02       		.byte	2
  64 0023 10       		.byte	16
  65 0024 0E       		.byte	14
  66 0025 02       		.byte	2
  67 0026 12       		.byte	18
  68 0027 04       		.byte	4
  69 0028 16       		.byte	22
  70 0029 08       		.byte	8
  71 002a 19       		.byte	25
  72 002b 04       		.byte	4
  73 002c 1A       		.byte	26
  74 002d 20       		.byte	32
  75 002e 1E       		.byte	30
  76 002f 28       		.byte	40
  77 0030 20       		.byte	32
  78 0031 05       		.byte	5
  79 0032 23       		.byte	35
  80 0033 01       		.byte	1
  81 0034 24       		.byte	36
  82 0035 03       		.byte	3
  83 0036 25       		.byte	37
  84 0037 07       		.byte	7
  85 0038 2B       		.byte	43
  86 0039 08       		.byte	8
  87 003a 30       		.byte	48
  88 003b 08       		.byte	8
  89 003c 31       		.byte	49
  90 003d 01       		.byte	1
  91 003e 32       		.byte	50
  92 003f 07       		.byte	7
  93 0040 33       		.byte	51
  94 0041 04       		.byte	4
  95 0042 34       		.byte	52
  96 0043 20       		.byte	32
  97 0044 35       		.byte	53
  98 0045 02       		.byte	2
  99 0046 36       		.byte	54
 100 0047 10       		.byte	16
 101 0048 37       		.byte	55
 102 0049 08       		.byte	8
 103 004a 3E       		.byte	62
 104 004b 14       		.byte	20
 105 004c 40       		.byte	64
 106 004d 10       		.byte	16
 107 004e 41       		.byte	65
 108 004f 04       		.byte	4
 109 0050 45       		.byte	69
 110 0051 D2       		.byte	-46
 111 0052 46       		.byte	70
 112 0053 52       		.byte	82
 113 0054 47       		.byte	71
 114 0055 41       		.byte	65
ARM GAS  C:\Users\holge\AppData\Local\Temp\ccZaZRNd.s 			page 3


 115 0056 48       		.byte	72
 116 0057 3F       		.byte	63
 117 0058 49       		.byte	73
 118 0059 FF       		.byte	-1
 119 005a 4A       		.byte	74
 120 005b FF       		.byte	-1
 121 005c 4B       		.byte	75
 122 005d FF       		.byte	-1
 123 005e 4D       		.byte	77
 124 005f A0       		.byte	-96
 125 0060 4F       		.byte	79
 126 0061 04       		.byte	4
 127 0062 50       		.byte	80
 128 0063 18       		.byte	24
 129 0064 54       		.byte	84
 130 0065 07       		.byte	7
 131 0066 58       		.byte	88
 132 0067 04       		.byte	4
 133 0068 59       		.byte	89
 134 0069 04       		.byte	4
 135 006a 5A       		.byte	90
 136 006b 04       		.byte	4
 137 006c 5B       		.byte	91
 138 006d 04       		.byte	4
 139 006e 5F       		.byte	95
 140 006f 01       		.byte	1
 141 0070 60       		.byte	96
 142 0071 40       		.byte	64
 143 0072 62       		.byte	98
 144 0073 C0       		.byte	-64
 145 0074 64       		.byte	100
 146 0075 40       		.byte	64
 147 0076 65       		.byte	101
 148 0077 40       		.byte	64
 149 0078 66       		.byte	102
 150 0079 C0       		.byte	-64
 151 007a 68       		.byte	104
 152 007b C0       		.byte	-64
 153 007c 6A       		.byte	106
 154 007d C0       		.byte	-64
 155 007e 6C       		.byte	108
 156 007f C0       		.byte	-64
 157 0080 6E       		.byte	110
 158 0081 C0       		.byte	-64
 159 0082 9C       		.byte	-100
 160 0083 01       		.byte	1
 161 0084 AA       		.byte	-86
 162 0085 01       		.byte	1
 163 0086 B6       		.byte	-74
 164 0087 01       		.byte	1
 165 0088 D2       		.byte	-46
 166 0089 80       		.byte	-128
 167 008a D8       		.byte	-40
 168 008b 04       		.byte	4
 169 008c DB       		.byte	-37
 170 008d 04       		.byte	4
 171 008e DF       		.byte	-33
ARM GAS  C:\Users\holge\AppData\Local\Temp\ccZaZRNd.s 			page 4


 172 008f 01       		.byte	1
 173 0090 04       		.byte	4
 174 0091 40       		.byte	64
 175 0092 06       		.byte	6
 176 0093 80       		.byte	-128
 177 0094 09       		.byte	9
 178 0095 40       		.byte	64
 179 0096 0C       		.byte	12
 180 0097 08       		.byte	8
 181 0098 0D       		.byte	13
 182 0099 82       		.byte	-126
 183 009a 0F       		.byte	15
 184 009b 08       		.byte	8
 185 009c 10       		.byte	16
 186 009d 08       		.byte	8
 187 009e 17       		.byte	23
 188 009f 05       		.byte	5
 189 00a0 19       		.byte	25
 190 00a1 80       		.byte	-128
 191 00a2 1C       		.byte	28
 192 00a3 40       		.byte	64
 193 00a4 1D       		.byte	29
 194 00a5 80       		.byte	-128
 195 00a6 1E       		.byte	30
 196 00a7 08       		.byte	8
 197 00a8 1F       		.byte	31
 198 00a9 88       		.byte	-120
 199 00aa 25       		.byte	37
 200 00ab 42       		.byte	66
 201 00ac 26       		.byte	38
 202 00ad 20       		.byte	32
 203 00ae 27       		.byte	39
 204 00af 20       		.byte	32
 205 00b0 2C       		.byte	44
 206 00b1 08       		.byte	8
 207 00b2 2F       		.byte	47
 208 00b3 A0       		.byte	-96
 209 00b4 36       		.byte	54
 210 00b5 20       		.byte	32
 211 00b6 3F       		.byte	63
 212 00b7 02       		.byte	2
 213 00b8 45       		.byte	69
 214 00b9 80       		.byte	-128
 215 00ba 46       		.byte	70
 216 00bb 40       		.byte	64
 217 00bc 4D       		.byte	77
 218 00bd 01       		.byte	1
 219 00be 4F       		.byte	79
 220 00bf 08       		.byte	8
 221 00c0 54       		.byte	84
 222 00c1 08       		.byte	8
 223 00c2 56       		.byte	86
 224 00c3 40       		.byte	64
 225 00c4 57       		.byte	87
 226 00c5 21       		.byte	33
 227 00c6 5D       		.byte	93
 228 00c7 81       		.byte	-127
ARM GAS  C:\Users\holge\AppData\Local\Temp\ccZaZRNd.s 			page 5


 229 00c8 5E       		.byte	94
 230 00c9 08       		.byte	8
 231 00ca 5F       		.byte	95
 232 00cb 20       		.byte	32
 233 00cc 6F       		.byte	111
 234 00cd 05       		.byte	5
 235 00ce 72       		.byte	114
 236 00cf 80       		.byte	-128
 237 00d0 C0       		.byte	-64
 238 00d1 90       		.byte	-112
 239 00d2 C2       		.byte	-62
 240 00d3 F1       		.byte	-15
 241 00d4 C4       		.byte	-60
 242 00d5 32       		.byte	50
 243 00d6 CA       		.byte	-54
 244 00d7 E0       		.byte	-32
 245 00d8 CC       		.byte	-52
 246 00d9 20       		.byte	32
 247 00da CE       		.byte	-50
 248 00db 80       		.byte	-128
 249 00dc D0       		.byte	-48
 250 00dd 90       		.byte	-112
 251 00de D6       		.byte	-42
 252 00df F0       		.byte	-16
 253 00e0 53       		.byte	83
 254 00e1 10       		.byte	16
 255 00e2 D4       		.byte	-44
 256 00e3 04       		.byte	4
 257 00e4 B3       		.byte	-77
 258 00e5 10       		.byte	16
 259 00e6 E8       		.byte	-24
 260 00e7 04       		.byte	4
 261 00e8 00       		.byte	0
 262 00e9 01       		.byte	1
 263 00ea 0E       		.byte	14
 264 00eb 01       		.byte	1
 265 00ec 00       		.byte	0
 266 00ed 0B       		.byte	11
 267 00ee 0B       		.byte	11
 268 00ef 00       		.byte	0
 269 00f0 00       		.byte	0
 270 00f1 00       		.byte	0
 271 00f2 00       		.byte	0
 272 00f3 00       		.byte	0
 273 00f4 00       		.byte	0
 274 00f5 02       		.byte	2
 275 00f6 02       		.byte	2
 276 00f7 00       		.byte	0
 277 00f8 02       		.byte	2
 278 00f9 00       		.byte	0
 279 00fa 00       		.byte	0
 280 00fb 00       		.byte	0
 281              		.section	.cywolatch,"a",%progbits
 282              		.align	2
 283              		.type	cy_meta_wonvl, %object
 284              		.size	cy_meta_wonvl, 4
 285              	cy_meta_wonvl:
ARM GAS  C:\Users\holge\AppData\Local\Temp\ccZaZRNd.s 			page 6


 286 0000 BC       		.byte	-68
 287 0001 90       		.byte	-112
 288 0002 AC       		.byte	-84
 289 0003 AF       		.byte	-81
 290              		.section	.cycustnvl,"a",%progbits
 291              		.align	2
 292              		.type	cy_meta_custnvl, %object
 293              		.size	cy_meta_custnvl, 4
 294              	cy_meta_custnvl:
 295 0000 00       		.byte	0
 296 0001 00       		.byte	0
 297 0002 40       		.byte	64
 298 0003 05       		.byte	5
 299              		.section	.cymeta,"a",%progbits
 300              		.align	2
 301              		.type	cy_metadata, %object
 302              		.size	cy_metadata, 12
 303              	cy_metadata:
 304 0000 00       		.byte	0
 305 0001 01       		.byte	1
 306 0002 2E       		.byte	46
 307 0003 16       		.byte	22
 308 0004 10       		.byte	16
 309 0005 69       		.byte	105
 310 0006 00       		.byte	0
 311 0007 01       		.byte	1
 312 0008 00       		.byte	0
 313 0009 00       		.byte	0
 314 000a 00       		.byte	0
 315 000b 00       		.byte	0
 316              		.section	.cyflashprotect,"a",%progbits
 317              		.align	2
 318              		.type	cy_meta_flashprotect, %object
 319              		.size	cy_meta_flashprotect, 256
 320              	cy_meta_flashprotect:
 321 0000 00000000 		.space	256
 321      00000000 
 321      00000000 
 321      00000000 
 321      00000000 
 322              		.text
 323              	.Letext0:
 324              		.file 1 "c:\\program files (x86)\\cypress\\psoc creator\\4.2\\psoc creator\\import\\gnu\\arm\\5.4.
 325              		.file 2 "c:\\program files (x86)\\cypress\\psoc creator\\4.2\\psoc creator\\import\\gnu\\arm\\5.4.
 326              		.file 3 "Generated_Source\\PSoC5\\cymetadata.c"
 327              		.section	.debug_info,"",%progbits
 328              	.Ldebug_info0:
 329 0000 30010000 		.4byte	0x130
 330 0004 0400     		.2byte	0x4
 331 0006 00000000 		.4byte	.Ldebug_abbrev0
 332 000a 04       		.byte	0x4
 333 000b 01       		.uleb128 0x1
 334 000c 24000000 		.4byte	.LASF17
 335 0010 0C       		.byte	0xc
 336 0011 10020000 		.4byte	.LASF18
 337 0015 D7000000 		.4byte	.LASF19
 338 0019 00000000 		.4byte	.Ldebug_line0
ARM GAS  C:\Users\holge\AppData\Local\Temp\ccZaZRNd.s 			page 7


 339 001d 02       		.uleb128 0x2
 340 001e 01       		.byte	0x1
 341 001f 06       		.byte	0x6
 342 0020 04020000 		.4byte	.LASF0
 343 0024 03       		.uleb128 0x3
 344 0025 00000000 		.4byte	.LASF9
 345 0029 01       		.byte	0x1
 346 002a 1D       		.byte	0x1d
 347 002b 2F000000 		.4byte	0x2f
 348 002f 02       		.uleb128 0x2
 349 0030 01       		.byte	0x1
 350 0031 08       		.byte	0x8
 351 0032 16000000 		.4byte	.LASF1
 352 0036 02       		.uleb128 0x2
 353 0037 02       		.byte	0x2
 354 0038 05       		.byte	0x5
 355 0039 F1010000 		.4byte	.LASF2
 356 003d 02       		.uleb128 0x2
 357 003e 02       		.byte	0x2
 358 003f 07       		.byte	0x7
 359 0040 C4000000 		.4byte	.LASF3
 360 0044 02       		.uleb128 0x2
 361 0045 04       		.byte	0x4
 362 0046 05       		.byte	0x5
 363 0047 FB010000 		.4byte	.LASF4
 364 004b 02       		.uleb128 0x2
 365 004c 04       		.byte	0x4
 366 004d 07       		.byte	0x7
 367 004e B2000000 		.4byte	.LASF5
 368 0052 02       		.uleb128 0x2
 369 0053 08       		.byte	0x8
 370 0054 05       		.byte	0x5
 371 0055 E3010000 		.4byte	.LASF6
 372 0059 02       		.uleb128 0x2
 373 005a 08       		.byte	0x8
 374 005b 07       		.byte	0x7
 375 005c 98010000 		.4byte	.LASF7
 376 0060 04       		.uleb128 0x4
 377 0061 04       		.byte	0x4
 378 0062 05       		.byte	0x5
 379 0063 696E7400 		.ascii	"int\000"
 380 0067 02       		.uleb128 0x2
 381 0068 04       		.byte	0x4
 382 0069 07       		.byte	0x7
 383 006a 8B010000 		.4byte	.LASF8
 384 006e 03       		.uleb128 0x3
 385 006f AF010000 		.4byte	.LASF10
 386 0073 02       		.byte	0x2
 387 0074 18       		.byte	0x18
 388 0075 24000000 		.4byte	0x24
 389 0079 05       		.uleb128 0x5
 390 007a 90000000 		.4byte	0x90
 391 007e 89000000 		.4byte	0x89
 392 0082 06       		.uleb128 0x6
 393 0083 89000000 		.4byte	0x89
 394 0087 FB       		.byte	0xfb
 395 0088 00       		.byte	0
ARM GAS  C:\Users\holge\AppData\Local\Temp\ccZaZRNd.s 			page 8


 396 0089 02       		.uleb128 0x2
 397 008a 04       		.byte	0x4
 398 008b 07       		.byte	0x7
 399 008c DA010000 		.4byte	.LASF11
 400 0090 07       		.uleb128 0x7
 401 0091 6E000000 		.4byte	0x6e
 402 0095 08       		.uleb128 0x8
 403 0096 79010000 		.4byte	.LASF12
 404 009a 03       		.byte	0x3
 405 009b 1F       		.byte	0x1f
 406 009c A6000000 		.4byte	0xa6
 407 00a0 05       		.uleb128 0x5
 408 00a1 03       		.byte	0x3
 409 00a2 00000000 		.4byte	cy_meta_configecc
 410 00a6 07       		.uleb128 0x7
 411 00a7 79000000 		.4byte	0x79
 412 00ab 05       		.uleb128 0x5
 413 00ac 90000000 		.4byte	0x90
 414 00b0 BB000000 		.4byte	0xbb
 415 00b4 06       		.uleb128 0x6
 416 00b5 89000000 		.4byte	0x89
 417 00b9 03       		.byte	0x3
 418 00ba 00       		.byte	0
 419 00bb 08       		.uleb128 0x8
 420 00bc 69010000 		.4byte	.LASF13
 421 00c0 03       		.byte	0x3
 422 00c1 4C       		.byte	0x4c
 423 00c2 CC000000 		.4byte	0xcc
 424 00c6 05       		.uleb128 0x5
 425 00c7 03       		.byte	0x3
 426 00c8 00000000 		.4byte	cy_meta_custnvl
 427 00cc 07       		.uleb128 0x7
 428 00cd AB000000 		.4byte	0xab
 429 00d1 08       		.uleb128 0x8
 430 00d2 CC010000 		.4byte	.LASF14
 431 00d6 03       		.byte	0x3
 432 00d7 5A       		.byte	0x5a
 433 00d8 E2000000 		.4byte	0xe2
 434 00dc 05       		.uleb128 0x5
 435 00dd 03       		.byte	0x3
 436 00de 00000000 		.4byte	cy_meta_wonvl
 437 00e2 07       		.uleb128 0x7
 438 00e3 AB000000 		.4byte	0xab
 439 00e7 05       		.uleb128 0x5
 440 00e8 90000000 		.4byte	0x90
 441 00ec F7000000 		.4byte	0xf7
 442 00f0 06       		.uleb128 0x6
 443 00f1 89000000 		.4byte	0x89
 444 00f5 FF       		.byte	0xff
 445 00f6 00       		.byte	0
 446 00f7 08       		.uleb128 0x8
 447 00f8 B7010000 		.4byte	.LASF15
 448 00fc 03       		.byte	0x3
 449 00fd 68       		.byte	0x68
 450 00fe 08010000 		.4byte	0x108
 451 0102 05       		.uleb128 0x5
 452 0103 03       		.byte	0x3
ARM GAS  C:\Users\holge\AppData\Local\Temp\ccZaZRNd.s 			page 9


 453 0104 00000000 		.4byte	cy_meta_flashprotect
 454 0108 07       		.uleb128 0x7
 455 0109 E7000000 		.4byte	0xe7
 456 010d 05       		.uleb128 0x5
 457 010e 90000000 		.4byte	0x90
 458 0112 1D010000 		.4byte	0x11d
 459 0116 06       		.uleb128 0x6
 460 0117 89000000 		.4byte	0x89
 461 011b 0B       		.byte	0xb
 462 011c 00       		.byte	0
 463 011d 08       		.uleb128 0x8
 464 011e 0A000000 		.4byte	.LASF16
 465 0122 03       		.byte	0x3
 466 0123 95       		.byte	0x95
 467 0124 2E010000 		.4byte	0x12e
 468 0128 05       		.uleb128 0x5
 469 0129 03       		.byte	0x3
 470 012a 00000000 		.4byte	cy_metadata
 471 012e 07       		.uleb128 0x7
 472 012f 0D010000 		.4byte	0x10d
 473 0133 00       		.byte	0
 474              		.section	.debug_abbrev,"",%progbits
 475              	.Ldebug_abbrev0:
 476 0000 01       		.uleb128 0x1
 477 0001 11       		.uleb128 0x11
 478 0002 01       		.byte	0x1
 479 0003 25       		.uleb128 0x25
 480 0004 0E       		.uleb128 0xe
 481 0005 13       		.uleb128 0x13
 482 0006 0B       		.uleb128 0xb
 483 0007 03       		.uleb128 0x3
 484 0008 0E       		.uleb128 0xe
 485 0009 1B       		.uleb128 0x1b
 486 000a 0E       		.uleb128 0xe
 487 000b 10       		.uleb128 0x10
 488 000c 17       		.uleb128 0x17
 489 000d 00       		.byte	0
 490 000e 00       		.byte	0
 491 000f 02       		.uleb128 0x2
 492 0010 24       		.uleb128 0x24
 493 0011 00       		.byte	0
 494 0012 0B       		.uleb128 0xb
 495 0013 0B       		.uleb128 0xb
 496 0014 3E       		.uleb128 0x3e
 497 0015 0B       		.uleb128 0xb
 498 0016 03       		.uleb128 0x3
 499 0017 0E       		.uleb128 0xe
 500 0018 00       		.byte	0
 501 0019 00       		.byte	0
 502 001a 03       		.uleb128 0x3
 503 001b 16       		.uleb128 0x16
 504 001c 00       		.byte	0
 505 001d 03       		.uleb128 0x3
 506 001e 0E       		.uleb128 0xe
 507 001f 3A       		.uleb128 0x3a
 508 0020 0B       		.uleb128 0xb
 509 0021 3B       		.uleb128 0x3b
ARM GAS  C:\Users\holge\AppData\Local\Temp\ccZaZRNd.s 			page 10


 510 0022 0B       		.uleb128 0xb
 511 0023 49       		.uleb128 0x49
 512 0024 13       		.uleb128 0x13
 513 0025 00       		.byte	0
 514 0026 00       		.byte	0
 515 0027 04       		.uleb128 0x4
 516 0028 24       		.uleb128 0x24
 517 0029 00       		.byte	0
 518 002a 0B       		.uleb128 0xb
 519 002b 0B       		.uleb128 0xb
 520 002c 3E       		.uleb128 0x3e
 521 002d 0B       		.uleb128 0xb
 522 002e 03       		.uleb128 0x3
 523 002f 08       		.uleb128 0x8
 524 0030 00       		.byte	0
 525 0031 00       		.byte	0
 526 0032 05       		.uleb128 0x5
 527 0033 01       		.uleb128 0x1
 528 0034 01       		.byte	0x1
 529 0035 49       		.uleb128 0x49
 530 0036 13       		.uleb128 0x13
 531 0037 01       		.uleb128 0x1
 532 0038 13       		.uleb128 0x13
 533 0039 00       		.byte	0
 534 003a 00       		.byte	0
 535 003b 06       		.uleb128 0x6
 536 003c 21       		.uleb128 0x21
 537 003d 00       		.byte	0
 538 003e 49       		.uleb128 0x49
 539 003f 13       		.uleb128 0x13
 540 0040 2F       		.uleb128 0x2f
 541 0041 0B       		.uleb128 0xb
 542 0042 00       		.byte	0
 543 0043 00       		.byte	0
 544 0044 07       		.uleb128 0x7
 545 0045 26       		.uleb128 0x26
 546 0046 00       		.byte	0
 547 0047 49       		.uleb128 0x49
 548 0048 13       		.uleb128 0x13
 549 0049 00       		.byte	0
 550 004a 00       		.byte	0
 551 004b 08       		.uleb128 0x8
 552 004c 34       		.uleb128 0x34
 553 004d 00       		.byte	0
 554 004e 03       		.uleb128 0x3
 555 004f 0E       		.uleb128 0xe
 556 0050 3A       		.uleb128 0x3a
 557 0051 0B       		.uleb128 0xb
 558 0052 3B       		.uleb128 0x3b
 559 0053 0B       		.uleb128 0xb
 560 0054 49       		.uleb128 0x49
 561 0055 13       		.uleb128 0x13
 562 0056 3F       		.uleb128 0x3f
 563 0057 19       		.uleb128 0x19
 564 0058 02       		.uleb128 0x2
 565 0059 18       		.uleb128 0x18
 566 005a 00       		.byte	0
ARM GAS  C:\Users\holge\AppData\Local\Temp\ccZaZRNd.s 			page 11


 567 005b 00       		.byte	0
 568 005c 00       		.byte	0
 569              		.section	.debug_aranges,"",%progbits
 570 0000 14000000 		.4byte	0x14
 571 0004 0200     		.2byte	0x2
 572 0006 00000000 		.4byte	.Ldebug_info0
 573 000a 04       		.byte	0x4
 574 000b 00       		.byte	0
 575 000c 0000     		.2byte	0
 576 000e 0000     		.2byte	0
 577 0010 00000000 		.4byte	0
 578 0014 00000000 		.4byte	0
 579              		.section	.debug_line,"",%progbits
 580              	.Ldebug_line0:
 581 0000 3D010000 		.section	.debug_str,"MS",%progbits,1
 581      02003701 
 581      00000201 
 581      FB0E0D00 
 581      01010101 
 582              	.LASF9:
 583 0000 5F5F7569 		.ascii	"__uint8_t\000"
 583      6E74385F 
 583      7400
 584              	.LASF16:
 585 000a 63795F6D 		.ascii	"cy_metadata\000"
 585      65746164 
 585      61746100 
 586              	.LASF1:
 587 0016 756E7369 		.ascii	"unsigned char\000"
 587      676E6564 
 587      20636861 
 587      7200
 588              	.LASF17:
 589 0024 474E5520 		.ascii	"GNU C11 5.4.1 20160609 (release) [ARM/embedded-5-br"
 589      43313120 
 589      352E342E 
 589      31203230 
 589      31363036 
 590 0057 616E6368 		.ascii	"anch revision 237715] -mcpu=cortex-m3 -mthumb -g -O"
 590      20726576 
 590      6973696F 
 590      6E203233 
 590      37373135 
 591 008a 67202D66 		.ascii	"g -ffunction-sections -ffat-lto-objects\000"
 591      66756E63 
 591      74696F6E 
 591      2D736563 
 591      74696F6E 
 592              	.LASF5:
 593 00b2 6C6F6E67 		.ascii	"long unsigned int\000"
 593      20756E73 
 593      69676E65 
 593      6420696E 
 593      7400
 594              	.LASF3:
 595 00c4 73686F72 		.ascii	"short unsigned int\000"
 595      7420756E 
ARM GAS  C:\Users\holge\AppData\Local\Temp\ccZaZRNd.s 			page 12


 595      7369676E 
 595      65642069 
 595      6E7400
 596              	.LASF19:
 597 00d7 433A5C55 		.ascii	"C:\\Users\\holge\\OneDrive\\AAU - Elektronik og IT\\"
 597      73657273 
 597      5C686F6C 
 597      67655C4F 
 597      6E654472 
 598 0106 342E2073 		.ascii	"4. semester\\Digital Design\\digital-design\\PSoC\\"
 598      656D6573 
 598      7465725C 
 598      44696769 
 598      74616C20 
 599 0135 63797072 		.ascii	"cypress_PsOC_5LP\\Workspace01\\Control_register.cyd"
 599      6573735F 
 599      50734F43 
 599      5F354C50 
 599      5C576F72 
 600 0166 736E00   		.ascii	"sn\000"
 601              	.LASF13:
 602 0169 63795F6D 		.ascii	"cy_meta_custnvl\000"
 602      6574615F 
 602      63757374 
 602      6E766C00 
 603              	.LASF12:
 604 0179 63795F6D 		.ascii	"cy_meta_configecc\000"
 604      6574615F 
 604      636F6E66 
 604      69676563 
 604      6300
 605              	.LASF8:
 606 018b 756E7369 		.ascii	"unsigned int\000"
 606      676E6564 
 606      20696E74 
 606      00
 607              	.LASF7:
 608 0198 6C6F6E67 		.ascii	"long long unsigned int\000"
 608      206C6F6E 
 608      6720756E 
 608      7369676E 
 608      65642069 
 609              	.LASF10:
 610 01af 75696E74 		.ascii	"uint8_t\000"
 610      385F7400 
 611              	.LASF15:
 612 01b7 63795F6D 		.ascii	"cy_meta_flashprotect\000"
 612      6574615F 
 612      666C6173 
 612      6870726F 
 612      74656374 
 613              	.LASF14:
 614 01cc 63795F6D 		.ascii	"cy_meta_wonvl\000"
 614      6574615F 
 614      776F6E76 
 614      6C00
 615              	.LASF11:
ARM GAS  C:\Users\holge\AppData\Local\Temp\ccZaZRNd.s 			page 13


 616 01da 73697A65 		.ascii	"sizetype\000"
 616      74797065 
 616      00
 617              	.LASF6:
 618 01e3 6C6F6E67 		.ascii	"long long int\000"
 618      206C6F6E 
 618      6720696E 
 618      7400
 619              	.LASF2:
 620 01f1 73686F72 		.ascii	"short int\000"
 620      7420696E 
 620      7400
 621              	.LASF4:
 622 01fb 6C6F6E67 		.ascii	"long int\000"
 622      20696E74 
 622      00
 623              	.LASF0:
 624 0204 7369676E 		.ascii	"signed char\000"
 624      65642063 
 624      68617200 
 625              	.LASF18:
 626 0210 47656E65 		.ascii	"Generated_Source\\PSoC5\\cymetadata.c\000"
 626      72617465 
 626      645F536F 
 626      75726365 
 626      5C50536F 
 627              		.ident	"GCC: (GNU Tools for ARM Embedded Processors) 5.4.1 20160609 (release) [ARM/embedded-5-bran
