ARM GAS  C:\Users\holge\AppData\Local\Temp\ccZ3Uekv.s 			page 1


   1              		.syntax unified
   2              		.cpu cortex-m3
   3              		.fpu softvfp
   4              		.eabi_attribute 20, 1
   5              		.eabi_attribute 21, 1
   6              		.eabi_attribute 23, 3
   7              		.eabi_attribute 24, 1
   8              		.eabi_attribute 25, 1
   9              		.eabi_attribute 26, 1
  10              		.eabi_attribute 30, 1
  11              		.eabi_attribute 34, 1
  12              		.eabi_attribute 18, 4
  13              		.thumb
  14              		.syntax unified
  15              		.file	"main.c"
  16              		.text
  17              	.Ltext0:
  18              		.cfi_sections	.debug_frame
  19              		.section	.text.main,"ax",%progbits
  20              		.align	2
  21              		.global	main
  22              		.thumb
  23              		.thumb_func
  24              		.type	main, %function
  25              	main:
  26              	.LFB63:
  27              		.file 1 "main.c"
   1:main.c        **** /* ========================================
   2:main.c        ****  *
   3:main.c        ****  * Copyright YOUR COMPANY, THE YEAR
   4:main.c        ****  * All Rights Reserved
   5:main.c        ****  * UNPUBLISHED, LICENSED SOFTWARE.
   6:main.c        ****  *
   7:main.c        ****  * CONFIDENTIAL AND PROPRIETARY INFORMATION
   8:main.c        ****  * WHICH IS THE PROPERTY OF your company.
   9:main.c        ****  *
  10:main.c        ****  * ========================================
  11:main.c        **** */
  12:main.c        **** #include "project.h"
  13:main.c        **** 
  14:main.c        **** #define NUM_CHANNELS    (4)
  15:main.c        **** int main(void)
  16:main.c        **** {
  28              		.loc 1 16 0
  29              		.cfi_startproc
  30              		@ args = 0, pretend = 0, frame = 0
  31              		@ frame_needed = 0, uses_anonymous_args = 0
  32 0000 10B5     		push	{r4, lr}
  33              		.cfi_def_cfa_offset 8
  34              		.cfi_offset 4, -8
  35              		.cfi_offset 14, -4
  36              	.LVL0:
  17:main.c        ****     uint8 ctlval = 0;
  18:main.c        ****     CyGlobalIntEnable; /* Enable global interrupts. */
  37              		.loc 1 18 0
  38              		.syntax unified
  39              	@ 18 "main.c" 1
ARM GAS  C:\Users\holge\AppData\Local\Temp\ccZ3Uekv.s 			page 2


  40 0002 62B6     		CPSIE   i
  41              	@ 0 "" 2
  19:main.c        **** 
  20:main.c        ****     /* Place your initialization/startup code here (e.g. MyInst_Start()) */
  21:main.c        ****     PWM_1_Start();
  42              		.loc 1 21 0
  43              		.thumb
  44              		.syntax unified
  45 0004 FFF7FEFF 		bl	PWM_1_Start
  46              	.LVL1:
  17:main.c        ****     uint8 ctlval = 0;
  47              		.loc 1 17 0
  48 0008 0024     		movs	r4, #0
  49              	.LVL2:
  50              	.L3:
  22:main.c        ****     for(;;)
  23:main.c        ****     {
  24:main.c        ****         /* Place your application code here. */
  25:main.c        ****         Control_Reg_1_Write(ctlval);
  51              		.loc 1 25 0
  52 000a 2046     		mov	r0, r4
  53 000c FFF7FEFF 		bl	Control_Reg_1_Write
  54              	.LVL3:
  26:main.c        ****         ctlval++;
  55              		.loc 1 26 0
  56 0010 0134     		adds	r4, r4, #1
  57              	.LVL4:
  58 0012 E4B2     		uxtb	r4, r4
  59              	.LVL5:
  27:main.c        ****         if(ctlval >= NUM_CHANNELS) ctlval = 0;
  60              		.loc 1 27 0
  61 0014 032C     		cmp	r4, #3
  62 0016 00D9     		bls	.L2
  63 0018 0024     		movs	r4, #0
  64              	.LVL6:
  65              	.L2:
  28:main.c        ****         CyDelay(1000);
  66              		.loc 1 28 0
  67 001a 4FF47A70 		mov	r0, #1000
  68 001e FFF7FEFF 		bl	CyDelay
  69              	.LVL7:
  29:main.c        ****     }
  70              		.loc 1 29 0
  71 0022 F2E7     		b	.L3
  72              		.cfi_endproc
  73              	.LFE63:
  74              		.size	main, .-main
  75              		.text
  76              	.Letext0:
  77              		.file 2 "c:\\program files (x86)\\cypress\\psoc creator\\4.2\\psoc creator\\import\\gnu\\arm\\5.4.
  78              		.file 3 "c:\\program files (x86)\\cypress\\psoc creator\\4.2\\psoc creator\\import\\gnu\\arm\\5.4.
  79              		.file 4 "Generated_Source\\PSoC5/cytypes.h"
  80              		.file 5 "Generated_Source\\PSoC5/PWM_1.h"
  81              		.file 6 "Generated_Source\\PSoC5/Control_Reg_1.h"
  82              		.file 7 "Generated_Source\\PSoC5/CyLib.h"
  83              		.file 8 "Generated_Source\\PSoC5/core_cm3.h"
  84              		.section	.debug_info,"",%progbits
ARM GAS  C:\Users\holge\AppData\Local\Temp\ccZ3Uekv.s 			page 3


  85              	.Ldebug_info0:
  86 0000 36010000 		.4byte	0x136
  87 0004 0400     		.2byte	0x4
  88 0006 00000000 		.4byte	.Ldebug_abbrev0
  89 000a 04       		.byte	0x4
  90 000b 01       		.uleb128 0x1
  91 000c CA000000 		.4byte	.LASF20
  92 0010 0C       		.byte	0xc
  93 0011 B2000000 		.4byte	.LASF21
  94 0015 00000000 		.4byte	.LASF22
  95 0019 00000000 		.4byte	.Ldebug_ranges0+0
  96 001d 00000000 		.4byte	0
  97 0021 00000000 		.4byte	.Ldebug_line0
  98 0025 02       		.uleb128 0x2
  99 0026 01       		.byte	0x1
 100 0027 06       		.byte	0x6
 101 0028 E8010000 		.4byte	.LASF0
 102 002c 02       		.uleb128 0x2
 103 002d 01       		.byte	0x1
 104 002e 08       		.byte	0x8
 105 002f A4010000 		.4byte	.LASF1
 106 0033 02       		.uleb128 0x2
 107 0034 02       		.byte	0x2
 108 0035 05       		.byte	0x5
 109 0036 10020000 		.4byte	.LASF2
 110 003a 02       		.uleb128 0x2
 111 003b 02       		.byte	0x2
 112 003c 07       		.byte	0x7
 113 003d 92000000 		.4byte	.LASF3
 114 0041 03       		.uleb128 0x3
 115 0042 00020000 		.4byte	.LASF9
 116 0046 02       		.byte	0x2
 117 0047 3F       		.byte	0x3f
 118 0048 4C000000 		.4byte	0x4c
 119 004c 02       		.uleb128 0x2
 120 004d 04       		.byte	0x4
 121 004e 05       		.byte	0x5
 122 004f B7010000 		.4byte	.LASF4
 123 0053 02       		.uleb128 0x2
 124 0054 04       		.byte	0x4
 125 0055 07       		.byte	0x7
 126 0056 74010000 		.4byte	.LASF5
 127 005a 02       		.uleb128 0x2
 128 005b 08       		.byte	0x8
 129 005c 05       		.byte	0x5
 130 005d CD010000 		.4byte	.LASF6
 131 0061 02       		.uleb128 0x2
 132 0062 08       		.byte	0x8
 133 0063 07       		.byte	0x7
 134 0064 86010000 		.4byte	.LASF7
 135 0068 04       		.uleb128 0x4
 136 0069 04       		.byte	0x4
 137 006a 05       		.byte	0x5
 138 006b 696E7400 		.ascii	"int\000"
 139 006f 02       		.uleb128 0x2
 140 0070 04       		.byte	0x4
 141 0071 07       		.byte	0x7
ARM GAS  C:\Users\holge\AppData\Local\Temp\ccZ3Uekv.s 			page 4


 142 0072 A5000000 		.4byte	.LASF8
 143 0076 03       		.uleb128 0x3
 144 0077 1A020000 		.4byte	.LASF10
 145 007b 03       		.byte	0x3
 146 007c 2C       		.byte	0x2c
 147 007d 41000000 		.4byte	0x41
 148 0081 05       		.uleb128 0x5
 149 0082 C7010000 		.4byte	.LASF11
 150 0086 04       		.byte	0x4
 151 0087 E401     		.2byte	0x1e4
 152 0089 2C000000 		.4byte	0x2c
 153 008d 02       		.uleb128 0x2
 154 008e 04       		.byte	0x4
 155 008f 04       		.byte	0x4
 156 0090 0A020000 		.4byte	.LASF12
 157 0094 02       		.uleb128 0x2
 158 0095 08       		.byte	0x8
 159 0096 04       		.byte	0x4
 160 0097 C0010000 		.4byte	.LASF13
 161 009b 02       		.uleb128 0x2
 162 009c 01       		.byte	0x1
 163 009d 08       		.byte	0x8
 164 009e B2010000 		.4byte	.LASF14
 165 00a2 02       		.uleb128 0x2
 166 00a3 08       		.byte	0x8
 167 00a4 04       		.byte	0x4
 168 00a5 F4010000 		.4byte	.LASF15
 169 00a9 02       		.uleb128 0x2
 170 00aa 04       		.byte	0x4
 171 00ab 07       		.byte	0x7
 172 00ac 22020000 		.4byte	.LASF16
 173 00b0 06       		.uleb128 0x6
 174 00b1 B9000000 		.4byte	.LASF23
 175 00b5 01       		.byte	0x1
 176 00b6 0F       		.byte	0xf
 177 00b7 68000000 		.4byte	0x68
 178 00bb 00000000 		.4byte	.LFB63
 179 00bf 24000000 		.4byte	.LFE63-.LFB63
 180 00c3 01       		.uleb128 0x1
 181 00c4 9C       		.byte	0x9c
 182 00c5 07010000 		.4byte	0x107
 183 00c9 07       		.uleb128 0x7
 184 00ca 9D010000 		.4byte	.LASF24
 185 00ce 01       		.byte	0x1
 186 00cf 11       		.byte	0x11
 187 00d0 81000000 		.4byte	0x81
 188 00d4 00000000 		.4byte	.LLST0
 189 00d8 08       		.uleb128 0x8
 190 00d9 08000000 		.4byte	.LVL1
 191 00dd 18010000 		.4byte	0x118
 192 00e1 09       		.uleb128 0x9
 193 00e2 10000000 		.4byte	.LVL3
 194 00e6 23010000 		.4byte	0x123
 195 00ea F5000000 		.4byte	0xf5
 196 00ee 0A       		.uleb128 0xa
 197 00ef 01       		.uleb128 0x1
 198 00f0 50       		.byte	0x50
ARM GAS  C:\Users\holge\AppData\Local\Temp\ccZ3Uekv.s 			page 5


 199 00f1 02       		.uleb128 0x2
 200 00f2 74       		.byte	0x74
 201 00f3 00       		.sleb128 0
 202 00f4 00       		.byte	0
 203 00f5 0B       		.uleb128 0xb
 204 00f6 22000000 		.4byte	.LVL7
 205 00fa 2E010000 		.4byte	0x12e
 206 00fe 0A       		.uleb128 0xa
 207 00ff 01       		.uleb128 0x1
 208 0100 50       		.byte	0x50
 209 0101 03       		.uleb128 0x3
 210 0102 0A       		.byte	0xa
 211 0103 E803     		.2byte	0x3e8
 212 0105 00       		.byte	0
 213 0106 00       		.byte	0
 214 0107 0C       		.uleb128 0xc
 215 0108 DB010000 		.4byte	.LASF25
 216 010c 08       		.byte	0x8
 217 010d 1207     		.2byte	0x712
 218 010f 13010000 		.4byte	0x113
 219 0113 0D       		.uleb128 0xd
 220 0114 76000000 		.4byte	0x76
 221 0118 0E       		.uleb128 0xe
 222 0119 BE000000 		.4byte	.LASF17
 223 011d BE000000 		.4byte	.LASF17
 224 0121 05       		.byte	0x5
 225 0122 92       		.byte	0x92
 226 0123 0E       		.uleb128 0xe
 227 0124 60010000 		.4byte	.LASF18
 228 0128 60010000 		.4byte	.LASF18
 229 012c 06       		.byte	0x6
 230 012d 2F       		.byte	0x2f
 231 012e 0E       		.uleb128 0xe
 232 012f 58010000 		.4byte	.LASF19
 233 0133 58010000 		.4byte	.LASF19
 234 0137 07       		.byte	0x7
 235 0138 76       		.byte	0x76
 236 0139 00       		.byte	0
 237              		.section	.debug_abbrev,"",%progbits
 238              	.Ldebug_abbrev0:
 239 0000 01       		.uleb128 0x1
 240 0001 11       		.uleb128 0x11
 241 0002 01       		.byte	0x1
 242 0003 25       		.uleb128 0x25
 243 0004 0E       		.uleb128 0xe
 244 0005 13       		.uleb128 0x13
 245 0006 0B       		.uleb128 0xb
 246 0007 03       		.uleb128 0x3
 247 0008 0E       		.uleb128 0xe
 248 0009 1B       		.uleb128 0x1b
 249 000a 0E       		.uleb128 0xe
 250 000b 55       		.uleb128 0x55
 251 000c 17       		.uleb128 0x17
 252 000d 11       		.uleb128 0x11
 253 000e 01       		.uleb128 0x1
 254 000f 10       		.uleb128 0x10
 255 0010 17       		.uleb128 0x17
ARM GAS  C:\Users\holge\AppData\Local\Temp\ccZ3Uekv.s 			page 6


 256 0011 00       		.byte	0
 257 0012 00       		.byte	0
 258 0013 02       		.uleb128 0x2
 259 0014 24       		.uleb128 0x24
 260 0015 00       		.byte	0
 261 0016 0B       		.uleb128 0xb
 262 0017 0B       		.uleb128 0xb
 263 0018 3E       		.uleb128 0x3e
 264 0019 0B       		.uleb128 0xb
 265 001a 03       		.uleb128 0x3
 266 001b 0E       		.uleb128 0xe
 267 001c 00       		.byte	0
 268 001d 00       		.byte	0
 269 001e 03       		.uleb128 0x3
 270 001f 16       		.uleb128 0x16
 271 0020 00       		.byte	0
 272 0021 03       		.uleb128 0x3
 273 0022 0E       		.uleb128 0xe
 274 0023 3A       		.uleb128 0x3a
 275 0024 0B       		.uleb128 0xb
 276 0025 3B       		.uleb128 0x3b
 277 0026 0B       		.uleb128 0xb
 278 0027 49       		.uleb128 0x49
 279 0028 13       		.uleb128 0x13
 280 0029 00       		.byte	0
 281 002a 00       		.byte	0
 282 002b 04       		.uleb128 0x4
 283 002c 24       		.uleb128 0x24
 284 002d 00       		.byte	0
 285 002e 0B       		.uleb128 0xb
 286 002f 0B       		.uleb128 0xb
 287 0030 3E       		.uleb128 0x3e
 288 0031 0B       		.uleb128 0xb
 289 0032 03       		.uleb128 0x3
 290 0033 08       		.uleb128 0x8
 291 0034 00       		.byte	0
 292 0035 00       		.byte	0
 293 0036 05       		.uleb128 0x5
 294 0037 16       		.uleb128 0x16
 295 0038 00       		.byte	0
 296 0039 03       		.uleb128 0x3
 297 003a 0E       		.uleb128 0xe
 298 003b 3A       		.uleb128 0x3a
 299 003c 0B       		.uleb128 0xb
 300 003d 3B       		.uleb128 0x3b
 301 003e 05       		.uleb128 0x5
 302 003f 49       		.uleb128 0x49
 303 0040 13       		.uleb128 0x13
 304 0041 00       		.byte	0
 305 0042 00       		.byte	0
 306 0043 06       		.uleb128 0x6
 307 0044 2E       		.uleb128 0x2e
 308 0045 01       		.byte	0x1
 309 0046 3F       		.uleb128 0x3f
 310 0047 19       		.uleb128 0x19
 311 0048 03       		.uleb128 0x3
 312 0049 0E       		.uleb128 0xe
ARM GAS  C:\Users\holge\AppData\Local\Temp\ccZ3Uekv.s 			page 7


 313 004a 3A       		.uleb128 0x3a
 314 004b 0B       		.uleb128 0xb
 315 004c 3B       		.uleb128 0x3b
 316 004d 0B       		.uleb128 0xb
 317 004e 27       		.uleb128 0x27
 318 004f 19       		.uleb128 0x19
 319 0050 49       		.uleb128 0x49
 320 0051 13       		.uleb128 0x13
 321 0052 8701     		.uleb128 0x87
 322 0054 19       		.uleb128 0x19
 323 0055 11       		.uleb128 0x11
 324 0056 01       		.uleb128 0x1
 325 0057 12       		.uleb128 0x12
 326 0058 06       		.uleb128 0x6
 327 0059 40       		.uleb128 0x40
 328 005a 18       		.uleb128 0x18
 329 005b 9742     		.uleb128 0x2117
 330 005d 19       		.uleb128 0x19
 331 005e 01       		.uleb128 0x1
 332 005f 13       		.uleb128 0x13
 333 0060 00       		.byte	0
 334 0061 00       		.byte	0
 335 0062 07       		.uleb128 0x7
 336 0063 34       		.uleb128 0x34
 337 0064 00       		.byte	0
 338 0065 03       		.uleb128 0x3
 339 0066 0E       		.uleb128 0xe
 340 0067 3A       		.uleb128 0x3a
 341 0068 0B       		.uleb128 0xb
 342 0069 3B       		.uleb128 0x3b
 343 006a 0B       		.uleb128 0xb
 344 006b 49       		.uleb128 0x49
 345 006c 13       		.uleb128 0x13
 346 006d 02       		.uleb128 0x2
 347 006e 17       		.uleb128 0x17
 348 006f 00       		.byte	0
 349 0070 00       		.byte	0
 350 0071 08       		.uleb128 0x8
 351 0072 898201   		.uleb128 0x4109
 352 0075 00       		.byte	0
 353 0076 11       		.uleb128 0x11
 354 0077 01       		.uleb128 0x1
 355 0078 31       		.uleb128 0x31
 356 0079 13       		.uleb128 0x13
 357 007a 00       		.byte	0
 358 007b 00       		.byte	0
 359 007c 09       		.uleb128 0x9
 360 007d 898201   		.uleb128 0x4109
 361 0080 01       		.byte	0x1
 362 0081 11       		.uleb128 0x11
 363 0082 01       		.uleb128 0x1
 364 0083 31       		.uleb128 0x31
 365 0084 13       		.uleb128 0x13
 366 0085 01       		.uleb128 0x1
 367 0086 13       		.uleb128 0x13
 368 0087 00       		.byte	0
 369 0088 00       		.byte	0
ARM GAS  C:\Users\holge\AppData\Local\Temp\ccZ3Uekv.s 			page 8


 370 0089 0A       		.uleb128 0xa
 371 008a 8A8201   		.uleb128 0x410a
 372 008d 00       		.byte	0
 373 008e 02       		.uleb128 0x2
 374 008f 18       		.uleb128 0x18
 375 0090 9142     		.uleb128 0x2111
 376 0092 18       		.uleb128 0x18
 377 0093 00       		.byte	0
 378 0094 00       		.byte	0
 379 0095 0B       		.uleb128 0xb
 380 0096 898201   		.uleb128 0x4109
 381 0099 01       		.byte	0x1
 382 009a 11       		.uleb128 0x11
 383 009b 01       		.uleb128 0x1
 384 009c 31       		.uleb128 0x31
 385 009d 13       		.uleb128 0x13
 386 009e 00       		.byte	0
 387 009f 00       		.byte	0
 388 00a0 0C       		.uleb128 0xc
 389 00a1 34       		.uleb128 0x34
 390 00a2 00       		.byte	0
 391 00a3 03       		.uleb128 0x3
 392 00a4 0E       		.uleb128 0xe
 393 00a5 3A       		.uleb128 0x3a
 394 00a6 0B       		.uleb128 0xb
 395 00a7 3B       		.uleb128 0x3b
 396 00a8 05       		.uleb128 0x5
 397 00a9 49       		.uleb128 0x49
 398 00aa 13       		.uleb128 0x13
 399 00ab 3F       		.uleb128 0x3f
 400 00ac 19       		.uleb128 0x19
 401 00ad 3C       		.uleb128 0x3c
 402 00ae 19       		.uleb128 0x19
 403 00af 00       		.byte	0
 404 00b0 00       		.byte	0
 405 00b1 0D       		.uleb128 0xd
 406 00b2 35       		.uleb128 0x35
 407 00b3 00       		.byte	0
 408 00b4 49       		.uleb128 0x49
 409 00b5 13       		.uleb128 0x13
 410 00b6 00       		.byte	0
 411 00b7 00       		.byte	0
 412 00b8 0E       		.uleb128 0xe
 413 00b9 2E       		.uleb128 0x2e
 414 00ba 00       		.byte	0
 415 00bb 3F       		.uleb128 0x3f
 416 00bc 19       		.uleb128 0x19
 417 00bd 3C       		.uleb128 0x3c
 418 00be 19       		.uleb128 0x19
 419 00bf 6E       		.uleb128 0x6e
 420 00c0 0E       		.uleb128 0xe
 421 00c1 03       		.uleb128 0x3
 422 00c2 0E       		.uleb128 0xe
 423 00c3 3A       		.uleb128 0x3a
 424 00c4 0B       		.uleb128 0xb
 425 00c5 3B       		.uleb128 0x3b
 426 00c6 0B       		.uleb128 0xb
ARM GAS  C:\Users\holge\AppData\Local\Temp\ccZ3Uekv.s 			page 9


 427 00c7 00       		.byte	0
 428 00c8 00       		.byte	0
 429 00c9 00       		.byte	0
 430              		.section	.debug_loc,"",%progbits
 431              	.Ldebug_loc0:
 432              	.LLST0:
 433 0000 02000000 		.4byte	.LVL0
 434 0004 0A000000 		.4byte	.LVL2
 435 0008 0200     		.2byte	0x2
 436 000a 30       		.byte	0x30
 437 000b 9F       		.byte	0x9f
 438 000c 0A000000 		.4byte	.LVL2
 439 0010 12000000 		.4byte	.LVL4
 440 0014 0100     		.2byte	0x1
 441 0016 54       		.byte	0x54
 442 0017 14000000 		.4byte	.LVL5
 443 001b 24000000 		.4byte	.LFE63
 444 001f 0100     		.2byte	0x1
 445 0021 54       		.byte	0x54
 446 0022 00000000 		.4byte	0
 447 0026 00000000 		.4byte	0
 448              		.section	.debug_aranges,"",%progbits
 449 0000 1C000000 		.4byte	0x1c
 450 0004 0200     		.2byte	0x2
 451 0006 00000000 		.4byte	.Ldebug_info0
 452 000a 04       		.byte	0x4
 453 000b 00       		.byte	0
 454 000c 0000     		.2byte	0
 455 000e 0000     		.2byte	0
 456 0010 00000000 		.4byte	.LFB63
 457 0014 24000000 		.4byte	.LFE63-.LFB63
 458 0018 00000000 		.4byte	0
 459 001c 00000000 		.4byte	0
 460              		.section	.debug_ranges,"",%progbits
 461              	.Ldebug_ranges0:
 462 0000 00000000 		.4byte	.LFB63
 463 0004 24000000 		.4byte	.LFE63
 464 0008 00000000 		.4byte	0
 465 000c 00000000 		.4byte	0
 466              		.section	.debug_line,"",%progbits
 467              	.Ldebug_line0:
 468 0000 92010000 		.section	.debug_str,"MS",%progbits,1
 468      02007501 
 468      00000201 
 468      FB0E0D00 
 468      01010101 
 469              	.LASF22:
 470 0000 433A5C55 		.ascii	"C:\\Users\\holge\\OneDrive\\AAU - Elektronik og IT\\"
 470      73657273 
 470      5C686F6C 
 470      67655C4F 
 470      6E654472 
 471 002f 342E2073 		.ascii	"4. semester\\Digital Design\\digital-design\\PSoC\\"
 471      656D6573 
 471      7465725C 
 471      44696769 
 471      74616C20 
ARM GAS  C:\Users\holge\AppData\Local\Temp\ccZ3Uekv.s 			page 10


 472 005e 63797072 		.ascii	"cypress_PsOC_5LP\\Workspace01\\Control_register.cyd"
 472      6573735F 
 472      50734F43 
 472      5F354C50 
 472      5C576F72 
 473 008f 736E00   		.ascii	"sn\000"
 474              	.LASF3:
 475 0092 73686F72 		.ascii	"short unsigned int\000"
 475      7420756E 
 475      7369676E 
 475      65642069 
 475      6E7400
 476              	.LASF8:
 477 00a5 756E7369 		.ascii	"unsigned int\000"
 477      676E6564 
 477      20696E74 
 477      00
 478              	.LASF21:
 479 00b2 6D61696E 		.ascii	"main.c\000"
 479      2E6300
 480              	.LASF23:
 481 00b9 6D61696E 		.ascii	"main\000"
 481      00
 482              	.LASF17:
 483 00be 50574D5F 		.ascii	"PWM_1_Start\000"
 483      315F5374 
 483      61727400 
 484              	.LASF20:
 485 00ca 474E5520 		.ascii	"GNU C11 5.4.1 20160609 (release) [ARM/embedded-5-br"
 485      43313120 
 485      352E342E 
 485      31203230 
 485      31363036 
 486 00fd 616E6368 		.ascii	"anch revision 237715] -mcpu=cortex-m3 -mthumb -g -O"
 486      20726576 
 486      6973696F 
 486      6E203233 
 486      37373135 
 487 0130 67202D66 		.ascii	"g -ffunction-sections -ffat-lto-objects\000"
 487      66756E63 
 487      74696F6E 
 487      2D736563 
 487      74696F6E 
 488              	.LASF19:
 489 0158 43794465 		.ascii	"CyDelay\000"
 489      6C617900 
 490              	.LASF18:
 491 0160 436F6E74 		.ascii	"Control_Reg_1_Write\000"
 491      726F6C5F 
 491      5265675F 
 491      315F5772 
 491      69746500 
 492              	.LASF5:
 493 0174 6C6F6E67 		.ascii	"long unsigned int\000"
 493      20756E73 
 493      69676E65 
 493      6420696E 
ARM GAS  C:\Users\holge\AppData\Local\Temp\ccZ3Uekv.s 			page 11


 493      7400
 494              	.LASF7:
 495 0186 6C6F6E67 		.ascii	"long long unsigned int\000"
 495      206C6F6E 
 495      6720756E 
 495      7369676E 
 495      65642069 
 496              	.LASF24:
 497 019d 63746C76 		.ascii	"ctlval\000"
 497      616C00
 498              	.LASF1:
 499 01a4 756E7369 		.ascii	"unsigned char\000"
 499      676E6564 
 499      20636861 
 499      7200
 500              	.LASF14:
 501 01b2 63686172 		.ascii	"char\000"
 501      00
 502              	.LASF4:
 503 01b7 6C6F6E67 		.ascii	"long int\000"
 503      20696E74 
 503      00
 504              	.LASF13:
 505 01c0 646F7562 		.ascii	"double\000"
 505      6C6500
 506              	.LASF11:
 507 01c7 75696E74 		.ascii	"uint8\000"
 507      3800
 508              	.LASF6:
 509 01cd 6C6F6E67 		.ascii	"long long int\000"
 509      206C6F6E 
 509      6720696E 
 509      7400
 510              	.LASF25:
 511 01db 49544D5F 		.ascii	"ITM_RxBuffer\000"
 511      52784275 
 511      66666572 
 511      00
 512              	.LASF0:
 513 01e8 7369676E 		.ascii	"signed char\000"
 513      65642063 
 513      68617200 
 514              	.LASF15:
 515 01f4 6C6F6E67 		.ascii	"long double\000"
 515      20646F75 
 515      626C6500 
 516              	.LASF9:
 517 0200 5F5F696E 		.ascii	"__int32_t\000"
 517      7433325F 
 517      7400
 518              	.LASF12:
 519 020a 666C6F61 		.ascii	"float\000"
 519      7400
 520              	.LASF2:
 521 0210 73686F72 		.ascii	"short int\000"
 521      7420696E 
 521      7400
ARM GAS  C:\Users\holge\AppData\Local\Temp\ccZ3Uekv.s 			page 12


 522              	.LASF10:
 523 021a 696E7433 		.ascii	"int32_t\000"
 523      325F7400 
 524              	.LASF16:
 525 0222 73697A65 		.ascii	"sizetype\000"
 525      74797065 
 525      00
 526              		.ident	"GCC: (GNU Tools for ARM Embedded Processors) 5.4.1 20160609 (release) [ARM/embedded-5-bran
