ARM GAS  C:\Users\holge\AppData\Local\Temp\ccAHtEY9.s 			page 1


   1              		.syntax unified
   2              		.cpu cortex-m3
   3              		.fpu softvfp
   4              		.eabi_attribute 20, 1
   5              		.eabi_attribute 21, 1
   6              		.eabi_attribute 23, 3
   7              		.eabi_attribute 24, 1
   8              		.eabi_attribute 25, 1
   9              		.eabi_attribute 26, 1
  10              		.eabi_attribute 30, 6
  11              		.eabi_attribute 34, 1
  12              		.eabi_attribute 18, 4
  13              		.thumb
  14              		.syntax unified
  15              		.file	"main.c"
  16              		.text
  17              	.Ltext0:
  18              		.cfi_sections	.debug_frame
  19              		.section	.rodata
  20              		.align	2
  21              	.LC0:
  22 0000 41444320 		.ascii	"ADC Output: \000"
  22      4F757470 
  22      75743A20 
  22      00
  23 000d 000000   		.align	2
  24              	.LC1:
  25 0010 44414320 		.ascii	"DAC Input: \000"
  25      496E7075 
  25      743A2000 
  26              		.section	.text.main,"ax",%progbits
  27              		.align	2
  28              		.global	main
  29              		.thumb
  30              		.thumb_func
  31              		.type	main, %function
  32              	main:
  33              	.LFB63:
  34              		.file 1 "main.c"
   1:main.c        **** /*******************************************************************************
   2:main.c        **** * File Name: main.c
   3:main.c        **** *
   4:main.c        **** * Version: 1.00
   5:main.c        **** *
   6:main.c        **** * Description:
   7:main.c        **** *   This example project uses ADC, DMA and VDAC components along with the LCD
   8:main.c        **** *     status register. ADC output is transferred to VDAC input register using
   9:main.c        **** *   the DMA.
  10:main.c        **** *
  11:main.c        **** * Note that this file contains the DMA_Config function as well.
  12:main.c        **** *
  13:main.c        **** ********************************************************************************
  14:main.c        **** * Copyright 2012, Cypress Semiconductor Corporation. All rights reserved.
  15:main.c        **** * This software is owned by Cypress Semiconductor Corporation and is protected
  16:main.c        **** * by and subject to worldwide patent and copyright laws and treaties.
  17:main.c        **** * Therefore, you may use this software only as provided in the license agreement
  18:main.c        **** * accompanying the software package from which you obtained this software.
ARM GAS  C:\Users\holge\AppData\Local\Temp\ccAHtEY9.s 			page 2


  19:main.c        **** * CYPRESS AND ITS SUPPLIERS MAKE NO WARRANTY OF ANY KIND, EXPRESS OR IMPLIED,
  20:main.c        **** * WITH REGARD TO THIS SOFTWARE, INCLUDING, BUT NOT LIMITED TO, NONINFRINGEMENT,
  21:main.c        **** * IMPLIED WARRANTIES OF MERCHANTABILITY AND FITNESS FOR A PARTICULAR PURPOSE.
  22:main.c        **** *******************************************************************************/
  23:main.c        **** 
  24:main.c        **** #include <project.h>
  25:main.c        **** 
  26:main.c        **** /* DMA Configuration constants for DMA_1 */
  27:main.c        **** #define DMA_1_BYTES_PER_BURST (1u)
  28:main.c        **** #define DMA_1_REQUEST_PER_BURST (1u)
  29:main.c        **** #define DMA_1_SRC_BASE (CYDEV_PERIPH_BASE)
  30:main.c        **** #define DMA_1_DST_BASE (CYDEV_PERIPH_BASE)
  31:main.c        **** 
  32:main.c        **** void DMA_Config(void);
  33:main.c        **** 
  34:main.c        **** 
  35:main.c        **** /*******************************************************************************
  36:main.c        **** * Function Name: main
  37:main.c        **** ********************************************************************************
  38:main.c        **** *
  39:main.c        **** * Summary:
  40:main.c        **** *  main() performs following functions:
  41:main.c        **** *  1: Starts the components
  42:main.c        **** *  2: Calls function DMA_Config to setup the DMA.
  43:main.c        **** *  3: Starts ADC continuous conversion.
  44:main.c        **** *  4: Gets the converted result and displays it in LCD. Also displays VDAC data
  45:main.c        **** *     register value on LCD.
  46:main.c        **** *
  47:main.c        **** * Parameters:
  48:main.c        **** *  None.
  49:main.c        **** *
  50:main.c        **** * Return:
  51:main.c        **** *  None.
  52:main.c        **** *
  53:main.c        **** *******************************************************************************/
  54:main.c        **** int main()
  55:main.c        **** {
  35              		.loc 1 55 0
  36              		.cfi_startproc
  37              		@ args = 0, pretend = 0, frame = 0
  38              		@ frame_needed = 1, uses_anonymous_args = 0
  39 0000 80B5     		push	{r7, lr}
  40              		.cfi_def_cfa_offset 8
  41              		.cfi_offset 7, -8
  42              		.cfi_offset 14, -4
  43 0002 00AF     		add	r7, sp, #0
  44              		.cfi_def_cfa_register 7
  56:main.c        ****     /* Start the components */
  57:main.c        ****     LCD_Char_1_Start();
  45              		.loc 1 57 0
  46 0004 FFF7FEFF 		bl	LCD_Char_1_Start
  58:main.c        ****     VDAC8_1_Start();
  47              		.loc 1 58 0
  48 0008 FFF7FEFF 		bl	VDAC8_1_Start
  59:main.c        ****     ADC_DelSig_1_Start();
  49              		.loc 1 59 0
  50 000c FFF7FEFF 		bl	ADC_DelSig_1_Start
ARM GAS  C:\Users\holge\AppData\Local\Temp\ccAHtEY9.s 			page 3


  60:main.c        **** 
  61:main.c        ****     /* Configure DMA to transfer ADC output to VDAC input register */
  62:main.c        ****     DMA_Config();
  51              		.loc 1 62 0
  52 0010 FFF7FEFF 		bl	DMA_Config
  63:main.c        **** 
  64:main.c        ****     /* Start the ADC conversion */
  65:main.c        ****     ADC_DelSig_1_StartConvert();
  53              		.loc 1 65 0
  54 0014 FFF7FEFF 		bl	ADC_DelSig_1_StartConvert
  66:main.c        **** 
  67:main.c        ****     LCD_Char_1_Position(0u, 0u);
  55              		.loc 1 67 0
  56 0018 0021     		movs	r1, #0
  57 001a 0020     		movs	r0, #0
  58 001c FFF7FEFF 		bl	LCD_Char_1_Position
  68:main.c        ****     LCD_Char_1_PrintString("ADC Output: ");
  59              		.loc 1 68 0
  60 0020 1248     		ldr	r0, .L4
  61 0022 FFF7FEFF 		bl	LCD_Char_1_PrintString
  69:main.c        ****     LCD_Char_1_Position(1u, 0u);
  62              		.loc 1 69 0
  63 0026 0021     		movs	r1, #0
  64 0028 0120     		movs	r0, #1
  65 002a FFF7FEFF 		bl	LCD_Char_1_Position
  70:main.c        ****     LCD_Char_1_PrintString("DAC Input: ");
  66              		.loc 1 70 0
  67 002e 1048     		ldr	r0, .L4+4
  68 0030 FFF7FEFF 		bl	LCD_Char_1_PrintString
  69              	.L3:
  71:main.c        **** 
  72:main.c        ****     for(;;)
  73:main.c        ****     {
  74:main.c        ****         /* If converted ADC value has been transferred to VDAC, print results */
  75:main.c        ****         if(Status_Reg_1_Read())
  70              		.loc 1 75 0
  71 0034 FFF7FEFF 		bl	Status_Reg_1_Read
  72 0038 0346     		mov	r3, r0
  73 003a 002B     		cmp	r3, #0
  74 003c FAD0     		beq	.L3
  76:main.c        ****         {
  77:main.c        ****         /* Print the ADC output value on LCD */
  78:main.c        ****         LCD_Char_1_Position(0u, strlen("ADC Output: "));
  75              		.loc 1 78 0
  76 003e 0C21     		movs	r1, #12
  77 0040 0020     		movs	r0, #0
  78 0042 FFF7FEFF 		bl	LCD_Char_1_Position
  79:main.c        ****         LCD_Char_1_PrintInt16(ADC_DelSig_1_GetResult16());
  79              		.loc 1 79 0
  80 0046 FFF7FEFF 		bl	ADC_DelSig_1_GetResult16
  81 004a 0346     		mov	r3, r0
  82 004c 9BB2     		uxth	r3, r3
  83 004e 1846     		mov	r0, r3
  84 0050 FFF7FEFF 		bl	LCD_Char_1_PrintInt16
  80:main.c        **** 
  81:main.c        ****         /* Print the DAC Data register value */
  82:main.c        ****         LCD_Char_1_Position(1u, strlen("DAC Input: "));
ARM GAS  C:\Users\holge\AppData\Local\Temp\ccAHtEY9.s 			page 4


  85              		.loc 1 82 0
  86 0054 0B21     		movs	r1, #11
  87 0056 0120     		movs	r0, #1
  88 0058 FFF7FEFF 		bl	LCD_Char_1_Position
  83:main.c        ****         LCD_Char_1_PrintInt8(VDAC8_1_Data);
  89              		.loc 1 83 0
  90 005c 054B     		ldr	r3, .L4+8
  91 005e 1B78     		ldrb	r3, [r3]
  92 0060 DBB2     		uxtb	r3, r3
  93 0062 1846     		mov	r0, r3
  94 0064 FFF7FEFF 		bl	LCD_Char_1_PrintInt8
  84:main.c        ****         }
  85:main.c        ****     }
  95              		.loc 1 85 0
  96 0068 E4E7     		b	.L3
  97              	.L5:
  98 006a 00BF     		.align	2
  99              	.L4:
 100 006c 00000000 		.word	.LC0
 101 0070 10000000 		.word	.LC1
 102 0074 815B0040 		.word	1073765249
 103              		.cfi_endproc
 104              	.LFE63:
 105              		.size	main, .-main
 106              		.section	.text.DMA_Config,"ax",%progbits
 107              		.align	2
 108              		.global	DMA_Config
 109              		.thumb
 110              		.thumb_func
 111              		.type	DMA_Config, %function
 112              	DMA_Config:
 113              	.LFB64:
  86:main.c        **** }
  87:main.c        **** 
  88:main.c        **** 
  89:main.c        **** /*******************************************************************************
  90:main.c        **** * Function Name:  DMA_Config
  91:main.c        **** ********************************************************************************
  92:main.c        **** *
  93:main.c        **** * Summary:
  94:main.c        **** *    Code generated by the DMA Wizard.
  95:main.c        **** *
  96:main.c        **** *    DMA_Config() performs following functions:
  97:main.c        **** *  1: Initializes the DMA channel
  98:main.c        **** *  2: Allocates Transfer Descriptors
  99:main.c        **** *  3: Configures the TD.
 100:main.c        **** *  4: Sets source and destination address for this TD.
 101:main.c        **** *  5: Initializes the TD.
 102:main.c        **** *  6: Enables the DMA channel.
 103:main.c        **** *
 104:main.c        **** * Parameters:
 105:main.c        **** *  None.
 106:main.c        **** *
 107:main.c        **** * Return:
 108:main.c        **** *  None.
 109:main.c        **** *
 110:main.c        **** *******************************************************************************/
ARM GAS  C:\Users\holge\AppData\Local\Temp\ccAHtEY9.s 			page 5


 111:main.c        **** void DMA_Config()
 112:main.c        **** {
 114              		.loc 1 112 0
 115              		.cfi_startproc
 116              		@ args = 0, pretend = 0, frame = 8
 117              		@ frame_needed = 1, uses_anonymous_args = 0
 118 0000 80B5     		push	{r7, lr}
 119              		.cfi_def_cfa_offset 8
 120              		.cfi_offset 7, -8
 121              		.cfi_offset 14, -4
 122 0002 82B0     		sub	sp, sp, #8
 123              		.cfi_def_cfa_offset 16
 124 0004 00AF     		add	r7, sp, #0
 125              		.cfi_def_cfa_register 7
 113:main.c        ****     /* Variable declarations for DMA_1 */
 114:main.c        ****     uint8 DMA_1_Chan;
 115:main.c        ****     uint8 DMA_1_TD[1] = {0};
 126              		.loc 1 115 0
 127 0006 0023     		movs	r3, #0
 128 0008 3B71     		strb	r3, [r7, #4]
 116:main.c        **** 
 117:main.c        ****     /* Iniitialize DMA channel */
 118:main.c        ****     DMA_1_Chan = DMA_1_DmaInitialize(DMA_1_BYTES_PER_BURST, DMA_1_REQUEST_PER_BURST,
 129              		.loc 1 118 0
 130 000a 4FF48043 		mov	r3, #16384
 131 000e 4FF48042 		mov	r2, #16384
 132 0012 0121     		movs	r1, #1
 133 0014 0120     		movs	r0, #1
 134 0016 FFF7FEFF 		bl	DMA_1_DmaInitialize
 135 001a 0346     		mov	r3, r0
 136 001c FB71     		strb	r3, [r7, #7]
 119:main.c        ****                                      HI16(DMA_1_SRC_BASE), HI16(DMA_1_DST_BASE));
 120:main.c        **** 
 121:main.c        ****     /* Allocate TD */
 122:main.c        ****     DMA_1_TD[0] = CyDmaTdAllocate();
 137              		.loc 1 122 0
 138 001e FFF7FEFF 		bl	CyDmaTdAllocate
 139 0022 0346     		mov	r3, r0
 140 0024 3B71     		strb	r3, [r7, #4]
 123:main.c        **** 
 124:main.c        ****     /* TD configuration setting */
 125:main.c        ****     CyDmaTdSetConfiguration(DMA_1_TD[0], 1u, DMA_INVALID_TD, DMA_1__TD_TERMOUT_EN);
 141              		.loc 1 125 0
 142 0026 3879     		ldrb	r0, [r7, #4]	@ zero_extendqisi2
 143 0028 0423     		movs	r3, #4
 144 002a FF22     		movs	r2, #255
 145 002c 0121     		movs	r1, #1
 146 002e FFF7FEFF 		bl	CyDmaTdSetConfiguration
 126:main.c        **** 
 127:main.c        ****     /* Set Source and Destination address */
 128:main.c        ****     CyDmaTdSetAddress(DMA_1_TD[0], LO16((uint32)ADC_DelSig_1_DEC_SAMP_PTR),
 147              		.loc 1 128 0
 148 0032 3B79     		ldrb	r3, [r7, #4]	@ zero_extendqisi2
 149 0034 45F68132 		movw	r2, #23425
 150 0038 44F61061 		movw	r1, #19984
 151 003c 1846     		mov	r0, r3
 152 003e FFF7FEFF 		bl	CyDmaTdSetAddress
ARM GAS  C:\Users\holge\AppData\Local\Temp\ccAHtEY9.s 			page 6


 129:main.c        ****                       LO16((uint32)VDAC8_1_Data_PTR));
 130:main.c        **** 
 131:main.c        ****     /* TD initialization */
 132:main.c        ****     CyDmaChSetInitialTd(DMA_1_Chan, DMA_1_TD[0]);
 153              		.loc 1 132 0
 154 0042 3A79     		ldrb	r2, [r7, #4]	@ zero_extendqisi2
 155 0044 FB79     		ldrb	r3, [r7, #7]	@ zero_extendqisi2
 156 0046 1146     		mov	r1, r2
 157 0048 1846     		mov	r0, r3
 158 004a FFF7FEFF 		bl	CyDmaChSetInitialTd
 133:main.c        **** 
 134:main.c        ****     /* Enable the DMA channel */
 135:main.c        ****     CyDmaChEnable(DMA_1_Chan, 1u);
 159              		.loc 1 135 0
 160 004e FB79     		ldrb	r3, [r7, #7]	@ zero_extendqisi2
 161 0050 0121     		movs	r1, #1
 162 0052 1846     		mov	r0, r3
 163 0054 FFF7FEFF 		bl	CyDmaChEnable
 136:main.c        **** }
 164              		.loc 1 136 0
 165 0058 00BF     		nop
 166 005a 0837     		adds	r7, r7, #8
 167              		.cfi_def_cfa_offset 8
 168 005c BD46     		mov	sp, r7
 169              		.cfi_def_cfa_register 13
 170              		@ sp needed
 171 005e 80BD     		pop	{r7, pc}
 172              		.cfi_endproc
 173              	.LFE64:
 174              		.size	DMA_Config, .-DMA_Config
 175              		.text
 176              	.Letext0:
 177              		.file 2 "c:\\program files (x86)\\cypress\\psoc creator\\4.2\\psoc creator\\import\\gnu\\arm\\5.4.
 178              		.file 3 "c:\\program files (x86)\\cypress\\psoc creator\\4.2\\psoc creator\\import\\gnu\\arm\\5.4.
 179              		.file 4 "Generated_Source\\PSoC5/cytypes.h"
 180              		.file 5 "Generated_Source\\PSoC5/core_cm3.h"
 181              		.section	.debug_info,"",%progbits
 182              	.Ldebug_info0:
 183 0000 3E010000 		.4byte	0x13e
 184 0004 0400     		.2byte	0x4
 185 0006 00000000 		.4byte	.Ldebug_abbrev0
 186 000a 04       		.byte	0x4
 187 000b 01       		.uleb128 0x1
 188 000c 09010000 		.4byte	.LASF22
 189 0010 0C       		.byte	0xc
 190 0011 22000000 		.4byte	.LASF23
 191 0015 2E000000 		.4byte	.LASF24
 192 0019 00000000 		.4byte	.Ldebug_ranges0+0
 193 001d 00000000 		.4byte	0
 194 0021 00000000 		.4byte	.Ldebug_line0
 195 0025 02       		.uleb128 0x2
 196 0026 01       		.byte	0x1
 197 0027 06       		.byte	0x6
 198 0028 E2010000 		.4byte	.LASF0
 199 002c 02       		.uleb128 0x2
 200 002d 01       		.byte	0x1
 201 002e 08       		.byte	0x8
ARM GAS  C:\Users\holge\AppData\Local\Temp\ccAHtEY9.s 			page 7


 202 002f 97010000 		.4byte	.LASF1
 203 0033 02       		.uleb128 0x2
 204 0034 02       		.byte	0x2
 205 0035 05       		.byte	0x5
 206 0036 0A020000 		.4byte	.LASF2
 207 003a 02       		.uleb128 0x2
 208 003b 02       		.byte	0x2
 209 003c 07       		.byte	0x7
 210 003d ED000000 		.4byte	.LASF3
 211 0041 03       		.uleb128 0x3
 212 0042 FA010000 		.4byte	.LASF9
 213 0046 02       		.byte	0x2
 214 0047 3F       		.byte	0x3f
 215 0048 4C000000 		.4byte	0x4c
 216 004c 02       		.uleb128 0x2
 217 004d 04       		.byte	0x4
 218 004e 05       		.byte	0x5
 219 004f C1010000 		.4byte	.LASF4
 220 0053 02       		.uleb128 0x2
 221 0054 04       		.byte	0x4
 222 0055 07       		.byte	0x7
 223 0056 C4000000 		.4byte	.LASF5
 224 005a 02       		.uleb128 0x2
 225 005b 08       		.byte	0x8
 226 005c 05       		.byte	0x5
 227 005d 00000000 		.4byte	.LASF6
 228 0061 02       		.uleb128 0x2
 229 0062 08       		.byte	0x8
 230 0063 07       		.byte	0x7
 231 0064 D6000000 		.4byte	.LASF7
 232 0068 04       		.uleb128 0x4
 233 0069 04       		.byte	0x4
 234 006a 05       		.byte	0x5
 235 006b 696E7400 		.ascii	"int\000"
 236 006f 02       		.uleb128 0x2
 237 0070 04       		.byte	0x4
 238 0071 07       		.byte	0x7
 239 0072 15000000 		.4byte	.LASF8
 240 0076 03       		.uleb128 0x3
 241 0077 1B020000 		.4byte	.LASF10
 242 007b 03       		.byte	0x3
 243 007c 2C       		.byte	0x2c
 244 007d 41000000 		.4byte	0x41
 245 0081 05       		.uleb128 0x5
 246 0082 BE000000 		.4byte	.LASF11
 247 0086 04       		.byte	0x4
 248 0087 9201     		.2byte	0x192
 249 0089 2C000000 		.4byte	0x2c
 250 008d 05       		.uleb128 0x5
 251 008e 14020000 		.4byte	.LASF12
 252 0092 04       		.byte	0x4
 253 0093 9301     		.2byte	0x193
 254 0095 3A000000 		.4byte	0x3a
 255 0099 05       		.uleb128 0x5
 256 009a 0E000000 		.4byte	.LASF13
 257 009e 04       		.byte	0x4
 258 009f 9401     		.2byte	0x194
ARM GAS  C:\Users\holge\AppData\Local\Temp\ccAHtEY9.s 			page 8


 259 00a1 53000000 		.4byte	0x53
 260 00a5 02       		.uleb128 0x2
 261 00a6 04       		.byte	0x4
 262 00a7 04       		.byte	0x4
 263 00a8 04020000 		.4byte	.LASF14
 264 00ac 02       		.uleb128 0x2
 265 00ad 08       		.byte	0x8
 266 00ae 04       		.byte	0x4
 267 00af BA010000 		.4byte	.LASF15
 268 00b3 02       		.uleb128 0x2
 269 00b4 01       		.byte	0x1
 270 00b5 08       		.byte	0x8
 271 00b6 A5010000 		.4byte	.LASF16
 272 00ba 05       		.uleb128 0x5
 273 00bb AA010000 		.4byte	.LASF17
 274 00bf 04       		.byte	0x4
 275 00c0 3C02     		.2byte	0x23c
 276 00c2 C6000000 		.4byte	0xc6
 277 00c6 06       		.uleb128 0x6
 278 00c7 81000000 		.4byte	0x81
 279 00cb 02       		.uleb128 0x2
 280 00cc 08       		.byte	0x8
 281 00cd 04       		.byte	0x4
 282 00ce EE010000 		.4byte	.LASF18
 283 00d2 02       		.uleb128 0x2
 284 00d3 04       		.byte	0x4
 285 00d4 07       		.byte	0x7
 286 00d5 23020000 		.4byte	.LASF19
 287 00d9 07       		.uleb128 0x7
 288 00da 29000000 		.4byte	.LASF25
 289 00de 01       		.byte	0x1
 290 00df 36       		.byte	0x36
 291 00e0 68000000 		.4byte	0x68
 292 00e4 00000000 		.4byte	.LFB63
 293 00e8 78000000 		.4byte	.LFE63-.LFB63
 294 00ec 01       		.uleb128 0x1
 295 00ed 9C       		.byte	0x9c
 296 00ee 08       		.uleb128 0x8
 297 00ef CA010000 		.4byte	.LASF26
 298 00f3 01       		.byte	0x1
 299 00f4 6F       		.byte	0x6f
 300 00f5 00000000 		.4byte	.LFB64
 301 00f9 60000000 		.4byte	.LFE64-.LFB64
 302 00fd 01       		.uleb128 0x1
 303 00fe 9C       		.byte	0x9c
 304 00ff 20010000 		.4byte	0x120
 305 0103 09       		.uleb128 0x9
 306 0104 AF010000 		.4byte	.LASF20
 307 0108 01       		.byte	0x1
 308 0109 72       		.byte	0x72
 309 010a 81000000 		.4byte	0x81
 310 010e 02       		.uleb128 0x2
 311 010f 91       		.byte	0x91
 312 0110 77       		.sleb128 -9
 313 0111 09       		.uleb128 0x9
 314 0112 00010000 		.4byte	.LASF21
 315 0116 01       		.byte	0x1
ARM GAS  C:\Users\holge\AppData\Local\Temp\ccAHtEY9.s 			page 9


 316 0117 73       		.byte	0x73
 317 0118 20010000 		.4byte	0x120
 318 011c 02       		.uleb128 0x2
 319 011d 91       		.byte	0x91
 320 011e 74       		.sleb128 -12
 321 011f 00       		.byte	0
 322 0120 0A       		.uleb128 0xa
 323 0121 81000000 		.4byte	0x81
 324 0125 30010000 		.4byte	0x130
 325 0129 0B       		.uleb128 0xb
 326 012a D2000000 		.4byte	0xd2
 327 012e 00       		.byte	0
 328 012f 00       		.byte	0
 329 0130 0C       		.uleb128 0xc
 330 0131 D5010000 		.4byte	.LASF27
 331 0135 05       		.byte	0x5
 332 0136 1207     		.2byte	0x712
 333 0138 3C010000 		.4byte	0x13c
 334 013c 06       		.uleb128 0x6
 335 013d 76000000 		.4byte	0x76
 336 0141 00       		.byte	0
 337              		.section	.debug_abbrev,"",%progbits
 338              	.Ldebug_abbrev0:
 339 0000 01       		.uleb128 0x1
 340 0001 11       		.uleb128 0x11
 341 0002 01       		.byte	0x1
 342 0003 25       		.uleb128 0x25
 343 0004 0E       		.uleb128 0xe
 344 0005 13       		.uleb128 0x13
 345 0006 0B       		.uleb128 0xb
 346 0007 03       		.uleb128 0x3
 347 0008 0E       		.uleb128 0xe
 348 0009 1B       		.uleb128 0x1b
 349 000a 0E       		.uleb128 0xe
 350 000b 55       		.uleb128 0x55
 351 000c 17       		.uleb128 0x17
 352 000d 11       		.uleb128 0x11
 353 000e 01       		.uleb128 0x1
 354 000f 10       		.uleb128 0x10
 355 0010 17       		.uleb128 0x17
 356 0011 00       		.byte	0
 357 0012 00       		.byte	0
 358 0013 02       		.uleb128 0x2
 359 0014 24       		.uleb128 0x24
 360 0015 00       		.byte	0
 361 0016 0B       		.uleb128 0xb
 362 0017 0B       		.uleb128 0xb
 363 0018 3E       		.uleb128 0x3e
 364 0019 0B       		.uleb128 0xb
 365 001a 03       		.uleb128 0x3
 366 001b 0E       		.uleb128 0xe
 367 001c 00       		.byte	0
 368 001d 00       		.byte	0
 369 001e 03       		.uleb128 0x3
 370 001f 16       		.uleb128 0x16
 371 0020 00       		.byte	0
 372 0021 03       		.uleb128 0x3
ARM GAS  C:\Users\holge\AppData\Local\Temp\ccAHtEY9.s 			page 10


 373 0022 0E       		.uleb128 0xe
 374 0023 3A       		.uleb128 0x3a
 375 0024 0B       		.uleb128 0xb
 376 0025 3B       		.uleb128 0x3b
 377 0026 0B       		.uleb128 0xb
 378 0027 49       		.uleb128 0x49
 379 0028 13       		.uleb128 0x13
 380 0029 00       		.byte	0
 381 002a 00       		.byte	0
 382 002b 04       		.uleb128 0x4
 383 002c 24       		.uleb128 0x24
 384 002d 00       		.byte	0
 385 002e 0B       		.uleb128 0xb
 386 002f 0B       		.uleb128 0xb
 387 0030 3E       		.uleb128 0x3e
 388 0031 0B       		.uleb128 0xb
 389 0032 03       		.uleb128 0x3
 390 0033 08       		.uleb128 0x8
 391 0034 00       		.byte	0
 392 0035 00       		.byte	0
 393 0036 05       		.uleb128 0x5
 394 0037 16       		.uleb128 0x16
 395 0038 00       		.byte	0
 396 0039 03       		.uleb128 0x3
 397 003a 0E       		.uleb128 0xe
 398 003b 3A       		.uleb128 0x3a
 399 003c 0B       		.uleb128 0xb
 400 003d 3B       		.uleb128 0x3b
 401 003e 05       		.uleb128 0x5
 402 003f 49       		.uleb128 0x49
 403 0040 13       		.uleb128 0x13
 404 0041 00       		.byte	0
 405 0042 00       		.byte	0
 406 0043 06       		.uleb128 0x6
 407 0044 35       		.uleb128 0x35
 408 0045 00       		.byte	0
 409 0046 49       		.uleb128 0x49
 410 0047 13       		.uleb128 0x13
 411 0048 00       		.byte	0
 412 0049 00       		.byte	0
 413 004a 07       		.uleb128 0x7
 414 004b 2E       		.uleb128 0x2e
 415 004c 00       		.byte	0
 416 004d 3F       		.uleb128 0x3f
 417 004e 19       		.uleb128 0x19
 418 004f 03       		.uleb128 0x3
 419 0050 0E       		.uleb128 0xe
 420 0051 3A       		.uleb128 0x3a
 421 0052 0B       		.uleb128 0xb
 422 0053 3B       		.uleb128 0x3b
 423 0054 0B       		.uleb128 0xb
 424 0055 49       		.uleb128 0x49
 425 0056 13       		.uleb128 0x13
 426 0057 11       		.uleb128 0x11
 427 0058 01       		.uleb128 0x1
 428 0059 12       		.uleb128 0x12
 429 005a 06       		.uleb128 0x6
ARM GAS  C:\Users\holge\AppData\Local\Temp\ccAHtEY9.s 			page 11


 430 005b 40       		.uleb128 0x40
 431 005c 18       		.uleb128 0x18
 432 005d 9642     		.uleb128 0x2116
 433 005f 19       		.uleb128 0x19
 434 0060 00       		.byte	0
 435 0061 00       		.byte	0
 436 0062 08       		.uleb128 0x8
 437 0063 2E       		.uleb128 0x2e
 438 0064 01       		.byte	0x1
 439 0065 3F       		.uleb128 0x3f
 440 0066 19       		.uleb128 0x19
 441 0067 03       		.uleb128 0x3
 442 0068 0E       		.uleb128 0xe
 443 0069 3A       		.uleb128 0x3a
 444 006a 0B       		.uleb128 0xb
 445 006b 3B       		.uleb128 0x3b
 446 006c 0B       		.uleb128 0xb
 447 006d 27       		.uleb128 0x27
 448 006e 19       		.uleb128 0x19
 449 006f 11       		.uleb128 0x11
 450 0070 01       		.uleb128 0x1
 451 0071 12       		.uleb128 0x12
 452 0072 06       		.uleb128 0x6
 453 0073 40       		.uleb128 0x40
 454 0074 18       		.uleb128 0x18
 455 0075 9642     		.uleb128 0x2116
 456 0077 19       		.uleb128 0x19
 457 0078 01       		.uleb128 0x1
 458 0079 13       		.uleb128 0x13
 459 007a 00       		.byte	0
 460 007b 00       		.byte	0
 461 007c 09       		.uleb128 0x9
 462 007d 34       		.uleb128 0x34
 463 007e 00       		.byte	0
 464 007f 03       		.uleb128 0x3
 465 0080 0E       		.uleb128 0xe
 466 0081 3A       		.uleb128 0x3a
 467 0082 0B       		.uleb128 0xb
 468 0083 3B       		.uleb128 0x3b
 469 0084 0B       		.uleb128 0xb
 470 0085 49       		.uleb128 0x49
 471 0086 13       		.uleb128 0x13
 472 0087 02       		.uleb128 0x2
 473 0088 18       		.uleb128 0x18
 474 0089 00       		.byte	0
 475 008a 00       		.byte	0
 476 008b 0A       		.uleb128 0xa
 477 008c 01       		.uleb128 0x1
 478 008d 01       		.byte	0x1
 479 008e 49       		.uleb128 0x49
 480 008f 13       		.uleb128 0x13
 481 0090 01       		.uleb128 0x1
 482 0091 13       		.uleb128 0x13
 483 0092 00       		.byte	0
 484 0093 00       		.byte	0
 485 0094 0B       		.uleb128 0xb
 486 0095 21       		.uleb128 0x21
ARM GAS  C:\Users\holge\AppData\Local\Temp\ccAHtEY9.s 			page 12


 487 0096 00       		.byte	0
 488 0097 49       		.uleb128 0x49
 489 0098 13       		.uleb128 0x13
 490 0099 2F       		.uleb128 0x2f
 491 009a 0B       		.uleb128 0xb
 492 009b 00       		.byte	0
 493 009c 00       		.byte	0
 494 009d 0C       		.uleb128 0xc
 495 009e 34       		.uleb128 0x34
 496 009f 00       		.byte	0
 497 00a0 03       		.uleb128 0x3
 498 00a1 0E       		.uleb128 0xe
 499 00a2 3A       		.uleb128 0x3a
 500 00a3 0B       		.uleb128 0xb
 501 00a4 3B       		.uleb128 0x3b
 502 00a5 05       		.uleb128 0x5
 503 00a6 49       		.uleb128 0x49
 504 00a7 13       		.uleb128 0x13
 505 00a8 3F       		.uleb128 0x3f
 506 00a9 19       		.uleb128 0x19
 507 00aa 3C       		.uleb128 0x3c
 508 00ab 19       		.uleb128 0x19
 509 00ac 00       		.byte	0
 510 00ad 00       		.byte	0
 511 00ae 00       		.byte	0
 512              		.section	.debug_aranges,"",%progbits
 513 0000 24000000 		.4byte	0x24
 514 0004 0200     		.2byte	0x2
 515 0006 00000000 		.4byte	.Ldebug_info0
 516 000a 04       		.byte	0x4
 517 000b 00       		.byte	0
 518 000c 0000     		.2byte	0
 519 000e 0000     		.2byte	0
 520 0010 00000000 		.4byte	.LFB63
 521 0014 78000000 		.4byte	.LFE63-.LFB63
 522 0018 00000000 		.4byte	.LFB64
 523 001c 60000000 		.4byte	.LFE64-.LFB64
 524 0020 00000000 		.4byte	0
 525 0024 00000000 		.4byte	0
 526              		.section	.debug_ranges,"",%progbits
 527              	.Ldebug_ranges0:
 528 0000 00000000 		.4byte	.LFB63
 529 0004 78000000 		.4byte	.LFE63
 530 0008 00000000 		.4byte	.LFB64
 531 000c 60000000 		.4byte	.LFE64
 532 0010 00000000 		.4byte	0
 533 0014 00000000 		.4byte	0
 534              		.section	.debug_line,"",%progbits
 535              	.Ldebug_line0:
 536 0000 88010000 		.section	.debug_str,"MS",%progbits,1
 536      02004C01 
 536      00000201 
 536      FB0E0D00 
 536      01010101 
 537              	.LASF6:
 538 0000 6C6F6E67 		.ascii	"long long int\000"
 538      206C6F6E 
ARM GAS  C:\Users\holge\AppData\Local\Temp\ccAHtEY9.s 			page 13


 538      6720696E 
 538      7400
 539              	.LASF13:
 540 000e 75696E74 		.ascii	"uint32\000"
 540      333200
 541              	.LASF8:
 542 0015 756E7369 		.ascii	"unsigned int\000"
 542      676E6564 
 542      20696E74 
 542      00
 543              	.LASF23:
 544 0022 6D61696E 		.ascii	"main.c\000"
 544      2E6300
 545              	.LASF25:
 546 0029 6D61696E 		.ascii	"main\000"
 546      00
 547              	.LASF24:
 548 002e 433A5C55 		.ascii	"C:\\Users\\holge\\OneDrive\\AAU - Elektronik og IT\\"
 548      73657273 
 548      5C686F6C 
 548      67655C4F 
 548      6E654472 
 549 005d 342E2073 		.ascii	"4. semester\\Digital Design\\digital-design\\PSoC\\"
 549      656D6573 
 549      7465725C 
 549      44696769 
 549      74616C20 
 550 008c 63797072 		.ascii	"cypress_PsOC_5LP\\Workspace01\\ADC_DMA_VDAC01.cydsn"
 550      6573735F 
 550      50734F43 
 550      5F354C50 
 550      5C576F72 
 551 00bd 00       		.ascii	"\000"
 552              	.LASF11:
 553 00be 75696E74 		.ascii	"uint8\000"
 553      3800
 554              	.LASF5:
 555 00c4 6C6F6E67 		.ascii	"long unsigned int\000"
 555      20756E73 
 555      69676E65 
 555      6420696E 
 555      7400
 556              	.LASF7:
 557 00d6 6C6F6E67 		.ascii	"long long unsigned int\000"
 557      206C6F6E 
 557      6720756E 
 557      7369676E 
 557      65642069 
 558              	.LASF3:
 559 00ed 73686F72 		.ascii	"short unsigned int\000"
 559      7420756E 
 559      7369676E 
 559      65642069 
 559      6E7400
 560              	.LASF21:
 561 0100 444D415F 		.ascii	"DMA_1_TD\000"
 561      315F5444 
ARM GAS  C:\Users\holge\AppData\Local\Temp\ccAHtEY9.s 			page 14


 561      00
 562              	.LASF22:
 563 0109 474E5520 		.ascii	"GNU C11 5.4.1 20160609 (release) [ARM/embedded-5-br"
 563      43313120 
 563      352E342E 
 563      31203230 
 563      31363036 
 564 013c 616E6368 		.ascii	"anch revision 237715] -mcpu=cortex-m3 -mthumb -g -O"
 564      20726576 
 564      6973696F 
 564      6E203233 
 564      37373135 
 565 016f 30202D66 		.ascii	"0 -ffunction-sections -ffat-lto-objects\000"
 565      66756E63 
 565      74696F6E 
 565      2D736563 
 565      74696F6E 
 566              	.LASF1:
 567 0197 756E7369 		.ascii	"unsigned char\000"
 567      676E6564 
 567      20636861 
 567      7200
 568              	.LASF16:
 569 01a5 63686172 		.ascii	"char\000"
 569      00
 570              	.LASF17:
 571 01aa 72656738 		.ascii	"reg8\000"
 571      00
 572              	.LASF20:
 573 01af 444D415F 		.ascii	"DMA_1_Chan\000"
 573      315F4368 
 573      616E00
 574              	.LASF15:
 575 01ba 646F7562 		.ascii	"double\000"
 575      6C6500
 576              	.LASF4:
 577 01c1 6C6F6E67 		.ascii	"long int\000"
 577      20696E74 
 577      00
 578              	.LASF26:
 579 01ca 444D415F 		.ascii	"DMA_Config\000"
 579      436F6E66 
 579      696700
 580              	.LASF27:
 581 01d5 49544D5F 		.ascii	"ITM_RxBuffer\000"
 581      52784275 
 581      66666572 
 581      00
 582              	.LASF0:
 583 01e2 7369676E 		.ascii	"signed char\000"
 583      65642063 
 583      68617200 
 584              	.LASF18:
 585 01ee 6C6F6E67 		.ascii	"long double\000"
 585      20646F75 
 585      626C6500 
 586              	.LASF9:
ARM GAS  C:\Users\holge\AppData\Local\Temp\ccAHtEY9.s 			page 15


 587 01fa 5F5F696E 		.ascii	"__int32_t\000"
 587      7433325F 
 587      7400
 588              	.LASF14:
 589 0204 666C6F61 		.ascii	"float\000"
 589      7400
 590              	.LASF2:
 591 020a 73686F72 		.ascii	"short int\000"
 591      7420696E 
 591      7400
 592              	.LASF12:
 593 0214 75696E74 		.ascii	"uint16\000"
 593      313600
 594              	.LASF10:
 595 021b 696E7433 		.ascii	"int32_t\000"
 595      325F7400 
 596              	.LASF19:
 597 0223 73697A65 		.ascii	"sizetype\000"
 597      74797065 
 597      00
 598              		.ident	"GCC: (GNU Tools for ARM Embedded Processors) 5.4.1 20160609 (release) [ARM/embedded-5-bran
