Release 14.7 - xst P.20131013 (nt64)
Copyright (c) 1995-2013 Xilinx, Inc.  All rights reserved.
--> Parameter TMPDIR set to xst/projnav.tmp


Total REAL time to Xst completion: 0.00 secs
Total CPU time to Xst completion: 0.08 secs
 
--> Parameter xsthdpdir set to xst


Total REAL time to Xst completion: 0.00 secs
Total CPU time to Xst completion: 0.08 secs
 
--> Reading design: program_counter.prj

TABLE OF CONTENTS
  1) Synthesis Options Summary
  2) HDL Parsing
  3) HDL Elaboration
  4) HDL Synthesis
       4.1) HDL Synthesis Report
  5) Advanced HDL Synthesis
       5.1) Advanced HDL Synthesis Report
  6) Low Level Synthesis
  7) Partition Report
  8) Design Summary
       8.1) Primitive and Black Box Usage
       8.2) Device utilization summary
       8.3) Partition Resource Summary
       8.4) Timing Report
            8.4.1) Clock Information
            8.4.2) Asynchronous Control Signals Information
            8.4.3) Timing Summary
            8.4.4) Timing Details
            8.4.5) Cross Clock Domains Report


=========================================================================
*                      Synthesis Options Summary                        *
=========================================================================
---- Source Parameters
Input File Name                    : "program_counter.prj"
Ignore Synthesis Constraint File   : NO

---- Target Parameters
Output File Name                   : "program_counter"
Output Format                      : NGC
Target Device                      : xc6slx9-2-tqg144

---- Source Options
Top Module Name                    : program_counter
Automatic FSM Extraction           : YES
FSM Encoding Algorithm             : Auto
Safe Implementation                : No
FSM Style                          : LUT
RAM Extraction                     : Yes
RAM Style                          : Auto
ROM Extraction                     : Yes
Shift Register Extraction          : YES
ROM Style                          : Auto
Resource Sharing                   : YES
Asynchronous To Synchronous        : NO
Shift Register Minimum Size        : 2
Use DSP Block                      : Auto
Automatic Register Balancing       : No

---- Target Options
LUT Combining                      : Auto
Reduce Control Sets                : Auto
Add IO Buffers                     : YES
Global Maximum Fanout              : 100000
Add Generic Clock Buffer(BUFG)     : 16
Register Duplication               : YES
Optimize Instantiated Primitives   : NO
Use Clock Enable                   : Auto
Use Synchronous Set                : Auto
Use Synchronous Reset              : Auto
Pack IO Registers into IOBs        : Auto
Equivalent register Removal        : YES

---- General Options
Optimization Goal                  : Speed
Optimization Effort                : 1
Power Reduction                    : NO
Keep Hierarchy                     : No
Netlist Hierarchy                  : As_Optimized
RTL Output                         : Yes
Global Optimization                : AllClockNets
Read Cores                         : YES
Write Timing Constraints           : NO
Cross Clock Analysis               : NO
Hierarchy Separator                : /
Bus Delimiter                      : <>
Case Specifier                     : Maintain
Slice Utilization Ratio            : 100
BRAM Utilization Ratio             : 100
DSP48 Utilization Ratio            : 100
Auto BRAM Packing                  : NO
Slice Utilization Ratio Delta      : 5

=========================================================================


=========================================================================
*                          HDL Parsing                                  *
=========================================================================
Parsing VHDL file "C:\Users\holge\OneDrive\AAU - Elektronik og IT\4. semester\Digital Design\digital-design\papilio-pro-projects\program_counter\program_counter.vhd" into library work
Parsing entity <program_counter>.
Parsing architecture <Behavioral> of entity <program_counter>.

=========================================================================
*                            HDL Elaboration                            *
=========================================================================

Elaborating entity <program_counter> (architecture <Behavioral>) from library <work>.

=========================================================================
*                           HDL Synthesis                               *
=========================================================================

Synthesizing Unit <program_counter>.
    Related source file is "C:\Users\holge\OneDrive\AAU - Elektronik og IT\4. semester\Digital Design\digital-design\papilio-pro-projects\program_counter\program_counter.vhd".
WARNING:Xst:647 - Input <i_WRITE_PROG_ADDRESS> is never used. This port will be preserved and left unconnected if it belongs to a top-level block or it belongs to a sub-block and the hierarchy of this sub-block is preserved.
    Found 8-bit register for signal <o_DATA>.
    Found 8-bit register for signal <r_PROG_COUNT>.
    Found 8-bit adder for signal <r_PROG_COUNT[7]_GND_4_o_add_0_OUT> created at line 1241.
    Summary:
	inferred   1 Adder/Subtractor(s).
	inferred  16 D-type flip-flop(s).
	inferred   1 Multiplexer(s).
Unit <program_counter> synthesized.

=========================================================================
HDL Synthesis Report

Macro Statistics
# Adders/Subtractors                                   : 1
 8-bit adder                                           : 1
# Registers                                            : 2
 8-bit register                                        : 2
# Multiplexers                                         : 1
 8-bit 2-to-1 multiplexer                              : 1

=========================================================================

=========================================================================
*                       Advanced HDL Synthesis                          *
=========================================================================


Synthesizing (advanced) Unit <program_counter>.
The following registers are absorbed into counter <r_PROG_COUNT>: 1 register on signal <r_PROG_COUNT>.
Unit <program_counter> synthesized (advanced).

=========================================================================
Advanced HDL Synthesis Report

Macro Statistics
# Counters                                             : 1
 8-bit up counter                                      : 1
# Registers                                            : 8
 Flip-Flops                                            : 8

=========================================================================

=========================================================================
*                         Low Level Synthesis                           *
=========================================================================

Optimizing unit <program_counter> ...

Mapping all equations...
Building and optimizing final netlist ...
Found area constraint ratio of 100 (+ 5) on block program_counter, actual ratio is 0.

Final Macro Processing ...

=========================================================================
Final Register Report

Macro Statistics
# Registers                                            : 16
 Flip-Flops                                            : 16

=========================================================================

=========================================================================
*                           Partition Report                            *
=========================================================================

Partition Implementation Status
-------------------------------

  No Partitions were found in this design.

-------------------------------

=========================================================================
*                            Design Summary                             *
=========================================================================

Top Level Output File Name         : program_counter.ngc

Primitive and Black Box Usage:
------------------------------
# BELS                             : 26
#      GND                         : 1
#      INV                         : 1
#      LUT2                        : 1
#      LUT3                        : 8
#      MUXCY                       : 7
#      XORCY                       : 8
# FlipFlops/Latches                : 16
#      FD                          : 8
#      FDE                         : 8
# Clock Buffers                    : 1
#      BUFGP                       : 1
# IO Buffers                       : 18
#      IBUF                        : 10
#      OBUF                        : 8

Device utilization summary:
---------------------------

Selected Device : 6slx9tqg144-2 


Slice Logic Utilization: 
 Number of Slice Registers:              16  out of  11440     0%  
 Number of Slice LUTs:                   10  out of   5720     0%  
    Number used as Logic:                10  out of   5720     0%  

Slice Logic Distribution: 
 Number of LUT Flip Flop pairs used:     17
   Number with an unused Flip Flop:       1  out of     17     5%  
   Number with an unused LUT:             7  out of     17    41%  
   Number of fully used LUT-FF pairs:     9  out of     17    52%  
   Number of unique control sets:         2

IO Utilization: 
 Number of IOs:                          27
 Number of bonded IOBs:                  19  out of    102    18%  

Specific Feature Utilization:
 Number of BUFG/BUFGCTRLs:                1  out of     16     6%  

---------------------------
Partition Resource Summary:
---------------------------

  No Partitions were found in this design.

---------------------------


=========================================================================
Timing Report

NOTE: THESE TIMING NUMBERS ARE ONLY A SYNTHESIS ESTIMATE.
      FOR ACCURATE TIMING INFORMATION PLEASE REFER TO THE TRACE REPORT
      GENERATED AFTER PLACE-and-ROUTE.

Clock Information:
------------------
-----------------------------------+------------------------+-------+
Clock Signal                       | Clock buffer(FF name)  | Load  |
-----------------------------------+------------------------+-------+
i_CLK                              | BUFGP                  | 16    |
-----------------------------------+------------------------+-------+

Asynchronous Control Signals Information:
----------------------------------------
No asynchronous control signals found in this design

Timing Summary:
---------------
Speed Grade: -2

   Minimum period: 2.139ns (Maximum Frequency: 467.399MHz)
   Minimum input arrival time before clock: 3.939ns
   Maximum output required time after clock: 4.118ns
   Maximum combinational path delay: No path found

Timing Details:
---------------
All values displayed in nanoseconds (ns)

=========================================================================
Timing constraint: Default period analysis for Clock 'i_CLK'
  Clock period: 2.139ns (frequency: 467.399MHz)
  Total number of paths / destination ports: 44 / 16
-------------------------------------------------------------------------
Delay:               2.139ns (Levels of Logic = 9)
  Source:            r_PROG_COUNT_0 (FF)
  Destination:       r_PROG_COUNT_7 (FF)
  Source Clock:      i_CLK rising
  Destination Clock: i_CLK rising

  Data Path: r_PROG_COUNT_0 to r_PROG_COUNT_7
                                Gate     Net
    Cell:in->out      fanout   Delay   Delay  Logical Name (Net Name)
    ----------------------------------------  ------------
     FDE:C->Q              2   0.525   0.726  r_PROG_COUNT_0 (r_PROG_COUNT_0)
     LUT3:I2->O            1   0.254   0.000  Mcount_r_PROG_COUNT_lut<0> (Mcount_r_PROG_COUNT_lut<0>)
     MUXCY:S->O            1   0.215   0.000  Mcount_r_PROG_COUNT_cy<0> (Mcount_r_PROG_COUNT_cy<0>)
     MUXCY:CI->O           1   0.023   0.000  Mcount_r_PROG_COUNT_cy<1> (Mcount_r_PROG_COUNT_cy<1>)
     MUXCY:CI->O           1   0.023   0.000  Mcount_r_PROG_COUNT_cy<2> (Mcount_r_PROG_COUNT_cy<2>)
     MUXCY:CI->O           1   0.023   0.000  Mcount_r_PROG_COUNT_cy<3> (Mcount_r_PROG_COUNT_cy<3>)
     MUXCY:CI->O           1   0.023   0.000  Mcount_r_PROG_COUNT_cy<4> (Mcount_r_PROG_COUNT_cy<4>)
     MUXCY:CI->O           1   0.023   0.000  Mcount_r_PROG_COUNT_cy<5> (Mcount_r_PROG_COUNT_cy<5>)
     MUXCY:CI->O           0   0.023   0.000  Mcount_r_PROG_COUNT_cy<6> (Mcount_r_PROG_COUNT_cy<6>)
     XORCY:CI->O           1   0.206   0.000  Mcount_r_PROG_COUNT_xor<7> (Mcount_r_PROG_COUNT7)
     FDE:D                     0.074          r_PROG_COUNT_7
    ----------------------------------------
    Total                      2.139ns (1.413ns logic, 0.726ns route)
                                       (66.1% logic, 33.9% route)

=========================================================================
Timing constraint: Default OFFSET IN BEFORE for Clock 'i_CLK'
  Total number of paths / destination ports: 96 / 16
-------------------------------------------------------------------------
Offset:              3.939ns (Levels of Logic = 2)
  Source:            i_WRITE_ENABLE (PAD)
  Destination:       r_PROG_COUNT_0 (FF)
  Destination Clock: i_CLK rising

  Data Path: i_WRITE_ENABLE to r_PROG_COUNT_0
                                Gate     Net
    Cell:in->out      fanout   Delay   Delay  Logical Name (Net Name)
    ----------------------------------------  ------------
     IBUF:I->O            10   1.328   1.116  i_WRITE_ENABLE_IBUF (i_WRITE_ENABLE_IBUF)
     LUT2:I0->O            8   0.250   0.943  _n0016_inv1 (_n0016_inv)
     FDE:CE                    0.302          r_PROG_COUNT_0
    ----------------------------------------
    Total                      3.939ns (1.880ns logic, 2.059ns route)
                                       (47.7% logic, 52.3% route)

=========================================================================
Timing constraint: Default OFFSET OUT AFTER for Clock 'i_CLK'
  Total number of paths / destination ports: 8 / 8
-------------------------------------------------------------------------
Offset:              4.118ns (Levels of Logic = 1)
  Source:            o_DATA_7 (FF)
  Destination:       o_DATA<7> (PAD)
  Source Clock:      i_CLK rising

  Data Path: o_DATA_7 to o_DATA<7>
                                Gate     Net
    Cell:in->out      fanout   Delay   Delay  Logical Name (Net Name)
    ----------------------------------------  ------------
     FD:C->Q               1   0.525   0.681  o_DATA_7 (o_DATA_7)
     OBUF:I->O                 2.912          o_DATA_7_OBUF (o_DATA<7>)
    ----------------------------------------
    Total                      4.118ns (3.437ns logic, 0.681ns route)
                                       (83.5% logic, 16.5% route)

=========================================================================

Cross Clock Domains Report:
--------------------------

Clock to Setup on destination clock i_CLK
---------------+---------+---------+---------+---------+
               | Src:Rise| Src:Fall| Src:Rise| Src:Fall|
Source Clock   |Dest:Rise|Dest:Rise|Dest:Fall|Dest:Fall|
---------------+---------+---------+---------+---------+
i_CLK          |    2.139|         |         |         |
---------------+---------+---------+---------+---------+

=========================================================================


Total REAL time to Xst completion: 4.00 secs
Total CPU time to Xst completion: 4.15 secs
 
--> 

Total memory usage is 4508168 kilobytes

Number of errors   :    0 (   0 filtered)
Number of warnings :    1 (   0 filtered)
Number of infos    :    0 (   0 filtered)

