ISim log file
Running: C:\Users\holge\OneDrive\AAU - Elektronik og IT\4. semester\Digital Design\digital-design\papilio-pro-projects\sdram_vhd_134\test_sdrm_isim_beh.exe -intstyle ise -gui -tclbatch isim.cmd -wdb C:/Users/holge/OneDrive/AAU - Elektronik og IT/4. semester/Digital Design/digital-design/papilio-pro-projects/sdram_vhd_134/test_sdrm_isim_beh.wdb 
ISim P.20131013 (signature 0x7708f090)
WARNING: A WEBPACK license was found.
WARNING: Please use Xilinx License Configuration Manager to check out a full ISim license.
WARNING: ISim will run in Lite mode. Please refer to the ISim documentation for more information on the differences between the Lite and the Full version.
This is a Lite version of ISim.
Time resolution is 1 ps
# onerror resume
# wave add /
# run 5000 ns
Simulator is doing circuit initialization process.
at 0 ps, Instance /test_sdrm/sdrmc_INST/sdrm_t_int/cslt_cntr_inst/ : Warning: NUMERIC_STD."=": metavalue detected, returning FALSE
at 0 ps, Instance /test_sdrm/sdrmc_INST/sdrm_t_int/brst_cntr_inst/ : Warning: NUMERIC_STD."=": metavalue detected, returning FALSE
at 0 ps, Instance /test_sdrm/sdrmc_INST/sdrm_t_int/brst_cntr_inst/ : Warning: NUMERIC_STD."=": metavalue detected, returning FALSE
at 0 ps, Instance /test_sdrm/sdrmc_INST/sdrm_t_int/rcd_cntr_inst/ : Warning: NUMERIC_STD."=": metavalue detected, returning FALSE
at 0 ps, Instance /test_sdrm/sdrmc_INST/sdrm_t_int/ref_cntr_inst/ : Warning: NUMERIC_STD."=": metavalue detected, returning FALSE
at 0 ps, Instance /test_sdrm/sdrmc_INST/sdrm_t_int/ki_cntr_inst/ : Warning: NUMERIC_STD."=": metavalue detected, returning FALSE
Finished circuit initialization process.
at 80 ns(9), Instance /test_sdrm/sdrmc_INST/sdrm_t_int/cslt_cntr_inst/ : Warning: NUMERIC_STD."=": metavalue detected, returning FALSE
at 80 ns(9), Instance /test_sdrm/sdrmc_INST/sdrm_t_int/brst_cntr_inst/ : Warning: NUMERIC_STD."=": metavalue detected, returning FALSE
at 80 ns(9), Instance /test_sdrm/sdrmc_INST/sdrm_t_int/brst_cntr_inst/ : Warning: NUMERIC_STD."=": metavalue detected, returning FALSE
at 80 ns(9), Instance /test_sdrm/sdrmc_INST/sdrm_t_int/rcd_cntr_inst/ : Warning: NUMERIC_STD."=": metavalue detected, returning FALSE
at 80 ns(9), Instance /test_sdrm/sdrmc_INST/sdrm_t_int/ki_cntr_inst/ : Warning: NUMERIC_STD."=": metavalue detected, returning FALSE
at 80 ns(12), Instance /test_sdrm/sdrmc_INST/sdrm_t_int/ref_cntr_inst/ : Warning: NUMERIC_STD."=": metavalue detected, returning FALSE
at 81 ns, Instance /test_sdrm/sdram0_INST/ : Warning: CAS# Hold time violation -- tCMH
at 81 ns, Instance /test_sdrm/sdram0_INST/ : Warning: RAS# Hold time violation -- tCMH
at 81 ns, Instance /test_sdrm/sdram0_INST/ : Warning: WE# Hold time violation -- tCMH
at 81 ns, Instance /test_sdrm/sdram0_INST/ : Warning: ADDR Hold time violation -- tAH
at 81 ns, Instance /test_sdrm/sdram0_INST/ : Warning: BA Hold time violation -- tAH
at 81 ns, Instance /test_sdrm/sdram0_INST/ : Warning: DQ Hold time violation -- tDH
at 81 ns, Instance /test_sdrm/sdram1_INST/ : Warning: CAS# Hold time violation -- tCMH
at 81 ns, Instance /test_sdrm/sdram1_INST/ : Warning: RAS# Hold time violation -- tCMH
at 81 ns, Instance /test_sdrm/sdram1_INST/ : Warning: WE# Hold time violation -- tCMH
at 81 ns, Instance /test_sdrm/sdram1_INST/ : Warning: ADDR Hold time violation -- tAH
at 81 ns, Instance /test_sdrm/sdram1_INST/ : Warning: BA Hold time violation -- tAH
at 81 ns, Instance /test_sdrm/sdram1_INST/ : Warning: DQ Hold time violation -- tDH
