ARM GAS  C:\Users\holge\AppData\Local\Temp\cc9YHLa6.s 			page 1


   1              		.syntax unified
   2              		.cpu cortex-m3
   3              		.fpu softvfp
   4              		.eabi_attribute 20, 1
   5              		.eabi_attribute 21, 1
   6              		.eabi_attribute 23, 3
   7              		.eabi_attribute 24, 1
   8              		.eabi_attribute 25, 1
   9              		.eabi_attribute 26, 1
  10              		.eabi_attribute 30, 6
  11              		.eabi_attribute 34, 1
  12              		.eabi_attribute 18, 4
  13              		.thumb
  14              		.syntax unified
  15              		.file	"main.c"
  16              		.text
  17              	.Ltext0:
  18              		.cfi_sections	.debug_frame
  19              		.bss
  20              		.align	2
  21              	Mouse_Data:
  22 0000 000000   		.space	3
  23 0003 00       		.align	1
  24              	Delay:
  25 0004 0000     		.space	2
  26              		.section	.text.main,"ax",%progbits
  27              		.align	2
  28              		.global	main
  29              		.thumb
  30              		.thumb_func
  31              		.type	main, %function
  32              	main:
  33              	.LFB63:
  34              		.file 1 "main.c"
   1:main.c        **** /******************************************************************************
   2:main.c        **** * File Name: main.c
   3:main.c        **** *
   4:main.c        **** * Version: 1.10
   5:main.c        **** *
   6:main.c        **** * Description: This is the source code for the HID Mouse code example.
   7:main.c        **** *
   8:main.c        **** * Related Document: CE195394_HID_Mouse.pdf
   9:main.c        **** *
  10:main.c        **** * Hardware Dependency: See CE195394_HID_Mouse.pdf
  11:main.c        **** *
  12:main.c        **** *******************************************************************************
  13:main.c        **** * Copyright (2018), Cypress Semiconductor Corporation. All rights reserved.
  14:main.c        **** *******************************************************************************
  15:main.c        **** * This software, including source code, documentation and related materials
  16:main.c        **** * (“Software”), is owned by Cypress Semiconductor Corporation or one of its
  17:main.c        **** * subsidiaries (“Cypress”) and is protected by and subject to worldwide patent
  18:main.c        **** * protection (United States and foreign), United States copyright laws and
  19:main.c        **** * international treaty provisions. Therefore, you may use this Software only
  20:main.c        **** * as provided in the license agreement accompanying the software package from
  21:main.c        **** * which you obtained this Software (“EULA”).
  22:main.c        **** *
  23:main.c        **** * If no EULA applies, Cypress hereby grants you a personal, nonexclusive,
ARM GAS  C:\Users\holge\AppData\Local\Temp\cc9YHLa6.s 			page 2


  24:main.c        **** * non-transferable license to copy, modify, and compile the Software source
  25:main.c        **** * code solely for use in connection with Cypress’s integrated circuit products.
  26:main.c        **** * Any reproduction, modification, translation, compilation, or representation
  27:main.c        **** * of this Software except as specified above is prohibited without the express
  28:main.c        **** * written permission of Cypress.
  29:main.c        **** *
  30:main.c        **** * Disclaimer: THIS SOFTWARE IS PROVIDED AS-IS, WITH NO WARRANTY OF ANY KIND, 
  31:main.c        **** * EXPRESS OR IMPLIED, INCLUDING, BUT NOT LIMITED TO, NONINFRINGEMENT, IMPLIED 
  32:main.c        **** * WARRANTIES OF MERCHANTABILITY AND FITNESS FOR A PARTICULAR PURPOSE. Cypress 
  33:main.c        **** * reserves the right to make changes to the Software without notice. Cypress 
  34:main.c        **** * does not assume any liability arising out of the application or use of the 
  35:main.c        **** * Software or any product or circuit described in the Software. Cypress does 
  36:main.c        **** * not authorize its products for use in any products where a malfunction or 
  37:main.c        **** * failure of the Cypress product may reasonably be expected to result in 
  38:main.c        **** * significant property damage, injury or death (“High Risk Product”). By 
  39:main.c        **** * including Cypress’s product in a High Risk Product, the manufacturer of such 
  40:main.c        **** * system or application assumes all risk of such use and in doing so agrees to 
  41:main.c        **** * indemnify Cypress against all liability.
  42:main.c        **** *******************************************************************************/
  43:main.c        **** 
  44:main.c        **** 
  45:main.c        **** #include <project.h>
  46:main.c        **** 
  47:main.c        **** static int8 Mouse_Data[3] = {0, 0, 0}; /* [0] = Buttons, [1] = X-Axis, [2] = Y-Axis */
  48:main.c        **** static uint16 Delay = 0;
  49:main.c        **** 
  50:main.c        **** /*******************************************************************************
  51:main.c        **** * Function Name: main
  52:main.c        **** ********************************************************************************
  53:main.c        **** *
  54:main.c        **** * Summary:
  55:main.c        **** *  main() performs following functions:
  56:main.c        **** *  1: Enumerates the PSoC as a HID Mouse.
  57:main.c        **** *  2: Updates Mouse movement data.
  58:main.c        **** *  3: Updates Mouse left click with status of P2[2]
  59:main.c        **** *  4: Waits for ACK from host and then loads new data into EP1.
  60:main.c        **** *
  61:main.c        **** * Parameters:
  62:main.c        **** *  None.
  63:main.c        **** *
  64:main.c        **** * Return:
  65:main.c        **** *  None.
  66:main.c        **** *
  67:main.c        **** *******************************************************************************/
  68:main.c        **** 
  69:main.c        **** int main()
  70:main.c        **** {
  35              		.loc 1 70 0
  36              		.cfi_startproc
  37              		@ args = 0, pretend = 0, frame = 0
  38              		@ frame_needed = 1, uses_anonymous_args = 0
  39 0000 80B5     		push	{r7, lr}
  40              		.cfi_def_cfa_offset 8
  41              		.cfi_offset 7, -8
  42              		.cfi_offset 14, -4
  43 0002 00AF     		add	r7, sp, #0
  44              		.cfi_def_cfa_register 7
ARM GAS  C:\Users\holge\AppData\Local\Temp\cc9YHLa6.s 			page 3


  71:main.c        **** 	CYGlobalIntEnable;                        		/* Enable Global Interrupts */
  45              		.loc 1 71 0
  46              		.syntax unified
  47              	@ 71 "main.c" 1
  48 0004 62B6     		CPSIE   i
  49              	@ 0 "" 2
  72:main.c        **** 	USBFS_1_Start(0, USBFS_1_DWR_VDDD_OPERATION);   /* Start USBFS Operation/device 0 and with 5V oper
  50              		.loc 1 72 0
  51              		.thumb
  52              		.syntax unified
  53 0006 0221     		movs	r1, #2
  54 0008 0020     		movs	r0, #0
  55 000a FFF7FEFF 		bl	USBFS_1_Start
  73:main.c        **** 	while(!USBFS_1_bGetConfiguration());      		/* Wait for Device to enumerate */
  56              		.loc 1 73 0
  57 000e 00BF     		nop
  58              	.L2:
  59              		.loc 1 73 0 is_stmt 0 discriminator 1
  60 0010 FFF7FEFF 		bl	USBFS_1_GetConfiguration
  61 0014 0346     		mov	r3, r0
  62 0016 002B     		cmp	r3, #0
  63 0018 FAD0     		beq	.L2
  74:main.c        ****     USBFS_1_LoadInEP(1, (uint8 *)Mouse_Data, 3); 	/* Loads an inital value into EP1 and sends it ou
  64              		.loc 1 74 0 is_stmt 1
  65 001a 0322     		movs	r2, #3
  66 001c 2949     		ldr	r1, .L14
  67 001e 0120     		movs	r0, #1
  68 0020 FFF7FEFF 		bl	USBFS_1_LoadInEP
  69              	.L13:
  75:main.c        **** 	
  76:main.c        **** 	for(;;)
  77:main.c        ****     {
  78:main.c        ****         while(!USBFS_1_bGetEPAckState(1));  			/* Wait for ACK before loading data */
  70              		.loc 1 78 0
  71 0024 00BF     		nop
  72              	.L3:
  73              		.loc 1 78 0 is_stmt 0 discriminator 1
  74 0026 0120     		movs	r0, #1
  75 0028 FFF7FEFF 		bl	USBFS_1_GetEPAckState
  76 002c 0346     		mov	r3, r0
  77 002e 002B     		cmp	r3, #0
  78 0030 F9D0     		beq	.L3
  79:main.c        **** 		USBFS_1_LoadInEP(1, (uint8 *)Mouse_Data, 3); 	/* Load latest mouse data into EP1 and send to PC *
  79              		.loc 1 79 0 is_stmt 1
  80 0032 0322     		movs	r2, #3
  81 0034 2349     		ldr	r1, .L14
  82 0036 0120     		movs	r0, #1
  83 0038 FFF7FEFF 		bl	USBFS_1_LoadInEP
  80:main.c        **** 	  
  81:main.c        **** 		switch (Delay){									/* Switch statement creates a state machine for mouse movement */
  84              		.loc 1 81 0
  85 003c 224B     		ldr	r3, .L14+4
  86 003e 1B88     		ldrh	r3, [r3]
  87 0040 B3F5807F 		cmp	r3, #256
  88 0044 13D0     		beq	.L5
  89 0046 B3F5807F 		cmp	r3, #256
  90 004a 02DC     		bgt	.L6
ARM GAS  C:\Users\holge\AppData\Local\Temp\cc9YHLa6.s 			page 4


  91 004c 802B     		cmp	r3, #128
  92 004e 07D0     		beq	.L7
  82:main.c        **** 			case 128:	
  83:main.c        ****                 Mouse_Data[1] = 5;  			/* Moves mouse to right */
  84:main.c        **** 				Mouse_Data[2] = 0;  			/* Keeps Y static */
  85:main.c        **** 				break;
  86:main.c        **** 			case 256:	
  87:main.c        ****                 Mouse_Data[1] = 0; 				/* Keeps X static */
  88:main.c        **** 				Mouse_Data[2] = 5; 				/* Moves mouse down */
  89:main.c        **** 				break;
  90:main.c        **** 			case 384:	
  91:main.c        ****                 Mouse_Data[1] = -5; 			/* Moves mouse to left */
  92:main.c        **** 				Mouse_Data[2] = 0;  			/* Keeps Y static */
  93:main.c        **** 				break;
  94:main.c        **** 			case 512:	
  95:main.c        ****                 Mouse_Data[1] = 0;  			/* Keeps X static */
  96:main.c        **** 			    Mouse_Data[2] = -5; 			/* Moves mouse up */
  97:main.c        **** 				Delay=0;
  98:main.c        **** 				break;  
  99:main.c        **** 			default:	
 100:main.c        ****                 break;  
  93              		.loc 1 100 0
  94 0050 25E0     		b	.L10
  95              	.L6:
  81:main.c        **** 			case 128:	
  96              		.loc 1 81 0
  97 0052 B3F5C07F 		cmp	r3, #384
  98 0056 11D0     		beq	.L8
  99 0058 B3F5007F 		cmp	r3, #512
 100 005c 15D0     		beq	.L9
 101              		.loc 1 100 0
 102 005e 1EE0     		b	.L10
 103              	.L7:
  83:main.c        **** 				Mouse_Data[2] = 0;  			/* Keeps Y static */
 104              		.loc 1 83 0
 105 0060 184B     		ldr	r3, .L14
 106 0062 0522     		movs	r2, #5
 107 0064 5A70     		strb	r2, [r3, #1]
  84:main.c        **** 				break;
 108              		.loc 1 84 0
 109 0066 174B     		ldr	r3, .L14
 110 0068 0022     		movs	r2, #0
 111 006a 9A70     		strb	r2, [r3, #2]
  85:main.c        **** 			case 256:	
 112              		.loc 1 85 0
 113 006c 17E0     		b	.L10
 114              	.L5:
  87:main.c        **** 				Mouse_Data[2] = 5; 				/* Moves mouse down */
 115              		.loc 1 87 0
 116 006e 154B     		ldr	r3, .L14
 117 0070 0022     		movs	r2, #0
 118 0072 5A70     		strb	r2, [r3, #1]
  88:main.c        **** 				break;
 119              		.loc 1 88 0
 120 0074 134B     		ldr	r3, .L14
 121 0076 0522     		movs	r2, #5
 122 0078 9A70     		strb	r2, [r3, #2]
ARM GAS  C:\Users\holge\AppData\Local\Temp\cc9YHLa6.s 			page 5


  89:main.c        **** 			case 384:	
 123              		.loc 1 89 0
 124 007a 10E0     		b	.L10
 125              	.L8:
  91:main.c        **** 				Mouse_Data[2] = 0;  			/* Keeps Y static */
 126              		.loc 1 91 0
 127 007c 114B     		ldr	r3, .L14
 128 007e FB22     		movs	r2, #251
 129 0080 5A70     		strb	r2, [r3, #1]
  92:main.c        **** 				break;
 130              		.loc 1 92 0
 131 0082 104B     		ldr	r3, .L14
 132 0084 0022     		movs	r2, #0
 133 0086 9A70     		strb	r2, [r3, #2]
  93:main.c        **** 			case 512:	
 134              		.loc 1 93 0
 135 0088 09E0     		b	.L10
 136              	.L9:
  95:main.c        **** 			    Mouse_Data[2] = -5; 			/* Moves mouse up */
 137              		.loc 1 95 0
 138 008a 0E4B     		ldr	r3, .L14
 139 008c 0022     		movs	r2, #0
 140 008e 5A70     		strb	r2, [r3, #1]
  96:main.c        **** 				Delay=0;
 141              		.loc 1 96 0
 142 0090 0C4B     		ldr	r3, .L14
 143 0092 FB22     		movs	r2, #251
 144 0094 9A70     		strb	r2, [r3, #2]
  97:main.c        **** 				break;  
 145              		.loc 1 97 0
 146 0096 0C4B     		ldr	r3, .L14+4
 147 0098 0022     		movs	r2, #0
 148 009a 1A80     		strh	r2, [r3]	@ movhi
  98:main.c        **** 			default:	
 149              		.loc 1 98 0
 150 009c 00BF     		nop
 151              	.L10:
 101:main.c        ****         }
 102:main.c        ****         
 103:main.c        ****         if(Button_1_Read() == 0)    /* Check the button state and load the report with the curren s
 152              		.loc 1 103 0
 153 009e FFF7FEFF 		bl	Button_1_Read
 154 00a2 0346     		mov	r3, r0
 155 00a4 002B     		cmp	r3, #0
 156 00a6 03D1     		bne	.L11
 104:main.c        ****         {
 105:main.c        ****             Mouse_Data[0] = 0x01;   /* Report button 1 is pressed */
 157              		.loc 1 105 0
 158 00a8 064B     		ldr	r3, .L14
 159 00aa 0122     		movs	r2, #1
 160 00ac 1A70     		strb	r2, [r3]
 161 00ae 02E0     		b	.L12
 162              	.L11:
 106:main.c        ****         }
 107:main.c        ****         else
 108:main.c        ****         {
 109:main.c        ****             Mouse_Data[0] = 0x00;   /* Report button 1 is not pressed */
ARM GAS  C:\Users\holge\AppData\Local\Temp\cc9YHLa6.s 			page 6


 163              		.loc 1 109 0
 164 00b0 044B     		ldr	r3, .L14
 165 00b2 0022     		movs	r2, #0
 166 00b4 1A70     		strb	r2, [r3]
 167              	.L12:
 110:main.c        ****         }
 111:main.c        ****         
 112:main.c        **** 		Delay++;
 168              		.loc 1 112 0
 169 00b6 044B     		ldr	r3, .L14+4
 170 00b8 1B88     		ldrh	r3, [r3]
 171 00ba 0133     		adds	r3, r3, #1
 172 00bc 9AB2     		uxth	r2, r3
 173 00be 024B     		ldr	r3, .L14+4
 174 00c0 1A80     		strh	r2, [r3]	@ movhi
 113:main.c        **** 	}
 175              		.loc 1 113 0
 176 00c2 AFE7     		b	.L13
 177              	.L15:
 178              		.align	2
 179              	.L14:
 180 00c4 00000000 		.word	Mouse_Data
 181 00c8 04000000 		.word	Delay
 182              		.cfi_endproc
 183              	.LFE63:
 184              		.size	main, .-main
 185              		.text
 186              	.Letext0:
 187              		.file 2 "c:\\program files (x86)\\cypress\\psoc creator\\4.2\\psoc creator\\import\\gnu\\arm\\5.4.
 188              		.file 3 "c:\\program files (x86)\\cypress\\psoc creator\\4.2\\psoc creator\\import\\gnu\\arm\\5.4.
 189              		.file 4 "Generated_Source\\PSoC5/cytypes.h"
 190              		.file 5 "Generated_Source\\PSoC5/core_cm3.h"
 191              		.section	.debug_info,"",%progbits
 192              	.Ldebug_info0:
 193 0000 1D010000 		.4byte	0x11d
 194 0004 0400     		.2byte	0x4
 195 0006 00000000 		.4byte	.Ldebug_abbrev0
 196 000a 04       		.byte	0x4
 197 000b 01       		.uleb128 0x1
 198 000c 6E000000 		.4byte	.LASF21
 199 0010 0C       		.byte	0xc
 200 0011 2E000000 		.4byte	.LASF22
 201 0015 78010000 		.4byte	.LASF23
 202 0019 00000000 		.4byte	.Ldebug_ranges0+0
 203 001d 00000000 		.4byte	0
 204 0021 00000000 		.4byte	.Ldebug_line0
 205 0025 02       		.uleb128 0x2
 206 0026 01       		.byte	0x1
 207 0027 06       		.byte	0x6
 208 0028 37010000 		.4byte	.LASF0
 209 002c 02       		.uleb128 0x2
 210 002d 01       		.byte	0x1
 211 002e 08       		.byte	0x8
 212 002f 07010000 		.4byte	.LASF1
 213 0033 02       		.uleb128 0x2
 214 0034 02       		.byte	0x2
 215 0035 05       		.byte	0x5
ARM GAS  C:\Users\holge\AppData\Local\Temp\cc9YHLa6.s 			page 7


 216 0036 5F010000 		.4byte	.LASF2
 217 003a 02       		.uleb128 0x2
 218 003b 02       		.byte	0x2
 219 003c 07       		.byte	0x7
 220 003d 0E000000 		.4byte	.LASF3
 221 0041 03       		.uleb128 0x3
 222 0042 4F010000 		.4byte	.LASF9
 223 0046 02       		.byte	0x2
 224 0047 3F       		.byte	0x3f
 225 0048 4C000000 		.4byte	0x4c
 226 004c 02       		.uleb128 0x2
 227 004d 04       		.byte	0x4
 228 004e 05       		.byte	0x5
 229 004f 1A010000 		.4byte	.LASF4
 230 0053 02       		.uleb128 0x2
 231 0054 04       		.byte	0x4
 232 0055 07       		.byte	0x7
 233 0056 45000000 		.4byte	.LASF5
 234 005a 02       		.uleb128 0x2
 235 005b 08       		.byte	0x8
 236 005c 05       		.byte	0x5
 237 005d 00000000 		.4byte	.LASF6
 238 0061 02       		.uleb128 0x2
 239 0062 08       		.byte	0x8
 240 0063 07       		.byte	0x7
 241 0064 57000000 		.4byte	.LASF7
 242 0068 04       		.uleb128 0x4
 243 0069 04       		.byte	0x4
 244 006a 05       		.byte	0x5
 245 006b 696E7400 		.ascii	"int\000"
 246 006f 02       		.uleb128 0x2
 247 0070 04       		.byte	0x4
 248 0071 07       		.byte	0x7
 249 0072 21000000 		.4byte	.LASF8
 250 0076 03       		.uleb128 0x3
 251 0077 70010000 		.4byte	.LASF10
 252 007b 03       		.byte	0x3
 253 007c 2C       		.byte	0x2c
 254 007d 41000000 		.4byte	0x41
 255 0081 05       		.uleb128 0x5
 256 0082 3F000000 		.4byte	.LASF11
 257 0086 04       		.byte	0x4
 258 0087 E401     		.2byte	0x1e4
 259 0089 2C000000 		.4byte	0x2c
 260 008d 05       		.uleb128 0x5
 261 008e 69010000 		.4byte	.LASF12
 262 0092 04       		.byte	0x4
 263 0093 E501     		.2byte	0x1e5
 264 0095 3A000000 		.4byte	0x3a
 265 0099 05       		.uleb128 0x5
 266 009a 3A000000 		.4byte	.LASF13
 267 009e 04       		.byte	0x4
 268 009f E701     		.2byte	0x1e7
 269 00a1 25000000 		.4byte	0x25
 270 00a5 02       		.uleb128 0x2
 271 00a6 04       		.byte	0x4
 272 00a7 04       		.byte	0x4
ARM GAS  C:\Users\holge\AppData\Local\Temp\cc9YHLa6.s 			page 8


 273 00a8 59010000 		.4byte	.LASF14
 274 00ac 02       		.uleb128 0x2
 275 00ad 08       		.byte	0x8
 276 00ae 04       		.byte	0x4
 277 00af 23010000 		.4byte	.LASF15
 278 00b3 02       		.uleb128 0x2
 279 00b4 01       		.byte	0x1
 280 00b5 08       		.byte	0x8
 281 00b6 15010000 		.4byte	.LASF16
 282 00ba 02       		.uleb128 0x2
 283 00bb 08       		.byte	0x8
 284 00bc 04       		.byte	0x4
 285 00bd 43010000 		.4byte	.LASF17
 286 00c1 02       		.uleb128 0x2
 287 00c2 04       		.byte	0x4
 288 00c3 07       		.byte	0x7
 289 00c4 CC010000 		.4byte	.LASF18
 290 00c8 06       		.uleb128 0x6
 291 00c9 35000000 		.4byte	.LASF24
 292 00cd 01       		.byte	0x1
 293 00ce 45       		.byte	0x45
 294 00cf 68000000 		.4byte	0x68
 295 00d3 00000000 		.4byte	.LFB63
 296 00d7 CC000000 		.4byte	.LFE63-.LFB63
 297 00db 01       		.uleb128 0x1
 298 00dc 9C       		.byte	0x9c
 299 00dd 07       		.uleb128 0x7
 300 00de 99000000 		.4byte	0x99
 301 00e2 ED000000 		.4byte	0xed
 302 00e6 08       		.uleb128 0x8
 303 00e7 C1000000 		.4byte	0xc1
 304 00eb 02       		.byte	0x2
 305 00ec 00       		.byte	0
 306 00ed 09       		.uleb128 0x9
 307 00ee FC000000 		.4byte	.LASF19
 308 00f2 01       		.byte	0x1
 309 00f3 2F       		.byte	0x2f
 310 00f4 DD000000 		.4byte	0xdd
 311 00f8 05       		.uleb128 0x5
 312 00f9 03       		.byte	0x3
 313 00fa 00000000 		.4byte	Mouse_Data
 314 00fe 09       		.uleb128 0x9
 315 00ff D5010000 		.4byte	.LASF20
 316 0103 01       		.byte	0x1
 317 0104 30       		.byte	0x30
 318 0105 8D000000 		.4byte	0x8d
 319 0109 05       		.uleb128 0x5
 320 010a 03       		.byte	0x3
 321 010b 04000000 		.4byte	Delay
 322 010f 0A       		.uleb128 0xa
 323 0110 2A010000 		.4byte	.LASF25
 324 0114 05       		.byte	0x5
 325 0115 1207     		.2byte	0x712
 326 0117 1B010000 		.4byte	0x11b
 327 011b 0B       		.uleb128 0xb
 328 011c 76000000 		.4byte	0x76
 329 0120 00       		.byte	0
ARM GAS  C:\Users\holge\AppData\Local\Temp\cc9YHLa6.s 			page 9


 330              		.section	.debug_abbrev,"",%progbits
 331              	.Ldebug_abbrev0:
 332 0000 01       		.uleb128 0x1
 333 0001 11       		.uleb128 0x11
 334 0002 01       		.byte	0x1
 335 0003 25       		.uleb128 0x25
 336 0004 0E       		.uleb128 0xe
 337 0005 13       		.uleb128 0x13
 338 0006 0B       		.uleb128 0xb
 339 0007 03       		.uleb128 0x3
 340 0008 0E       		.uleb128 0xe
 341 0009 1B       		.uleb128 0x1b
 342 000a 0E       		.uleb128 0xe
 343 000b 55       		.uleb128 0x55
 344 000c 17       		.uleb128 0x17
 345 000d 11       		.uleb128 0x11
 346 000e 01       		.uleb128 0x1
 347 000f 10       		.uleb128 0x10
 348 0010 17       		.uleb128 0x17
 349 0011 00       		.byte	0
 350 0012 00       		.byte	0
 351 0013 02       		.uleb128 0x2
 352 0014 24       		.uleb128 0x24
 353 0015 00       		.byte	0
 354 0016 0B       		.uleb128 0xb
 355 0017 0B       		.uleb128 0xb
 356 0018 3E       		.uleb128 0x3e
 357 0019 0B       		.uleb128 0xb
 358 001a 03       		.uleb128 0x3
 359 001b 0E       		.uleb128 0xe
 360 001c 00       		.byte	0
 361 001d 00       		.byte	0
 362 001e 03       		.uleb128 0x3
 363 001f 16       		.uleb128 0x16
 364 0020 00       		.byte	0
 365 0021 03       		.uleb128 0x3
 366 0022 0E       		.uleb128 0xe
 367 0023 3A       		.uleb128 0x3a
 368 0024 0B       		.uleb128 0xb
 369 0025 3B       		.uleb128 0x3b
 370 0026 0B       		.uleb128 0xb
 371 0027 49       		.uleb128 0x49
 372 0028 13       		.uleb128 0x13
 373 0029 00       		.byte	0
 374 002a 00       		.byte	0
 375 002b 04       		.uleb128 0x4
 376 002c 24       		.uleb128 0x24
 377 002d 00       		.byte	0
 378 002e 0B       		.uleb128 0xb
 379 002f 0B       		.uleb128 0xb
 380 0030 3E       		.uleb128 0x3e
 381 0031 0B       		.uleb128 0xb
 382 0032 03       		.uleb128 0x3
 383 0033 08       		.uleb128 0x8
 384 0034 00       		.byte	0
 385 0035 00       		.byte	0
 386 0036 05       		.uleb128 0x5
ARM GAS  C:\Users\holge\AppData\Local\Temp\cc9YHLa6.s 			page 10


 387 0037 16       		.uleb128 0x16
 388 0038 00       		.byte	0
 389 0039 03       		.uleb128 0x3
 390 003a 0E       		.uleb128 0xe
 391 003b 3A       		.uleb128 0x3a
 392 003c 0B       		.uleb128 0xb
 393 003d 3B       		.uleb128 0x3b
 394 003e 05       		.uleb128 0x5
 395 003f 49       		.uleb128 0x49
 396 0040 13       		.uleb128 0x13
 397 0041 00       		.byte	0
 398 0042 00       		.byte	0
 399 0043 06       		.uleb128 0x6
 400 0044 2E       		.uleb128 0x2e
 401 0045 00       		.byte	0
 402 0046 3F       		.uleb128 0x3f
 403 0047 19       		.uleb128 0x19
 404 0048 03       		.uleb128 0x3
 405 0049 0E       		.uleb128 0xe
 406 004a 3A       		.uleb128 0x3a
 407 004b 0B       		.uleb128 0xb
 408 004c 3B       		.uleb128 0x3b
 409 004d 0B       		.uleb128 0xb
 410 004e 49       		.uleb128 0x49
 411 004f 13       		.uleb128 0x13
 412 0050 11       		.uleb128 0x11
 413 0051 01       		.uleb128 0x1
 414 0052 12       		.uleb128 0x12
 415 0053 06       		.uleb128 0x6
 416 0054 40       		.uleb128 0x40
 417 0055 18       		.uleb128 0x18
 418 0056 9642     		.uleb128 0x2116
 419 0058 19       		.uleb128 0x19
 420 0059 00       		.byte	0
 421 005a 00       		.byte	0
 422 005b 07       		.uleb128 0x7
 423 005c 01       		.uleb128 0x1
 424 005d 01       		.byte	0x1
 425 005e 49       		.uleb128 0x49
 426 005f 13       		.uleb128 0x13
 427 0060 01       		.uleb128 0x1
 428 0061 13       		.uleb128 0x13
 429 0062 00       		.byte	0
 430 0063 00       		.byte	0
 431 0064 08       		.uleb128 0x8
 432 0065 21       		.uleb128 0x21
 433 0066 00       		.byte	0
 434 0067 49       		.uleb128 0x49
 435 0068 13       		.uleb128 0x13
 436 0069 2F       		.uleb128 0x2f
 437 006a 0B       		.uleb128 0xb
 438 006b 00       		.byte	0
 439 006c 00       		.byte	0
 440 006d 09       		.uleb128 0x9
 441 006e 34       		.uleb128 0x34
 442 006f 00       		.byte	0
 443 0070 03       		.uleb128 0x3
ARM GAS  C:\Users\holge\AppData\Local\Temp\cc9YHLa6.s 			page 11


 444 0071 0E       		.uleb128 0xe
 445 0072 3A       		.uleb128 0x3a
 446 0073 0B       		.uleb128 0xb
 447 0074 3B       		.uleb128 0x3b
 448 0075 0B       		.uleb128 0xb
 449 0076 49       		.uleb128 0x49
 450 0077 13       		.uleb128 0x13
 451 0078 02       		.uleb128 0x2
 452 0079 18       		.uleb128 0x18
 453 007a 00       		.byte	0
 454 007b 00       		.byte	0
 455 007c 0A       		.uleb128 0xa
 456 007d 34       		.uleb128 0x34
 457 007e 00       		.byte	0
 458 007f 03       		.uleb128 0x3
 459 0080 0E       		.uleb128 0xe
 460 0081 3A       		.uleb128 0x3a
 461 0082 0B       		.uleb128 0xb
 462 0083 3B       		.uleb128 0x3b
 463 0084 05       		.uleb128 0x5
 464 0085 49       		.uleb128 0x49
 465 0086 13       		.uleb128 0x13
 466 0087 3F       		.uleb128 0x3f
 467 0088 19       		.uleb128 0x19
 468 0089 3C       		.uleb128 0x3c
 469 008a 19       		.uleb128 0x19
 470 008b 00       		.byte	0
 471 008c 00       		.byte	0
 472 008d 0B       		.uleb128 0xb
 473 008e 35       		.uleb128 0x35
 474 008f 00       		.byte	0
 475 0090 49       		.uleb128 0x49
 476 0091 13       		.uleb128 0x13
 477 0092 00       		.byte	0
 478 0093 00       		.byte	0
 479 0094 00       		.byte	0
 480              		.section	.debug_aranges,"",%progbits
 481 0000 1C000000 		.4byte	0x1c
 482 0004 0200     		.2byte	0x2
 483 0006 00000000 		.4byte	.Ldebug_info0
 484 000a 04       		.byte	0x4
 485 000b 00       		.byte	0
 486 000c 0000     		.2byte	0
 487 000e 0000     		.2byte	0
 488 0010 00000000 		.4byte	.LFB63
 489 0014 CC000000 		.4byte	.LFE63-.LFB63
 490 0018 00000000 		.4byte	0
 491 001c 00000000 		.4byte	0
 492              		.section	.debug_ranges,"",%progbits
 493              	.Ldebug_ranges0:
 494 0000 00000000 		.4byte	.LFB63
 495 0004 CC000000 		.4byte	.LFE63
 496 0008 00000000 		.4byte	0
 497 000c 00000000 		.4byte	0
 498              		.section	.debug_line,"",%progbits
 499              	.Ldebug_line0:
 500 0000 94010000 		.section	.debug_str,"MS",%progbits,1
ARM GAS  C:\Users\holge\AppData\Local\Temp\cc9YHLa6.s 			page 12


 500      02004C01 
 500      00000201 
 500      FB0E0D00 
 500      01010101 
 501              	.LASF6:
 502 0000 6C6F6E67 		.ascii	"long long int\000"
 502      206C6F6E 
 502      6720696E 
 502      7400
 503              	.LASF3:
 504 000e 73686F72 		.ascii	"short unsigned int\000"
 504      7420756E 
 504      7369676E 
 504      65642069 
 504      6E7400
 505              	.LASF8:
 506 0021 756E7369 		.ascii	"unsigned int\000"
 506      676E6564 
 506      20696E74 
 506      00
 507              	.LASF22:
 508 002e 6D61696E 		.ascii	"main.c\000"
 508      2E6300
 509              	.LASF24:
 510 0035 6D61696E 		.ascii	"main\000"
 510      00
 511              	.LASF13:
 512 003a 696E7438 		.ascii	"int8\000"
 512      00
 513              	.LASF11:
 514 003f 75696E74 		.ascii	"uint8\000"
 514      3800
 515              	.LASF5:
 516 0045 6C6F6E67 		.ascii	"long unsigned int\000"
 516      20756E73 
 516      69676E65 
 516      6420696E 
 516      7400
 517              	.LASF7:
 518 0057 6C6F6E67 		.ascii	"long long unsigned int\000"
 518      206C6F6E 
 518      6720756E 
 518      7369676E 
 518      65642069 
 519              	.LASF21:
 520 006e 474E5520 		.ascii	"GNU C11 5.4.1 20160609 (release) [ARM/embedded-5-br"
 520      43313120 
 520      352E342E 
 520      31203230 
 520      31363036 
 521 00a1 616E6368 		.ascii	"anch revision 237715] -mcpu=cortex-m3 -mthumb -g -O"
 521      20726576 
 521      6973696F 
 521      6E203233 
 521      37373135 
 522 00d4 30202D66 		.ascii	"0 -ffunction-sections -ffat-lto-objects\000"
 522      66756E63 
ARM GAS  C:\Users\holge\AppData\Local\Temp\cc9YHLa6.s 			page 13


 522      74696F6E 
 522      2D736563 
 522      74696F6E 
 523              	.LASF19:
 524 00fc 4D6F7573 		.ascii	"Mouse_Data\000"
 524      655F4461 
 524      746100
 525              	.LASF1:
 526 0107 756E7369 		.ascii	"unsigned char\000"
 526      676E6564 
 526      20636861 
 526      7200
 527              	.LASF16:
 528 0115 63686172 		.ascii	"char\000"
 528      00
 529              	.LASF4:
 530 011a 6C6F6E67 		.ascii	"long int\000"
 530      20696E74 
 530      00
 531              	.LASF15:
 532 0123 646F7562 		.ascii	"double\000"
 532      6C6500
 533              	.LASF25:
 534 012a 49544D5F 		.ascii	"ITM_RxBuffer\000"
 534      52784275 
 534      66666572 
 534      00
 535              	.LASF0:
 536 0137 7369676E 		.ascii	"signed char\000"
 536      65642063 
 536      68617200 
 537              	.LASF17:
 538 0143 6C6F6E67 		.ascii	"long double\000"
 538      20646F75 
 538      626C6500 
 539              	.LASF9:
 540 014f 5F5F696E 		.ascii	"__int32_t\000"
 540      7433325F 
 540      7400
 541              	.LASF14:
 542 0159 666C6F61 		.ascii	"float\000"
 542      7400
 543              	.LASF2:
 544 015f 73686F72 		.ascii	"short int\000"
 544      7420696E 
 544      7400
 545              	.LASF12:
 546 0169 75696E74 		.ascii	"uint16\000"
 546      313600
 547              	.LASF10:
 548 0170 696E7433 		.ascii	"int32_t\000"
 548      325F7400 
 549              	.LASF23:
 550 0178 433A5C55 		.ascii	"C:\\Users\\holge\\Desktop\\cypress_PsOC_5LP\\CE1953"
 550      73657273 
 550      5C686F6C 
 550      67655C44 
ARM GAS  C:\Users\holge\AppData\Local\Temp\cc9YHLa6.s 			page 14


 550      65736B74 
 551 01a6 39345F48 		.ascii	"94_HID_Mouse\\CE195394_HID_Mouse.cydsn\000"
 551      49445F4D 
 551      6F757365 
 551      5C434531 
 551      39353339 
 552              	.LASF18:
 553 01cc 73697A65 		.ascii	"sizetype\000"
 553      74797065 
 553      00
 554              	.LASF20:
 555 01d5 44656C61 		.ascii	"Delay\000"
 555      7900
 556              		.ident	"GCC: (GNU Tools for ARM Embedded Processors) 5.4.1 20160609 (release) [ARM/embedded-5-bran
