Command line:
   branch_control_tb_isim_beh.exe
     -simmode  gui
     -simrunnum  0
     -socket  63605

Tue Apr 02 08:08:58 2019


 Elaboration Time: 0.0625 sec

 Current Memory Usage: 5174.75 Meg

 Total Signals          : 18
 Total Nets             : 41
 Total Signal Drivers   : 9
 Total Blocks           : 3
 Total Primitive Blocks : 2
 Total Processes        : 3
 Total Traceable Variables  : 9
 Total Scalar Nets and Variables : 402
Total Line Count : 59

 Total Simulation Time: 5.6875 sec

 Current Memory Usage: 5174.75 Meg

Tue Apr 02 08:14:05 2019

