Release 14.7 - xst P.20131013 (nt64)
Copyright (c) 1995-2013 Xilinx, Inc.  All rights reserved.
--> Parameter TMPDIR set to xst/projnav.tmp


Total REAL time to Xst completion: 0.00 secs
Total CPU time to Xst completion: 0.09 secs
 
--> Parameter xsthdpdir set to xst


Total REAL time to Xst completion: 0.00 secs
Total CPU time to Xst completion: 0.09 secs
 
--> Reading design: memory_controller.prj

TABLE OF CONTENTS
  1) Synthesis Options Summary
  2) HDL Parsing
  3) HDL Elaboration
  4) HDL Synthesis
       4.1) HDL Synthesis Report
  5) Advanced HDL Synthesis
       5.1) Advanced HDL Synthesis Report
  6) Low Level Synthesis
  7) Partition Report
  8) Design Summary
       8.1) Primitive and Black Box Usage
       8.2) Device utilization summary
       8.3) Partition Resource Summary
       8.4) Timing Report
            8.4.1) Clock Information
            8.4.2) Asynchronous Control Signals Information
            8.4.3) Timing Summary
            8.4.4) Timing Details
            8.4.5) Cross Clock Domains Report


=========================================================================
*                      Synthesis Options Summary                        *
=========================================================================
---- Source Parameters
Input File Name                    : "memory_controller.prj"
Ignore Synthesis Constraint File   : NO

---- Target Parameters
Output File Name                   : "memory_controller"
Output Format                      : NGC
Target Device                      : xc6slx9-2-tqg144

---- Source Options
Top Module Name                    : memory_controller
Automatic FSM Extraction           : YES
FSM Encoding Algorithm             : Auto
Safe Implementation                : No
FSM Style                          : LUT
RAM Extraction                     : Yes
RAM Style                          : Auto
ROM Extraction                     : Yes
Shift Register Extraction          : YES
ROM Style                          : Auto
Resource Sharing                   : YES
Asynchronous To Synchronous        : NO
Shift Register Minimum Size        : 2
Use DSP Block                      : Auto
Automatic Register Balancing       : No

---- Target Options
LUT Combining                      : Auto
Reduce Control Sets                : Auto
Add IO Buffers                     : YES
Global Maximum Fanout              : 100000
Add Generic Clock Buffer(BUFG)     : 16
Register Duplication               : YES
Optimize Instantiated Primitives   : NO
Use Clock Enable                   : Auto
Use Synchronous Set                : Auto
Use Synchronous Reset              : Auto
Pack IO Registers into IOBs        : Auto
Equivalent register Removal        : YES

---- General Options
Optimization Goal                  : Speed
Optimization Effort                : 1
Power Reduction                    : NO
Keep Hierarchy                     : No
Netlist Hierarchy                  : As_Optimized
RTL Output                         : Yes
Global Optimization                : AllClockNets
Read Cores                         : YES
Write Timing Constraints           : NO
Cross Clock Analysis               : NO
Hierarchy Separator                : /
Bus Delimiter                      : <>
Case Specifier                     : Maintain
Slice Utilization Ratio            : 100
BRAM Utilization Ratio             : 100
DSP48 Utilization Ratio            : 100
Auto BRAM Packing                  : NO
Slice Utilization Ratio Delta      : 5

=========================================================================


=========================================================================
*                          HDL Parsing                                  *
=========================================================================
Parsing VHDL file "C:\Users\holge\OneDrive\AAU - Elektronik og IT\4. semester\Digital Design\digital-design\papilio-pro-projects\memory_controller\memory_controller.vhd" into library work
Parsing entity <memory_controller>.
Parsing architecture <Behavioral> of entity <memory_controller>.

=========================================================================
*                            HDL Elaboration                            *
=========================================================================

Elaborating entity <memory_controller> (architecture <Behavioral>) from library <work>.

=========================================================================
*                           HDL Synthesis                               *
=========================================================================

Synthesizing Unit <memory_controller>.
    Related source file is "C:\Users\holge\OneDrive\AAU - Elektronik og IT\4. semester\Digital Design\digital-design\papilio-pro-projects\memory_controller\memory_controller.vhd".
    Found 1-bit register for signal <r_CMD>.
    Found 32-bit register for signal <r_STATE>.
    Found 16-bit register for signal <r_ADDRESS>.
    Found 8-bit register for signal <r_DATA_in>.
    Found 1-bit register for signal <o_DATA_ready>.
    Found 1-bit register for signal <r_WRITE_enable>.
    Found finite state machine <FSM_0> for signal <r_STATE>.
    -----------------------------------------------------------------------
    | States             | 3                                              |
    | Transitions        | 9                                              |
    | Inputs             | 5                                              |
    | Outputs            | 4                                              |
    | Clock              | i_CLK (rising_edge)                            |
    | Reset              | i_RESET (positive)                             |
    | Reset type         | synchronous                                    |
    | Reset State        | 00000000000000000000000000000000               |
    | Power Up State     | 00000000000000000000000000000000               |
    | Encoding           | auto                                           |
    | Implementation     | LUT                                            |
    -----------------------------------------------------------------------
    Summary:
	inferred  27 D-type flip-flop(s).
	inferred   1 Multiplexer(s).
	inferred   1 Finite State Machine(s).
Unit <memory_controller> synthesized.

=========================================================================
HDL Synthesis Report

Macro Statistics
# Registers                                            : 5
 1-bit register                                        : 3
 16-bit register                                       : 1
 8-bit register                                        : 1
# Multiplexers                                         : 1
 1-bit 2-to-1 multiplexer                              : 1
# FSMs                                                 : 1

=========================================================================

=========================================================================
*                       Advanced HDL Synthesis                          *
=========================================================================


=========================================================================
Advanced HDL Synthesis Report

Macro Statistics
# Registers                                            : 27
 Flip-Flops                                            : 27
# FSMs                                                 : 1

=========================================================================

=========================================================================
*                         Low Level Synthesis                           *
=========================================================================
Analyzing FSM <MFsm> for best encoding.
Optimizing FSM <FSM_0> on signal <r_STATE[1:2]> with sequential encoding.
----------------------------------------------
 State                            | Encoding
----------------------------------------------
 00000000000000000000000000000000 | 00
 00000000000000000000000000000010 | 01
 00000000000000000000000000000001 | 10
----------------------------------------------

Optimizing unit <memory_controller> ...

Mapping all equations...
Building and optimizing final netlist ...
Found area constraint ratio of 100 (+ 5) on block memory_controller, actual ratio is 0.

Final Macro Processing ...

=========================================================================
Final Register Report

Macro Statistics
# Registers                                            : 29
 Flip-Flops                                            : 29

=========================================================================

=========================================================================
*                           Partition Report                            *
=========================================================================

Partition Implementation Status
-------------------------------

  No Partitions were found in this design.

-------------------------------

=========================================================================
*                            Design Summary                             *
=========================================================================

Top Level Output File Name         : memory_controller.ngc

Primitive and Black Box Usage:
------------------------------
# BELS                             : 33
#      LUT2                        : 1
#      LUT4                        : 27
#      LUT5                        : 1
#      LUT6                        : 4
# FlipFlops/Latches                : 29
#      FD                          : 25
#      FDR                         : 4
# Clock Buffers                    : 1
#      BUFGP                       : 1
# IO Buffers                       : 73
#      IBUF                        : 37
#      OBUF                        : 36

Device utilization summary:
---------------------------

Selected Device : 6slx9tqg144-2 


Slice Logic Utilization: 
 Number of Slice Registers:              29  out of  11440     0%  
 Number of Slice LUTs:                   33  out of   5720     0%  
    Number used as Logic:                33  out of   5720     0%  

Slice Logic Distribution: 
 Number of LUT Flip Flop pairs used:     33
   Number with an unused Flip Flop:       4  out of     33    12%  
   Number with an unused LUT:             0  out of     33     0%  
   Number of fully used LUT-FF pairs:    29  out of     33    87%  
   Number of unique control sets:         2

IO Utilization: 
 Number of IOs:                          74
 Number of bonded IOBs:                  74  out of    102    72%  

Specific Feature Utilization:
 Number of BUFG/BUFGCTRLs:                1  out of     16     6%  

---------------------------
Partition Resource Summary:
---------------------------

  No Partitions were found in this design.

---------------------------


=========================================================================
Timing Report

NOTE: THESE TIMING NUMBERS ARE ONLY A SYNTHESIS ESTIMATE.
      FOR ACCURATE TIMING INFORMATION PLEASE REFER TO THE TRACE REPORT
      GENERATED AFTER PLACE-and-ROUTE.

Clock Information:
------------------
-----------------------------------+------------------------+-------+
Clock Signal                       | Clock buffer(FF name)  | Load  |
-----------------------------------+------------------------+-------+
i_CLK                              | BUFGP                  | 29    |
-----------------------------------+------------------------+-------+

Asynchronous Control Signals Information:
----------------------------------------
No asynchronous control signals found in this design

Timing Summary:
---------------
Speed Grade: -2

   Minimum period: 3.253ns (Maximum Frequency: 307.409MHz)
   Minimum input arrival time before clock: 4.228ns
   Maximum output required time after clock: 5.525ns
   Maximum combinational path delay: 6.395ns

Timing Details:
---------------
All values displayed in nanoseconds (ns)

=========================================================================
Timing constraint: Default period analysis for Clock 'i_CLK'
  Clock period: 3.253ns (frequency: 307.409MHz)
  Total number of paths / destination ports: 85 / 29
-------------------------------------------------------------------------
Delay:               3.253ns (Levels of Logic = 2)
  Source:            r_STATE_FSM_FFd2 (FF)
  Destination:       r_ADDRESS_0 (FF)
  Source Clock:      i_CLK rising
  Destination Clock: i_CLK rising

  Data Path: r_STATE_FSM_FFd2 to r_ADDRESS_0
                                Gate     Net
    Cell:in->out      fanout   Delay   Delay  Logical Name (Net Name)
    ----------------------------------------  ------------
     FDR:C->Q              8   0.525   1.052  r_STATE_FSM_FFd2 (r_STATE_FSM_FFd2)
     LUT4:I2->O           13   0.250   1.098  r_STATE_FSM_FFd2-In11 (r_STATE_FSM_FFd2-In1)
     LUT4:I3->O            1   0.254   0.000  r_ADDRESS_0_rstpot (r_ADDRESS_0_rstpot)
     FD:D                      0.074          r_ADDRESS_0
    ----------------------------------------
    Total                      3.253ns (1.103ns logic, 2.150ns route)
                                       (33.9% logic, 66.1% route)

=========================================================================
Timing constraint: Default OFFSET IN BEFORE for Clock 'i_CLK'
  Total number of paths / destination ports: 117 / 33
-------------------------------------------------------------------------
Offset:              4.228ns (Levels of Logic = 3)
  Source:            MEM_i_READY (PAD)
  Destination:       r_ADDRESS_0 (FF)
  Destination Clock: i_CLK rising

  Data Path: MEM_i_READY to r_ADDRESS_0
                                Gate     Net
    Cell:in->out      fanout   Delay   Delay  Logical Name (Net Name)
    ----------------------------------------  ------------
     IBUF:I->O             8   1.328   1.220  MEM_i_READY_IBUF (MEM_i_READY_IBUF)
     LUT4:I0->O           13   0.254   1.098  r_STATE_FSM_FFd2-In11 (r_STATE_FSM_FFd2-In1)
     LUT4:I3->O            1   0.254   0.000  r_ADDRESS_0_rstpot (r_ADDRESS_0_rstpot)
     FD:D                      0.074          r_ADDRESS_0
    ----------------------------------------
    Total                      4.228ns (1.910ns logic, 2.318ns route)
                                       (45.2% logic, 54.8% route)

=========================================================================
Timing constraint: Default OFFSET OUT AFTER for Clock 'i_CLK'
  Total number of paths / destination ports: 29 / 28
-------------------------------------------------------------------------
Offset:              5.525ns (Levels of Logic = 2)
  Source:            r_STATE_FSM_FFd1 (FF)
  Destination:       o_READY (PAD)
  Source Clock:      i_CLK rising

  Data Path: r_STATE_FSM_FFd1 to o_READY
                                Gate     Net
    Cell:in->out      fanout   Delay   Delay  Logical Name (Net Name)
    ----------------------------------------  ------------
     FDR:C->Q              8   0.525   1.172  r_STATE_FSM_FFd1 (r_STATE_FSM_FFd1)
     LUT4:I1->O            1   0.235   0.681  Mmux_o_READY11 (o_READY_OBUF)
     OBUF:I->O                 2.912          o_READY_OBUF (o_READY)
    ----------------------------------------
    Total                      5.525ns (3.672ns logic, 1.853ns route)
                                       (66.5% logic, 33.5% route)

=========================================================================
Timing constraint: Default path analysis
  Total number of paths / destination ports: 10 / 9
-------------------------------------------------------------------------
Delay:               6.395ns (Levels of Logic = 3)
  Source:            i_EXECUTE (PAD)
  Destination:       o_READY (PAD)

  Data Path: i_EXECUTE to o_READY
                                Gate     Net
    Cell:in->out      fanout   Delay   Delay  Logical Name (Net Name)
    ----------------------------------------  ------------
     IBUF:I->O             8   1.328   1.220  i_EXECUTE_IBUF (i_EXECUTE_IBUF)
     LUT4:I0->O            1   0.254   0.681  Mmux_o_READY11 (o_READY_OBUF)
     OBUF:I->O                 2.912          o_READY_OBUF (o_READY)
    ----------------------------------------
    Total                      6.395ns (4.494ns logic, 1.901ns route)
                                       (70.3% logic, 29.7% route)

=========================================================================

Cross Clock Domains Report:
--------------------------

Clock to Setup on destination clock i_CLK
---------------+---------+---------+---------+---------+
               | Src:Rise| Src:Fall| Src:Rise| Src:Fall|
Source Clock   |Dest:Rise|Dest:Rise|Dest:Fall|Dest:Fall|
---------------+---------+---------+---------+---------+
i_CLK          |    3.253|         |         |         |
---------------+---------+---------+---------+---------+

=========================================================================


Total REAL time to Xst completion: 4.00 secs
Total CPU time to Xst completion: 4.12 secs
 
--> 

Total memory usage is 4508168 kilobytes

Number of errors   :    0 (   0 filtered)
Number of warnings :    0 (   0 filtered)
Number of infos    :    0 (   0 filtered)

