Release 14.7 - xst P.20131013 (nt64)
Copyright (c) 1995-2013 Xilinx, Inc.  All rights reserved.
--> Parameter TMPDIR set to xst/projnav.tmp


Total REAL time to Xst completion: 0.00 secs
Total CPU time to Xst completion: 0.09 secs
 
--> Parameter xsthdpdir set to xst


Total REAL time to Xst completion: 0.00 secs
Total CPU time to Xst completion: 0.09 secs
 
--> Reading design: CPU.prj

TABLE OF CONTENTS
  1) Synthesis Options Summary
  2) HDL Parsing
  3) HDL Elaboration
  4) HDL Synthesis
       4.1) HDL Synthesis Report
  5) Advanced HDL Synthesis
       5.1) Advanced HDL Synthesis Report
  6) Low Level Synthesis
  7) Partition Report
  8) Design Summary
       8.1) Primitive and Black Box Usage
       8.2) Device utilization summary
       8.3) Partition Resource Summary
       8.4) Timing Report
            8.4.1) Clock Information
            8.4.2) Asynchronous Control Signals Information
            8.4.3) Timing Summary
            8.4.4) Timing Details
            8.4.5) Cross Clock Domains Report


=========================================================================
*                      Synthesis Options Summary                        *
=========================================================================
---- Source Parameters
Input File Name                    : "CPU.prj"
Ignore Synthesis Constraint File   : NO

---- Target Parameters
Output File Name                   : "CPU"
Output Format                      : NGC
Target Device                      : xc6slx9-2-tqg144

---- Source Options
Top Module Name                    : CPU
Automatic FSM Extraction           : YES
FSM Encoding Algorithm             : Auto
Safe Implementation                : No
FSM Style                          : LUT
RAM Extraction                     : Yes
RAM Style                          : Auto
ROM Extraction                     : Yes
Shift Register Extraction          : YES
ROM Style                          : Auto
Resource Sharing                   : YES
Asynchronous To Synchronous        : NO
Shift Register Minimum Size        : 2
Use DSP Block                      : Auto
Automatic Register Balancing       : No

---- Target Options
LUT Combining                      : Auto
Reduce Control Sets                : Auto
Add IO Buffers                     : YES
Global Maximum Fanout              : 100000
Add Generic Clock Buffer(BUFG)     : 16
Register Duplication               : YES
Optimize Instantiated Primitives   : NO
Use Clock Enable                   : Auto
Use Synchronous Set                : Auto
Use Synchronous Reset              : Auto
Pack IO Registers into IOBs        : Auto
Equivalent register Removal        : YES

---- General Options
Optimization Goal                  : Speed
Optimization Effort                : 1
Power Reduction                    : NO
Keep Hierarchy                     : No
Netlist Hierarchy                  : As_Optimized
RTL Output                         : Yes
Global Optimization                : AllClockNets
Read Cores                         : YES
Write Timing Constraints           : NO
Cross Clock Analysis               : NO
Hierarchy Separator                : /
Bus Delimiter                      : <>
Case Specifier                     : Maintain
Slice Utilization Ratio            : 100
BRAM Utilization Ratio             : 100
DSP48 Utilization Ratio            : 100
Auto BRAM Packing                  : NO
Slice Utilization Ratio Delta      : 5

=========================================================================


=========================================================================
*                          HDL Parsing                                  *
=========================================================================
Parsing VHDL file "C:\Users\holge\OneDrive\AAU - Elektronik og IT\4. semester\Digital Design\digital-design\papilio-pro-projects\register_32x8\register_32x8.vhd" into library work
Parsing entity <register_32x8>.
Parsing architecture <Behavioral> of entity <register_32x8>.
Parsing VHDL file "C:\Users\holge\OneDrive\AAU - Elektronik og IT\4. semester\Digital Design\digital-design\papilio-pro-projects\program_memory\program_memory.vhd" into library work
Parsing entity <program_memory>.
Parsing architecture <Behavioral> of entity <program_memory>.
Parsing VHDL file "C:\Users\holge\OneDrive\AAU - Elektronik og IT\4. semester\Digital Design\digital-design\papilio-pro-projects\program_counter\program_counter.vhd" into library work
Parsing entity <program_counter>.
Parsing architecture <Behavioral> of entity <program_counter>.
Parsing VHDL file "C:\Users\holge\OneDrive\AAU - Elektronik og IT\4. semester\Digital Design\digital-design\papilio-pro-projects\my_ALU\my_ALU.vhd" into library work
Parsing entity <my_ALU>.
Parsing architecture <Behavioral> of entity <my_alu>.
Parsing VHDL file "C:\Users\holge\OneDrive\AAU - Elektronik og IT\4. semester\Digital Design\digital-design\papilio-pro-projects\instruction_memory\instruction_memory.vhd" into library work
Parsing entity <instruction_memory>.
Parsing architecture <Behavioral> of entity <instruction_memory>.
Parsing VHDL file "C:\Users\holge\OneDrive\AAU - Elektronik og IT\4. semester\Digital Design\digital-design\papilio-pro-projects\data_memory\data_memory.vhd" into library work
Parsing entity <data_memory>.
Parsing architecture <Behavioral> of entity <data_memory>.
Parsing VHDL file "C:\Users\holge\OneDrive\AAU - Elektronik og IT\4. semester\Digital Design\digital-design\papilio-pro-projects\CPU\CPU.vhd" into library work
Parsing entity <CPU>.
Parsing architecture <Behavioral> of entity <cpu>.

=========================================================================
*                            HDL Elaboration                            *
=========================================================================

Elaborating entity <CPU> (architecture <Behavioral>) from library <work>.

Elaborating entity <my_ALU> (architecture <Behavioral>) with generics from library <work>.

Elaborating entity <register_32x8> (architecture <Behavioral>) from library <work>.

Elaborating entity <program_counter> (architecture <Behavioral>) from library <work>.

Elaborating entity <instruction_memory> (architecture <Behavioral>) from library <work>.

Elaborating entity <program_memory> (architecture <Behavioral>) from library <work>.

Elaborating entity <data_memory> (architecture <Behavioral>) from library <work>.
WARNING:HDLCompiler:634 - "C:\Users\holge\OneDrive\AAU - Elektronik og IT\4. semester\Digital Design\digital-design\papilio-pro-projects\CPU\CPU.vhd" Line 52: Net <w_DATA_MEM_IN[7]> does not have a driver.
WARNING:HDLCompiler:634 - "C:\Users\holge\OneDrive\AAU - Elektronik og IT\4. semester\Digital Design\digital-design\papilio-pro-projects\CPU\CPU.vhd" Line 58: Net <w_UNASSIGNED[31]> does not have a driver.
WARNING:Xst:2972 - "C:\Users\holge\OneDrive\AAU - Elektronik og IT\4. semester\Digital Design\digital-design\papilio-pro-projects\CPU\CPU.vhd" line 169. All outputs of instance <Inst_data_memory> of block <data_memory> are unconnected in block <CPU>. Underlying logic will be removed.

=========================================================================
*                           HDL Synthesis                               *
=========================================================================

Synthesizing Unit <CPU>.
    Related source file is "C:\Users\holge\OneDrive\AAU - Elektronik og IT\4. semester\Digital Design\digital-design\papilio-pro-projects\CPU\CPU.vhd".
INFO:Xst:3210 - "C:\Users\holge\OneDrive\AAU - Elektronik og IT\4. semester\Digital Design\digital-design\papilio-pro-projects\CPU\CPU.vhd" line 126: Output port <o_ALU_carry_flag> of the instance <Inst_my_ALU> is unconnected or connected to loadless signal.
INFO:Xst:3210 - "C:\Users\holge\OneDrive\AAU - Elektronik og IT\4. semester\Digital Design\digital-design\papilio-pro-projects\CPU\CPU.vhd" line 126: Output port <o_ALU_overflow_flag> of the instance <Inst_my_ALU> is unconnected or connected to loadless signal.
INFO:Xst:3210 - "C:\Users\holge\OneDrive\AAU - Elektronik og IT\4. semester\Digital Design\digital-design\papilio-pro-projects\CPU\CPU.vhd" line 126: Output port <o_ALU_negative_flag> of the instance <Inst_my_ALU> is unconnected or connected to loadless signal.
INFO:Xst:3210 - "C:\Users\holge\OneDrive\AAU - Elektronik og IT\4. semester\Digital Design\digital-design\papilio-pro-projects\CPU\CPU.vhd" line 126: Output port <o_ALU_zero_flag> of the instance <Inst_my_ALU> is unconnected or connected to loadless signal.
INFO:Xst:3210 - "C:\Users\holge\OneDrive\AAU - Elektronik og IT\4. semester\Digital Design\digital-design\papilio-pro-projects\CPU\CPU.vhd" line 169: Output port <o_DATA> of the instance <Inst_data_memory> is unconnected or connected to loadless signal.
WARNING:Xst:653 - Signal <w_DATA_MEM_IN> is used but never assigned. This sourceless signal will be automatically connected to value GND.
WARNING:Xst:653 - Signal <w_UNASSIGNED<31:12>> is used but never assigned. This sourceless signal will be automatically connected to value GND.
WARNING:Xst:653 - Signal <w_UNASSIGNED<10:0>> is used but never assigned. This sourceless signal will be automatically connected to value GND.
    Summary:
	no macro.
Unit <CPU> synthesized.

Synthesizing Unit <my_ALU>.
    Related source file is "C:\Users\holge\OneDrive\AAU - Elektronik og IT\4. semester\Digital Design\digital-design\papilio-pro-projects\my_ALU\my_ALU.vhd".
        N = 1
    Found 1-bit register for signal <o_ALU_overflow_flag>.
    Found 1-bit register for signal <o_ALU_negative_flag>.
    Found 1-bit register for signal <o_ALU_zero_flag>.
    Found 8-bit register for signal <ALU_Result>.
    Found 8-bit adder for signal <i_A[7]_i_B[7]_add_15_OUT> created at line 119.
    Found 9-bit adder for signal <tmp> created at line 132.
    Found 8-bit subtractor for signal <GND_7_o_GND_7_o_sub_2_OUT<7:0>> created at line 73.
    Found 8x8-bit multiplier for signal <n0035> created at line 87.
    Found 8-bit 14-to-1 multiplexer for signal <i_ALU_sel[3]_GND_7_o_wide_mux_16_OUT> created at line 62.
    Found 8-bit comparator greater for signal <i_A[7]_i_B[7]_LessThan_3_o> created at line 81
    Found 8-bit comparator greater for signal <i_B[7]_i_A[7]_LessThan_12_o> created at line 107
    Found 8-bit comparator equal for signal <i_A[7]_i_B[7]_equal_14_o> created at line 113
    Summary:
	inferred   1 Multiplier(s).
	inferred   3 Adder/Subtractor(s).
	inferred  11 D-type flip-flop(s).
	inferred   3 Comparator(s).
	inferred   1 Multiplexer(s).
Unit <my_ALU> synthesized.

Synthesizing Unit <div_8u_8u>.
    Related source file is "".
    Found 16-bit adder for signal <n0292> created at line 0.
    Found 16-bit adder for signal <GND_9_o_b[7]_add_1_OUT> created at line 0.
    Found 15-bit adder for signal <n0296> created at line 0.
    Found 15-bit adder for signal <GND_9_o_b[7]_add_3_OUT> created at line 0.
    Found 14-bit adder for signal <n0300> created at line 0.
    Found 14-bit adder for signal <GND_9_o_b[7]_add_5_OUT> created at line 0.
    Found 13-bit adder for signal <n0304> created at line 0.
    Found 13-bit adder for signal <GND_9_o_b[7]_add_7_OUT> created at line 0.
    Found 12-bit adder for signal <n0308> created at line 0.
    Found 12-bit adder for signal <GND_9_o_b[7]_add_9_OUT> created at line 0.
    Found 11-bit adder for signal <n0312> created at line 0.
    Found 11-bit adder for signal <GND_9_o_b[7]_add_11_OUT> created at line 0.
    Found 10-bit adder for signal <n0316> created at line 0.
    Found 10-bit adder for signal <GND_9_o_b[7]_add_13_OUT> created at line 0.
    Found 9-bit adder for signal <n0320> created at line 0.
    Found 9-bit adder for signal <GND_9_o_b[7]_add_15_OUT> created at line 0.
    Found 16-bit comparator lessequal for signal <BUS_0001> created at line 0
    Found 15-bit comparator lessequal for signal <BUS_0002> created at line 0
    Found 14-bit comparator lessequal for signal <BUS_0003> created at line 0
    Found 13-bit comparator lessequal for signal <BUS_0004> created at line 0
    Found 12-bit comparator lessequal for signal <BUS_0005> created at line 0
    Found 11-bit comparator lessequal for signal <BUS_0006> created at line 0
    Found 10-bit comparator lessequal for signal <BUS_0007> created at line 0
    Found 9-bit comparator lessequal for signal <BUS_0008> created at line 0
    Found 8-bit comparator lessequal for signal <BUS_0009> created at line 0
    Summary:
	inferred  16 Adder/Subtractor(s).
	inferred   9 Comparator(s).
	inferred  57 Multiplexer(s).
Unit <div_8u_8u> synthesized.

Synthesizing Unit <register_32x8>.
    Related source file is "C:\Users\holge\OneDrive\AAU - Elektronik og IT\4. semester\Digital Design\digital-design\papilio-pro-projects\register_32x8\register_32x8.vhd".
    Found 8-bit register for signal <o_OUT_B>.
    Found 8-bit register for signal <o_OUT_A>.
    Found 32x8-bit dual-port RAM <Mram_r_REGISTER> for signal <r_REGISTER>.
    Summary:
	inferred   2 RAM(s).
	inferred  16 D-type flip-flop(s).
Unit <register_32x8> synthesized.

Synthesizing Unit <program_counter>.
    Related source file is "C:\Users\holge\OneDrive\AAU - Elektronik og IT\4. semester\Digital Design\digital-design\papilio-pro-projects\program_counter\program_counter.vhd".
    Found 10-bit register for signal <o_DATA>.
    Found 10-bit register for signal <r_PROG_COUNT>.
    Found 10-bit adder for signal <r_PROG_COUNT[9]_GND_11_o_add_0_OUT> created at line 1241.
    Summary:
	inferred   1 Adder/Subtractor(s).
	inferred  20 D-type flip-flop(s).
Unit <program_counter> synthesized.

Synthesizing Unit <instruction_memory>.
    Related source file is "C:\Users\holge\OneDrive\AAU - Elektronik og IT\4. semester\Digital Design\digital-design\papilio-pro-projects\instruction_memory\instruction_memory.vhd".
WARNING:Xst:647 - Input <i_ADDRESS<7:5>> is never used. This port will be preserved and left unconnected if it belongs to a top-level block or it belongs to a sub-block and the hierarchy of this sub-block is preserved.
WARNING:Xst:2999 - Signal 'r_INST_MEM', unconnected in block 'instruction_memory', is tied to its initial value.
    Found 32x32-bit single-port Read Only RAM <Mram_r_INST_MEM> for signal <r_INST_MEM>.
    Found 32-bit register for signal <o_DATA>.
    Summary:
	inferred   1 RAM(s).
	inferred  32 D-type flip-flop(s).
Unit <instruction_memory> synthesized.

Synthesizing Unit <program_memory>.
    Related source file is "C:\Users\holge\OneDrive\AAU - Elektronik og IT\4. semester\Digital Design\digital-design\papilio-pro-projects\program_memory\program_memory.vhd".
WARNING:Xst:2999 - Signal 'PROG_MEM', unconnected in block 'program_memory', is tied to its initial value.
    Found 1024x8-bit single-port Read Only RAM <Mram_PROG_MEM> for signal <PROG_MEM>.
    Found 8-bit register for signal <o_READ_DATA>.
    Summary:
	inferred   1 RAM(s).
	inferred   8 D-type flip-flop(s).
Unit <program_memory> synthesized.

=========================================================================
HDL Synthesis Report

Macro Statistics
# RAMs                                                 : 4
 1024x8-bit single-port Read Only RAM                  : 1
 32x32-bit single-port Read Only RAM                   : 1
 32x8-bit dual-port RAM                                : 2
# Multipliers                                          : 1
 8x8-bit multiplier                                    : 1
# Adders/Subtractors                                   : 20
 10-bit adder                                          : 3
 11-bit adder                                          : 2
 12-bit adder                                          : 2
 13-bit adder                                          : 2
 14-bit adder                                          : 2
 15-bit adder                                          : 2
 16-bit adder                                          : 2
 8-bit adder                                           : 1
 8-bit subtractor                                      : 1
 9-bit adder                                           : 3
# Registers                                            : 10
 1-bit register                                        : 3
 10-bit register                                       : 2
 32-bit register                                       : 1
 8-bit register                                        : 4
# Comparators                                          : 12
 10-bit comparator lessequal                           : 1
 11-bit comparator lessequal                           : 1
 12-bit comparator lessequal                           : 1
 13-bit comparator lessequal                           : 1
 14-bit comparator lessequal                           : 1
 15-bit comparator lessequal                           : 1
 16-bit comparator lessequal                           : 1
 8-bit comparator equal                                : 1
 8-bit comparator greater                              : 2
 8-bit comparator lessequal                            : 1
 9-bit comparator lessequal                            : 1
# Multiplexers                                         : 58
 1-bit 2-to-1 multiplexer                              : 56
 8-bit 14-to-1 multiplexer                             : 1
 8-bit 2-to-1 multiplexer                              : 1
# Xors                                                 : 3
 1-bit xor2                                            : 2
 8-bit xor2                                            : 1

=========================================================================

=========================================================================
*                       Advanced HDL Synthesis                          *
=========================================================================

WARNING:Xst:2677 - Node <o_DATA_0> of sequential type is unconnected in block <Inst_instruction_memory>.
WARNING:Xst:2677 - Node <o_DATA_1> of sequential type is unconnected in block <Inst_instruction_memory>.
WARNING:Xst:2677 - Node <o_DATA_2> of sequential type is unconnected in block <Inst_instruction_memory>.
WARNING:Xst:2677 - Node <o_DATA_3> of sequential type is unconnected in block <Inst_instruction_memory>.
WARNING:Xst:2677 - Node <o_DATA_4> of sequential type is unconnected in block <Inst_instruction_memory>.
WARNING:Xst:2677 - Node <o_READ_DATA_5> of sequential type is unconnected in block <Inst_program_memory>.
WARNING:Xst:2677 - Node <o_READ_DATA_6> of sequential type is unconnected in block <Inst_program_memory>.
WARNING:Xst:2677 - Node <o_READ_DATA_7> of sequential type is unconnected in block <Inst_program_memory>.

Synthesizing (advanced) Unit <CPU>.
INFO:Xst:3226 - The RAM <Inst_program_memory/Mram_PROG_MEM> will be implemented as a BLOCK RAM, absorbing the following register(s): <Inst_program_memory/o_READ_DATA>
    -----------------------------------------------------------------------
    | ram_type           | Block                               |          |
    -----------------------------------------------------------------------
    | Port A                                                              |
    |     aspect ratio   | 1024-word x 8-bit                   |          |
    |     mode           | write-first                         |          |
    |     clkA           | connected to signal <i_CLK>         | rise     |
    |     weA            | connected to signal <GND>           | high     |
    |     addrA          | connected to signal <w_PC_OUT>      |          |
    |     diA            | connected to signal <GND>           |          |
    |     doA            | connected to signal <w_PROG_MEM_OUT> |          |
    -----------------------------------------------------------------------
    | optimization       | speed                               |          |
    -----------------------------------------------------------------------
Unit <CPU> synthesized (advanced).

Synthesizing (advanced) Unit <instruction_memory>.
INFO:Xst:3231 - The small RAM <Mram_r_INST_MEM> will be implemented on LUTs in order to maximize performance and save block RAM resources. If you want to force its implementation on block, use option/constraint ram_style.
    -----------------------------------------------------------------------
    | ram_type           | Distributed                         |          |
    -----------------------------------------------------------------------
    | Port A                                                              |
    |     aspect ratio   | 32-word x 32-bit                    |          |
    |     weA            | connected to signal <GND>           | high     |
    |     addrA          | connected to signal <i_ADDRESS>     |          |
    |     diA            | connected to signal <GND>           |          |
    |     doA            | connected to internal node          |          |
    -----------------------------------------------------------------------
Unit <instruction_memory> synthesized (advanced).

Synthesizing (advanced) Unit <program_counter>.
The following registers are absorbed into counter <r_PROG_COUNT>: 1 register on signal <r_PROG_COUNT>.
Unit <program_counter> synthesized (advanced).

Synthesizing (advanced) Unit <register_32x8>.
INFO:Xst:3231 - The small RAM <Mram_r_REGISTER> will be implemented on LUTs in order to maximize performance and save block RAM resources. If you want to force its implementation on block, use option/constraint ram_style.
    -----------------------------------------------------------------------
    | ram_type           | Distributed                         |          |
    -----------------------------------------------------------------------
    | Port A                                                              |
    |     aspect ratio   | 32-word x 8-bit                     |          |
    |     clkA           | connected to signal <i_CLK>         | rise     |
    |     weA            | connected to signal <i_WRITE_ENABLE> | high     |
    |     addrA          | connected to signal <i_WRITE_ADDRESS> |          |
    |     diA            | connected to signal <i_DATA_IN>     |          |
    -----------------------------------------------------------------------
    | Port B                                                              |
    |     aspect ratio   | 32-word x 8-bit                     |          |
    |     addrB          | connected to signal <i_ADDRESS_A>   |          |
    |     doB            | connected to internal node          |          |
    -----------------------------------------------------------------------
INFO:Xst:3231 - The small RAM <Mram_r_REGISTER1> will be implemented on LUTs in order to maximize performance and save block RAM resources. If you want to force its implementation on block, use option/constraint ram_style.
    -----------------------------------------------------------------------
    | ram_type           | Distributed                         |          |
    -----------------------------------------------------------------------
    | Port A                                                              |
    |     aspect ratio   | 32-word x 8-bit                     |          |
    |     clkA           | connected to signal <i_CLK>         | rise     |
    |     weA            | connected to signal <i_WRITE_ENABLE> | high     |
    |     addrA          | connected to signal <i_WRITE_ADDRESS> |          |
    |     diA            | connected to signal <i_DATA_IN>     |          |
    -----------------------------------------------------------------------
    | Port B                                                              |
    |     aspect ratio   | 32-word x 8-bit                     |          |
    |     addrB          | connected to signal <i_ADDRESS_B>   |          |
    |     doB            | connected to internal node          |          |
    -----------------------------------------------------------------------
Unit <register_32x8> synthesized (advanced).

=========================================================================
Advanced HDL Synthesis Report

Macro Statistics
# RAMs                                                 : 4
 1024x8-bit single-port block Read Only RAM            : 1
 32x32-bit single-port distributed Read Only RAM       : 1
 32x8-bit dual-port distributed RAM                    : 2
# Multipliers                                          : 1
 8x8-bit multiplier                                    : 1
# Adders/Subtractors                                   : 11
 8-bit adder                                           : 1
 8-bit adder carry in                                  : 8
 8-bit subtractor                                      : 1
 9-bit adder                                           : 1
# Counters                                             : 1
 10-bit up counter                                     : 1
# Registers                                            : 69
 Flip-Flops                                            : 69
# Comparators                                          : 12
 10-bit comparator lessequal                           : 1
 11-bit comparator lessequal                           : 1
 12-bit comparator lessequal                           : 1
 13-bit comparator lessequal                           : 1
 14-bit comparator lessequal                           : 1
 15-bit comparator lessequal                           : 1
 16-bit comparator lessequal                           : 1
 8-bit comparator equal                                : 1
 8-bit comparator greater                              : 2
 8-bit comparator lessequal                            : 1
 9-bit comparator lessequal                            : 1
# Multiplexers                                         : 58
 1-bit 2-to-1 multiplexer                              : 56
 8-bit 14-to-1 multiplexer                             : 1
 8-bit 2-to-1 multiplexer                              : 1
# Xors                                                 : 3
 1-bit xor2                                            : 2
 8-bit xor2                                            : 1

=========================================================================

=========================================================================
*                         Low Level Synthesis                           *
=========================================================================
WARNING:Xst:1710 - FF/Latch <o_DATA_31> (without init value) has a constant value of 0 in block <instruction_memory>. This FF/Latch will be trimmed during the optimization process.
WARNING:Xst:1895 - Due to other FF/Latch trimming, FF/Latch <o_DATA_30> (without init value) has a constant value of 0 in block <instruction_memory>. This FF/Latch will be trimmed during the optimization process.
WARNING:Xst:1895 - Due to other FF/Latch trimming, FF/Latch <o_DATA_29> (without init value) has a constant value of 0 in block <instruction_memory>. This FF/Latch will be trimmed during the optimization process.
WARNING:Xst:1895 - Due to other FF/Latch trimming, FF/Latch <o_DATA_28> (without init value) has a constant value of 0 in block <instruction_memory>. This FF/Latch will be trimmed during the optimization process.
WARNING:Xst:1895 - Due to other FF/Latch trimming, FF/Latch <o_DATA_27> (without init value) has a constant value of 0 in block <instruction_memory>. This FF/Latch will be trimmed during the optimization process.
WARNING:Xst:1895 - Due to other FF/Latch trimming, FF/Latch <o_DATA_26> (without init value) has a constant value of 0 in block <instruction_memory>. This FF/Latch will be trimmed during the optimization process.
WARNING:Xst:1895 - Due to other FF/Latch trimming, FF/Latch <o_DATA_25> (without init value) has a constant value of 0 in block <instruction_memory>. This FF/Latch will be trimmed during the optimization process.
WARNING:Xst:1895 - Due to other FF/Latch trimming, FF/Latch <o_DATA_24> (without init value) has a constant value of 0 in block <instruction_memory>. This FF/Latch will be trimmed during the optimization process.
WARNING:Xst:1895 - Due to other FF/Latch trimming, FF/Latch <o_DATA_23> (without init value) has a constant value of 0 in block <instruction_memory>. This FF/Latch will be trimmed during the optimization process.
WARNING:Xst:1895 - Due to other FF/Latch trimming, FF/Latch <o_DATA_22> (without init value) has a constant value of 0 in block <instruction_memory>. This FF/Latch will be trimmed during the optimization process.
WARNING:Xst:1895 - Due to other FF/Latch trimming, FF/Latch <o_DATA_21> (without init value) has a constant value of 0 in block <instruction_memory>. This FF/Latch will be trimmed during the optimization process.
WARNING:Xst:1895 - Due to other FF/Latch trimming, FF/Latch <o_DATA_20> (without init value) has a constant value of 0 in block <instruction_memory>. This FF/Latch will be trimmed during the optimization process.
WARNING:Xst:1895 - Due to other FF/Latch trimming, FF/Latch <o_DATA_19> (without init value) has a constant value of 0 in block <instruction_memory>. This FF/Latch will be trimmed during the optimization process.
WARNING:Xst:1895 - Due to other FF/Latch trimming, FF/Latch <o_DATA_18> (without init value) has a constant value of 0 in block <instruction_memory>. This FF/Latch will be trimmed during the optimization process.
WARNING:Xst:1895 - Due to other FF/Latch trimming, FF/Latch <o_DATA_17> (without init value) has a constant value of 0 in block <instruction_memory>. This FF/Latch will be trimmed during the optimization process.
WARNING:Xst:1895 - Due to other FF/Latch trimming, FF/Latch <o_DATA_16> (without init value) has a constant value of 0 in block <instruction_memory>. This FF/Latch will be trimmed during the optimization process.
WARNING:Xst:1895 - Due to other FF/Latch trimming, FF/Latch <o_DATA_15> (without init value) has a constant value of 0 in block <instruction_memory>. This FF/Latch will be trimmed during the optimization process.
WARNING:Xst:1895 - Due to other FF/Latch trimming, FF/Latch <o_DATA_14> (without init value) has a constant value of 0 in block <instruction_memory>. This FF/Latch will be trimmed during the optimization process.
WARNING:Xst:1895 - Due to other FF/Latch trimming, FF/Latch <o_DATA_13> (without init value) has a constant value of 0 in block <instruction_memory>. This FF/Latch will be trimmed during the optimization process.
WARNING:Xst:1895 - Due to other FF/Latch trimming, FF/Latch <o_DATA_12> (without init value) has a constant value of 0 in block <instruction_memory>. This FF/Latch will be trimmed during the optimization process.
WARNING:Xst:1895 - Due to other FF/Latch trimming, FF/Latch <o_DATA_11> (without init value) has a constant value of 0 in block <instruction_memory>. This FF/Latch will be trimmed during the optimization process.
WARNING:Xst:1895 - Due to other FF/Latch trimming, FF/Latch <o_DATA_10> (without init value) has a constant value of 0 in block <instruction_memory>. This FF/Latch will be trimmed during the optimization process.
WARNING:Xst:1895 - Due to other FF/Latch trimming, FF/Latch <o_DATA_9> (without init value) has a constant value of 0 in block <instruction_memory>. This FF/Latch will be trimmed during the optimization process.
WARNING:Xst:1895 - Due to other FF/Latch trimming, FF/Latch <o_DATA_8> (without init value) has a constant value of 0 in block <instruction_memory>. This FF/Latch will be trimmed during the optimization process.
INFO:Xst:2261 - The FF/Latch <o_DATA_5> in Unit <instruction_memory> is equivalent to the following FF/Latch, which will be removed : <o_DATA_6> 

Optimizing unit <CPU> ...

Optimizing unit <register_32x8> ...

Optimizing unit <my_ALU> ...

Optimizing unit <div_8u_8u> ...

Optimizing unit <instruction_memory> ...
WARNING:Xst:2677 - Node <Inst_my_ALU/o_ALU_overflow_flag> of sequential type is unconnected in block <CPU>.
WARNING:Xst:2677 - Node <Inst_my_ALU/o_ALU_negative_flag> of sequential type is unconnected in block <CPU>.
WARNING:Xst:2677 - Node <Inst_my_ALU/o_ALU_zero_flag> of sequential type is unconnected in block <CPU>.
WARNING:Xst:2677 - Node <Inst_instruction_memory/o_DATA_4> of sequential type is unconnected in block <CPU>.
WARNING:Xst:2677 - Node <Inst_instruction_memory/o_DATA_3> of sequential type is unconnected in block <CPU>.
WARNING:Xst:2677 - Node <Inst_instruction_memory/o_DATA_2> of sequential type is unconnected in block <CPU>.
WARNING:Xst:2677 - Node <Inst_instruction_memory/o_DATA_1> of sequential type is unconnected in block <CPU>.
WARNING:Xst:2677 - Node <Inst_instruction_memory/o_DATA_0> of sequential type is unconnected in block <CPU>.
INFO:Xst:2399 - RAMs <Inst_register_32x8/Mram_r_REGISTER122>, <Inst_register_32x8/Mram_r_REGISTER32> are equivalent, second RAM is removed
INFO:Xst:2399 - RAMs <Inst_register_32x8/Mram_r_REGISTER121>, <Inst_register_32x8/Mram_r_REGISTER31> are equivalent, second RAM is removed
INFO:Xst:2399 - RAMs <Inst_register_32x8/Mram_r_REGISTER11>, <Inst_register_32x8/Mram_r_REGISTER2> are equivalent, second RAM is removed
WARNING:Xst:1710 - FF/Latch <Inst_my_ALU/ALU_Result_0> (without init value) has a constant value of 0 in block <CPU>. This FF/Latch will be trimmed during the optimization process.
WARNING:Xst:1895 - Due to other FF/Latch trimming, FF/Latch <Inst_program_counter/r_PROG_COUNT_9> (without init value) has a constant value of 0 in block <CPU>. This FF/Latch will be trimmed during the optimization process.
WARNING:Xst:1895 - Due to other FF/Latch trimming, FF/Latch <Inst_program_counter/r_PROG_COUNT_8> (without init value) has a constant value of 0 in block <CPU>. This FF/Latch will be trimmed during the optimization process.
WARNING:Xst:1895 - Due to other FF/Latch trimming, FF/Latch <Inst_program_counter/r_PROG_COUNT_7> (without init value) has a constant value of 0 in block <CPU>. This FF/Latch will be trimmed during the optimization process.
WARNING:Xst:1895 - Due to other FF/Latch trimming, FF/Latch <Inst_program_counter/r_PROG_COUNT_6> (without init value) has a constant value of 0 in block <CPU>. This FF/Latch will be trimmed during the optimization process.
WARNING:Xst:1895 - Due to other FF/Latch trimming, FF/Latch <Inst_program_counter/r_PROG_COUNT_5> (without init value) has a constant value of 0 in block <CPU>. This FF/Latch will be trimmed during the optimization process.
WARNING:Xst:1895 - Due to other FF/Latch trimming, FF/Latch <Inst_program_counter/r_PROG_COUNT_4> (without init value) has a constant value of 0 in block <CPU>. This FF/Latch will be trimmed during the optimization process.
WARNING:Xst:1895 - Due to other FF/Latch trimming, FF/Latch <Inst_program_counter/r_PROG_COUNT_3> (without init value) has a constant value of 0 in block <CPU>. This FF/Latch will be trimmed during the optimization process.
WARNING:Xst:1895 - Due to other FF/Latch trimming, FF/Latch <Inst_program_counter/r_PROG_COUNT_2> (without init value) has a constant value of 0 in block <CPU>. This FF/Latch will be trimmed during the optimization process.
WARNING:Xst:1895 - Due to other FF/Latch trimming, FF/Latch <Inst_program_counter/r_PROG_COUNT_1> (without init value) has a constant value of 0 in block <CPU>. This FF/Latch will be trimmed during the optimization process.
WARNING:Xst:1895 - Due to other FF/Latch trimming, FF/Latch <Inst_program_counter/r_PROG_COUNT_0> (without init value) has a constant value of 0 in block <CPU>. This FF/Latch will be trimmed during the optimization process.
WARNING:Xst:1895 - Due to other FF/Latch trimming, FF/Latch <Inst_program_counter/o_DATA_9> (without init value) has a constant value of 0 in block <CPU>. This FF/Latch will be trimmed during the optimization process.
WARNING:Xst:1895 - Due to other FF/Latch trimming, FF/Latch <Inst_program_counter/o_DATA_8> (without init value) has a constant value of 0 in block <CPU>. This FF/Latch will be trimmed during the optimization process.
WARNING:Xst:1895 - Due to other FF/Latch trimming, FF/Latch <Inst_program_counter/o_DATA_7> (without init value) has a constant value of 0 in block <CPU>. This FF/Latch will be trimmed during the optimization process.
WARNING:Xst:1895 - Due to other FF/Latch trimming, FF/Latch <Inst_program_counter/o_DATA_6> (without init value) has a constant value of 0 in block <CPU>. This FF/Latch will be trimmed during the optimization process.
WARNING:Xst:1895 - Due to other FF/Latch trimming, FF/Latch <Inst_program_counter/o_DATA_5> (without init value) has a constant value of 0 in block <CPU>. This FF/Latch will be trimmed during the optimization process.
WARNING:Xst:1895 - Due to other FF/Latch trimming, FF/Latch <Inst_program_counter/o_DATA_4> (without init value) has a constant value of 0 in block <CPU>. This FF/Latch will be trimmed during the optimization process.
WARNING:Xst:1895 - Due to other FF/Latch trimming, FF/Latch <Inst_program_counter/o_DATA_3> (without init value) has a constant value of 0 in block <CPU>. This FF/Latch will be trimmed during the optimization process.
WARNING:Xst:1895 - Due to other FF/Latch trimming, FF/Latch <Inst_program_counter/o_DATA_2> (without init value) has a constant value of 0 in block <CPU>. This FF/Latch will be trimmed during the optimization process.
WARNING:Xst:1895 - Due to other FF/Latch trimming, FF/Latch <Inst_program_counter/o_DATA_1> (without init value) has a constant value of 0 in block <CPU>. This FF/Latch will be trimmed during the optimization process.
WARNING:Xst:1895 - Due to other FF/Latch trimming, FF/Latch <Inst_program_counter/o_DATA_0> (without init value) has a constant value of 0 in block <CPU>. This FF/Latch will be trimmed during the optimization process.
WARNING:Xst:1898 - Due to constant pushing, FF/Latch <Inst_instruction_memory/o_DATA_5> is unconnected in block <CPU>.
WARNING:Xst:1898 - Due to constant pushing, FF/Latch <Inst_my_ALU/Mmult_n0035> is unconnected in block <CPU>.
INFO:Xst:2261 - The FF/Latch <Inst_register_32x8/o_OUT_A_0> in Unit <CPU> is equivalent to the following FF/Latch, which will be removed : <Inst_register_32x8/o_OUT_B_0> 
INFO:Xst:2261 - The FF/Latch <Inst_register_32x8/o_OUT_A_1> in Unit <CPU> is equivalent to the following FF/Latch, which will be removed : <Inst_register_32x8/o_OUT_B_1> 
INFO:Xst:2261 - The FF/Latch <Inst_register_32x8/o_OUT_A_2> in Unit <CPU> is equivalent to the following FF/Latch, which will be removed : <Inst_register_32x8/o_OUT_B_2> 
INFO:Xst:2261 - The FF/Latch <Inst_register_32x8/o_OUT_A_3> in Unit <CPU> is equivalent to the following FF/Latch, which will be removed : <Inst_register_32x8/o_OUT_B_3> 
INFO:Xst:2261 - The FF/Latch <Inst_register_32x8/o_OUT_A_4> in Unit <CPU> is equivalent to the following FF/Latch, which will be removed : <Inst_register_32x8/o_OUT_B_4> 
INFO:Xst:2261 - The FF/Latch <Inst_register_32x8/o_OUT_A_5> in Unit <CPU> is equivalent to the following FF/Latch, which will be removed : <Inst_register_32x8/o_OUT_B_5> 
INFO:Xst:2261 - The FF/Latch <Inst_register_32x8/o_OUT_A_6> in Unit <CPU> is equivalent to the following FF/Latch, which will be removed : <Inst_register_32x8/o_OUT_B_6> 
INFO:Xst:2261 - The FF/Latch <Inst_register_32x8/o_OUT_A_7> in Unit <CPU> is equivalent to the following FF/Latch, which will be removed : <Inst_register_32x8/o_OUT_B_7> 

Mapping all equations...
Building and optimizing final netlist ...
Found area constraint ratio of 100 (+ 5) on block CPU, actual ratio is 0.
WARNING:Xst:2677 - Node <Inst_register_32x8/Mram_r_REGISTER122> of sequential type is unconnected in block <CPU>.
WARNING:Xst:2677 - Node <Inst_register_32x8/o_OUT_A_7> of sequential type is unconnected in block <CPU>.

Final Macro Processing ...

=========================================================================
Final Register Report

Macro Statistics
# Registers                                            : 15
 Flip-Flops                                            : 15

=========================================================================

=========================================================================
*                           Partition Report                            *
=========================================================================

Partition Implementation Status
-------------------------------

  No Partitions were found in this design.

-------------------------------

=========================================================================
*                            Design Summary                             *
=========================================================================

Top Level Output File Name         : CPU.ngc

Primitive and Black Box Usage:
------------------------------
# BELS                             : 38
#      GND                         : 1
#      LUT3                        : 7
#      LUT4                        : 1
#      MUXCY                       : 14
#      VCC                         : 1
#      XORCY                       : 14
# FlipFlops/Latches                : 15
#      FD                          : 15
# RAMS                             : 3
#      RAM32M                      : 1
#      RAM32X1D                    : 1
#      RAMB8BWER                   : 1
# Clock Buffers                    : 1
#      BUFGP                       : 1
# IO Buffers                       : 8
#      OBUF                        : 8

Device utilization summary:
---------------------------

Selected Device : 6slx9tqg144-2 


Slice Logic Utilization: 
 Number of Slice Registers:              15  out of  11440     0%  
 Number of Slice LUTs:                   14  out of   5720     0%  
    Number used as Logic:                 8  out of   5720     0%  
    Number used as Memory:                6  out of   1440     0%  
       Number used as RAM:                6

Slice Logic Distribution: 
 Number of LUT Flip Flop pairs used:     19
   Number with an unused Flip Flop:       4  out of     19    21%  
   Number with an unused LUT:             5  out of     19    26%  
   Number of fully used LUT-FF pairs:    10  out of     19    52%  
   Number of unique control sets:         1

IO Utilization: 
 Number of IOs:                           9
 Number of bonded IOBs:                   9  out of    102     8%  

Specific Feature Utilization:
 Number of Block RAM/FIFO:                1  out of     32     3%  
    Number using Block RAM only:          1
 Number of BUFG/BUFGCTRLs:                1  out of     16     6%  

---------------------------
Partition Resource Summary:
---------------------------

  No Partitions were found in this design.

---------------------------


=========================================================================
Timing Report

NOTE: THESE TIMING NUMBERS ARE ONLY A SYNTHESIS ESTIMATE.
      FOR ACCURATE TIMING INFORMATION PLEASE REFER TO THE TRACE REPORT
      GENERATED AFTER PLACE-and-ROUTE.

Clock Information:
------------------
-----------------------------------+------------------------+-------+
Clock Signal                       | Clock buffer(FF name)  | Load  |
-----------------------------------+------------------------+-------+
i_CLK                              | BUFGP                  | 18    |
-----------------------------------+------------------------+-------+

Asynchronous Control Signals Information:
----------------------------------------
No asynchronous control signals found in this design

Timing Summary:
---------------
Speed Grade: -2

   Minimum period: 3.086ns (Maximum Frequency: 324.044MHz)
   Minimum input arrival time before clock: No path found
   Maximum output required time after clock: 4.118ns
   Maximum combinational path delay: No path found

Timing Details:
---------------
All values displayed in nanoseconds (ns)

=========================================================================
Timing constraint: Default period analysis for Clock 'i_CLK'
  Clock period: 3.086ns (frequency: 324.044MHz)
  Total number of paths / destination ports: 74 / 15
-------------------------------------------------------------------------
Delay:               3.086ns (Levels of Logic = 1)
  Source:            Inst_program_memory/Mram_PROG_MEM (RAM)
  Destination:       Inst_instruction_memory/o_DATA_7 (FF)
  Source Clock:      i_CLK rising
  Destination Clock: i_CLK rising

  Data Path: Inst_program_memory/Mram_PROG_MEM to Inst_instruction_memory/o_DATA_7
                                Gate     Net
    Cell:in->out      fanout   Delay   Delay  Logical Name (Net Name)
    ----------------------------------------  ------------
     RAMB8BWER:CLKAWRCLK->DOADO1    1   1.800   0.958  Inst_program_memory/Mram_PROG_MEM (w_PROG_MEM_OUT<1>)
     LUT4:I0->O            1   0.254   0.000  Inst_instruction_memory/Mram_r_INST_MEM121 (Inst_instruction_memory/Mram_r_INST_MEM12)
     FD:D                      0.074          Inst_instruction_memory/o_DATA_7
    ----------------------------------------
    Total                      3.086ns (2.128ns logic, 0.958ns route)
                                       (69.0% logic, 31.0% route)

=========================================================================
Timing constraint: Default OFFSET OUT AFTER for Clock 'i_CLK'
  Total number of paths / destination ports: 7 / 7
-------------------------------------------------------------------------
Offset:              4.118ns (Levels of Logic = 1)
  Source:            Inst_my_ALU/ALU_Result_7 (FF)
  Destination:       o_DATA<7> (PAD)
  Source Clock:      i_CLK rising

  Data Path: Inst_my_ALU/ALU_Result_7 to o_DATA<7>
                                Gate     Net
    Cell:in->out      fanout   Delay   Delay  Logical Name (Net Name)
    ----------------------------------------  ------------
     FD:C->Q               1   0.525   0.681  Inst_my_ALU/ALU_Result_7 (Inst_my_ALU/ALU_Result_7)
     OBUF:I->O                 2.912          o_DATA_7_OBUF (o_DATA<7>)
    ----------------------------------------
    Total                      4.118ns (3.437ns logic, 0.681ns route)
                                       (83.5% logic, 16.5% route)

=========================================================================

Cross Clock Domains Report:
--------------------------

Clock to Setup on destination clock i_CLK
---------------+---------+---------+---------+---------+
               | Src:Rise| Src:Fall| Src:Rise| Src:Fall|
Source Clock   |Dest:Rise|Dest:Rise|Dest:Fall|Dest:Fall|
---------------+---------+---------+---------+---------+
i_CLK          |    3.086|         |         |         |
---------------+---------+---------+---------+---------+

=========================================================================


Total REAL time to Xst completion: 5.00 secs
Total CPU time to Xst completion: 5.23 secs
 
--> 

Total memory usage is 4525388 kilobytes

Number of errors   :    0 (   0 filtered)
Number of warnings :   74 (   0 filtered)
Number of infos    :   21 (   0 filtered)

