Release 14.7 - xst P.20131013 (nt64)
Copyright (c) 1995-2013 Xilinx, Inc.  All rights reserved.
--> Parameter TMPDIR set to xst/projnav.tmp


Total REAL time to Xst completion: 0.00 secs
Total CPU time to Xst completion: 0.09 secs
 
--> Parameter xsthdpdir set to xst


Total REAL time to Xst completion: 0.00 secs
Total CPU time to Xst completion: 0.09 secs
 
--> Reading design: register_32x8.prj

TABLE OF CONTENTS
  1) Synthesis Options Summary
  2) HDL Parsing
  3) HDL Elaboration
  4) HDL Synthesis
       4.1) HDL Synthesis Report
  5) Advanced HDL Synthesis
       5.1) Advanced HDL Synthesis Report
  6) Low Level Synthesis
  7) Partition Report
  8) Design Summary
       8.1) Primitive and Black Box Usage
       8.2) Device utilization summary
       8.3) Partition Resource Summary
       8.4) Timing Report
            8.4.1) Clock Information
            8.4.2) Asynchronous Control Signals Information
            8.4.3) Timing Summary
            8.4.4) Timing Details
            8.4.5) Cross Clock Domains Report


=========================================================================
*                      Synthesis Options Summary                        *
=========================================================================
---- Source Parameters
Input File Name                    : "register_32x8.prj"
Ignore Synthesis Constraint File   : NO

---- Target Parameters
Output File Name                   : "register_32x8"
Output Format                      : NGC
Target Device                      : xc6slx9-2-tqg144

---- Source Options
Top Module Name                    : register_32x8
Automatic FSM Extraction           : YES
FSM Encoding Algorithm             : Auto
Safe Implementation                : No
FSM Style                          : LUT
RAM Extraction                     : Yes
RAM Style                          : Auto
ROM Extraction                     : Yes
Shift Register Extraction          : YES
ROM Style                          : Auto
Resource Sharing                   : YES
Asynchronous To Synchronous        : NO
Shift Register Minimum Size        : 2
Use DSP Block                      : Auto
Automatic Register Balancing       : No

---- Target Options
LUT Combining                      : Auto
Reduce Control Sets                : Auto
Add IO Buffers                     : YES
Global Maximum Fanout              : 100000
Add Generic Clock Buffer(BUFG)     : 16
Register Duplication               : YES
Optimize Instantiated Primitives   : NO
Use Clock Enable                   : Auto
Use Synchronous Set                : Auto
Use Synchronous Reset              : Auto
Pack IO Registers into IOBs        : Auto
Equivalent register Removal        : YES

---- General Options
Optimization Goal                  : Speed
Optimization Effort                : 1
Power Reduction                    : NO
Keep Hierarchy                     : No
Netlist Hierarchy                  : As_Optimized
RTL Output                         : Yes
Global Optimization                : AllClockNets
Read Cores                         : YES
Write Timing Constraints           : NO
Cross Clock Analysis               : NO
Hierarchy Separator                : /
Bus Delimiter                      : <>
Case Specifier                     : Maintain
Slice Utilization Ratio            : 100
BRAM Utilization Ratio             : 100
DSP48 Utilization Ratio            : 100
Auto BRAM Packing                  : NO
Slice Utilization Ratio Delta      : 5

=========================================================================


=========================================================================
*                          HDL Parsing                                  *
=========================================================================
Parsing VHDL file "C:\Users\holge\OneDrive\AAU - Elektronik og IT\4. semester\Digital Design\digital-design\papilio-pro-projects\register_32x8\register_32x8.vhd" into library work
Parsing entity <register_32x8>.
Parsing architecture <Behavioral> of entity <register_32x8>.

=========================================================================
*                            HDL Elaboration                            *
=========================================================================

Elaborating entity <register_32x8> (architecture <Behavioral>) from library <work>.

=========================================================================
*                           HDL Synthesis                               *
=========================================================================

Synthesizing Unit <register_32x8>.
    Related source file is "C:\Users\holge\OneDrive\AAU - Elektronik og IT\4. semester\Digital Design\digital-design\papilio-pro-projects\register_32x8\register_32x8.vhd".
    Found 8-bit register for signal <o_OUT_B>.
    Found 8-bit register for signal <o_OUT_A>.
    Found 32x8-bit dual-port RAM <Mram_r_REGISTER> for signal <r_REGISTER>.
    Summary:
	inferred   2 RAM(s).
	inferred  16 D-type flip-flop(s).
Unit <register_32x8> synthesized.

=========================================================================
HDL Synthesis Report

Macro Statistics
# RAMs                                                 : 2
 32x8-bit dual-port RAM                                : 2
# Registers                                            : 2
 8-bit register                                        : 2

=========================================================================

=========================================================================
*                       Advanced HDL Synthesis                          *
=========================================================================


Synthesizing (advanced) Unit <register_32x8>.
INFO:Xst:3231 - The small RAM <Mram_r_REGISTER> will be implemented on LUTs in order to maximize performance and save block RAM resources. If you want to force its implementation on block, use option/constraint ram_style.
    -----------------------------------------------------------------------
    | ram_type           | Distributed                         |          |
    -----------------------------------------------------------------------
    | Port A                                                              |
    |     aspect ratio   | 32-word x 8-bit                     |          |
    |     clkA           | connected to signal <i_CLK>         | rise     |
    |     weA            | connected to signal <i_WRITE_ENABLE> | high     |
    |     addrA          | connected to signal <i_WRITE_ADDRESS> |          |
    |     diA            | connected to signal <i_DATA_IN>     |          |
    -----------------------------------------------------------------------
    | Port B                                                              |
    |     aspect ratio   | 32-word x 8-bit                     |          |
    |     addrB          | connected to signal <i_ADDRESS_A>   |          |
    |     doB            | connected to internal node          |          |
    -----------------------------------------------------------------------
INFO:Xst:3231 - The small RAM <Mram_r_REGISTER1> will be implemented on LUTs in order to maximize performance and save block RAM resources. If you want to force its implementation on block, use option/constraint ram_style.
    -----------------------------------------------------------------------
    | ram_type           | Distributed                         |          |
    -----------------------------------------------------------------------
    | Port A                                                              |
    |     aspect ratio   | 32-word x 8-bit                     |          |
    |     clkA           | connected to signal <i_CLK>         | rise     |
    |     weA            | connected to signal <i_WRITE_ENABLE> | high     |
    |     addrA          | connected to signal <i_WRITE_ADDRESS> |          |
    |     diA            | connected to signal <i_DATA_IN>     |          |
    -----------------------------------------------------------------------
    | Port B                                                              |
    |     aspect ratio   | 32-word x 8-bit                     |          |
    |     addrB          | connected to signal <i_ADDRESS_B>   |          |
    |     doB            | connected to internal node          |          |
    -----------------------------------------------------------------------
Unit <register_32x8> synthesized (advanced).

=========================================================================
Advanced HDL Synthesis Report

Macro Statistics
# RAMs                                                 : 2
 32x8-bit dual-port distributed RAM                    : 2
# Registers                                            : 16
 Flip-Flops                                            : 16

=========================================================================

=========================================================================
*                         Low Level Synthesis                           *
=========================================================================

Optimizing unit <register_32x8> ...

Mapping all equations...
Building and optimizing final netlist ...
Found area constraint ratio of 100 (+ 5) on block register_32x8, actual ratio is 0.

Final Macro Processing ...

=========================================================================
Final Register Report

Macro Statistics
# Registers                                            : 16
 Flip-Flops                                            : 16

=========================================================================

=========================================================================
*                           Partition Report                            *
=========================================================================

Partition Implementation Status
-------------------------------

  No Partitions were found in this design.

-------------------------------

=========================================================================
*                            Design Summary                             *
=========================================================================

Top Level Output File Name         : register_32x8.ngc

Primitive and Black Box Usage:
------------------------------
# BELS                             : 1
#      GND                         : 1
# FlipFlops/Latches                : 16
#      FD                          : 16
# RAMS                             : 6
#      RAM32M                      : 2
#      RAM32X1D                    : 4
# Clock Buffers                    : 1
#      BUFGP                       : 1
# IO Buffers                       : 40
#      IBUF                        : 24
#      OBUF                        : 16

Device utilization summary:
---------------------------

Selected Device : 6slx9tqg144-2 


Slice Logic Utilization: 
 Number of Slice Registers:              16  out of  11440     0%  
 Number of Slice LUTs:                   16  out of   5720     0%  
    Number used as Memory:               16  out of   1440     1%  
       Number used as RAM:               16

Slice Logic Distribution: 
 Number of LUT Flip Flop pairs used:     26
   Number with an unused Flip Flop:      10  out of     26    38%  
   Number with an unused LUT:            10  out of     26    38%  
   Number of fully used LUT-FF pairs:     6  out of     26    23%  
   Number of unique control sets:         1

IO Utilization: 
 Number of IOs:                          41
 Number of bonded IOBs:                  41  out of    102    40%  

Specific Feature Utilization:
 Number of BUFG/BUFGCTRLs:                1  out of     16     6%  

---------------------------
Partition Resource Summary:
---------------------------

  No Partitions were found in this design.

---------------------------


=========================================================================
Timing Report

NOTE: THESE TIMING NUMBERS ARE ONLY A SYNTHESIS ESTIMATE.
      FOR ACCURATE TIMING INFORMATION PLEASE REFER TO THE TRACE REPORT
      GENERATED AFTER PLACE-and-ROUTE.

Clock Information:
------------------
-----------------------------------+------------------------+-------+
Clock Signal                       | Clock buffer(FF name)  | Load  |
-----------------------------------+------------------------+-------+
i_CLK                              | BUFGP                  | 22    |
-----------------------------------+------------------------+-------+

Asynchronous Control Signals Information:
----------------------------------------
No asynchronous control signals found in this design

Timing Summary:
---------------
Speed Grade: -2

   Minimum period: 1.886ns (Maximum Frequency: 530.223MHz)
   Minimum input arrival time before clock: 3.158ns
   Maximum output required time after clock: 4.118ns
   Maximum combinational path delay: No path found

Timing Details:
---------------
All values displayed in nanoseconds (ns)

=========================================================================
Timing constraint: Default period analysis for Clock 'i_CLK'
  Clock period: 1.886ns (frequency: 530.223MHz)
  Total number of paths / destination ports: 16 / 16
-------------------------------------------------------------------------
Delay:               1.886ns (Levels of Logic = 0)
  Source:            Mram_r_REGISTER11 (RAM)
  Destination:       o_OUT_B_2 (FF)
  Source Clock:      i_CLK rising
  Destination Clock: i_CLK rising

  Data Path: Mram_r_REGISTER11 to o_OUT_B_2
                                Gate     Net
    Cell:in->out      fanout   Delay   Delay  Logical Name (Net Name)
    ----------------------------------------  ------------
     RAM32M:WCLK->DOB0     1   1.131   0.681  Mram_r_REGISTER11 (i_ADDRESS_B[4]_read_port_2_OUT<2>)
     FD:D                      0.074          o_OUT_B_2
    ----------------------------------------
    Total                      1.886ns (1.205ns logic, 0.681ns route)
                                       (63.9% logic, 36.1% route)

=========================================================================
Timing constraint: Default OFFSET IN BEFORE for Clock 'i_CLK'
  Total number of paths / destination ports: 92 / 76
-------------------------------------------------------------------------
Offset:              3.158ns (Levels of Logic = 2)
  Source:            i_ADDRESS_B<0> (PAD)
  Destination:       o_OUT_B_6 (FF)
  Destination Clock: i_CLK rising

  Data Path: i_ADDRESS_B<0> to o_OUT_B_6
                                Gate     Net
    Cell:in->out      fanout   Delay   Delay  Logical Name (Net Name)
    ----------------------------------------  ------------
     IBUF:I->O             5   1.328   0.840  i_ADDRESS_B_0_IBUF (i_ADDRESS_B_0_IBUF)
     RAM32X1D:DPRA0->DPO    1   0.235   0.681  Mram_r_REGISTER121 (i_ADDRESS_B[4]_read_port_2_OUT<6>)
     FD:D                      0.074          o_OUT_B_6
    ----------------------------------------
    Total                      3.158ns (1.637ns logic, 1.521ns route)
                                       (51.8% logic, 48.2% route)

=========================================================================
Timing constraint: Default OFFSET OUT AFTER for Clock 'i_CLK'
  Total number of paths / destination ports: 16 / 16
-------------------------------------------------------------------------
Offset:              4.118ns (Levels of Logic = 1)
  Source:            o_OUT_A_7 (FF)
  Destination:       o_OUT_A<7> (PAD)
  Source Clock:      i_CLK rising

  Data Path: o_OUT_A_7 to o_OUT_A<7>
                                Gate     Net
    Cell:in->out      fanout   Delay   Delay  Logical Name (Net Name)
    ----------------------------------------  ------------
     FD:C->Q               1   0.525   0.681  o_OUT_A_7 (o_OUT_A_7)
     OBUF:I->O                 2.912          o_OUT_A_7_OBUF (o_OUT_A<7>)
    ----------------------------------------
    Total                      4.118ns (3.437ns logic, 0.681ns route)
                                       (83.5% logic, 16.5% route)

=========================================================================

Cross Clock Domains Report:
--------------------------

Clock to Setup on destination clock i_CLK
---------------+---------+---------+---------+---------+
               | Src:Rise| Src:Fall| Src:Rise| Src:Fall|
Source Clock   |Dest:Rise|Dest:Rise|Dest:Fall|Dest:Fall|
---------------+---------+---------+---------+---------+
i_CLK          |    1.886|         |         |         |
---------------+---------+---------+---------+---------+

=========================================================================


Total REAL time to Xst completion: 4.00 secs
Total CPU time to Xst completion: 4.12 secs
 
--> 

Total memory usage is 4508168 kilobytes

Number of errors   :    0 (   0 filtered)
Number of warnings :    0 (   0 filtered)
Number of infos    :    2 (   0 filtered)

