Release 14.7 - xst P.20131013 (nt64)
Copyright (c) 1995-2013 Xilinx, Inc.  All rights reserved.
--> Parameter TMPDIR set to xst/projnav.tmp


Total REAL time to Xst completion: 0.00 secs
Total CPU time to Xst completion: 0.08 secs
 
--> Parameter xsthdpdir set to xst


Total REAL time to Xst completion: 0.00 secs
Total CPU time to Xst completion: 0.09 secs
 
--> Reading design: control_unit.prj

TABLE OF CONTENTS
  1) Synthesis Options Summary
  2) HDL Parsing
  3) HDL Elaboration
  4) HDL Synthesis
       4.1) HDL Synthesis Report
  5) Advanced HDL Synthesis
       5.1) Advanced HDL Synthesis Report
  6) Low Level Synthesis
  7) Partition Report
  8) Design Summary
       8.1) Primitive and Black Box Usage
       8.2) Device utilization summary
       8.3) Partition Resource Summary
       8.4) Timing Report
            8.4.1) Clock Information
            8.4.2) Asynchronous Control Signals Information
            8.4.3) Timing Summary
            8.4.4) Timing Details
            8.4.5) Cross Clock Domains Report


=========================================================================
*                      Synthesis Options Summary                        *
=========================================================================
---- Source Parameters
Input File Name                    : "control_unit.prj"
Ignore Synthesis Constraint File   : NO

---- Target Parameters
Output File Name                   : "control_unit"
Output Format                      : NGC
Target Device                      : xc6slx9-2-tqg144

---- Source Options
Top Module Name                    : control_unit
Automatic FSM Extraction           : YES
FSM Encoding Algorithm             : Auto
Safe Implementation                : No
FSM Style                          : LUT
RAM Extraction                     : Yes
RAM Style                          : Auto
ROM Extraction                     : Yes
Shift Register Extraction          : YES
ROM Style                          : Auto
Resource Sharing                   : YES
Asynchronous To Synchronous        : NO
Shift Register Minimum Size        : 2
Use DSP Block                      : Auto
Automatic Register Balancing       : No

---- Target Options
LUT Combining                      : Auto
Reduce Control Sets                : Auto
Add IO Buffers                     : YES
Global Maximum Fanout              : 100000
Add Generic Clock Buffer(BUFG)     : 16
Register Duplication               : YES
Optimize Instantiated Primitives   : NO
Use Clock Enable                   : Auto
Use Synchronous Set                : Auto
Use Synchronous Reset              : Auto
Pack IO Registers into IOBs        : Auto
Equivalent register Removal        : YES

---- General Options
Optimization Goal                  : Speed
Optimization Effort                : 1
Power Reduction                    : NO
Keep Hierarchy                     : No
Netlist Hierarchy                  : As_Optimized
RTL Output                         : Yes
Global Optimization                : AllClockNets
Read Cores                         : YES
Write Timing Constraints           : NO
Cross Clock Analysis               : NO
Hierarchy Separator                : /
Bus Delimiter                      : <>
Case Specifier                     : Maintain
Slice Utilization Ratio            : 100
BRAM Utilization Ratio             : 100
DSP48 Utilization Ratio            : 100
Auto BRAM Packing                  : NO
Slice Utilization Ratio Delta      : 5

=========================================================================


=========================================================================
*                          HDL Parsing                                  *
=========================================================================
Parsing VHDL file "C:\Users\holge\OneDrive\AAU - Elektronik og IT\4. semester\Digital Design\digital-design\papilio-pro-projects\control_unit\control_unit.vhd" into library work
Parsing entity <control_unit>.
Parsing architecture <Behavioral> of entity <control_unit>.

=========================================================================
*                            HDL Elaboration                            *
=========================================================================

Elaborating entity <control_unit> (architecture <Behavioral>) from library <work>.

=========================================================================
*                           HDL Synthesis                               *
=========================================================================

Synthesizing Unit <control_unit>.
    Related source file is "C:\Users\holge\OneDrive\AAU - Elektronik og IT\4. semester\Digital Design\digital-design\papilio-pro-projects\control_unit\control_unit.vhd".
    Found 32-bit register for signal <r_mem_cycles>.
    Found 1-bit register for signal <r_mem_execute>.
    Found 7-bit register for signal <r_s_state>.
    Found finite state machine <FSM_0> for signal <r_mem_cycles>.
    -----------------------------------------------------------------------
    | States             | 2                                              |
    | Transitions        | 21                                             |
    | Inputs             | 11                                             |
    | Outputs            | 2                                              |
    | Clock              | i_CLK (rising_edge)                            |
    | Reset              | i_RESET (positive)                             |
    | Reset type         | synchronous                                    |
    | Reset State        | 00000000000000000000000000000000               |
    | Power Up State     | 00000000000000000000000000000000               |
    | Encoding           | auto                                           |
    | Implementation     | LUT                                            |
    -----------------------------------------------------------------------
    Found finite state machine <FSM_1> for signal <r_s_state>.
    -----------------------------------------------------------------------
    | States             | 6                                              |
    | Transitions        | 17                                             |
    | Inputs             | 7                                              |
    | Outputs            | 12                                             |
    | Clock              | i_CLK (rising_edge)                            |
    | Reset              | i_RESET (positive)                             |
    | Reset type         | synchronous                                    |
    | Reset State        | 0000001                                        |
    | Power Up State     | 0000001                                        |
    | Encoding           | auto                                           |
    | Implementation     | LUT                                            |
    -----------------------------------------------------------------------
    Summary:
	inferred   1 D-type flip-flop(s).
	inferred   4 Multiplexer(s).
	inferred   2 Finite State Machine(s).
Unit <control_unit> synthesized.

=========================================================================
HDL Synthesis Report

Macro Statistics
# Registers                                            : 1
 1-bit register                                        : 1
# Multiplexers                                         : 4
 1-bit 2-to-1 multiplexer                              : 4
# FSMs                                                 : 2

=========================================================================

=========================================================================
*                       Advanced HDL Synthesis                          *
=========================================================================


=========================================================================
Advanced HDL Synthesis Report

Macro Statistics
# Registers                                            : 1
 Flip-Flops                                            : 1
# Multiplexers                                         : 4
 1-bit 2-to-1 multiplexer                              : 4
# FSMs                                                 : 2

=========================================================================

=========================================================================
*                         Low Level Synthesis                           *
=========================================================================
Analyzing FSM <MFsm> for best encoding.
Optimizing FSM <FSM_1> on signal <r_s_state[1:6]> with one-hot encoding.
---------------------
 State   | Encoding
---------------------
 0000001 | 000001
 0000010 | 000010
 0000100 | 000100
 0001000 | 001000
 0010000 | 010000
 0100000 | 100000
---------------------
Analyzing FSM <MFsm> for best encoding.
Optimizing FSM <FSM_0> on signal <r_mem_cycles[1:1]> with sequential encoding.
----------------------------------------------
 State                            | Encoding
----------------------------------------------
 00000000000000000000000000000000 | 0
 00000000000000000000000000000001 | 1
----------------------------------------------

Optimizing unit <control_unit> ...

Mapping all equations...
Building and optimizing final netlist ...
Found area constraint ratio of 100 (+ 5) on block control_unit, actual ratio is 0.

Final Macro Processing ...

=========================================================================
Final Register Report

Macro Statistics
# Registers                                            : 8
 Flip-Flops                                            : 8

=========================================================================

=========================================================================
*                           Partition Report                            *
=========================================================================

Partition Implementation Status
-------------------------------

  No Partitions were found in this design.

-------------------------------

=========================================================================
*                            Design Summary                             *
=========================================================================

Top Level Output File Name         : control_unit.ngc

Primitive and Black Box Usage:
------------------------------
# BELS                             : 14
#      GND                         : 1
#      INV                         : 1
#      LUT3                        : 3
#      LUT4                        : 1
#      LUT5                        : 3
#      LUT6                        : 5
# FlipFlops/Latches                : 8
#      FDE                         : 1
#      FDR                         : 6
#      FDS                         : 1
# Clock Buffers                    : 1
#      BUFGP                       : 1
# IO Buffers                       : 15
#      IBUF                        : 7
#      OBUF                        : 8

Device utilization summary:
---------------------------

Selected Device : 6slx9tqg144-2 


Slice Logic Utilization: 
 Number of Slice Registers:               8  out of  11440     0%  
 Number of Slice LUTs:                   13  out of   5720     0%  
    Number used as Logic:                13  out of   5720     0%  

Slice Logic Distribution: 
 Number of LUT Flip Flop pairs used:     15
   Number with an unused Flip Flop:       7  out of     15    46%  
   Number with an unused LUT:             2  out of     15    13%  
   Number of fully used LUT-FF pairs:     6  out of     15    40%  
   Number of unique control sets:         2

IO Utilization: 
 Number of IOs:                          16
 Number of bonded IOBs:                  16  out of    102    15%  

Specific Feature Utilization:
 Number of BUFG/BUFGCTRLs:                1  out of     16     6%  

---------------------------
Partition Resource Summary:
---------------------------

  No Partitions were found in this design.

---------------------------


=========================================================================
Timing Report

NOTE: THESE TIMING NUMBERS ARE ONLY A SYNTHESIS ESTIMATE.
      FOR ACCURATE TIMING INFORMATION PLEASE REFER TO THE TRACE REPORT
      GENERATED AFTER PLACE-and-ROUTE.

Clock Information:
------------------
-----------------------------------+------------------------+-------+
Clock Signal                       | Clock buffer(FF name)  | Load  |
-----------------------------------+------------------------+-------+
i_CLK                              | BUFGP                  | 8     |
-----------------------------------+------------------------+-------+

Asynchronous Control Signals Information:
----------------------------------------
No asynchronous control signals found in this design

Timing Summary:
---------------
Speed Grade: -2

   Minimum period: 3.164ns (Maximum Frequency: 316.056MHz)
   Minimum input arrival time before clock: 5.144ns
   Maximum output required time after clock: 4.346ns
   Maximum combinational path delay: No path found

Timing Details:
---------------
All values displayed in nanoseconds (ns)

=========================================================================
Timing constraint: Default period analysis for Clock 'i_CLK'
  Clock period: 3.164ns (frequency: 316.056MHz)
  Total number of paths / destination ports: 35 / 8
-------------------------------------------------------------------------
Delay:               3.164ns (Levels of Logic = 2)
  Source:            r_s_state_FSM_FFd5 (FF)
  Destination:       r_mem_cycles_FSM_FFd1 (FF)
  Source Clock:      i_CLK rising
  Destination Clock: i_CLK rising

  Data Path: r_s_state_FSM_FFd5 to r_mem_cycles_FSM_FFd1
                                Gate     Net
    Cell:in->out      fanout   Delay   Delay  Logical Name (Net Name)
    ----------------------------------------  ------------
     FDR:C->Q              5   0.525   1.271  r_s_state_FSM_FFd5 (r_s_state_FSM_FFd5)
     LUT6:I1->O            1   0.254   0.790  r_mem_cycles_FSM_FFd1-In1 (r_mem_cycles_FSM_FFd1-In1)
     LUT5:I3->O            1   0.250   0.000  r_mem_cycles_FSM_FFd1-In4 (r_mem_cycles_FSM_FFd1-In)
     FDR:D                     0.074          r_mem_cycles_FSM_FFd1
    ----------------------------------------
    Total                      3.164ns (1.103ns logic, 2.061ns route)
                                       (34.9% logic, 65.1% route)

=========================================================================
Timing constraint: Default OFFSET IN BEFORE for Clock 'i_CLK'
  Total number of paths / destination ports: 33 / 14
-------------------------------------------------------------------------
Offset:              5.144ns (Levels of Logic = 4)
  Source:            i_ALU_op<3> (PAD)
  Destination:       r_mem_cycles_FSM_FFd1 (FF)
  Destination Clock: i_CLK rising

  Data Path: i_ALU_op<3> to r_mem_cycles_FSM_FFd1
                                Gate     Net
    Cell:in->out      fanout   Delay   Delay  Logical Name (Net Name)
    ----------------------------------------  ------------
     IBUF:I->O             2   1.328   0.954  i_ALU_op_3_IBUF (i_ALU_op_3_IBUF)
     LUT3:I0->O            4   0.235   1.259  GND_3_o_i_ALU_op[3]_equal_9_o<3>11 (GND_3_o_i_ALU_op[3]_equal_9_o<3>1)
     LUT6:I0->O            1   0.254   0.790  r_mem_cycles_FSM_FFd1-In1 (r_mem_cycles_FSM_FFd1-In1)
     LUT5:I3->O            1   0.250   0.000  r_mem_cycles_FSM_FFd1-In4 (r_mem_cycles_FSM_FFd1-In)
     FDR:D                     0.074          r_mem_cycles_FSM_FFd1
    ----------------------------------------
    Total                      5.144ns (2.141ns logic, 3.003ns route)
                                       (41.6% logic, 58.4% route)

=========================================================================
Timing constraint: Default OFFSET OUT AFTER for Clock 'i_CLK'
  Total number of paths / destination ports: 7 / 7
-------------------------------------------------------------------------
Offset:              4.346ns (Levels of Logic = 1)
  Source:            r_s_state_FSM_FFd3 (FF)
  Destination:       o_STATE<3> (PAD)
  Source Clock:      i_CLK rising

  Data Path: r_s_state_FSM_FFd3 to o_STATE<3>
                                Gate     Net
    Cell:in->out      fanout   Delay   Delay  Logical Name (Net Name)
    ----------------------------------------  ------------
     FDR:C->Q              7   0.525   0.909  r_s_state_FSM_FFd3 (r_s_state_FSM_FFd3)
     OBUF:I->O                 2.912          o_STATE_3_OBUF (o_STATE<3>)
    ----------------------------------------
    Total                      4.346ns (3.437ns logic, 0.909ns route)
                                       (79.1% logic, 20.9% route)

=========================================================================

Cross Clock Domains Report:
--------------------------

Clock to Setup on destination clock i_CLK
---------------+---------+---------+---------+---------+
               | Src:Rise| Src:Fall| Src:Rise| Src:Fall|
Source Clock   |Dest:Rise|Dest:Rise|Dest:Fall|Dest:Fall|
---------------+---------+---------+---------+---------+
i_CLK          |    3.164|         |         |         |
---------------+---------+---------+---------+---------+

=========================================================================


Total REAL time to Xst completion: 4.00 secs
Total CPU time to Xst completion: 4.14 secs
 
--> 

Total memory usage is 4508168 kilobytes

Number of errors   :    0 (   0 filtered)
Number of warnings :    0 (   0 filtered)
Number of infos    :    0 (   0 filtered)

