ARM GAS  C:\Users\holge\AppData\Local\Temp\ccny6QTf.s 			page 1


   1              		.syntax unified
   2              		.cpu cortex-m3
   3              		.fpu softvfp
   4              		.eabi_attribute 20, 1
   5              		.eabi_attribute 21, 1
   6              		.eabi_attribute 23, 3
   7              		.eabi_attribute 24, 1
   8              		.eabi_attribute 25, 1
   9              		.eabi_attribute 26, 1
  10              		.eabi_attribute 30, 1
  11              		.eabi_attribute 34, 1
  12              		.eabi_attribute 18, 4
  13              		.thumb
  14              		.syntax unified
  15              		.file	"cymetadata.c"
  16              		.text
  17              	.Ltext0:
  18              		.cfi_sections	.debug_frame
  19              		.global	cy_metadata
  20              		.global	cy_meta_flashprotect
  21              		.global	cy_meta_wonvl
  22              		.global	cy_meta_custnvl
  23              		.global	cy_meta_configecc
  24              		.section	.cyconfigecc,"a",%progbits
  25              		.align	2
  26              		.type	cy_meta_configecc, %object
  27              		.size	cy_meta_configecc, 944
  28              	cy_meta_configecc:
  29 0000 01       		.byte	1
  30 0001 52       		.byte	82
  31 0002 00       		.byte	0
  32 0003 40       		.byte	64
  33 0004 09       		.byte	9
  34 0005 64       		.byte	100
  35 0006 00       		.byte	0
  36 0007 40       		.byte	64
  37 0008 01       		.byte	1
  38 0009 01       		.byte	1
  39 000a 01       		.byte	1
  40 000b 40       		.byte	64
  41 000c 01       		.byte	1
  42 000d 03       		.byte	3
  43 000e 01       		.byte	1
  44 000f 40       		.byte	64
  45 0010 1C       		.byte	28
  46 0011 0A       		.byte	10
  47 0012 01       		.byte	1
  48 0013 40       		.byte	64
  49 0014 43       		.byte	67
  50 0015 0B       		.byte	11
  51 0016 01       		.byte	1
  52 0017 40       		.byte	64
  53 0018 46       		.byte	70
  54 0019 0C       		.byte	12
  55 001a 01       		.byte	1
  56 001b 40       		.byte	64
  57 001c 33       		.byte	51
ARM GAS  C:\Users\holge\AppData\Local\Temp\ccny6QTf.s 			page 2


  58 001d 0D       		.byte	13
  59 001e 01       		.byte	1
  60 001f 40       		.byte	64
  61 0020 4D       		.byte	77
  62 0021 0E       		.byte	14
  63 0022 01       		.byte	1
  64 0023 40       		.byte	64
  65 0024 21       		.byte	33
  66 0025 0F       		.byte	15
  67 0026 01       		.byte	1
  68 0027 40       		.byte	64
  69 0028 06       		.byte	6
  70 0029 40       		.byte	64
  71 002a 01       		.byte	1
  72 002b 40       		.byte	64
  73 002c 03       		.byte	3
  74 002d 41       		.byte	65
  75 002e 01       		.byte	1
  76 002f 40       		.byte	64
  77 0030 02       		.byte	2
  78 0031 45       		.byte	69
  79 0032 01       		.byte	1
  80 0033 40       		.byte	64
  81 0034 0A       		.byte	10
  82 0035 46       		.byte	70
  83 0036 01       		.byte	1
  84 0037 40       		.byte	64
  85 0038 03       		.byte	3
  86 0039 50       		.byte	80
  87 003a 01       		.byte	1
  88 003b 40       		.byte	64
  89 003c 01       		.byte	1
  90 003d 51       		.byte	81
  91 003e 01       		.byte	1
  92 003f 40       		.byte	64
  93 0040 16       		.byte	22
  94 0041 F8       		.byte	-8
  95 0042 0A       		.byte	10
  96 0043 FF       		.byte	-1
  97 0044 0E       		.byte	14
  98 0045 FF       		.byte	-1
  99 0046 0F       		.byte	15
 100 0047 FF       		.byte	-1
 101 0048 1E       		.byte	30
 102 0049 FF       		.byte	-1
 103 004a 1F       		.byte	31
 104 004b FF       		.byte	-1
 105 004c 2E       		.byte	46
 106 004d FF       		.byte	-1
 107 004e 2F       		.byte	47
 108 004f FF       		.byte	-1
 109 0050 8A       		.byte	-118
 110 0051 1F       		.byte	31
 111 0052 8B       		.byte	-117
 112 0053 0D       		.byte	13
 113 0054 E6       		.byte	-26
 114 0055 01       		.byte	1
ARM GAS  C:\Users\holge\AppData\Local\Temp\ccny6QTf.s 			page 3


 115 0056 E2       		.byte	-30
 116 0057 01       		.byte	1
 117 0058 14       		.byte	20
 118 0059 01       		.byte	1
 119 005a 24       		.byte	36
 120 005b 01       		.byte	1
 121 005c 30       		.byte	48
 122 005d 01       		.byte	1
 123 005e 32       		.byte	50
 124 005f 01       		.byte	1
 125 0060 38       		.byte	56
 126 0061 0A       		.byte	10
 127 0062 40       		.byte	64
 128 0063 62       		.byte	98
 129 0064 45       		.byte	69
 130 0065 04       		.byte	4
 131 0066 46       		.byte	70
 132 0067 50       		.byte	80
 133 0068 47       		.byte	71
 134 0069 02       		.byte	2
 135 006a 48       		.byte	72
 136 006b 19       		.byte	25
 137 006c 49       		.byte	73
 138 006d FF       		.byte	-1
 139 006e 4A       		.byte	74
 140 006f FF       		.byte	-1
 141 0070 4B       		.byte	75
 142 0071 FF       		.byte	-1
 143 0072 4C       		.byte	76
 144 0073 02       		.byte	2
 145 0074 4D       		.byte	77
 146 0075 20       		.byte	32
 147 0076 4F       		.byte	79
 148 0077 05       		.byte	5
 149 0078 51       		.byte	81
 150 0079 10       		.byte	16
 151 007a 56       		.byte	86
 152 007b 02       		.byte	2
 153 007c 58       		.byte	88
 154 007d 04       		.byte	4
 155 007e 5A       		.byte	90
 156 007f 04       		.byte	4
 157 0080 5B       		.byte	91
 158 0081 04       		.byte	4
 159 0082 5E       		.byte	94
 160 0083 08       		.byte	8
 161 0084 5F       		.byte	95
 162 0085 01       		.byte	1
 163 0086 60       		.byte	96
 164 0087 40       		.byte	64
 165 0088 61       		.byte	97
 166 0089 40       		.byte	64
 167 008a 62       		.byte	98
 168 008b 80       		.byte	-128
 169 008c 64       		.byte	100
 170 008d 80       		.byte	-128
 171 008e 66       		.byte	102
ARM GAS  C:\Users\holge\AppData\Local\Temp\ccny6QTf.s 			page 4


 172 008f 80       		.byte	-128
 173 0090 07       		.byte	7
 174 0091 11       		.byte	17
 175 0092 0B       		.byte	11
 176 0093 20       		.byte	32
 177 0094 0D       		.byte	13
 178 0095 20       		.byte	32
 179 0096 0E       		.byte	14
 180 0097 60       		.byte	96
 181 0098 0F       		.byte	15
 182 0099 02       		.byte	2
 183 009a 10       		.byte	16
 184 009b 20       		.byte	32
 185 009c 17       		.byte	23
 186 009d 04       		.byte	4
 187 009e 19       		.byte	25
 188 009f 0A       		.byte	10
 189 00a0 1C       		.byte	28
 190 00a1 04       		.byte	4
 191 00a2 1E       		.byte	30
 192 00a3 20       		.byte	32
 193 00a4 24       		.byte	36
 194 00a5 18       		.byte	24
 195 00a6 25       		.byte	37
 196 00a7 03       		.byte	3
 197 00a8 27       		.byte	39
 198 00a9 18       		.byte	24
 199 00aa 2E       		.byte	46
 200 00ab 04       		.byte	4
 201 00ac 2F       		.byte	47
 202 00ad 49       		.byte	73
 203 00ae 35       		.byte	53
 204 00af 01       		.byte	1
 205 00b0 36       		.byte	54
 206 00b1 50       		.byte	80
 207 00b2 37       		.byte	55
 208 00b3 08       		.byte	8
 209 00b4 3C       		.byte	60
 210 00b5 10       		.byte	16
 211 00b6 3D       		.byte	61
 212 00b7 02       		.byte	2
 213 00b8 3E       		.byte	62
 214 00b9 80       		.byte	-128
 215 00ba 3F       		.byte	63
 216 00bb 04       		.byte	4
 217 00bc 41       		.byte	65
 218 00bd 20       		.byte	32
 219 00be 46       		.byte	70
 220 00bf 02       		.byte	2
 221 00c0 47       		.byte	71
 222 00c1 01       		.byte	1
 223 00c2 48       		.byte	72
 224 00c3 28       		.byte	40
 225 00c4 4D       		.byte	77
 226 00c5 01       		.byte	1
 227 00c6 50       		.byte	80
 228 00c7 08       		.byte	8
ARM GAS  C:\Users\holge\AppData\Local\Temp\ccny6QTf.s 			page 5


 229 00c8 53       		.byte	83
 230 00c9 10       		.byte	16
 231 00ca 56       		.byte	86
 232 00cb 02       		.byte	2
 233 00cc 57       		.byte	87
 234 00cd 21       		.byte	33
 235 00ce 5C       		.byte	92
 236 00cf 04       		.byte	4
 237 00d0 5D       		.byte	93
 238 00d1 01       		.byte	1
 239 00d2 5F       		.byte	95
 240 00d3 40       		.byte	64
 241 00d4 72       		.byte	114
 242 00d5 80       		.byte	-128
 243 00d6 7A       		.byte	122
 244 00d7 40       		.byte	64
 245 00d8 82       		.byte	-126
 246 00d9 40       		.byte	64
 247 00da 92       		.byte	-110
 248 00db 44       		.byte	68
 249 00dc 93       		.byte	-109
 250 00dd C6       		.byte	-58
 251 00de 94       		.byte	-108
 252 00df 08       		.byte	8
 253 00e0 96       		.byte	-106
 254 00e1 80       		.byte	-128
 255 00e2 99       		.byte	-103
 256 00e3 01       		.byte	1
 257 00e4 9B       		.byte	-101
 258 00e5 05       		.byte	5
 259 00e6 9D       		.byte	-99
 260 00e7 0A       		.byte	10
 261 00e8 9E       		.byte	-98
 262 00e9 80       		.byte	-128
 263 00ea 9F       		.byte	-97
 264 00eb 10       		.byte	16
 265 00ec A1       		.byte	-95
 266 00ed 20       		.byte	32
 267 00ee A2       		.byte	-94
 268 00ef 40       		.byte	64
 269 00f0 A3       		.byte	-93
 270 00f1 08       		.byte	8
 271 00f2 A5       		.byte	-91
 272 00f3 02       		.byte	2
 273 00f4 A6       		.byte	-90
 274 00f5 10       		.byte	16
 275 00f6 A7       		.byte	-89
 276 00f7 20       		.byte	32
 277 00f8 B1       		.byte	-79
 278 00f9 40       		.byte	64
 279 00fa B2       		.byte	-78
 280 00fb 20       		.byte	32
 281 00fc B3       		.byte	-77
 282 00fd 40       		.byte	64
 283 00fe B6       		.byte	-74
 284 00ff 80       		.byte	-128
 285 0100 C0       		.byte	-64
ARM GAS  C:\Users\holge\AppData\Local\Temp\ccny6QTf.s 			page 6


 286 0101 A0       		.byte	-96
 287 0102 C2       		.byte	-62
 288 0103 F4       		.byte	-12
 289 0104 C4       		.byte	-60
 290 0105 24       		.byte	36
 291 0106 CA       		.byte	-54
 292 0107 F0       		.byte	-16
 293 0108 CC       		.byte	-52
 294 0109 F0       		.byte	-16
 295 010a CE       		.byte	-50
 296 010b F0       		.byte	-16
 297 010c D0       		.byte	-48
 298 010d 94       		.byte	-108
 299 010e D2       		.byte	-46
 300 010f 04       		.byte	4
 301 0110 D6       		.byte	-42
 302 0111 D0       		.byte	-48
 303 0112 DE       		.byte	-34
 304 0113 01       		.byte	1
 305 0114 E6       		.byte	-26
 306 0115 01       		.byte	1
 307 0116 01       		.byte	1
 308 0117 01       		.byte	1
 309 0118 02       		.byte	2
 310 0119 05       		.byte	5
 311 011a 04       		.byte	4
 312 011b 02       		.byte	2
 313 011c 05       		.byte	5
 314 011d 02       		.byte	2
 315 011e 0D       		.byte	13
 316 011f 03       		.byte	3
 317 0120 13       		.byte	19
 318 0121 04       		.byte	4
 319 0122 14       		.byte	20
 320 0123 02       		.byte	2
 321 0124 18       		.byte	24
 322 0125 02       		.byte	2
 323 0126 19       		.byte	25
 324 0127 10       		.byte	16
 325 0128 1C       		.byte	28
 326 0129 01       		.byte	1
 327 012a 1D       		.byte	29
 328 012b 03       		.byte	3
 329 012c 23       		.byte	35
 330 012d 03       		.byte	3
 331 012e 27       		.byte	39
 332 012f 1C       		.byte	28
 333 0130 2E       		.byte	46
 334 0131 02       		.byte	2
 335 0132 30       		.byte	48
 336 0133 02       		.byte	2
 337 0134 31       		.byte	49
 338 0135 03       		.byte	3
 339 0136 32       		.byte	50
 340 0137 01       		.byte	1
 341 0138 33       		.byte	51
 342 0139 08       		.byte	8
ARM GAS  C:\Users\holge\AppData\Local\Temp\ccny6QTf.s 			page 7


 343 013a 34       		.byte	52
 344 013b 02       		.byte	2
 345 013c 35       		.byte	53
 346 013d 10       		.byte	16
 347 013e 36       		.byte	54
 348 013f 04       		.byte	4
 349 0140 37       		.byte	55
 350 0141 04       		.byte	4
 351 0142 3F       		.byte	63
 352 0143 01       		.byte	1
 353 0144 40       		.byte	64
 354 0145 03       		.byte	3
 355 0146 41       		.byte	65
 356 0147 02       		.byte	2
 357 0148 49       		.byte	73
 358 0149 FF       		.byte	-1
 359 014a 4A       		.byte	74
 360 014b FF       		.byte	-1
 361 014c 4B       		.byte	75
 362 014d FF       		.byte	-1
 363 014e 4C       		.byte	76
 364 014f 02       		.byte	2
 365 0150 4D       		.byte	77
 366 0151 0C       		.byte	12
 367 0152 4E       		.byte	78
 368 0153 F8       		.byte	-8
 369 0154 52       		.byte	82
 370 0155 17       		.byte	23
 371 0156 58       		.byte	88
 372 0157 04       		.byte	4
 373 0158 59       		.byte	89
 374 0159 04       		.byte	4
 375 015a 5A       		.byte	90
 376 015b 04       		.byte	4
 377 015c 5B       		.byte	91
 378 015d 04       		.byte	4
 379 015e 5C       		.byte	92
 380 015f 10       		.byte	16
 381 0160 5F       		.byte	95
 382 0161 01       		.byte	1
 383 0162 62       		.byte	98
 384 0163 48       		.byte	72
 385 0164 63       		.byte	99
 386 0165 A1       		.byte	-95
 387 0166 68       		.byte	104
 388 0167 F0       		.byte	-16
 389 0168 6A       		.byte	106
 390 0169 F0       		.byte	-16
 391 016a 6C       		.byte	108
 392 016b F0       		.byte	-16
 393 016c 6E       		.byte	110
 394 016d F0       		.byte	-16
 395 016e 97       		.byte	-105
 396 016f 02       		.byte	2
 397 0170 A7       		.byte	-89
 398 0171 01       		.byte	1
 399 0172 AD       		.byte	-83
ARM GAS  C:\Users\holge\AppData\Local\Temp\ccny6QTf.s 			page 8


 400 0173 01       		.byte	1
 401 0174 AF       		.byte	-81
 402 0175 02       		.byte	2
 403 0176 B1       		.byte	-79
 404 0177 03       		.byte	3
 405 0178 BF       		.byte	-65
 406 0179 01       		.byte	1
 407 017a C0       		.byte	-64
 408 017b 03       		.byte	3
 409 017c C1       		.byte	-63
 410 017d 02       		.byte	2
 411 017e C7       		.byte	-57
 412 017f 0A       		.byte	10
 413 0180 C9       		.byte	-55
 414 0181 FF       		.byte	-1
 415 0182 CA       		.byte	-54
 416 0183 FF       		.byte	-1
 417 0184 CB       		.byte	-53
 418 0185 FF       		.byte	-1
 419 0186 CC       		.byte	-52
 420 0187 03       		.byte	3
 421 0188 CD       		.byte	-51
 422 0189 0C       		.byte	12
 423 018a CE       		.byte	-50
 424 018b F4       		.byte	-12
 425 018c D6       		.byte	-42
 426 018d 08       		.byte	8
 427 018e D9       		.byte	-39
 428 018f 04       		.byte	4
 429 0190 DA       		.byte	-38
 430 0191 04       		.byte	4
 431 0192 DB       		.byte	-37
 432 0193 0C       		.byte	12
 433 0194 DF       		.byte	-33
 434 0195 01       		.byte	1
 435 0196 E2       		.byte	-30
 436 0197 48       		.byte	72
 437 0198 E3       		.byte	-29
 438 0199 A1       		.byte	-95
 439 019a E8       		.byte	-24
 440 019b F0       		.byte	-16
 441 019c EA       		.byte	-22
 442 019d F0       		.byte	-16
 443 019e EC       		.byte	-20
 444 019f F0       		.byte	-16
 445 01a0 EE       		.byte	-18
 446 01a1 F0       		.byte	-16
 447 01a2 05       		.byte	5
 448 01a3 02       		.byte	2
 449 01a4 07       		.byte	7
 450 01a5 10       		.byte	16
 451 01a6 0D       		.byte	13
 452 01a7 20       		.byte	32
 453 01a8 0E       		.byte	14
 454 01a9 21       		.byte	33
 455 01aa 15       		.byte	21
 456 01ab 40       		.byte	64
ARM GAS  C:\Users\holge\AppData\Local\Temp\ccny6QTf.s 			page 9


 457 01ac 1D       		.byte	29
 458 01ad 28       		.byte	40
 459 01ae 1E       		.byte	30
 460 01af 81       		.byte	-127
 461 01b0 22       		.byte	34
 462 01b1 02       		.byte	2
 463 01b2 25       		.byte	37
 464 01b3 40       		.byte	64
 465 01b4 26       		.byte	38
 466 01b5 20       		.byte	32
 467 01b6 27       		.byte	39
 468 01b7 60       		.byte	96
 469 01b8 29       		.byte	41
 470 01b9 88       		.byte	-120
 471 01ba 2F       		.byte	47
 472 01bb 60       		.byte	96
 473 01bc 32       		.byte	50
 474 01bd 08       		.byte	8
 475 01be 36       		.byte	54
 476 01bf 80       		.byte	-128
 477 01c0 37       		.byte	55
 478 01c1 21       		.byte	33
 479 01c2 39       		.byte	57
 480 01c3 80       		.byte	-128
 481 01c4 3A       		.byte	58
 482 01c5 80       		.byte	-128
 483 01c6 3C       		.byte	60
 484 01c7 80       		.byte	-128
 485 01c8 3F       		.byte	63
 486 01c9 05       		.byte	5
 487 01ca 41       		.byte	65
 488 01cb 28       		.byte	40
 489 01cc 45       		.byte	69
 490 01cd 28       		.byte	40
 491 01ce 52       		.byte	82
 492 01cf 08       		.byte	8
 493 01d0 5A       		.byte	90
 494 01d1 80       		.byte	-128
 495 01d2 62       		.byte	98
 496 01d3 80       		.byte	-128
 497 01d4 6C       		.byte	108
 498 01d5 10       		.byte	16
 499 01d6 6D       		.byte	109
 500 01d7 40       		.byte	64
 501 01d8 6E       		.byte	110
 502 01d9 44       		.byte	68
 503 01da 6F       		.byte	111
 504 01db 0C       		.byte	12
 505 01dc 75       		.byte	117
 506 01dd 80       		.byte	-128
 507 01de 79       		.byte	121
 508 01df 80       		.byte	-128
 509 01e0 82       		.byte	-126
 510 01e1 02       		.byte	2
 511 01e2 93       		.byte	-109
 512 01e3 87       		.byte	-121
 513 01e4 94       		.byte	-108
ARM GAS  C:\Users\holge\AppData\Local\Temp\ccny6QTf.s 			page 10


 514 01e5 28       		.byte	40
 515 01e6 99       		.byte	-103
 516 01e7 01       		.byte	1
 517 01e8 9B       		.byte	-101
 518 01e9 01       		.byte	1
 519 01ea 9E       		.byte	-98
 520 01eb 80       		.byte	-128
 521 01ec 9F       		.byte	-97
 522 01ed 50       		.byte	80
 523 01ee A0       		.byte	-96
 524 01ef 40       		.byte	64
 525 01f0 A5       		.byte	-91
 526 01f1 02       		.byte	2
 527 01f2 A6       		.byte	-90
 528 01f3 90       		.byte	-112
 529 01f4 C0       		.byte	-64
 530 01f5 30       		.byte	48
 531 01f6 C2       		.byte	-62
 532 01f7 E0       		.byte	-32
 533 01f8 C4       		.byte	-60
 534 01f9 80       		.byte	-128
 535 01fa CA       		.byte	-54
 536 01fb CA       		.byte	-54
 537 01fc CC       		.byte	-52
 538 01fd B2       		.byte	-78
 539 01fe CE       		.byte	-50
 540 01ff D0       		.byte	-48
 541 0200 D0       		.byte	-48
 542 0201 66       		.byte	102
 543 0202 D6       		.byte	-42
 544 0203 08       		.byte	8
 545 0204 D8       		.byte	-40
 546 0205 08       		.byte	8
 547 0206 DE       		.byte	-34
 548 0207 08       		.byte	8
 549 0208 40       		.byte	64
 550 0209 23       		.byte	35
 551 020a 41       		.byte	65
 552 020b 06       		.byte	6
 553 020c 45       		.byte	69
 554 020d 26       		.byte	38
 555 020e 48       		.byte	72
 556 020f 03       		.byte	3
 557 0210 5A       		.byte	90
 558 0211 04       		.byte	4
 559 0212 5F       		.byte	95
 560 0213 01       		.byte	1
 561 0214 61       		.byte	97
 562 0215 0C       		.byte	12
 563 0216 62       		.byte	98
 564 0217 F0       		.byte	-16
 565 0218 63       		.byte	99
 566 0219 0C       		.byte	12
 567 021a 65       		.byte	101
 568 021b 0C       		.byte	12
 569 021c 67       		.byte	103
 570 021d 0C       		.byte	12
ARM GAS  C:\Users\holge\AppData\Local\Temp\ccny6QTf.s 			page 11


 571 021e 68       		.byte	104
 572 021f 40       		.byte	64
 573 0220 69       		.byte	105
 574 0221 4C       		.byte	76
 575 0222 6A       		.byte	106
 576 0223 40       		.byte	64
 577 0224 6B       		.byte	107
 578 0225 4C       		.byte	76
 579 0226 6C       		.byte	108
 580 0227 90       		.byte	-112
 581 0228 6D       		.byte	109
 582 0229 58       		.byte	88
 583 022a 6F       		.byte	111
 584 022b 0C       		.byte	12
 585 022c 80       		.byte	-128
 586 022d 13       		.byte	19
 587 022e 81       		.byte	-127
 588 022f 15       		.byte	21
 589 0230 82       		.byte	-126
 590 0231 08       		.byte	8
 591 0232 84       		.byte	-124
 592 0233 03       		.byte	3
 593 0234 85       		.byte	-123
 594 0235 2A       		.byte	42
 595 0236 8A       		.byte	-118
 596 0237 02       		.byte	2
 597 0238 8B       		.byte	-117
 598 0239 0C       		.byte	12
 599 023a 8C       		.byte	-116
 600 023b 03       		.byte	3
 601 023c 8E       		.byte	-114
 602 023d 14       		.byte	20
 603 023e 90       		.byte	-112
 604 023f 02       		.byte	2
 605 0240 91       		.byte	-111
 606 0241 0F       		.byte	15
 607 0242 92       		.byte	-110
 608 0243 01       		.byte	1
 609 0244 93       		.byte	-109
 610 0245 40       		.byte	64
 611 0246 96       		.byte	-106
 612 0247 02       		.byte	2
 613 0248 98       		.byte	-104
 614 0249 10       		.byte	16
 615 024a 9A       		.byte	-102
 616 024b 04       		.byte	4
 617 024c 9C       		.byte	-100
 618 024d 04       		.byte	4
 619 024e 9D       		.byte	-99
 620 024f 3C       		.byte	60
 621 0250 9E       		.byte	-98
 622 0251 10       		.byte	16
 623 0252 A2       		.byte	-94
 624 0253 01       		.byte	1
 625 0254 A3       		.byte	-93
 626 0255 3F       		.byte	63
 627 0256 A8       		.byte	-88
ARM GAS  C:\Users\holge\AppData\Local\Temp\ccny6QTf.s 			page 12


 628 0257 03       		.byte	3
 629 0258 AB       		.byte	-85
 630 0259 30       		.byte	48
 631 025a AF       		.byte	-81
 632 025b 80       		.byte	-128
 633 025c B0       		.byte	-80
 634 025d 02       		.byte	2
 635 025e B1       		.byte	-79
 636 025f 70       		.byte	112
 637 0260 B2       		.byte	-78
 638 0261 0C       		.byte	12
 639 0262 B3       		.byte	-77
 640 0263 03       		.byte	3
 641 0264 B4       		.byte	-76
 642 0265 10       		.byte	16
 643 0266 B5       		.byte	-75
 644 0267 0C       		.byte	12
 645 0268 B6       		.byte	-74
 646 0269 01       		.byte	1
 647 026a B7       		.byte	-73
 648 026b 80       		.byte	-128
 649 026c BE       		.byte	-66
 650 026d 14       		.byte	20
 651 026e BF       		.byte	-65
 652 026f 15       		.byte	21
 653 0270 C0       		.byte	-64
 654 0271 35       		.byte	53
 655 0272 C1       		.byte	-63
 656 0273 01       		.byte	1
 657 0274 C6       		.byte	-58
 658 0275 20       		.byte	32
 659 0276 C7       		.byte	-57
 660 0277 06       		.byte	6
 661 0278 C8       		.byte	-56
 662 0279 18       		.byte	24
 663 027a D2       		.byte	-46
 664 027b 80       		.byte	-128
 665 027c D8       		.byte	-40
 666 027d 04       		.byte	4
 667 027e D9       		.byte	-39
 668 027f 04       		.byte	4
 669 0280 DA       		.byte	-38
 670 0281 04       		.byte	4
 671 0282 DB       		.byte	-37
 672 0283 04       		.byte	4
 673 0284 DC       		.byte	-36
 674 0285 10       		.byte	16
 675 0286 DD       		.byte	-35
 676 0287 10       		.byte	16
 677 0288 DF       		.byte	-33
 678 0289 01       		.byte	1
 679 028a E1       		.byte	-31
 680 028b 0C       		.byte	12
 681 028c E2       		.byte	-30
 682 028d F0       		.byte	-16
 683 028e E3       		.byte	-29
 684 028f 0C       		.byte	12
ARM GAS  C:\Users\holge\AppData\Local\Temp\ccny6QTf.s 			page 13


 685 0290 E5       		.byte	-27
 686 0291 0C       		.byte	12
 687 0292 E7       		.byte	-25
 688 0293 0C       		.byte	12
 689 0294 E8       		.byte	-24
 690 0295 40       		.byte	64
 691 0296 E9       		.byte	-23
 692 0297 4C       		.byte	76
 693 0298 EA       		.byte	-22
 694 0299 40       		.byte	64
 695 029a EB       		.byte	-21
 696 029b 4C       		.byte	76
 697 029c EC       		.byte	-20
 698 029d 90       		.byte	-112
 699 029e ED       		.byte	-19
 700 029f 58       		.byte	88
 701 02a0 EF       		.byte	-17
 702 02a1 0C       		.byte	12
 703 02a2 04       		.byte	4
 704 02a3 28       		.byte	40
 705 02a4 05       		.byte	5
 706 02a5 41       		.byte	65
 707 02a6 0D       		.byte	13
 708 02a7 02       		.byte	2
 709 02a8 0E       		.byte	14
 710 02a9 20       		.byte	32
 711 02aa 0F       		.byte	15
 712 02ab 05       		.byte	5
 713 02ac 16       		.byte	22
 714 02ad 80       		.byte	-128
 715 02ae 17       		.byte	23
 716 02af 10       		.byte	16
 717 02b0 1C       		.byte	28
 718 02b1 94       		.byte	-108
 719 02b2 1D       		.byte	29
 720 02b3 41       		.byte	65
 721 02b4 1F       		.byte	31
 722 02b5 40       		.byte	64
 723 02b6 26       		.byte	38
 724 02b7 06       		.byte	6
 725 02b8 27       		.byte	39
 726 02b9 05       		.byte	5
 727 02ba 2C       		.byte	44
 728 02bb 02       		.byte	2
 729 02bc 2F       		.byte	47
 730 02bd 48       		.byte	72
 731 02be 35       		.byte	53
 732 02bf 01       		.byte	1
 733 02c0 36       		.byte	54
 734 02c1 80       		.byte	-128
 735 02c2 3F       		.byte	63
 736 02c3 25       		.byte	37
 737 02c4 40       		.byte	64
 738 02c5 14       		.byte	20
 739 02c6 47       		.byte	71
 740 02c7 44       		.byte	68
 741 02c8 4A       		.byte	74
ARM GAS  C:\Users\holge\AppData\Local\Temp\ccny6QTf.s 			page 14


 742 02c9 04       		.byte	4
 743 02ca 4B       		.byte	75
 744 02cb 07       		.byte	7
 745 02cc 4E       		.byte	78
 746 02cd 02       		.byte	2
 747 02ce 57       		.byte	87
 748 02cf 18       		.byte	24
 749 02d0 74       		.byte	116
 750 02d1 02       		.byte	2
 751 02d2 80       		.byte	-128
 752 02d3 04       		.byte	4
 753 02d4 C0       		.byte	-64
 754 02d5 F0       		.byte	-16
 755 02d6 C2       		.byte	-62
 756 02d7 F0       		.byte	-16
 757 02d8 C4       		.byte	-60
 758 02d9 50       		.byte	80
 759 02da CA       		.byte	-54
 760 02db B0       		.byte	-80
 761 02dc CC       		.byte	-52
 762 02dd 90       		.byte	-112
 763 02de CE       		.byte	-50
 764 02df E0       		.byte	-32
 765 02e0 D0       		.byte	-48
 766 02e1 56       		.byte	86
 767 02e2 D2       		.byte	-46
 768 02e3 14       		.byte	20
 769 02e4 32       		.byte	50
 770 02e5 40       		.byte	64
 771 02e6 72       		.byte	114
 772 02e7 10       		.byte	16
 773 02e8 82       		.byte	-126
 774 02e9 40       		.byte	64
 775 02ea CC       		.byte	-52
 776 02eb 10       		.byte	16
 777 02ec DC       		.byte	-36
 778 02ed 80       		.byte	-128
 779 02ee E6       		.byte	-26
 780 02ef 80       		.byte	-128
 781 02f0 82       		.byte	-126
 782 02f1 10       		.byte	16
 783 02f2 96       		.byte	-106
 784 02f3 10       		.byte	16
 785 02f4 E2       		.byte	-30
 786 02f5 80       		.byte	-128
 787 02f6 50       		.byte	80
 788 02f7 08       		.byte	8
 789 02f8 D4       		.byte	-44
 790 02f9 04       		.byte	4
 791 02fa 03       		.byte	3
 792 02fb 08       		.byte	8
 793 02fc 39       		.byte	57
 794 02fd 40       		.byte	64
 795 02fe 83       		.byte	-125
 796 02ff 08       		.byte	8
 797 0300 91       		.byte	-111
 798 0301 40       		.byte	64
ARM GAS  C:\Users\holge\AppData\Local\Temp\ccny6QTf.s 			page 15


 799 0302 B0       		.byte	-80
 800 0303 08       		.byte	8
 801 0304 B5       		.byte	-75
 802 0305 40       		.byte	64
 803 0306 C0       		.byte	-64
 804 0307 02       		.byte	2
 805 0308 CE       		.byte	-50
 806 0309 08       		.byte	8
 807 030a E8       		.byte	-24
 808 030b 02       		.byte	2
 809 030c EC       		.byte	-20
 810 030d 04       		.byte	4
 811 030e 00       		.byte	0
 812 030f 03       		.byte	3
 813 0310 0C       		.byte	12
 814 0311 03       		.byte	3
 815 0312 0E       		.byte	14
 816 0313 03       		.byte	3
 817 0314 00       		.byte	0
 818 0315 03       		.byte	3
 819 0316 00       		.byte	0
 820 0317 00       		.byte	0
 821 0318 00       		.byte	0
 822 0319 3B       		.byte	59
 823 031a 00       		.byte	0
 824 031b 04       		.byte	4
 825 031c 02       		.byte	2
 826 031d 10       		.byte	16
 827 031e 04       		.byte	4
 828 031f 01       		.byte	1
 829 0320 00       		.byte	0
 830 0321 7F       		.byte	127
 831 0322 00       		.byte	0
 832 0323 80       		.byte	-128
 833 0324 00       		.byte	0
 834 0325 04       		.byte	4
 835 0326 01       		.byte	1
 836 0327 00       		.byte	0
 837 0328 00       		.byte	0
 838 0329 1F       		.byte	31
 839 032a 02       		.byte	2
 840 032b 20       		.byte	32
 841 032c 04       		.byte	4
 842 032d 3D       		.byte	61
 843 032e 02       		.byte	2
 844 032f 02       		.byte	2
 845 0330 06       		.byte	6
 846 0331 C0       		.byte	-64
 847 0332 00       		.byte	0
 848 0333 02       		.byte	2
 849 0334 00       		.byte	0
 850 0335 80       		.byte	-128
 851 0336 01       		.byte	1
 852 0337 40       		.byte	64
 853 0338 00       		.byte	0
 854 0339 26       		.byte	38
 855 033a 00       		.byte	0
ARM GAS  C:\Users\holge\AppData\Local\Temp\ccny6QTf.s 			page 16


 856 033b 19       		.byte	25
 857 033c 00       		.byte	0
 858 033d 00       		.byte	0
 859 033e 04       		.byte	4
 860 033f 02       		.byte	2
 861 0340 00       		.byte	0
 862 0341 80       		.byte	-128
 863 0342 00       		.byte	0
 864 0343 00       		.byte	0
 865 0344 00       		.byte	0
 866 0345 08       		.byte	8
 867 0346 00       		.byte	0
 868 0347 01       		.byte	1
 869 0348 00       		.byte	0
 870 0349 3C       		.byte	60
 871 034a 06       		.byte	6
 872 034b C0       		.byte	-64
 873 034c 01       		.byte	1
 874 034d 03       		.byte	3
 875 034e 00       		.byte	0
 876 034f 00       		.byte	0
 877 0350 00       		.byte	0
 878 0351 00       		.byte	0
 879 0352 00       		.byte	0
 880 0353 00       		.byte	0
 881 0354 00       		.byte	0
 882 0355 00       		.byte	0
 883 0356 10       		.byte	16
 884 0357 00       		.byte	0
 885 0358 40       		.byte	64
 886 0359 01       		.byte	1
 887 035a 00       		.byte	0
 888 035b 00       		.byte	0
 889 035c 00       		.byte	0
 890 035d D0       		.byte	-48
 891 035e 10       		.byte	16
 892 035f 20       		.byte	32
 893 0360 2A       		.byte	42
 894 0361 FF       		.byte	-1
 895 0362 FF       		.byte	-1
 896 0363 FF       		.byte	-1
 897 0364 00       		.byte	0
 898 0365 A0       		.byte	-96
 899 0366 00       		.byte	0
 900 0367 04       		.byte	4
 901 0368 18       		.byte	24
 902 0369 00       		.byte	0
 903 036a 00       		.byte	0
 904 036b 00       		.byte	0
 905 036c 05       		.byte	5
 906 036d 00       		.byte	0
 907 036e 00       		.byte	0
 908 036f 00       		.byte	0
 909 0370 04       		.byte	4
 910 0371 04       		.byte	4
 911 0372 04       		.byte	4
 912 0373 04       		.byte	4
ARM GAS  C:\Users\holge\AppData\Local\Temp\ccny6QTf.s 			page 17


 913 0374 00       		.byte	0
 914 0375 11       		.byte	17
 915 0376 00       		.byte	0
 916 0377 01       		.byte	1
 917 0378 40       		.byte	64
 918 0379 00       		.byte	0
 919 037a C0       		.byte	-64
 920 037b 00       		.byte	0
 921 037c 40       		.byte	64
 922 037d 40       		.byte	64
 923 037e C0       		.byte	-64
 924 037f 00       		.byte	0
 925 0380 C0       		.byte	-64
 926 0381 00       		.byte	0
 927 0382 C0       		.byte	-64
 928 0383 00       		.byte	0
 929 0384 C0       		.byte	-64
 930 0385 00       		.byte	0
 931 0386 C0       		.byte	-64
 932 0387 00       		.byte	0
 933 0388 00       		.byte	0
 934 0389 00       		.byte	0
 935 038a 00       		.byte	0
 936 038b 00       		.byte	0
 937 038c 00       		.byte	0
 938 038d 00       		.byte	0
 939 038e 00       		.byte	0
 940 038f 00       		.byte	0
 941 0390 00       		.byte	0
 942 0391 00       		.byte	0
 943 0392 00       		.byte	0
 944 0393 00       		.byte	0
 945 0394 00       		.byte	0
 946 0395 00       		.byte	0
 947 0396 00       		.byte	0
 948 0397 00       		.byte	0
 949 0398 00       		.byte	0
 950 0399 00       		.byte	0
 951 039a 00       		.byte	0
 952 039b 00       		.byte	0
 953 039c 00       		.byte	0
 954 039d 00       		.byte	0
 955 039e 10       		.byte	16
 956 039f 00       		.byte	0
 957 03a0 00       		.byte	0
 958 03a1 0B       		.byte	11
 959 03a2 0B       		.byte	11
 960 03a3 00       		.byte	0
 961 03a4 00       		.byte	0
 962 03a5 00       		.byte	0
 963 03a6 00       		.byte	0
 964 03a7 00       		.byte	0
 965 03a8 00       		.byte	0
 966 03a9 02       		.byte	2
 967 03aa FA       		.byte	-6
 968 03ab 00       		.byte	0
 969 03ac 02       		.byte	2
ARM GAS  C:\Users\holge\AppData\Local\Temp\ccny6QTf.s 			page 18


 970 03ad 00       		.byte	0
 971 03ae 00       		.byte	0
 972 03af 00       		.byte	0
 973              		.section	.cywolatch,"a",%progbits
 974              		.align	2
 975              		.type	cy_meta_wonvl, %object
 976              		.size	cy_meta_wonvl, 4
 977              	cy_meta_wonvl:
 978 0000 BC       		.byte	-68
 979 0001 90       		.byte	-112
 980 0002 AC       		.byte	-84
 981 0003 AF       		.byte	-81
 982              		.section	.cycustnvl,"a",%progbits
 983              		.align	2
 984              		.type	cy_meta_custnvl, %object
 985              		.size	cy_meta_custnvl, 4
 986              	cy_meta_custnvl:
 987 0000 00       		.byte	0
 988 0001 00       		.byte	0
 989 0002 40       		.byte	64
 990 0003 05       		.byte	5
 991              		.section	.cymeta,"a",%progbits
 992              		.align	2
 993              		.type	cy_metadata, %object
 994              		.size	cy_metadata, 12
 995              	cy_metadata:
 996 0000 00       		.byte	0
 997 0001 01       		.byte	1
 998 0002 2E       		.byte	46
 999 0003 16       		.byte	22
 1000 0004 10       		.byte	16
 1001 0005 69       		.byte	105
 1002 0006 00       		.byte	0
 1003 0007 01       		.byte	1
 1004 0008 00       		.byte	0
 1005 0009 00       		.byte	0
 1006 000a 00       		.byte	0
 1007 000b 00       		.byte	0
 1008              		.section	.cyflashprotect,"a",%progbits
 1009              		.align	2
 1010              		.type	cy_meta_flashprotect, %object
 1011              		.size	cy_meta_flashprotect, 256
 1012              	cy_meta_flashprotect:
 1013 0000 00000000 		.space	256
 1013      00000000 
 1013      00000000 
 1013      00000000 
 1013      00000000 
 1014              		.text
 1015              	.Letext0:
 1016              		.file 1 "c:\\program files (x86)\\cypress\\psoc creator\\4.2\\psoc creator\\import\\gnu\\arm\\5.4.
 1017              		.file 2 "c:\\program files (x86)\\cypress\\psoc creator\\4.2\\psoc creator\\import\\gnu\\arm\\5.4.
 1018              		.file 3 "Generated_Source\\PSoC5\\cymetadata.c"
 1019              		.section	.debug_info,"",%progbits
 1020              	.Ldebug_info0:
 1021 0000 31010000 		.4byte	0x131
 1022 0004 0400     		.2byte	0x4
ARM GAS  C:\Users\holge\AppData\Local\Temp\ccny6QTf.s 			page 19


 1023 0006 00000000 		.4byte	.Ldebug_abbrev0
 1024 000a 04       		.byte	0x4
 1025 000b 01       		.uleb128 0x1
 1026 000c 24000000 		.4byte	.LASF17
 1027 0010 0C       		.byte	0xc
 1028 0011 C9010000 		.4byte	.LASF18
 1029 0015 7E010000 		.4byte	.LASF19
 1030 0019 00000000 		.4byte	.Ldebug_line0
 1031 001d 02       		.uleb128 0x2
 1032 001e 01       		.byte	0x1
 1033 001f 06       		.byte	0x6
 1034 0020 72010000 		.4byte	.LASF0
 1035 0024 03       		.uleb128 0x3
 1036 0025 00000000 		.4byte	.LASF9
 1037 0029 01       		.byte	0x1
 1038 002a 1D       		.byte	0x1d
 1039 002b 2F000000 		.4byte	0x2f
 1040 002f 02       		.uleb128 0x2
 1041 0030 01       		.byte	0x1
 1042 0031 08       		.byte	0x8
 1043 0032 16000000 		.4byte	.LASF1
 1044 0036 02       		.uleb128 0x2
 1045 0037 02       		.byte	0x2
 1046 0038 05       		.byte	0x5
 1047 0039 5F010000 		.4byte	.LASF2
 1048 003d 02       		.uleb128 0x2
 1049 003e 02       		.byte	0x2
 1050 003f 07       		.byte	0x7
 1051 0040 C4000000 		.4byte	.LASF3
 1052 0044 02       		.uleb128 0x2
 1053 0045 04       		.byte	0x4
 1054 0046 05       		.byte	0x5
 1055 0047 69010000 		.4byte	.LASF4
 1056 004b 02       		.uleb128 0x2
 1057 004c 04       		.byte	0x4
 1058 004d 07       		.byte	0x7
 1059 004e B2000000 		.4byte	.LASF5
 1060 0052 02       		.uleb128 0x2
 1061 0053 08       		.byte	0x8
 1062 0054 05       		.byte	0x5
 1063 0055 51010000 		.4byte	.LASF6
 1064 0059 02       		.uleb128 0x2
 1065 005a 08       		.byte	0x8
 1066 005b 07       		.byte	0x7
 1067 005c 06010000 		.4byte	.LASF7
 1068 0060 04       		.uleb128 0x4
 1069 0061 04       		.byte	0x4
 1070 0062 05       		.byte	0x5
 1071 0063 696E7400 		.ascii	"int\000"
 1072 0067 02       		.uleb128 0x2
 1073 0068 04       		.byte	0x4
 1074 0069 07       		.byte	0x7
 1075 006a F9000000 		.4byte	.LASF8
 1076 006e 03       		.uleb128 0x3
 1077 006f 1D010000 		.4byte	.LASF10
 1078 0073 02       		.byte	0x2
 1079 0074 18       		.byte	0x18
ARM GAS  C:\Users\holge\AppData\Local\Temp\ccny6QTf.s 			page 20


 1080 0075 24000000 		.4byte	0x24
 1081 0079 05       		.uleb128 0x5
 1082 007a 91000000 		.4byte	0x91
 1083 007e 8A000000 		.4byte	0x8a
 1084 0082 06       		.uleb128 0x6
 1085 0083 8A000000 		.4byte	0x8a
 1086 0087 AF03     		.2byte	0x3af
 1087 0089 00       		.byte	0
 1088 008a 02       		.uleb128 0x2
 1089 008b 04       		.byte	0x4
 1090 008c 07       		.byte	0x7
 1091 008d 48010000 		.4byte	.LASF11
 1092 0091 07       		.uleb128 0x7
 1093 0092 6E000000 		.4byte	0x6e
 1094 0096 08       		.uleb128 0x8
 1095 0097 E7000000 		.4byte	.LASF12
 1096 009b 03       		.byte	0x3
 1097 009c 1F       		.byte	0x1f
 1098 009d A7000000 		.4byte	0xa7
 1099 00a1 05       		.uleb128 0x5
 1100 00a2 03       		.byte	0x3
 1101 00a3 00000000 		.4byte	cy_meta_configecc
 1102 00a7 07       		.uleb128 0x7
 1103 00a8 79000000 		.4byte	0x79
 1104 00ac 05       		.uleb128 0x5
 1105 00ad 91000000 		.4byte	0x91
 1106 00b1 BC000000 		.4byte	0xbc
 1107 00b5 09       		.uleb128 0x9
 1108 00b6 8A000000 		.4byte	0x8a
 1109 00ba 03       		.byte	0x3
 1110 00bb 00       		.byte	0
 1111 00bc 08       		.uleb128 0x8
 1112 00bd D7000000 		.4byte	.LASF13
 1113 00c1 03       		.byte	0x3
 1114 00c2 A2       		.byte	0xa2
 1115 00c3 CD000000 		.4byte	0xcd
 1116 00c7 05       		.uleb128 0x5
 1117 00c8 03       		.byte	0x3
 1118 00c9 00000000 		.4byte	cy_meta_custnvl
 1119 00cd 07       		.uleb128 0x7
 1120 00ce AC000000 		.4byte	0xac
 1121 00d2 08       		.uleb128 0x8
 1122 00d3 3A010000 		.4byte	.LASF14
 1123 00d7 03       		.byte	0x3
 1124 00d8 B0       		.byte	0xb0
 1125 00d9 E3000000 		.4byte	0xe3
 1126 00dd 05       		.uleb128 0x5
 1127 00de 03       		.byte	0x3
 1128 00df 00000000 		.4byte	cy_meta_wonvl
 1129 00e3 07       		.uleb128 0x7
 1130 00e4 AC000000 		.4byte	0xac
 1131 00e8 05       		.uleb128 0x5
 1132 00e9 91000000 		.4byte	0x91
 1133 00ed F8000000 		.4byte	0xf8
 1134 00f1 09       		.uleb128 0x9
 1135 00f2 8A000000 		.4byte	0x8a
 1136 00f6 FF       		.byte	0xff
ARM GAS  C:\Users\holge\AppData\Local\Temp\ccny6QTf.s 			page 21


 1137 00f7 00       		.byte	0
 1138 00f8 08       		.uleb128 0x8
 1139 00f9 25010000 		.4byte	.LASF15
 1140 00fd 03       		.byte	0x3
 1141 00fe BE       		.byte	0xbe
 1142 00ff 09010000 		.4byte	0x109
 1143 0103 05       		.uleb128 0x5
 1144 0104 03       		.byte	0x3
 1145 0105 00000000 		.4byte	cy_meta_flashprotect
 1146 0109 07       		.uleb128 0x7
 1147 010a E8000000 		.4byte	0xe8
 1148 010e 05       		.uleb128 0x5
 1149 010f 91000000 		.4byte	0x91
 1150 0113 1E010000 		.4byte	0x11e
 1151 0117 09       		.uleb128 0x9
 1152 0118 8A000000 		.4byte	0x8a
 1153 011c 0B       		.byte	0xb
 1154 011d 00       		.byte	0
 1155 011e 08       		.uleb128 0x8
 1156 011f 0A000000 		.4byte	.LASF16
 1157 0123 03       		.byte	0x3
 1158 0124 EB       		.byte	0xeb
 1159 0125 2F010000 		.4byte	0x12f
 1160 0129 05       		.uleb128 0x5
 1161 012a 03       		.byte	0x3
 1162 012b 00000000 		.4byte	cy_metadata
 1163 012f 07       		.uleb128 0x7
 1164 0130 0E010000 		.4byte	0x10e
 1165 0134 00       		.byte	0
 1166              		.section	.debug_abbrev,"",%progbits
 1167              	.Ldebug_abbrev0:
 1168 0000 01       		.uleb128 0x1
 1169 0001 11       		.uleb128 0x11
 1170 0002 01       		.byte	0x1
 1171 0003 25       		.uleb128 0x25
 1172 0004 0E       		.uleb128 0xe
 1173 0005 13       		.uleb128 0x13
 1174 0006 0B       		.uleb128 0xb
 1175 0007 03       		.uleb128 0x3
 1176 0008 0E       		.uleb128 0xe
 1177 0009 1B       		.uleb128 0x1b
 1178 000a 0E       		.uleb128 0xe
 1179 000b 10       		.uleb128 0x10
 1180 000c 17       		.uleb128 0x17
 1181 000d 00       		.byte	0
 1182 000e 00       		.byte	0
 1183 000f 02       		.uleb128 0x2
 1184 0010 24       		.uleb128 0x24
 1185 0011 00       		.byte	0
 1186 0012 0B       		.uleb128 0xb
 1187 0013 0B       		.uleb128 0xb
 1188 0014 3E       		.uleb128 0x3e
 1189 0015 0B       		.uleb128 0xb
 1190 0016 03       		.uleb128 0x3
 1191 0017 0E       		.uleb128 0xe
 1192 0018 00       		.byte	0
 1193 0019 00       		.byte	0
ARM GAS  C:\Users\holge\AppData\Local\Temp\ccny6QTf.s 			page 22


 1194 001a 03       		.uleb128 0x3
 1195 001b 16       		.uleb128 0x16
 1196 001c 00       		.byte	0
 1197 001d 03       		.uleb128 0x3
 1198 001e 0E       		.uleb128 0xe
 1199 001f 3A       		.uleb128 0x3a
 1200 0020 0B       		.uleb128 0xb
 1201 0021 3B       		.uleb128 0x3b
 1202 0022 0B       		.uleb128 0xb
 1203 0023 49       		.uleb128 0x49
 1204 0024 13       		.uleb128 0x13
 1205 0025 00       		.byte	0
 1206 0026 00       		.byte	0
 1207 0027 04       		.uleb128 0x4
 1208 0028 24       		.uleb128 0x24
 1209 0029 00       		.byte	0
 1210 002a 0B       		.uleb128 0xb
 1211 002b 0B       		.uleb128 0xb
 1212 002c 3E       		.uleb128 0x3e
 1213 002d 0B       		.uleb128 0xb
 1214 002e 03       		.uleb128 0x3
 1215 002f 08       		.uleb128 0x8
 1216 0030 00       		.byte	0
 1217 0031 00       		.byte	0
 1218 0032 05       		.uleb128 0x5
 1219 0033 01       		.uleb128 0x1
 1220 0034 01       		.byte	0x1
 1221 0035 49       		.uleb128 0x49
 1222 0036 13       		.uleb128 0x13
 1223 0037 01       		.uleb128 0x1
 1224 0038 13       		.uleb128 0x13
 1225 0039 00       		.byte	0
 1226 003a 00       		.byte	0
 1227 003b 06       		.uleb128 0x6
 1228 003c 21       		.uleb128 0x21
 1229 003d 00       		.byte	0
 1230 003e 49       		.uleb128 0x49
 1231 003f 13       		.uleb128 0x13
 1232 0040 2F       		.uleb128 0x2f
 1233 0041 05       		.uleb128 0x5
 1234 0042 00       		.byte	0
 1235 0043 00       		.byte	0
 1236 0044 07       		.uleb128 0x7
 1237 0045 26       		.uleb128 0x26
 1238 0046 00       		.byte	0
 1239 0047 49       		.uleb128 0x49
 1240 0048 13       		.uleb128 0x13
 1241 0049 00       		.byte	0
 1242 004a 00       		.byte	0
 1243 004b 08       		.uleb128 0x8
 1244 004c 34       		.uleb128 0x34
 1245 004d 00       		.byte	0
 1246 004e 03       		.uleb128 0x3
 1247 004f 0E       		.uleb128 0xe
 1248 0050 3A       		.uleb128 0x3a
 1249 0051 0B       		.uleb128 0xb
 1250 0052 3B       		.uleb128 0x3b
ARM GAS  C:\Users\holge\AppData\Local\Temp\ccny6QTf.s 			page 23


 1251 0053 0B       		.uleb128 0xb
 1252 0054 49       		.uleb128 0x49
 1253 0055 13       		.uleb128 0x13
 1254 0056 3F       		.uleb128 0x3f
 1255 0057 19       		.uleb128 0x19
 1256 0058 02       		.uleb128 0x2
 1257 0059 18       		.uleb128 0x18
 1258 005a 00       		.byte	0
 1259 005b 00       		.byte	0
 1260 005c 09       		.uleb128 0x9
 1261 005d 21       		.uleb128 0x21
 1262 005e 00       		.byte	0
 1263 005f 49       		.uleb128 0x49
 1264 0060 13       		.uleb128 0x13
 1265 0061 2F       		.uleb128 0x2f
 1266 0062 0B       		.uleb128 0xb
 1267 0063 00       		.byte	0
 1268 0064 00       		.byte	0
 1269 0065 00       		.byte	0
 1270              		.section	.debug_aranges,"",%progbits
 1271 0000 14000000 		.4byte	0x14
 1272 0004 0200     		.2byte	0x2
 1273 0006 00000000 		.4byte	.Ldebug_info0
 1274 000a 04       		.byte	0x4
 1275 000b 00       		.byte	0
 1276 000c 0000     		.2byte	0
 1277 000e 0000     		.2byte	0
 1278 0010 00000000 		.4byte	0
 1279 0014 00000000 		.4byte	0
 1280              		.section	.debug_line,"",%progbits
 1281              	.Ldebug_line0:
 1282 0000 3D010000 		.section	.debug_str,"MS",%progbits,1
 1282      02003701 
 1282      00000201 
 1282      FB0E0D00 
 1282      01010101 
 1283              	.LASF9:
 1284 0000 5F5F7569 		.ascii	"__uint8_t\000"
 1284      6E74385F 
 1284      7400
 1285              	.LASF16:
 1286 000a 63795F6D 		.ascii	"cy_metadata\000"
 1286      65746164 
 1286      61746100 
 1287              	.LASF1:
 1288 0016 756E7369 		.ascii	"unsigned char\000"
 1288      676E6564 
 1288      20636861 
 1288      7200
 1289              	.LASF17:
 1290 0024 474E5520 		.ascii	"GNU C11 5.4.1 20160609 (release) [ARM/embedded-5-br"
 1290      43313120 
 1290      352E342E 
 1290      31203230 
 1290      31363036 
 1291 0057 616E6368 		.ascii	"anch revision 237715] -mcpu=cortex-m3 -mthumb -g -O"
 1291      20726576 
ARM GAS  C:\Users\holge\AppData\Local\Temp\ccny6QTf.s 			page 24


 1291      6973696F 
 1291      6E203233 
 1291      37373135 
 1292 008a 67202D66 		.ascii	"g -ffunction-sections -ffat-lto-objects\000"
 1292      66756E63 
 1292      74696F6E 
 1292      2D736563 
 1292      74696F6E 
 1293              	.LASF5:
 1294 00b2 6C6F6E67 		.ascii	"long unsigned int\000"
 1294      20756E73 
 1294      69676E65 
 1294      6420696E 
 1294      7400
 1295              	.LASF3:
 1296 00c4 73686F72 		.ascii	"short unsigned int\000"
 1296      7420756E 
 1296      7369676E 
 1296      65642069 
 1296      6E7400
 1297              	.LASF13:
 1298 00d7 63795F6D 		.ascii	"cy_meta_custnvl\000"
 1298      6574615F 
 1298      63757374 
 1298      6E766C00 
 1299              	.LASF12:
 1300 00e7 63795F6D 		.ascii	"cy_meta_configecc\000"
 1300      6574615F 
 1300      636F6E66 
 1300      69676563 
 1300      6300
 1301              	.LASF8:
 1302 00f9 756E7369 		.ascii	"unsigned int\000"
 1302      676E6564 
 1302      20696E74 
 1302      00
 1303              	.LASF7:
 1304 0106 6C6F6E67 		.ascii	"long long unsigned int\000"
 1304      206C6F6E 
 1304      6720756E 
 1304      7369676E 
 1304      65642069 
 1305              	.LASF10:
 1306 011d 75696E74 		.ascii	"uint8_t\000"
 1306      385F7400 
 1307              	.LASF15:
 1308 0125 63795F6D 		.ascii	"cy_meta_flashprotect\000"
 1308      6574615F 
 1308      666C6173 
 1308      6870726F 
 1308      74656374 
 1309              	.LASF14:
 1310 013a 63795F6D 		.ascii	"cy_meta_wonvl\000"
 1310      6574615F 
 1310      776F6E76 
 1310      6C00
 1311              	.LASF11:
ARM GAS  C:\Users\holge\AppData\Local\Temp\ccny6QTf.s 			page 25


 1312 0148 73697A65 		.ascii	"sizetype\000"
 1312      74797065 
 1312      00
 1313              	.LASF6:
 1314 0151 6C6F6E67 		.ascii	"long long int\000"
 1314      206C6F6E 
 1314      6720696E 
 1314      7400
 1315              	.LASF2:
 1316 015f 73686F72 		.ascii	"short int\000"
 1316      7420696E 
 1316      7400
 1317              	.LASF4:
 1318 0169 6C6F6E67 		.ascii	"long int\000"
 1318      20696E74 
 1318      00
 1319              	.LASF0:
 1320 0172 7369676E 		.ascii	"signed char\000"
 1320      65642063 
 1320      68617200 
 1321              	.LASF19:
 1322 017e 433A5C55 		.ascii	"C:\\Users\\holge\\Desktop\\cypress_PsOC_5LP\\Worksp"
 1322      73657273 
 1322      5C686F6C 
 1322      67655C44 
 1322      65736B74 
 1323 01ac 61636530 		.ascii	"ace01\\CapSense_PWM_LED.cydsn\000"
 1323      315C4361 
 1323      7053656E 
 1323      73655F50 
 1323      574D5F4C 
 1324              	.LASF18:
 1325 01c9 47656E65 		.ascii	"Generated_Source\\PSoC5\\cymetadata.c\000"
 1325      72617465 
 1325      645F536F 
 1325      75726365 
 1325      5C50536F 
 1326              		.ident	"GCC: (GNU Tools for ARM Embedded Processors) 5.4.1 20160609 (release) [ARM/embedded-5-bran
