Command line:
   my_ALU_tb_isim_beh.exe
     -simmode  gui
     -simrunnum  0
     -socket  59551

Sat Mar 23 18:02:11 2019


 Elaboration Time: 0.046875 sec

 Current Memory Usage: 5175.53 Meg

 Total Signals          : 13
 Total Nets             : 47
 Total Signal Drivers   : 7
 Total Blocks           : 6
 Total Primitive Blocks : 5
 Total Processes        : 5
 Total Traceable Variables  : 16
 Total Scalar Nets and Variables : 549
Total Line Count : 33

 Total Simulation Time: 0.765625 sec

 Current Memory Usage: 4703.67 Meg

Sat Mar 23 18:33:24 2019

